--------------- Rebuild Started: 02/20/2018 12:04:20 Project: CY8CKIT-059_Digital_Filter, Configuration: ARM GCC 5.4-2016-q2-update Debug ---------------
Deleting file ".\CortexM3\ARM_GCC_541\Debug\croutine.o"
Deleting file ".\CortexM3\ARM_GCC_541\Debug\event_groups.o"
Deleting file ".\CortexM3\ARM_GCC_541\Debug\heap_2.o"
Deleting file ".\CortexM3\ARM_GCC_541\Debug\list.o"
Deleting file ".\CortexM3\ARM_GCC_541\Debug\port.o"
Deleting file ".\CortexM3\ARM_GCC_541\Debug\queue.o"
Deleting file ".\CortexM3\ARM_GCC_541\Debug\tasks.o"
Deleting file ".\CortexM3\ARM_GCC_541\Debug\timers.o"
Deleting file ".\CortexM3\ARM_GCC_541\Debug\I2C_CLCD.o"
Deleting file ".\CortexM3\ARM_GCC_541\Debug\main.o"
Deleting file ".\CortexM3\ARM_GCC_541\Debug\cyfitter_cfg.o"
Deleting file ".\CortexM3\ARM_GCC_541\Debug\cymetadata.o"
Deleting file ".\CortexM3\ARM_GCC_541\Debug\DMA_dma.o"
Deleting file ".\CortexM3\ARM_GCC_541\Debug\isr.o"
Deleting file ".\CortexM3\ARM_GCC_541\Debug\ADC_DelSig.o"
Deleting file ".\CortexM3\ARM_GCC_541\Debug\ADC_DelSig_PM.o"
Deleting file ".\CortexM3\ARM_GCC_541\Debug\ADC_DelSig_INT.o"
Deleting file ".\CortexM3\ARM_GCC_541\Debug\VDAC8.o"
Deleting file ".\CortexM3\ARM_GCC_541\Debug\VDAC8_PM.o"
Deleting file ".\CortexM3\ARM_GCC_541\Debug\Opamp.o"
Deleting file ".\CortexM3\ARM_GCC_541\Debug\Opamp_PM.o"
Deleting file ".\CortexM3\ARM_GCC_541\Debug\Filter.o"
Deleting file ".\CortexM3\ARM_GCC_541\Debug\Filter_PM.o"
Deleting file ".\CortexM3\ARM_GCC_541\Debug\Filter_PVT.o"
Deleting file ".\CortexM3\ARM_GCC_541\Debug\Filter_RAM_Data.o"
Deleting file ".\CortexM3\ARM_GCC_541\Debug\Filter_Coefficients.o"
Deleting file ".\CortexM3\ARM_GCC_541\Debug\ADC_DelSig_Ext_CP_Clk.o"
Deleting file ".\CortexM3\ARM_GCC_541\Debug\ADC_DelSig_IRQ.o"
Deleting file ".\CortexM3\ARM_GCC_541\Debug\ADC_DelSig_theACLK.o"
Deleting file ".\CortexM3\ARM_GCC_541\Debug\Cm3Start.o"
Deleting file ".\CortexM3\ARM_GCC_541\Debug\CyBootAsmGnu.o"
Deleting file ".\CortexM3\ARM_GCC_541\Debug\CyDmac.o"
Deleting file ".\CortexM3\ARM_GCC_541\Debug\CyFlash.o"
Deleting file ".\CortexM3\ARM_GCC_541\Debug\CyLib.o"
Deleting file ".\CortexM3\ARM_GCC_541\Debug\cyPm.o"
Deleting file ".\CortexM3\ARM_GCC_541\Debug\CySpc.o"
Deleting file ".\CortexM3\ARM_GCC_541\Debug\cyutils.o"
Deleting file ".\CortexM3\ARM_GCC_541\Debug\PGA_1.o"
Deleting file ".\CortexM3\ARM_GCC_541\Debug\PGA_1_PM.o"
Deleting file ".\CortexM3\ARM_GCC_541\Debug\AF_IN.o"
Deleting file ".\CortexM3\ARM_GCC_541\Debug\VREF_OUT.o"
Deleting file ".\CortexM3\ARM_GCC_541\Debug\AF_OUT.o"
Deleting file ".\CortexM3\ARM_GCC_541\Debug\CY8CKIT-059_Digital_Filter.hex"
Deleting file ".\CortexM3\ARM_GCC_541\Debug\CY8CKIT-059_Digital_Filter.elf"
Deleting file ".\CortexM3\ARM_GCC_541\Debug\CY8CKIT-059_Digital_Filter.map"
Deleting file ".\CY8CKIT-059_Digital_Filter.cycdx"
Deleting file ".\CY8CKIT-059_Digital_Filter.svd"
Deleting file ".\CY8CKIT-059_Digital_Filter.rpt"
Deleting file ".\CY8CKIT-059_Digital_Filter_timing.html"
Deleting file ".\CortexM3\ARM_GCC_541\Debug\.deps\SOURCE_C__ARM_GCC_GENERIC.P"
Deleting file ".\CortexM3\ARM_GCC_541\Debug\.deps\SOURCE_ASM__ARM_GCC_GENERIC.P"
cydsfit.exe -.appdatapath "C:\Users\koseki\AppData\Local\Cypress Semiconductor\PSoC Creator\4.1" -.fdsnotice -.fdswarpdepfile=warp_dependencies.txt -.fdselabdepfile=elab_dependencies.txt -.fdsbldfile=generated_files.txt -.fdsreffile=referenced_files.txt -p E:\PSoC_Creator\CY8CKIT-059\CY8CKIT-059_Digital_Filter\CY8CKIT-059_Digital_Filter.cydsn\CY8CKIT-059_Digital_Filter.cyprj -d CY8C5888LTI-LP097 -s E:\PSoC_Creator\CY8CKIT-059\CY8CKIT-059_Digital_Filter\CY8CKIT-059_Digital_Filter.cydsn\Generated_Source\PSoC5 -- -yv2 -q10 -ygs -o2 -v3 -.fftcfgtype=LE
Elaborating Design...
ADD: fit.M0029: information: Voltage Reference Information: Vref 'Vdda/2' is connected to terminal 'vminus' of '\ADC_DelSig:DSM\' but no direct hardware connection exists.
 * C:\Users\koseki\Documents\PSoC Creator\4.1\Downloads ( 4.1).cylib\ADC_DelSig_v3_30\PSoC5\ADC_DelSig_v3_30.cysch (Instance:DSM)
 * E:\PSoC_Creator\CY8CKIT-059\CY8CKIT-059_Digital_Filter\CY8CKIT-059_Digital_Filter.cydsn\TopDesign\TopDesign.cysch (Instance:Vref)
HDL Generation...
Synthesis...
Tech Mapping...
Info: plm.M0038: The pin named AF_IN(0) at location P0[0] prevents usage of special purposes: OpAmp:out. (App=cydsfit)
Analog Placement...
Log: apr.M0058: The analog placement iterative improvement is 33% done. (App=cydsfit)
Log: apr.M0058: The analog placement iterative improvement is 70% done. (App=cydsfit)
Analog Routing...
Analog Code Generation...
Digital Placement...
Digital Routing...
Bitstream Generation...
Bitstream Verification...
Static timing analysis...
API Generation...
Dependency Generation...
Cleanup...
arm-none-eabi-gcc.exe -mcpu=cortex-m3 -mthumb -I. -IGenerated_Source\PSoC5 -Wa,-alh=.\CortexM3\ARM_GCC_541\Debug/croutine.lst -g -Wall -ffunction-sections -ffat-lto-objects -O0 -c FreeRTOS\croutine.c -o .\CortexM3\ARM_GCC_541\Debug\croutine.o
arm-none-eabi-gcc.exe -mcpu=cortex-m3 -mthumb -I. -IGenerated_Source\PSoC5 -Wa,-alh=.\CortexM3\ARM_GCC_541\Debug/event_groups.lst -g -Wall -ffunction-sections -ffat-lto-objects -O0 -c FreeRTOS\event_groups.c -o .\CortexM3\ARM_GCC_541\Debug\event_groups.o
arm-none-eabi-gcc.exe -mcpu=cortex-m3 -mthumb -I. -IGenerated_Source\PSoC5 -Wa,-alh=.\CortexM3\ARM_GCC_541\Debug/heap_2.lst -g -Wall -ffunction-sections -ffat-lto-objects -O0 -c FreeRTOS\heap_2.c -o .\CortexM3\ARM_GCC_541\Debug\heap_2.o
arm-none-eabi-gcc.exe -mcpu=cortex-m3 -mthumb -I. -IGenerated_Source\PSoC5 -Wa,-alh=.\CortexM3\ARM_GCC_541\Debug/list.lst -g -Wall -ffunction-sections -ffat-lto-objects -O0 -c FreeRTOS\list.c -o .\CortexM3\ARM_GCC_541\Debug\list.o
arm-none-eabi-gcc.exe -mcpu=cortex-m3 -mthumb -I. -IGenerated_Source\PSoC5 -Wa,-alh=.\CortexM3\ARM_GCC_541\Debug/port.lst -g -Wall -ffunction-sections -ffat-lto-objects -O0 -c FreeRTOS\port.c -o .\CortexM3\ARM_GCC_541\Debug\port.o
arm-none-eabi-gcc.exe -mcpu=cortex-m3 -mthumb -I. -IGenerated_Source\PSoC5 -Wa,-alh=.\CortexM3\ARM_GCC_541\Debug/queue.lst -g -Wall -ffunction-sections -ffat-lto-objects -O0 -c FreeRTOS\queue.c -o .\CortexM3\ARM_GCC_541\Debug\queue.o
arm-none-eabi-gcc.exe -mcpu=cortex-m3 -mthumb -I. -IGenerated_Source\PSoC5 -Wa,-alh=.\CortexM3\ARM_GCC_541\Debug/tasks.lst -g -Wall -ffunction-sections -ffat-lto-objects -O0 -c FreeRTOS\tasks.c -o .\CortexM3\ARM_GCC_541\Debug\tasks.o
arm-none-eabi-gcc.exe -mcpu=cortex-m3 -mthumb -I. -IGenerated_Source\PSoC5 -Wa,-alh=.\CortexM3\ARM_GCC_541\Debug/timers.lst -g -Wall -ffunction-sections -ffat-lto-objects -O0 -c FreeRTOS\timers.c -o .\CortexM3\ARM_GCC_541\Debug\timers.o
arm-none-eabi-gcc.exe -mcpu=cortex-m3 -mthumb -I. -IGenerated_Source\PSoC5 -Wa,-alh=.\CortexM3\ARM_GCC_541\Debug/I2C_CLCD.lst -g -Wall -ffunction-sections -ffat-lto-objects -O0 -c API\I2C_CLCD.c -o .\CortexM3\ARM_GCC_541\Debug\I2C_CLCD.o
arm-none-eabi-gcc.exe -mcpu=cortex-m3 -mthumb -I. -IGenerated_Source\PSoC5 -Wa,-alh=.\CortexM3\ARM_GCC_541\Debug/rot.lst -g -Wall -ffunction-sections -ffat-lto-objects -O0 -c API\rot.c -o .\CortexM3\ARM_GCC_541\Debug\rot.o
In file included from API\rot.c:14:0:
API\rot.h:20:22: fatal error: FreeRTOS.h: No such file or directory
compilation terminated.
The command 'arm-none-eabi-gcc.exe' failed with exit code '1'.
--------------- Rebuild Failed: 02/20/2018 12:04:50 ---------------
