ARM GAS  C:\Users\koseki\AppData\Local\Temp\ccEKsrsY.s 			page 1


   1              		.syntax unified
   2              		.cpu cortex-m3
   3              		.fpu softvfp
   4              		.eabi_attribute 20, 1
   5              		.eabi_attribute 21, 1
   6              		.eabi_attribute 23, 3
   7              		.eabi_attribute 24, 1
   8              		.eabi_attribute 25, 1
   9              		.eabi_attribute 26, 1
  10              		.eabi_attribute 30, 1
  11              		.eabi_attribute 34, 1
  12              		.eabi_attribute 18, 4
  13              		.thumb
  14              		.syntax unified
  15              		.file	"Filter_1_Coefficients.c"
  16              		.text
  17              	.Ltext0:
  18              		.cfi_sections	.debug_frame
  19              		.global	Filter_1_ChannelBBiquadCoefficients
  20              		.global	Filter_1_ChannelABiquadCoefficients
  21              		.section	.rodata
  22              		.align	2
  23              		.type	Filter_1_ChannelBBiquadCoefficients, %object
  24              		.size	Filter_1_ChannelBBiquadCoefficients, 80
  25              	Filter_1_ChannelBBiquadCoefficients:
  26 0000 E1       		.byte	-31
  27 0001 8C       		.byte	-116
  28 0002 03       		.byte	3
  29 0003 00       		.byte	0
  30 0004 3F       		.byte	63
  31 0005 E6       		.byte	-26
  32 0006 F8       		.byte	-8
  33 0007 00       		.byte	0
  34 0008 E1       		.byte	-31
  35 0009 8C       		.byte	-116
  36 000a 03       		.byte	3
  37 000b 00       		.byte	0
  38 000c C2       		.byte	-62
  39 000d 4D       		.byte	77
  40 000e 76       		.byte	118
  41 000f 00       		.byte	0
  42 0010 6C       		.byte	108
  43 0011 47       		.byte	71
  44 0012 C4       		.byte	-60
  45 0013 00       		.byte	0
  46 0014 17       		.byte	23
  47 0015 6A       		.byte	106
  48 0016 00       		.byte	0
  49 0017 00       		.byte	0
  50 0018 2F       		.byte	47
  51 0019 D4       		.byte	-44
  52 001a 00       		.byte	0
  53 001b 00       		.byte	0
  54 001c 17       		.byte	23
  55 001d 6A       		.byte	106
  56 001e 00       		.byte	0
  57 001f 00       		.byte	0
ARM GAS  C:\Users\koseki\AppData\Local\Temp\ccEKsrsY.s 			page 2


  58 0020 32       		.byte	50
  59 0021 C5       		.byte	-59
  60 0022 74       		.byte	116
  61 0023 00       		.byte	0
  62 0024 7B       		.byte	123
  63 0025 AF       		.byte	-81
  64 0026 C4       		.byte	-60
  65 0027 00       		.byte	0
  66 0028 9F       		.byte	-97
  67 0029 73       		.byte	115
  68 002a 09       		.byte	9
  69 002b 00       		.byte	0
  70 002c C3       		.byte	-61
  71 002d 18       		.byte	24
  72 002e ED       		.byte	-19
  73 002f 00       		.byte	0
  74 0030 9F       		.byte	-97
  75 0031 73       		.byte	115
  76 0032 09       		.byte	9
  77 0033 00       		.byte	0
  78 0034 E1       		.byte	-31
  79 0035 7B       		.byte	123
  80 0036 79       		.byte	121
  81 0037 00       		.byte	0
  82 0038 25       		.byte	37
  83 0039 AF       		.byte	-81
  84 003a C1       		.byte	-63
  85 003b 00       		.byte	0
  86 003c FF       		.byte	-1
  87 003d 97       		.byte	-105
  88 003e 02       		.byte	2
  89 003f 00       		.byte	0
  90 0040 FD       		.byte	-3
  91 0041 2F       		.byte	47
  92 0042 05       		.byte	5
  93 0043 00       		.byte	0
  94 0044 FF       		.byte	-1
  95 0045 97       		.byte	-105
  96 0046 02       		.byte	2
  97 0047 00       		.byte	0
  98 0048 2E       		.byte	46
  99 0049 42       		.byte	66
 100 004a 76       		.byte	118
 101 004b 00       		.byte	0
 102 004c 32       		.byte	50
 103 004d 1A       		.byte	26
 104 004e C2       		.byte	-62
 105 004f 00       		.byte	0
 106              		.type	Filter_1_ChannelABiquadCoefficients, %object
 107              		.size	Filter_1_ChannelABiquadCoefficients, 80
 108              	Filter_1_ChannelABiquadCoefficients:
 109 0050 E1       		.byte	-31
 110 0051 8C       		.byte	-116
 111 0052 03       		.byte	3
 112 0053 00       		.byte	0
 113 0054 3F       		.byte	63
 114 0055 E6       		.byte	-26
ARM GAS  C:\Users\koseki\AppData\Local\Temp\ccEKsrsY.s 			page 3


 115 0056 F8       		.byte	-8
 116 0057 00       		.byte	0
 117 0058 E1       		.byte	-31
 118 0059 8C       		.byte	-116
 119 005a 03       		.byte	3
 120 005b 00       		.byte	0
 121 005c C2       		.byte	-62
 122 005d 4D       		.byte	77
 123 005e 76       		.byte	118
 124 005f 00       		.byte	0
 125 0060 6C       		.byte	108
 126 0061 47       		.byte	71
 127 0062 C4       		.byte	-60
 128 0063 00       		.byte	0
 129 0064 17       		.byte	23
 130 0065 6A       		.byte	106
 131 0066 00       		.byte	0
 132 0067 00       		.byte	0
 133 0068 2F       		.byte	47
 134 0069 D4       		.byte	-44
 135 006a 00       		.byte	0
 136 006b 00       		.byte	0
 137 006c 17       		.byte	23
 138 006d 6A       		.byte	106
 139 006e 00       		.byte	0
 140 006f 00       		.byte	0
 141 0070 32       		.byte	50
 142 0071 C5       		.byte	-59
 143 0072 74       		.byte	116
 144 0073 00       		.byte	0
 145 0074 7B       		.byte	123
 146 0075 AF       		.byte	-81
 147 0076 C4       		.byte	-60
 148 0077 00       		.byte	0
 149 0078 9F       		.byte	-97
 150 0079 73       		.byte	115
 151 007a 09       		.byte	9
 152 007b 00       		.byte	0
 153 007c C3       		.byte	-61
 154 007d 18       		.byte	24
 155 007e ED       		.byte	-19
 156 007f 00       		.byte	0
 157 0080 9F       		.byte	-97
 158 0081 73       		.byte	115
 159 0082 09       		.byte	9
 160 0083 00       		.byte	0
 161 0084 E1       		.byte	-31
 162 0085 7B       		.byte	123
 163 0086 79       		.byte	121
 164 0087 00       		.byte	0
 165 0088 25       		.byte	37
 166 0089 AF       		.byte	-81
 167 008a C1       		.byte	-63
 168 008b 00       		.byte	0
 169 008c FF       		.byte	-1
 170 008d 97       		.byte	-105
 171 008e 02       		.byte	2
ARM GAS  C:\Users\koseki\AppData\Local\Temp\ccEKsrsY.s 			page 4


 172 008f 00       		.byte	0
 173 0090 FD       		.byte	-3
 174 0091 2F       		.byte	47
 175 0092 05       		.byte	5
 176 0093 00       		.byte	0
 177 0094 FF       		.byte	-1
 178 0095 97       		.byte	-105
 179 0096 02       		.byte	2
 180 0097 00       		.byte	0
 181 0098 2E       		.byte	46
 182 0099 42       		.byte	66
 183 009a 76       		.byte	118
 184 009b 00       		.byte	0
 185 009c 32       		.byte	50
 186 009d 1A       		.byte	26
 187 009e C2       		.byte	-62
 188 009f 00       		.byte	0
 189              		.text
 190              	.Letext0:
 191              		.file 1 "Generated_Source\\PSoC5\\Filter_1_Coefficients.c"
 192              		.file 2 "Generated_Source\\PSoC5\\cytypes.h"
 193              		.section	.debug_info,"",%progbits
 194              	.Ldebug_info0:
 195 0000 D0000000 		.4byte	0xd0
 196 0004 0400     		.2byte	0x4
 197 0006 00000000 		.4byte	.Ldebug_abbrev0
 198 000a 04       		.byte	0x4
 199 000b 01       		.uleb128 0x1
 200 000c 3F000000 		.4byte	.LASF16
 201 0010 0C       		.byte	0xc
 202 0011 FC000000 		.4byte	.LASF17
 203 0015 6B010000 		.4byte	.LASF18
 204 0019 00000000 		.4byte	.Ldebug_line0
 205 001d 02       		.uleb128 0x2
 206 001e 04       		.byte	0x4
 207 001f 05       		.byte	0x5
 208 0020 696E7400 		.ascii	"int\000"
 209 0024 03       		.uleb128 0x3
 210 0025 04       		.byte	0x4
 211 0026 07       		.byte	0x7
 212 0027 0E000000 		.4byte	.LASF0
 213 002b 03       		.uleb128 0x3
 214 002c 08       		.byte	0x8
 215 002d 05       		.byte	0x5
 216 002e 00000000 		.4byte	.LASF1
 217 0032 03       		.uleb128 0x3
 218 0033 08       		.byte	0x8
 219 0034 04       		.byte	0x4
 220 0035 FD010000 		.4byte	.LASF2
 221 0039 03       		.uleb128 0x3
 222 003a 01       		.byte	0x1
 223 003b 06       		.byte	0x6
 224 003c F1010000 		.4byte	.LASF3
 225 0040 03       		.uleb128 0x3
 226 0041 01       		.byte	0x1
 227 0042 08       		.byte	0x8
 228 0043 4F010000 		.4byte	.LASF4
ARM GAS  C:\Users\koseki\AppData\Local\Temp\ccEKsrsY.s 			page 5


 229 0047 03       		.uleb128 0x3
 230 0048 02       		.byte	0x2
 231 0049 05       		.byte	0x5
 232 004a CD010000 		.4byte	.LASF5
 233 004e 03       		.uleb128 0x3
 234 004f 02       		.byte	0x2
 235 0050 07       		.byte	0x7
 236 0051 DE010000 		.4byte	.LASF6
 237 0055 03       		.uleb128 0x3
 238 0056 04       		.byte	0x4
 239 0057 05       		.byte	0x5
 240 0058 62010000 		.4byte	.LASF7
 241 005c 03       		.uleb128 0x3
 242 005d 04       		.byte	0x4
 243 005e 07       		.byte	0x7
 244 005f D3000000 		.4byte	.LASF8
 245 0063 03       		.uleb128 0x3
 246 0064 08       		.byte	0x8
 247 0065 07       		.byte	0x7
 248 0066 E5000000 		.4byte	.LASF9
 249 006a 03       		.uleb128 0x3
 250 006b 04       		.byte	0x4
 251 006c 07       		.byte	0x7
 252 006d 0F020000 		.4byte	.LASF10
 253 0071 03       		.uleb128 0x3
 254 0072 01       		.byte	0x1
 255 0073 08       		.byte	0x8
 256 0074 5D010000 		.4byte	.LASF11
 257 0078 04       		.uleb128 0x4
 258 0079 CD000000 		.4byte	.LASF19
 259 007d 02       		.byte	0x2
 260 007e 3801     		.2byte	0x138
 261 0080 40000000 		.4byte	0x40
 262 0084 03       		.uleb128 0x3
 263 0085 04       		.byte	0x4
 264 0086 04       		.byte	0x4
 265 0087 09020000 		.4byte	.LASF12
 266 008b 03       		.uleb128 0x3
 267 008c 08       		.byte	0x8
 268 008d 04       		.byte	0x4
 269 008e D7010000 		.4byte	.LASF13
 270 0092 05       		.uleb128 0x5
 271 0093 A2000000 		.4byte	0xa2
 272 0097 A2000000 		.4byte	0xa2
 273 009b 06       		.uleb128 0x6
 274 009c 6A000000 		.4byte	0x6a
 275 00a0 4F       		.byte	0x4f
 276 00a1 00       		.byte	0
 277 00a2 07       		.uleb128 0x7
 278 00a3 78000000 		.4byte	0x78
 279 00a7 08       		.uleb128 0x8
 280 00a8 1B000000 		.4byte	.LASF14
 281 00ac 01       		.byte	0x1
 282 00ad 11       		.byte	0x11
 283 00ae B8000000 		.4byte	0xb8
 284 00b2 05       		.uleb128 0x5
 285 00b3 03       		.byte	0x3
ARM GAS  C:\Users\koseki\AppData\Local\Temp\ccEKsrsY.s 			page 6


 286 00b4 00000000 		.4byte	Filter_1_ChannelABiquadCoefficients
 287 00b8 07       		.uleb128 0x7
 288 00b9 92000000 		.4byte	0x92
 289 00bd 08       		.uleb128 0x8
 290 00be 2B010000 		.4byte	.LASF15
 291 00c2 01       		.byte	0x1
 292 00c3 4D       		.byte	0x4d
 293 00c4 CE000000 		.4byte	0xce
 294 00c8 05       		.uleb128 0x5
 295 00c9 03       		.byte	0x3
 296 00ca 00000000 		.4byte	Filter_1_ChannelBBiquadCoefficients
 297 00ce 07       		.uleb128 0x7
 298 00cf 92000000 		.4byte	0x92
 299 00d3 00       		.byte	0
 300              		.section	.debug_abbrev,"",%progbits
 301              	.Ldebug_abbrev0:
 302 0000 01       		.uleb128 0x1
 303 0001 11       		.uleb128 0x11
 304 0002 01       		.byte	0x1
 305 0003 25       		.uleb128 0x25
 306 0004 0E       		.uleb128 0xe
 307 0005 13       		.uleb128 0x13
 308 0006 0B       		.uleb128 0xb
 309 0007 03       		.uleb128 0x3
 310 0008 0E       		.uleb128 0xe
 311 0009 1B       		.uleb128 0x1b
 312 000a 0E       		.uleb128 0xe
 313 000b 10       		.uleb128 0x10
 314 000c 17       		.uleb128 0x17
 315 000d 00       		.byte	0
 316 000e 00       		.byte	0
 317 000f 02       		.uleb128 0x2
 318 0010 24       		.uleb128 0x24
 319 0011 00       		.byte	0
 320 0012 0B       		.uleb128 0xb
 321 0013 0B       		.uleb128 0xb
 322 0014 3E       		.uleb128 0x3e
 323 0015 0B       		.uleb128 0xb
 324 0016 03       		.uleb128 0x3
 325 0017 08       		.uleb128 0x8
 326 0018 00       		.byte	0
 327 0019 00       		.byte	0
 328 001a 03       		.uleb128 0x3
 329 001b 24       		.uleb128 0x24
 330 001c 00       		.byte	0
 331 001d 0B       		.uleb128 0xb
 332 001e 0B       		.uleb128 0xb
 333 001f 3E       		.uleb128 0x3e
 334 0020 0B       		.uleb128 0xb
 335 0021 03       		.uleb128 0x3
 336 0022 0E       		.uleb128 0xe
 337 0023 00       		.byte	0
 338 0024 00       		.byte	0
 339 0025 04       		.uleb128 0x4
 340 0026 16       		.uleb128 0x16
 341 0027 00       		.byte	0
 342 0028 03       		.uleb128 0x3
ARM GAS  C:\Users\koseki\AppData\Local\Temp\ccEKsrsY.s 			page 7


 343 0029 0E       		.uleb128 0xe
 344 002a 3A       		.uleb128 0x3a
 345 002b 0B       		.uleb128 0xb
 346 002c 3B       		.uleb128 0x3b
 347 002d 05       		.uleb128 0x5
 348 002e 49       		.uleb128 0x49
 349 002f 13       		.uleb128 0x13
 350 0030 00       		.byte	0
 351 0031 00       		.byte	0
 352 0032 05       		.uleb128 0x5
 353 0033 01       		.uleb128 0x1
 354 0034 01       		.byte	0x1
 355 0035 49       		.uleb128 0x49
 356 0036 13       		.uleb128 0x13
 357 0037 01       		.uleb128 0x1
 358 0038 13       		.uleb128 0x13
 359 0039 00       		.byte	0
 360 003a 00       		.byte	0
 361 003b 06       		.uleb128 0x6
 362 003c 21       		.uleb128 0x21
 363 003d 00       		.byte	0
 364 003e 49       		.uleb128 0x49
 365 003f 13       		.uleb128 0x13
 366 0040 2F       		.uleb128 0x2f
 367 0041 0B       		.uleb128 0xb
 368 0042 00       		.byte	0
 369 0043 00       		.byte	0
 370 0044 07       		.uleb128 0x7
 371 0045 26       		.uleb128 0x26
 372 0046 00       		.byte	0
 373 0047 49       		.uleb128 0x49
 374 0048 13       		.uleb128 0x13
 375 0049 00       		.byte	0
 376 004a 00       		.byte	0
 377 004b 08       		.uleb128 0x8
 378 004c 34       		.uleb128 0x34
 379 004d 00       		.byte	0
 380 004e 03       		.uleb128 0x3
 381 004f 0E       		.uleb128 0xe
 382 0050 3A       		.uleb128 0x3a
 383 0051 0B       		.uleb128 0xb
 384 0052 3B       		.uleb128 0x3b
 385 0053 0B       		.uleb128 0xb
 386 0054 49       		.uleb128 0x49
 387 0055 13       		.uleb128 0x13
 388 0056 3F       		.uleb128 0x3f
 389 0057 19       		.uleb128 0x19
 390 0058 02       		.uleb128 0x2
 391 0059 18       		.uleb128 0x18
 392 005a 00       		.byte	0
 393 005b 00       		.byte	0
 394 005c 00       		.byte	0
 395              		.section	.debug_aranges,"",%progbits
 396 0000 14000000 		.4byte	0x14
 397 0004 0200     		.2byte	0x2
 398 0006 00000000 		.4byte	.Ldebug_info0
 399 000a 04       		.byte	0x4
ARM GAS  C:\Users\koseki\AppData\Local\Temp\ccEKsrsY.s 			page 8


 400 000b 00       		.byte	0
 401 000c 0000     		.2byte	0
 402 000e 0000     		.2byte	0
 403 0010 00000000 		.4byte	0
 404 0014 00000000 		.4byte	0
 405              		.section	.debug_line,"",%progbits
 406              	.Ldebug_line0:
 407 0000 58000000 		.section	.debug_str,"MS",%progbits,1
 407      02005200 
 407      00000201 
 407      FB0E0D00 
 407      01010101 
 408              	.LASF1:
 409 0000 6C6F6E67 		.ascii	"long long int\000"
 409      206C6F6E 
 409      6720696E 
 409      7400
 410              	.LASF0:
 411 000e 756E7369 		.ascii	"unsigned int\000"
 411      676E6564 
 411      20696E74 
 411      00
 412              	.LASF14:
 413 001b 46696C74 		.ascii	"Filter_1_ChannelABiquadCoefficients\000"
 413      65725F31 
 413      5F436861 
 413      6E6E656C 
 413      41426971 
 414              	.LASF16:
 415 003f 474E5520 		.ascii	"GNU C11 5.4.1 20160609 (release) [ARM/embedded-5-br"
 415      43313120 
 415      352E342E 
 415      31203230 
 415      31363036 
 416 0072 616E6368 		.ascii	"anch revision 237715] -mcpu=cortex-m3 -mthumb -g -O"
 416      20726576 
 416      6973696F 
 416      6E203233 
 416      37373135 
 417 00a5 67202D66 		.ascii	"g -ffunction-sections -ffat-lto-objects\000"
 417      66756E63 
 417      74696F6E 
 417      2D736563 
 417      74696F6E 
 418              	.LASF19:
 419 00cd 75696E74 		.ascii	"uint8\000"
 419      3800
 420              	.LASF8:
 421 00d3 6C6F6E67 		.ascii	"long unsigned int\000"
 421      20756E73 
 421      69676E65 
 421      6420696E 
 421      7400
 422              	.LASF9:
 423 00e5 6C6F6E67 		.ascii	"long long unsigned int\000"
 423      206C6F6E 
 423      6720756E 
ARM GAS  C:\Users\koseki\AppData\Local\Temp\ccEKsrsY.s 			page 9


 423      7369676E 
 423      65642069 
 424              	.LASF17:
 425 00fc 47656E65 		.ascii	"Generated_Source\\PSoC5\\Filter_1_Coefficients.c\000"
 425      72617465 
 425      645F536F 
 425      75726365 
 425      5C50536F 
 426              	.LASF15:
 427 012b 46696C74 		.ascii	"Filter_1_ChannelBBiquadCoefficients\000"
 427      65725F31 
 427      5F436861 
 427      6E6E656C 
 427      42426971 
 428              	.LASF4:
 429 014f 756E7369 		.ascii	"unsigned char\000"
 429      676E6564 
 429      20636861 
 429      7200
 430              	.LASF11:
 431 015d 63686172 		.ascii	"char\000"
 431      00
 432              	.LASF7:
 433 0162 6C6F6E67 		.ascii	"long int\000"
 433      20696E74 
 433      00
 434              	.LASF18:
 435 016b 453A5C50 		.ascii	"E:\\PSoC_Creator\\CY8CKIT-059\\CY8CKIT-059_SDR_Beac"
 435      536F435F 
 435      43726561 
 435      746F725C 
 435      43593843 
 436 019b 6F6E5F52 		.ascii	"on_Receiver\\CY8CKIT-059_SDR_Beacon_Receiver.cydsn\000"
 436      65636569 
 436      7665725C 
 436      43593843 
 436      4B49542D 
 437              	.LASF5:
 438 01cd 73686F72 		.ascii	"short int\000"
 438      7420696E 
 438      7400
 439              	.LASF13:
 440 01d7 646F7562 		.ascii	"double\000"
 440      6C6500
 441              	.LASF6:
 442 01de 73686F72 		.ascii	"short unsigned int\000"
 442      7420756E 
 442      7369676E 
 442      65642069 
 442      6E7400
 443              	.LASF3:
 444 01f1 7369676E 		.ascii	"signed char\000"
 444      65642063 
 444      68617200 
 445              	.LASF2:
 446 01fd 6C6F6E67 		.ascii	"long double\000"
 446      20646F75 
ARM GAS  C:\Users\koseki\AppData\Local\Temp\ccEKsrsY.s 			page 10


 446      626C6500 
 447              	.LASF12:
 448 0209 666C6F61 		.ascii	"float\000"
 448      7400
 449              	.LASF10:
 450 020f 73697A65 		.ascii	"sizetype\000"
 450      74797065 
 450      00
 451              		.ident	"GCC: (GNU Tools for ARM Embedded Processors) 5.4.1 20160609 (release) [ARM/embedded-5-bran
