ARM GAS  C:\Users\koseki\AppData\Local\Temp\cc5TAFUV.s 			page 1


   1              		.syntax unified
   2              		.cpu cortex-m3
   3              		.fpu softvfp
   4              		.eabi_attribute 20, 1
   5              		.eabi_attribute 21, 1
   6              		.eabi_attribute 23, 3
   7              		.eabi_attribute 24, 1
   8              		.eabi_attribute 25, 1
   9              		.eabi_attribute 26, 1
  10              		.eabi_attribute 30, 6
  11              		.eabi_attribute 34, 1
  12              		.eabi_attribute 18, 4
  13              		.thumb
  14              		.syntax unified
  15              		.file	"Filter_RAM_Data.c"
  16              		.text
  17              	.Ltext0:
  18              		.cfi_sections	.debug_frame
  19              		.global	Filter_control
  20              		.section	.rodata
  21              		.align	2
  22              		.type	Filter_control, %object
  23              		.size	Filter_control, 256
  24              	Filter_control:
  25 0000 20       		.byte	32
  26 0001 13       		.byte	19
  27 0002 00       		.byte	0
  28 0003 25       		.byte	37
  29 0004 61       		.byte	97
  30 0005 17       		.byte	23
  31 0006 80       		.byte	-128
  32 0007 26       		.byte	38
  33 0008 01       		.byte	1
  34 0009 00       		.byte	0
  35 000a 80       		.byte	-128
  36 000b 26       		.byte	38
  37 000c 20       		.byte	32
  38 000d 13       		.byte	19
  39 000e 80       		.byte	-128
  40 000f 26       		.byte	38
  41 0010 C2       		.byte	-62
  42 0011 0C       		.byte	12
  43 0012 80       		.byte	-128
  44 0013 26       		.byte	38
  45 0014 E0       		.byte	-32
  46 0015 0E       		.byte	14
  47 0016 80       		.byte	-128
  48 0017 26       		.byte	38
  49 0018 A4       		.byte	-92
  50 0019 0A       		.byte	10
  51 001a 80       		.byte	-128
  52 001b 26       		.byte	38
  53 001c 63       		.byte	99
  54 001d 17       		.byte	23
  55 001e 10       		.byte	16
  56 001f 06       		.byte	6
  57 0020 86       		.byte	-122
ARM GAS  C:\Users\koseki\AppData\Local\Temp\cc5TAFUV.s 			page 2


  58 0021 08       		.byte	8
  59 0022 80       		.byte	-128
  60 0023 26       		.byte	38
  61 0024 68       		.byte	104
  62 0025 06       		.byte	6
  63 0026 80       		.byte	-128
  64 0027 6D       		.byte	109
  65 0028 66       		.byte	102
  66 0029 06       		.byte	6
  67 002a 80       		.byte	-128
  68 002b 2F       		.byte	47
  69 002c 20       		.byte	32
  70 002d 02       		.byte	2
  71 002e 10       		.byte	16
  72 002f 6F       		.byte	111
  73 0030 00       		.byte	0
  74 0031 80       		.byte	-128
  75 0032 80       		.byte	-128
  76 0033 26       		.byte	38
  77 0034 20       		.byte	32
  78 0035 02       		.byte	2
  79 0036 80       		.byte	-128
  80 0037 6F       		.byte	111
  81 0038 00       		.byte	0
  82 0039 80       		.byte	-128
  83 003a 80       		.byte	-128
  84 003b 26       		.byte	38
  85 003c 20       		.byte	32
  86 003d 02       		.byte	2
  87 003e 80       		.byte	-128
  88 003f 6F       		.byte	111
  89 0040 20       		.byte	32
  90 0041 02       		.byte	2
  91 0042 80       		.byte	-128
  92 0043 6F       		.byte	111
  93 0044 21       		.byte	33
  94 0045 1A       		.byte	26
  95 0046 40       		.byte	64
  96 0047 FE       		.byte	-2
  97 0048 00       		.byte	0
  98 0049 00       		.byte	0
  99 004a 80       		.byte	-128
 100 004b 26       		.byte	38
 101 004c 02       		.byte	2
 102 004d 22       		.byte	34
 103 004e 10       		.byte	16
 104 004f 66       		.byte	102
 105 0050 00       		.byte	0
 106 0051 80       		.byte	-128
 107 0052 10       		.byte	16
 108 0053 6E       		.byte	110
 109 0054 01       		.byte	1
 110 0055 82       		.byte	-126
 111 0056 80       		.byte	-128
 112 0057 26       		.byte	38
 113 0058 00       		.byte	0
 114 0059 00       		.byte	0
ARM GAS  C:\Users\koseki\AppData\Local\Temp\cc5TAFUV.s 			page 3


 115 005a 00       		.byte	0
 116 005b 00       		.byte	0
 117 005c 00       		.byte	0
 118 005d 00       		.byte	0
 119 005e 00       		.byte	0
 120 005f 00       		.byte	0
 121 0060 00       		.byte	0
 122 0061 00       		.byte	0
 123 0062 00       		.byte	0
 124 0063 00       		.byte	0
 125 0064 00       		.byte	0
 126 0065 00       		.byte	0
 127 0066 00       		.byte	0
 128 0067 00       		.byte	0
 129 0068 00       		.byte	0
 130 0069 00       		.byte	0
 131 006a 00       		.byte	0
 132 006b 00       		.byte	0
 133 006c 00       		.byte	0
 134 006d 00       		.byte	0
 135 006e 00       		.byte	0
 136 006f 00       		.byte	0
 137 0070 00       		.byte	0
 138 0071 00       		.byte	0
 139 0072 00       		.byte	0
 140 0073 00       		.byte	0
 141 0074 00       		.byte	0
 142 0075 00       		.byte	0
 143 0076 00       		.byte	0
 144 0077 00       		.byte	0
 145 0078 00       		.byte	0
 146 0079 00       		.byte	0
 147 007a 00       		.byte	0
 148 007b 00       		.byte	0
 149 007c 00       		.byte	0
 150 007d 00       		.byte	0
 151 007e 00       		.byte	0
 152 007f 00       		.byte	0
 153 0080 00       		.byte	0
 154 0081 00       		.byte	0
 155 0082 00       		.byte	0
 156 0083 00       		.byte	0
 157 0084 00       		.byte	0
 158 0085 00       		.byte	0
 159 0086 00       		.byte	0
 160 0087 00       		.byte	0
 161 0088 00       		.byte	0
 162 0089 00       		.byte	0
 163 008a 00       		.byte	0
 164 008b 00       		.byte	0
 165 008c 00       		.byte	0
 166 008d 00       		.byte	0
 167 008e 00       		.byte	0
 168 008f 00       		.byte	0
 169 0090 00       		.byte	0
 170 0091 00       		.byte	0
 171 0092 00       		.byte	0
ARM GAS  C:\Users\koseki\AppData\Local\Temp\cc5TAFUV.s 			page 4


 172 0093 00       		.byte	0
 173 0094 00       		.byte	0
 174 0095 00       		.byte	0
 175 0096 00       		.byte	0
 176 0097 00       		.byte	0
 177 0098 00       		.byte	0
 178 0099 00       		.byte	0
 179 009a 00       		.byte	0
 180 009b 00       		.byte	0
 181 009c 00       		.byte	0
 182 009d 00       		.byte	0
 183 009e 00       		.byte	0
 184 009f 00       		.byte	0
 185 00a0 00       		.byte	0
 186 00a1 00       		.byte	0
 187 00a2 00       		.byte	0
 188 00a3 00       		.byte	0
 189 00a4 00       		.byte	0
 190 00a5 00       		.byte	0
 191 00a6 00       		.byte	0
 192 00a7 00       		.byte	0
 193 00a8 00       		.byte	0
 194 00a9 00       		.byte	0
 195 00aa 00       		.byte	0
 196 00ab 00       		.byte	0
 197 00ac 00       		.byte	0
 198 00ad 00       		.byte	0
 199 00ae 00       		.byte	0
 200 00af 00       		.byte	0
 201 00b0 00       		.byte	0
 202 00b1 00       		.byte	0
 203 00b2 00       		.byte	0
 204 00b3 00       		.byte	0
 205 00b4 00       		.byte	0
 206 00b5 00       		.byte	0
 207 00b6 00       		.byte	0
 208 00b7 00       		.byte	0
 209 00b8 00       		.byte	0
 210 00b9 00       		.byte	0
 211 00ba 00       		.byte	0
 212 00bb 00       		.byte	0
 213 00bc 00       		.byte	0
 214 00bd 00       		.byte	0
 215 00be 00       		.byte	0
 216 00bf 00       		.byte	0
 217 00c0 00       		.byte	0
 218 00c1 00       		.byte	0
 219 00c2 00       		.byte	0
 220 00c3 00       		.byte	0
 221 00c4 00       		.byte	0
 222 00c5 00       		.byte	0
 223 00c6 00       		.byte	0
 224 00c7 00       		.byte	0
 225 00c8 00       		.byte	0
 226 00c9 00       		.byte	0
 227 00ca 00       		.byte	0
 228 00cb 00       		.byte	0
ARM GAS  C:\Users\koseki\AppData\Local\Temp\cc5TAFUV.s 			page 5


 229 00cc 00       		.byte	0
 230 00cd 00       		.byte	0
 231 00ce 00       		.byte	0
 232 00cf 00       		.byte	0
 233 00d0 00       		.byte	0
 234 00d1 00       		.byte	0
 235 00d2 00       		.byte	0
 236 00d3 00       		.byte	0
 237 00d4 00       		.byte	0
 238 00d5 00       		.byte	0
 239 00d6 00       		.byte	0
 240 00d7 00       		.byte	0
 241 00d8 00       		.byte	0
 242 00d9 00       		.byte	0
 243 00da 00       		.byte	0
 244 00db 00       		.byte	0
 245 00dc 00       		.byte	0
 246 00dd 00       		.byte	0
 247 00de 00       		.byte	0
 248 00df 00       		.byte	0
 249 00e0 00       		.byte	0
 250 00e1 00       		.byte	0
 251 00e2 00       		.byte	0
 252 00e3 00       		.byte	0
 253 00e4 00       		.byte	0
 254 00e5 00       		.byte	0
 255 00e6 00       		.byte	0
 256 00e7 00       		.byte	0
 257 00e8 00       		.byte	0
 258 00e9 00       		.byte	0
 259 00ea 00       		.byte	0
 260 00eb 00       		.byte	0
 261 00ec 00       		.byte	0
 262 00ed 00       		.byte	0
 263 00ee 00       		.byte	0
 264 00ef 00       		.byte	0
 265 00f0 00       		.byte	0
 266 00f1 00       		.byte	0
 267 00f2 00       		.byte	0
 268 00f3 00       		.byte	0
 269 00f4 00       		.byte	0
 270 00f5 00       		.byte	0
 271 00f6 00       		.byte	0
 272 00f7 00       		.byte	0
 273 00f8 00       		.byte	0
 274 00f9 00       		.byte	0
 275 00fa 00       		.byte	0
 276 00fb 00       		.byte	0
 277 00fc 00       		.byte	0
 278 00fd 00       		.byte	0
 279 00fe 00       		.byte	0
 280 00ff 00       		.byte	0
 281              		.global	Filter_data_a
 282              		.align	2
 283              		.type	Filter_data_a, %object
 284              		.size	Filter_data_a, 512
 285              	Filter_data_a:
ARM GAS  C:\Users\koseki\AppData\Local\Temp\cc5TAFUV.s 			page 6


 286 0100 00       		.byte	0
 287 0101 00       		.byte	0
 288 0102 00       		.byte	0
 289 0103 00       		.byte	0
 290 0104 00       		.byte	0
 291 0105 00       		.byte	0
 292 0106 00       		.byte	0
 293 0107 00       		.byte	0
 294 0108 00       		.byte	0
 295 0109 00       		.byte	0
 296 010a 00       		.byte	0
 297 010b 00       		.byte	0
 298 010c 00       		.byte	0
 299 010d 00       		.byte	0
 300 010e 00       		.byte	0
 301 010f 00       		.byte	0
 302 0110 00       		.byte	0
 303 0111 00       		.byte	0
 304 0112 00       		.byte	0
 305 0113 00       		.byte	0
 306 0114 00       		.byte	0
 307 0115 00       		.byte	0
 308 0116 00       		.byte	0
 309 0117 00       		.byte	0
 310 0118 00       		.byte	0
 311 0119 00       		.byte	0
 312 011a 00       		.byte	0
 313 011b 00       		.byte	0
 314 011c 00       		.byte	0
 315 011d 00       		.byte	0
 316 011e 00       		.byte	0
 317 011f 00       		.byte	0
 318 0120 00       		.byte	0
 319 0121 00       		.byte	0
 320 0122 00       		.byte	0
 321 0123 00       		.byte	0
 322 0124 00       		.byte	0
 323 0125 00       		.byte	0
 324 0126 00       		.byte	0
 325 0127 00       		.byte	0
 326 0128 00       		.byte	0
 327 0129 00       		.byte	0
 328 012a 00       		.byte	0
 329 012b 00       		.byte	0
 330 012c 00       		.byte	0
 331 012d 00       		.byte	0
 332 012e 00       		.byte	0
 333 012f 00       		.byte	0
 334 0130 00       		.byte	0
 335 0131 00       		.byte	0
 336 0132 00       		.byte	0
 337 0133 00       		.byte	0
 338 0134 00       		.byte	0
 339 0135 00       		.byte	0
 340 0136 00       		.byte	0
 341 0137 00       		.byte	0
 342 0138 00       		.byte	0
ARM GAS  C:\Users\koseki\AppData\Local\Temp\cc5TAFUV.s 			page 7


 343 0139 00       		.byte	0
 344 013a 00       		.byte	0
 345 013b 00       		.byte	0
 346 013c 00       		.byte	0
 347 013d 00       		.byte	0
 348 013e 00       		.byte	0
 349 013f 00       		.byte	0
 350 0140 00       		.byte	0
 351 0141 00       		.byte	0
 352 0142 00       		.byte	0
 353 0143 00       		.byte	0
 354 0144 00       		.byte	0
 355 0145 00       		.byte	0
 356 0146 00       		.byte	0
 357 0147 00       		.byte	0
 358 0148 00       		.byte	0
 359 0149 00       		.byte	0
 360 014a 00       		.byte	0
 361 014b 00       		.byte	0
 362 014c 00       		.byte	0
 363 014d 00       		.byte	0
 364 014e 00       		.byte	0
 365 014f 00       		.byte	0
 366 0150 00       		.byte	0
 367 0151 00       		.byte	0
 368 0152 00       		.byte	0
 369 0153 00       		.byte	0
 370 0154 00       		.byte	0
 371 0155 00       		.byte	0
 372 0156 00       		.byte	0
 373 0157 00       		.byte	0
 374 0158 00       		.byte	0
 375 0159 00       		.byte	0
 376 015a 00       		.byte	0
 377 015b 00       		.byte	0
 378 015c 00       		.byte	0
 379 015d 00       		.byte	0
 380 015e 00       		.byte	0
 381 015f 00       		.byte	0
 382 0160 00       		.byte	0
 383 0161 00       		.byte	0
 384 0162 00       		.byte	0
 385 0163 00       		.byte	0
 386 0164 00       		.byte	0
 387 0165 00       		.byte	0
 388 0166 00       		.byte	0
 389 0167 00       		.byte	0
 390 0168 00       		.byte	0
 391 0169 00       		.byte	0
 392 016a 00       		.byte	0
 393 016b 00       		.byte	0
 394 016c 00       		.byte	0
 395 016d 00       		.byte	0
 396 016e 00       		.byte	0
 397 016f 00       		.byte	0
 398 0170 00       		.byte	0
 399 0171 00       		.byte	0
ARM GAS  C:\Users\koseki\AppData\Local\Temp\cc5TAFUV.s 			page 8


 400 0172 00       		.byte	0
 401 0173 00       		.byte	0
 402 0174 00       		.byte	0
 403 0175 00       		.byte	0
 404 0176 00       		.byte	0
 405 0177 00       		.byte	0
 406 0178 00       		.byte	0
 407 0179 00       		.byte	0
 408 017a 00       		.byte	0
 409 017b 00       		.byte	0
 410 017c 00       		.byte	0
 411 017d 00       		.byte	0
 412 017e 00       		.byte	0
 413 017f 00       		.byte	0
 414 0180 00       		.byte	0
 415 0181 00       		.byte	0
 416 0182 00       		.byte	0
 417 0183 00       		.byte	0
 418 0184 00       		.byte	0
 419 0185 00       		.byte	0
 420 0186 00       		.byte	0
 421 0187 00       		.byte	0
 422 0188 00       		.byte	0
 423 0189 00       		.byte	0
 424 018a 00       		.byte	0
 425 018b 00       		.byte	0
 426 018c 00       		.byte	0
 427 018d 00       		.byte	0
 428 018e 00       		.byte	0
 429 018f 00       		.byte	0
 430 0190 00       		.byte	0
 431 0191 00       		.byte	0
 432 0192 00       		.byte	0
 433 0193 00       		.byte	0
 434 0194 00       		.byte	0
 435 0195 00       		.byte	0
 436 0196 00       		.byte	0
 437 0197 00       		.byte	0
 438 0198 00       		.byte	0
 439 0199 00       		.byte	0
 440 019a 00       		.byte	0
 441 019b 00       		.byte	0
 442 019c 00       		.byte	0
 443 019d 00       		.byte	0
 444 019e 00       		.byte	0
 445 019f 00       		.byte	0
 446 01a0 00       		.byte	0
 447 01a1 00       		.byte	0
 448 01a2 00       		.byte	0
 449 01a3 00       		.byte	0
 450 01a4 00       		.byte	0
 451 01a5 00       		.byte	0
 452 01a6 00       		.byte	0
 453 01a7 00       		.byte	0
 454 01a8 00       		.byte	0
 455 01a9 00       		.byte	0
 456 01aa 00       		.byte	0
ARM GAS  C:\Users\koseki\AppData\Local\Temp\cc5TAFUV.s 			page 9


 457 01ab 00       		.byte	0
 458 01ac 00       		.byte	0
 459 01ad 00       		.byte	0
 460 01ae 00       		.byte	0
 461 01af 00       		.byte	0
 462 01b0 00       		.byte	0
 463 01b1 00       		.byte	0
 464 01b2 00       		.byte	0
 465 01b3 00       		.byte	0
 466 01b4 00       		.byte	0
 467 01b5 00       		.byte	0
 468 01b6 00       		.byte	0
 469 01b7 00       		.byte	0
 470 01b8 00       		.byte	0
 471 01b9 00       		.byte	0
 472 01ba 00       		.byte	0
 473 01bb 00       		.byte	0
 474 01bc 00       		.byte	0
 475 01bd 00       		.byte	0
 476 01be 00       		.byte	0
 477 01bf 00       		.byte	0
 478 01c0 00       		.byte	0
 479 01c1 00       		.byte	0
 480 01c2 00       		.byte	0
 481 01c3 00       		.byte	0
 482 01c4 00       		.byte	0
 483 01c5 00       		.byte	0
 484 01c6 00       		.byte	0
 485 01c7 00       		.byte	0
 486 01c8 00       		.byte	0
 487 01c9 00       		.byte	0
 488 01ca 00       		.byte	0
 489 01cb 00       		.byte	0
 490 01cc 00       		.byte	0
 491 01cd 00       		.byte	0
 492 01ce 00       		.byte	0
 493 01cf 00       		.byte	0
 494 01d0 00       		.byte	0
 495 01d1 00       		.byte	0
 496 01d2 00       		.byte	0
 497 01d3 00       		.byte	0
 498 01d4 00       		.byte	0
 499 01d5 00       		.byte	0
 500 01d6 00       		.byte	0
 501 01d7 00       		.byte	0
 502 01d8 00       		.byte	0
 503 01d9 00       		.byte	0
 504 01da 00       		.byte	0
 505 01db 00       		.byte	0
 506 01dc 00       		.byte	0
 507 01dd 00       		.byte	0
 508 01de 00       		.byte	0
 509 01df 00       		.byte	0
 510 01e0 00       		.byte	0
 511 01e1 00       		.byte	0
 512 01e2 00       		.byte	0
 513 01e3 00       		.byte	0
ARM GAS  C:\Users\koseki\AppData\Local\Temp\cc5TAFUV.s 			page 10


 514 01e4 00       		.byte	0
 515 01e5 00       		.byte	0
 516 01e6 00       		.byte	0
 517 01e7 00       		.byte	0
 518 01e8 00       		.byte	0
 519 01e9 00       		.byte	0
 520 01ea 00       		.byte	0
 521 01eb 00       		.byte	0
 522 01ec 00       		.byte	0
 523 01ed 00       		.byte	0
 524 01ee 00       		.byte	0
 525 01ef 00       		.byte	0
 526 01f0 00       		.byte	0
 527 01f1 00       		.byte	0
 528 01f2 00       		.byte	0
 529 01f3 00       		.byte	0
 530 01f4 00       		.byte	0
 531 01f5 00       		.byte	0
 532 01f6 00       		.byte	0
 533 01f7 00       		.byte	0
 534 01f8 00       		.byte	0
 535 01f9 00       		.byte	0
 536 01fa 00       		.byte	0
 537 01fb 00       		.byte	0
 538 01fc 00       		.byte	0
 539 01fd 00       		.byte	0
 540 01fe 00       		.byte	0
 541 01ff 00       		.byte	0
 542 0200 00       		.byte	0
 543 0201 00       		.byte	0
 544 0202 00       		.byte	0
 545 0203 00       		.byte	0
 546 0204 00       		.byte	0
 547 0205 00       		.byte	0
 548 0206 00       		.byte	0
 549 0207 00       		.byte	0
 550 0208 00       		.byte	0
 551 0209 00       		.byte	0
 552 020a 00       		.byte	0
 553 020b 00       		.byte	0
 554 020c 00       		.byte	0
 555 020d 00       		.byte	0
 556 020e 00       		.byte	0
 557 020f 00       		.byte	0
 558 0210 00       		.byte	0
 559 0211 00       		.byte	0
 560 0212 00       		.byte	0
 561 0213 00       		.byte	0
 562 0214 00       		.byte	0
 563 0215 00       		.byte	0
 564 0216 00       		.byte	0
 565 0217 00       		.byte	0
 566 0218 00       		.byte	0
 567 0219 00       		.byte	0
 568 021a 00       		.byte	0
 569 021b 00       		.byte	0
 570 021c 00       		.byte	0
ARM GAS  C:\Users\koseki\AppData\Local\Temp\cc5TAFUV.s 			page 11


 571 021d 00       		.byte	0
 572 021e 00       		.byte	0
 573 021f 00       		.byte	0
 574 0220 00       		.byte	0
 575 0221 00       		.byte	0
 576 0222 00       		.byte	0
 577 0223 00       		.byte	0
 578 0224 00       		.byte	0
 579 0225 00       		.byte	0
 580 0226 00       		.byte	0
 581 0227 00       		.byte	0
 582 0228 00       		.byte	0
 583 0229 00       		.byte	0
 584 022a 00       		.byte	0
 585 022b 00       		.byte	0
 586 022c 00       		.byte	0
 587 022d 00       		.byte	0
 588 022e 00       		.byte	0
 589 022f 00       		.byte	0
 590 0230 00       		.byte	0
 591 0231 00       		.byte	0
 592 0232 00       		.byte	0
 593 0233 00       		.byte	0
 594 0234 00       		.byte	0
 595 0235 00       		.byte	0
 596 0236 00       		.byte	0
 597 0237 00       		.byte	0
 598 0238 00       		.byte	0
 599 0239 00       		.byte	0
 600 023a 00       		.byte	0
 601 023b 00       		.byte	0
 602 023c 00       		.byte	0
 603 023d 00       		.byte	0
 604 023e 00       		.byte	0
 605 023f 00       		.byte	0
 606 0240 00       		.byte	0
 607 0241 00       		.byte	0
 608 0242 00       		.byte	0
 609 0243 00       		.byte	0
 610 0244 00       		.byte	0
 611 0245 00       		.byte	0
 612 0246 00       		.byte	0
 613 0247 00       		.byte	0
 614 0248 00       		.byte	0
 615 0249 00       		.byte	0
 616 024a 00       		.byte	0
 617 024b 00       		.byte	0
 618 024c 00       		.byte	0
 619 024d 00       		.byte	0
 620 024e 00       		.byte	0
 621 024f 00       		.byte	0
 622 0250 00       		.byte	0
 623 0251 00       		.byte	0
 624 0252 00       		.byte	0
 625 0253 00       		.byte	0
 626 0254 00       		.byte	0
 627 0255 00       		.byte	0
ARM GAS  C:\Users\koseki\AppData\Local\Temp\cc5TAFUV.s 			page 12


 628 0256 00       		.byte	0
 629 0257 00       		.byte	0
 630 0258 00       		.byte	0
 631 0259 00       		.byte	0
 632 025a 00       		.byte	0
 633 025b 00       		.byte	0
 634 025c 00       		.byte	0
 635 025d 00       		.byte	0
 636 025e 00       		.byte	0
 637 025f 00       		.byte	0
 638 0260 00       		.byte	0
 639 0261 00       		.byte	0
 640 0262 00       		.byte	0
 641 0263 00       		.byte	0
 642 0264 00       		.byte	0
 643 0265 00       		.byte	0
 644 0266 00       		.byte	0
 645 0267 00       		.byte	0
 646 0268 00       		.byte	0
 647 0269 00       		.byte	0
 648 026a 00       		.byte	0
 649 026b 00       		.byte	0
 650 026c 00       		.byte	0
 651 026d 00       		.byte	0
 652 026e 00       		.byte	0
 653 026f 00       		.byte	0
 654 0270 00       		.byte	0
 655 0271 00       		.byte	0
 656 0272 00       		.byte	0
 657 0273 00       		.byte	0
 658 0274 00       		.byte	0
 659 0275 00       		.byte	0
 660 0276 00       		.byte	0
 661 0277 00       		.byte	0
 662 0278 00       		.byte	0
 663 0279 00       		.byte	0
 664 027a 00       		.byte	0
 665 027b 00       		.byte	0
 666 027c 00       		.byte	0
 667 027d 00       		.byte	0
 668 027e 00       		.byte	0
 669 027f 00       		.byte	0
 670 0280 00       		.byte	0
 671 0281 00       		.byte	0
 672 0282 00       		.byte	0
 673 0283 00       		.byte	0
 674 0284 00       		.byte	0
 675 0285 00       		.byte	0
 676 0286 00       		.byte	0
 677 0287 00       		.byte	0
 678 0288 00       		.byte	0
 679 0289 00       		.byte	0
 680 028a 00       		.byte	0
 681 028b 00       		.byte	0
 682 028c 00       		.byte	0
 683 028d 00       		.byte	0
 684 028e 00       		.byte	0
ARM GAS  C:\Users\koseki\AppData\Local\Temp\cc5TAFUV.s 			page 13


 685 028f 00       		.byte	0
 686 0290 00       		.byte	0
 687 0291 00       		.byte	0
 688 0292 00       		.byte	0
 689 0293 00       		.byte	0
 690 0294 00       		.byte	0
 691 0295 00       		.byte	0
 692 0296 00       		.byte	0
 693 0297 00       		.byte	0
 694 0298 00       		.byte	0
 695 0299 00       		.byte	0
 696 029a 00       		.byte	0
 697 029b 00       		.byte	0
 698 029c 00       		.byte	0
 699 029d 00       		.byte	0
 700 029e 00       		.byte	0
 701 029f 00       		.byte	0
 702 02a0 00       		.byte	0
 703 02a1 00       		.byte	0
 704 02a2 00       		.byte	0
 705 02a3 00       		.byte	0
 706 02a4 00       		.byte	0
 707 02a5 00       		.byte	0
 708 02a6 00       		.byte	0
 709 02a7 00       		.byte	0
 710 02a8 00       		.byte	0
 711 02a9 00       		.byte	0
 712 02aa 00       		.byte	0
 713 02ab 00       		.byte	0
 714 02ac 00       		.byte	0
 715 02ad 00       		.byte	0
 716 02ae 00       		.byte	0
 717 02af 00       		.byte	0
 718 02b0 00       		.byte	0
 719 02b1 00       		.byte	0
 720 02b2 00       		.byte	0
 721 02b3 00       		.byte	0
 722 02b4 00       		.byte	0
 723 02b5 00       		.byte	0
 724 02b6 00       		.byte	0
 725 02b7 00       		.byte	0
 726 02b8 00       		.byte	0
 727 02b9 00       		.byte	0
 728 02ba 00       		.byte	0
 729 02bb 00       		.byte	0
 730 02bc 00       		.byte	0
 731 02bd 00       		.byte	0
 732 02be 00       		.byte	0
 733 02bf 00       		.byte	0
 734 02c0 00       		.byte	0
 735 02c1 00       		.byte	0
 736 02c2 00       		.byte	0
 737 02c3 00       		.byte	0
 738 02c4 00       		.byte	0
 739 02c5 00       		.byte	0
 740 02c6 00       		.byte	0
 741 02c7 00       		.byte	0
ARM GAS  C:\Users\koseki\AppData\Local\Temp\cc5TAFUV.s 			page 14


 742 02c8 00       		.byte	0
 743 02c9 00       		.byte	0
 744 02ca 00       		.byte	0
 745 02cb 00       		.byte	0
 746 02cc 00       		.byte	0
 747 02cd 00       		.byte	0
 748 02ce 00       		.byte	0
 749 02cf 00       		.byte	0
 750 02d0 00       		.byte	0
 751 02d1 00       		.byte	0
 752 02d2 00       		.byte	0
 753 02d3 00       		.byte	0
 754 02d4 00       		.byte	0
 755 02d5 00       		.byte	0
 756 02d6 00       		.byte	0
 757 02d7 00       		.byte	0
 758 02d8 00       		.byte	0
 759 02d9 00       		.byte	0
 760 02da 00       		.byte	0
 761 02db 00       		.byte	0
 762 02dc 00       		.byte	0
 763 02dd 00       		.byte	0
 764 02de 00       		.byte	0
 765 02df 00       		.byte	0
 766 02e0 00       		.byte	0
 767 02e1 00       		.byte	0
 768 02e2 00       		.byte	0
 769 02e3 00       		.byte	0
 770 02e4 00       		.byte	0
 771 02e5 00       		.byte	0
 772 02e6 00       		.byte	0
 773 02e7 00       		.byte	0
 774 02e8 00       		.byte	0
 775 02e9 00       		.byte	0
 776 02ea 00       		.byte	0
 777 02eb 00       		.byte	0
 778 02ec 00       		.byte	0
 779 02ed 00       		.byte	0
 780 02ee 00       		.byte	0
 781 02ef 00       		.byte	0
 782 02f0 00       		.byte	0
 783 02f1 00       		.byte	0
 784 02f2 00       		.byte	0
 785 02f3 00       		.byte	0
 786 02f4 00       		.byte	0
 787 02f5 00       		.byte	0
 788 02f6 00       		.byte	0
 789 02f7 00       		.byte	0
 790 02f8 00       		.byte	0
 791 02f9 00       		.byte	0
 792 02fa 00       		.byte	0
 793 02fb 00       		.byte	0
 794 02fc 00       		.byte	0
 795 02fd 08       		.byte	8
 796 02fe 00       		.byte	0
 797 02ff 00       		.byte	0
 798              		.global	Filter_data_b
ARM GAS  C:\Users\koseki\AppData\Local\Temp\cc5TAFUV.s 			page 15


 799              		.align	2
 800              		.type	Filter_data_b, %object
 801              		.size	Filter_data_b, 512
 802              	Filter_data_b:
 803 0300 AE       		.byte	-82
 804 0301 56       		.byte	86
 805 0302 06       		.byte	6
 806 0303 00       		.byte	0
 807 0304 A3       		.byte	-93
 808 0305 52       		.byte	82
 809 0306 F3       		.byte	-13
 810 0307 00       		.byte	0
 811 0308 AE       		.byte	-82
 812 0309 56       		.byte	86
 813 030a 06       		.byte	6
 814 030b 00       		.byte	0
 815 030c D3       		.byte	-45
 816 030d 4C       		.byte	76
 817 030e 75       		.byte	117
 818 030f 00       		.byte	0
 819 0310 FB       		.byte	-5
 820 0311 B6       		.byte	-74
 821 0312 C6       		.byte	-58
 822 0313 00       		.byte	0
 823 0314 89       		.byte	-119
 824 0315 E8       		.byte	-24
 825 0316 16       		.byte	22
 826 0317 00       		.byte	0
 827 0318 EF       		.byte	-17
 828 0319 2E       		.byte	46
 829 031a D2       		.byte	-46
 830 031b 00       		.byte	0
 831 031c 89       		.byte	-119
 832 031d E8       		.byte	-24
 833 031e 16       		.byte	22
 834 031f 00       		.byte	0
 835 0320 2E       		.byte	46
 836 0321 45       		.byte	69
 837 0322 77       		.byte	119
 838 0323 00       		.byte	0
 839 0324 14       		.byte	20
 840 0325 4A       		.byte	74
 841 0326 C5       		.byte	-59
 842 0327 00       		.byte	0
 843 0328 B3       		.byte	-77
 844 0329 CF       		.byte	-49
 845 032a 11       		.byte	17
 846 032b 00       		.byte	0
 847 032c 9A       		.byte	-102
 848 032d 60       		.byte	96
 849 032e DC       		.byte	-36
 850 032f 00       		.byte	0
 851 0330 B3       		.byte	-77
 852 0331 CF       		.byte	-49
 853 0332 11       		.byte	17
 854 0333 00       		.byte	0
 855 0334 36       		.byte	54
ARM GAS  C:\Users\koseki\AppData\Local\Temp\cc5TAFUV.s 			page 16


 856 0335 8A       		.byte	-118
 857 0336 79       		.byte	121
 858 0337 00       		.byte	0
 859 0338 DF       		.byte	-33
 860 0339 5A       		.byte	90
 861 033a C3       		.byte	-61
 862 033b 00       		.byte	0
 863 033c DE       		.byte	-34
 864 033d 88       		.byte	-120
 865 033e 00       		.byte	0
 866 033f 00       		.byte	0
 867 0340 BB       		.byte	-69
 868 0341 11       		.byte	17
 869 0342 01       		.byte	1
 870 0343 00       		.byte	0
 871 0344 DE       		.byte	-34
 872 0345 88       		.byte	-120
 873 0346 00       		.byte	0
 874 0347 00       		.byte	0
 875 0348 61       		.byte	97
 876 0349 FE       		.byte	-2
 877 034a 73       		.byte	115
 878 034b 00       		.byte	0
 879 034c 8C       		.byte	-116
 880 034d 47       		.byte	71
 881 034e C7       		.byte	-57
 882 034f 00       		.byte	0
 883 0350 04       		.byte	4
 884 0351 9F       		.byte	-97
 885 0352 00       		.byte	0
 886 0353 00       		.byte	0
 887 0354 08       		.byte	8
 888 0355 3E       		.byte	62
 889 0356 01       		.byte	1
 890 0357 00       		.byte	0
 891 0358 04       		.byte	4
 892 0359 9F       		.byte	-97
 893 035a 00       		.byte	0
 894 035b 00       		.byte	0
 895 035c C2       		.byte	-62
 896 035d C7       		.byte	-57
 897 035e 73       		.byte	115
 898 035f 00       		.byte	0
 899 0360 07       		.byte	7
 900 0361 A8       		.byte	-88
 901 0362 C6       		.byte	-58
 902 0363 00       		.byte	0
 903 0364 A8       		.byte	-88
 904 0365 A3       		.byte	-93
 905 0366 00       		.byte	0
 906 0367 00       		.byte	0
 907 0368 4F       		.byte	79
 908 0369 47       		.byte	71
 909 036a 01       		.byte	1
 910 036b 00       		.byte	0
 911 036c A8       		.byte	-88
 912 036d A3       		.byte	-93
ARM GAS  C:\Users\koseki\AppData\Local\Temp\cc5TAFUV.s 			page 17


 913 036e 00       		.byte	0
 914 036f 00       		.byte	0
 915 0370 BE       		.byte	-66
 916 0371 E8       		.byte	-24
 917 0372 74       		.byte	116
 918 0373 00       		.byte	0
 919 0374 55       		.byte	85
 920 0375 BD       		.byte	-67
 921 0376 C4       		.byte	-60
 922 0377 00       		.byte	0
 923 0378 28       		.byte	40
 924 0379 DF       		.byte	-33
 925 037a 0E       		.byte	14
 926 037b 00       		.byte	0
 927 037c B0       		.byte	-80
 928 037d 41       		.byte	65
 929 037e E2       		.byte	-30
 930 037f 00       		.byte	0
 931 0380 28       		.byte	40
 932 0381 DF       		.byte	-33
 933 0382 0E       		.byte	14
 934 0383 00       		.byte	0
 935 0384 B8       		.byte	-72
 936 0385 DF       		.byte	-33
 937 0386 7B       		.byte	123
 938 0387 00       		.byte	0
 939 0388 D6       		.byte	-42
 940 0389 27       		.byte	39
 941 038a C1       		.byte	-63
 942 038b 00       		.byte	0
 943 038c 90       		.byte	-112
 944 038d BA       		.byte	-70
 945 038e 03       		.byte	3
 946 038f 00       		.byte	0
 947 0390 20       		.byte	32
 948 0391 75       		.byte	117
 949 0392 07       		.byte	7
 950 0393 00       		.byte	0
 951 0394 90       		.byte	-112
 952 0395 BA       		.byte	-70
 953 0396 03       		.byte	3
 954 0397 00       		.byte	0
 955 0398 12       		.byte	18
 956 0399 57       		.byte	87
 957 039a 77       		.byte	119
 958 039b 00       		.byte	0
 959 039c C5       		.byte	-59
 960 039d BE       		.byte	-66
 961 039e C1       		.byte	-63
 962 039f 00       		.byte	0
 963 03a0 00       		.byte	0
 964 03a1 00       		.byte	0
 965 03a2 00       		.byte	0
 966 03a3 00       		.byte	0
 967 03a4 00       		.byte	0
 968 03a5 00       		.byte	0
 969 03a6 00       		.byte	0
ARM GAS  C:\Users\koseki\AppData\Local\Temp\cc5TAFUV.s 			page 18


 970 03a7 00       		.byte	0
 971 03a8 00       		.byte	0
 972 03a9 00       		.byte	0
 973 03aa 00       		.byte	0
 974 03ab 00       		.byte	0
 975 03ac 00       		.byte	0
 976 03ad 00       		.byte	0
 977 03ae 00       		.byte	0
 978 03af 00       		.byte	0
 979 03b0 00       		.byte	0
 980 03b1 00       		.byte	0
 981 03b2 00       		.byte	0
 982 03b3 00       		.byte	0
 983 03b4 00       		.byte	0
 984 03b5 00       		.byte	0
 985 03b6 00       		.byte	0
 986 03b7 00       		.byte	0
 987 03b8 00       		.byte	0
 988 03b9 00       		.byte	0
 989 03ba 00       		.byte	0
 990 03bb 00       		.byte	0
 991 03bc 00       		.byte	0
 992 03bd 00       		.byte	0
 993 03be 00       		.byte	0
 994 03bf 00       		.byte	0
 995 03c0 00       		.byte	0
 996 03c1 00       		.byte	0
 997 03c2 00       		.byte	0
 998 03c3 00       		.byte	0
 999 03c4 00       		.byte	0
 1000 03c5 00       		.byte	0
 1001 03c6 00       		.byte	0
 1002 03c7 00       		.byte	0
 1003 03c8 00       		.byte	0
 1004 03c9 00       		.byte	0
 1005 03ca 00       		.byte	0
 1006 03cb 00       		.byte	0
 1007 03cc 00       		.byte	0
 1008 03cd 00       		.byte	0
 1009 03ce 00       		.byte	0
 1010 03cf 00       		.byte	0
 1011 03d0 00       		.byte	0
 1012 03d1 00       		.byte	0
 1013 03d2 00       		.byte	0
 1014 03d3 00       		.byte	0
 1015 03d4 00       		.byte	0
 1016 03d5 00       		.byte	0
 1017 03d6 00       		.byte	0
 1018 03d7 00       		.byte	0
 1019 03d8 00       		.byte	0
 1020 03d9 00       		.byte	0
 1021 03da 00       		.byte	0
 1022 03db 00       		.byte	0
 1023 03dc 00       		.byte	0
 1024 03dd 00       		.byte	0
 1025 03de 00       		.byte	0
 1026 03df 00       		.byte	0
ARM GAS  C:\Users\koseki\AppData\Local\Temp\cc5TAFUV.s 			page 19


 1027 03e0 00       		.byte	0
 1028 03e1 00       		.byte	0
 1029 03e2 00       		.byte	0
 1030 03e3 00       		.byte	0
 1031 03e4 00       		.byte	0
 1032 03e5 00       		.byte	0
 1033 03e6 00       		.byte	0
 1034 03e7 00       		.byte	0
 1035 03e8 00       		.byte	0
 1036 03e9 00       		.byte	0
 1037 03ea 00       		.byte	0
 1038 03eb 00       		.byte	0
 1039 03ec 00       		.byte	0
 1040 03ed 00       		.byte	0
 1041 03ee 00       		.byte	0
 1042 03ef 00       		.byte	0
 1043 03f0 00       		.byte	0
 1044 03f1 00       		.byte	0
 1045 03f2 00       		.byte	0
 1046 03f3 00       		.byte	0
 1047 03f4 00       		.byte	0
 1048 03f5 00       		.byte	0
 1049 03f6 00       		.byte	0
 1050 03f7 00       		.byte	0
 1051 03f8 00       		.byte	0
 1052 03f9 00       		.byte	0
 1053 03fa 00       		.byte	0
 1054 03fb 00       		.byte	0
 1055 03fc 00       		.byte	0
 1056 03fd 00       		.byte	0
 1057 03fe 00       		.byte	0
 1058 03ff 00       		.byte	0
 1059 0400 00       		.byte	0
 1060 0401 00       		.byte	0
 1061 0402 00       		.byte	0
 1062 0403 00       		.byte	0
 1063 0404 00       		.byte	0
 1064 0405 00       		.byte	0
 1065 0406 00       		.byte	0
 1066 0407 00       		.byte	0
 1067 0408 00       		.byte	0
 1068 0409 00       		.byte	0
 1069 040a 00       		.byte	0
 1070 040b 00       		.byte	0
 1071 040c 00       		.byte	0
 1072 040d 00       		.byte	0
 1073 040e 00       		.byte	0
 1074 040f 00       		.byte	0
 1075 0410 00       		.byte	0
 1076 0411 00       		.byte	0
 1077 0412 00       		.byte	0
 1078 0413 00       		.byte	0
 1079 0414 00       		.byte	0
 1080 0415 00       		.byte	0
 1081 0416 00       		.byte	0
 1082 0417 00       		.byte	0
 1083 0418 00       		.byte	0
ARM GAS  C:\Users\koseki\AppData\Local\Temp\cc5TAFUV.s 			page 20


 1084 0419 00       		.byte	0
 1085 041a 00       		.byte	0
 1086 041b 00       		.byte	0
 1087 041c 00       		.byte	0
 1088 041d 00       		.byte	0
 1089 041e 00       		.byte	0
 1090 041f 00       		.byte	0
 1091 0420 00       		.byte	0
 1092 0421 00       		.byte	0
 1093 0422 00       		.byte	0
 1094 0423 00       		.byte	0
 1095 0424 00       		.byte	0
 1096 0425 00       		.byte	0
 1097 0426 00       		.byte	0
 1098 0427 00       		.byte	0
 1099 0428 00       		.byte	0
 1100 0429 00       		.byte	0
 1101 042a 00       		.byte	0
 1102 042b 00       		.byte	0
 1103 042c 00       		.byte	0
 1104 042d 00       		.byte	0
 1105 042e 00       		.byte	0
 1106 042f 00       		.byte	0
 1107 0430 00       		.byte	0
 1108 0431 00       		.byte	0
 1109 0432 00       		.byte	0
 1110 0433 00       		.byte	0
 1111 0434 00       		.byte	0
 1112 0435 00       		.byte	0
 1113 0436 00       		.byte	0
 1114 0437 00       		.byte	0
 1115 0438 00       		.byte	0
 1116 0439 00       		.byte	0
 1117 043a 00       		.byte	0
 1118 043b 00       		.byte	0
 1119 043c 00       		.byte	0
 1120 043d 00       		.byte	0
 1121 043e 00       		.byte	0
 1122 043f 00       		.byte	0
 1123 0440 00       		.byte	0
 1124 0441 00       		.byte	0
 1125 0442 00       		.byte	0
 1126 0443 00       		.byte	0
 1127 0444 00       		.byte	0
 1128 0445 00       		.byte	0
 1129 0446 00       		.byte	0
 1130 0447 00       		.byte	0
 1131 0448 00       		.byte	0
 1132 0449 00       		.byte	0
 1133 044a 00       		.byte	0
 1134 044b 00       		.byte	0
 1135 044c 00       		.byte	0
 1136 044d 00       		.byte	0
 1137 044e 00       		.byte	0
 1138 044f 00       		.byte	0
 1139 0450 00       		.byte	0
 1140 0451 00       		.byte	0
ARM GAS  C:\Users\koseki\AppData\Local\Temp\cc5TAFUV.s 			page 21


 1141 0452 00       		.byte	0
 1142 0453 00       		.byte	0
 1143 0454 00       		.byte	0
 1144 0455 00       		.byte	0
 1145 0456 00       		.byte	0
 1146 0457 00       		.byte	0
 1147 0458 00       		.byte	0
 1148 0459 00       		.byte	0
 1149 045a 00       		.byte	0
 1150 045b 00       		.byte	0
 1151 045c 00       		.byte	0
 1152 045d 00       		.byte	0
 1153 045e 00       		.byte	0
 1154 045f 00       		.byte	0
 1155 0460 00       		.byte	0
 1156 0461 00       		.byte	0
 1157 0462 00       		.byte	0
 1158 0463 00       		.byte	0
 1159 0464 00       		.byte	0
 1160 0465 00       		.byte	0
 1161 0466 00       		.byte	0
 1162 0467 00       		.byte	0
 1163 0468 00       		.byte	0
 1164 0469 00       		.byte	0
 1165 046a 00       		.byte	0
 1166 046b 00       		.byte	0
 1167 046c 00       		.byte	0
 1168 046d 00       		.byte	0
 1169 046e 00       		.byte	0
 1170 046f 00       		.byte	0
 1171 0470 00       		.byte	0
 1172 0471 00       		.byte	0
 1173 0472 00       		.byte	0
 1174 0473 00       		.byte	0
 1175 0474 00       		.byte	0
 1176 0475 00       		.byte	0
 1177 0476 00       		.byte	0
 1178 0477 00       		.byte	0
 1179 0478 00       		.byte	0
 1180 0479 00       		.byte	0
 1181 047a 00       		.byte	0
 1182 047b 00       		.byte	0
 1183 047c 00       		.byte	0
 1184 047d 00       		.byte	0
 1185 047e 00       		.byte	0
 1186 047f 00       		.byte	0
 1187 0480 00       		.byte	0
 1188 0481 00       		.byte	0
 1189 0482 00       		.byte	0
 1190 0483 00       		.byte	0
 1191 0484 00       		.byte	0
 1192 0485 00       		.byte	0
 1193 0486 00       		.byte	0
 1194 0487 00       		.byte	0
 1195 0488 00       		.byte	0
 1196 0489 00       		.byte	0
 1197 048a 00       		.byte	0
ARM GAS  C:\Users\koseki\AppData\Local\Temp\cc5TAFUV.s 			page 22


 1198 048b 00       		.byte	0
 1199 048c 00       		.byte	0
 1200 048d 00       		.byte	0
 1201 048e 00       		.byte	0
 1202 048f 00       		.byte	0
 1203 0490 00       		.byte	0
 1204 0491 00       		.byte	0
 1205 0492 00       		.byte	0
 1206 0493 00       		.byte	0
 1207 0494 00       		.byte	0
 1208 0495 00       		.byte	0
 1209 0496 00       		.byte	0
 1210 0497 00       		.byte	0
 1211 0498 00       		.byte	0
 1212 0499 00       		.byte	0
 1213 049a 00       		.byte	0
 1214 049b 00       		.byte	0
 1215 049c 00       		.byte	0
 1216 049d 00       		.byte	0
 1217 049e 00       		.byte	0
 1218 049f 00       		.byte	0
 1219 04a0 00       		.byte	0
 1220 04a1 00       		.byte	0
 1221 04a2 00       		.byte	0
 1222 04a3 00       		.byte	0
 1223 04a4 00       		.byte	0
 1224 04a5 00       		.byte	0
 1225 04a6 00       		.byte	0
 1226 04a7 00       		.byte	0
 1227 04a8 00       		.byte	0
 1228 04a9 00       		.byte	0
 1229 04aa 00       		.byte	0
 1230 04ab 00       		.byte	0
 1231 04ac 00       		.byte	0
 1232 04ad 00       		.byte	0
 1233 04ae 00       		.byte	0
 1234 04af 00       		.byte	0
 1235 04b0 00       		.byte	0
 1236 04b1 00       		.byte	0
 1237 04b2 00       		.byte	0
 1238 04b3 00       		.byte	0
 1239 04b4 00       		.byte	0
 1240 04b5 00       		.byte	0
 1241 04b6 00       		.byte	0
 1242 04b7 00       		.byte	0
 1243 04b8 00       		.byte	0
 1244 04b9 00       		.byte	0
 1245 04ba 00       		.byte	0
 1246 04bb 00       		.byte	0
 1247 04bc 00       		.byte	0
 1248 04bd 00       		.byte	0
 1249 04be 00       		.byte	0
 1250 04bf 00       		.byte	0
 1251 04c0 00       		.byte	0
 1252 04c1 00       		.byte	0
 1253 04c2 00       		.byte	0
 1254 04c3 00       		.byte	0
ARM GAS  C:\Users\koseki\AppData\Local\Temp\cc5TAFUV.s 			page 23


 1255 04c4 00       		.byte	0
 1256 04c5 00       		.byte	0
 1257 04c6 00       		.byte	0
 1258 04c7 00       		.byte	0
 1259 04c8 00       		.byte	0
 1260 04c9 00       		.byte	0
 1261 04ca 00       		.byte	0
 1262 04cb 00       		.byte	0
 1263 04cc 00       		.byte	0
 1264 04cd 00       		.byte	0
 1265 04ce 00       		.byte	0
 1266 04cf 00       		.byte	0
 1267 04d0 00       		.byte	0
 1268 04d1 00       		.byte	0
 1269 04d2 00       		.byte	0
 1270 04d3 00       		.byte	0
 1271 04d4 00       		.byte	0
 1272 04d5 00       		.byte	0
 1273 04d6 00       		.byte	0
 1274 04d7 00       		.byte	0
 1275 04d8 00       		.byte	0
 1276 04d9 00       		.byte	0
 1277 04da 00       		.byte	0
 1278 04db 00       		.byte	0
 1279 04dc 00       		.byte	0
 1280 04dd 00       		.byte	0
 1281 04de 00       		.byte	0
 1282 04df 00       		.byte	0
 1283 04e0 00       		.byte	0
 1284 04e1 00       		.byte	0
 1285 04e2 00       		.byte	0
 1286 04e3 00       		.byte	0
 1287 04e4 00       		.byte	0
 1288 04e5 00       		.byte	0
 1289 04e6 00       		.byte	0
 1290 04e7 00       		.byte	0
 1291 04e8 00       		.byte	0
 1292 04e9 00       		.byte	0
 1293 04ea 00       		.byte	0
 1294 04eb 00       		.byte	0
 1295 04ec 00       		.byte	0
 1296 04ed 00       		.byte	0
 1297 04ee 00       		.byte	0
 1298 04ef 00       		.byte	0
 1299 04f0 00       		.byte	0
 1300 04f1 00       		.byte	0
 1301 04f2 00       		.byte	0
 1302 04f3 00       		.byte	0
 1303 04f4 00       		.byte	0
 1304 04f5 00       		.byte	0
 1305 04f6 00       		.byte	0
 1306 04f7 00       		.byte	0
 1307 04f8 00       		.byte	0
 1308 04f9 00       		.byte	0
 1309 04fa 00       		.byte	0
 1310 04fb 00       		.byte	0
 1311 04fc 00       		.byte	0
ARM GAS  C:\Users\koseki\AppData\Local\Temp\cc5TAFUV.s 			page 24


 1312 04fd 08       		.byte	8
 1313 04fe 00       		.byte	0
 1314 04ff 00       		.byte	0
 1315              		.global	Filter_acu
 1316              		.align	2
 1317              		.type	Filter_acu, %object
 1318              		.size	Filter_acu, 64
 1319              	Filter_acu:
 1320 0500 A7       		.byte	-89
 1321 0501 13       		.byte	19
 1322 0502 00       		.byte	0
 1323 0503 00       		.byte	0
 1324 0504 00       		.byte	0
 1325 0505 00       		.byte	0
 1326 0506 00       		.byte	0
 1327 0507 00       		.byte	0
 1328 0508 02       		.byte	2
 1329 0509 01       		.byte	1
 1330 050a 00       		.byte	0
 1331 050b 00       		.byte	0
 1332 050c 7E       		.byte	126
 1333 050d 3F       		.byte	63
 1334 050e 00       		.byte	0
 1335 050f 00       		.byte	0
 1336 0510 FF       		.byte	-1
 1337 0511 3F       		.byte	63
 1338 0512 00       		.byte	0
 1339 0513 00       		.byte	0
 1340 0514 00       		.byte	0
 1341 0515 00       		.byte	0
 1342 0516 00       		.byte	0
 1343 0517 00       		.byte	0
 1344 0518 00       		.byte	0
 1345 0519 00       		.byte	0
 1346 051a 00       		.byte	0
 1347 051b 00       		.byte	0
 1348 051c 00       		.byte	0
 1349 051d 00       		.byte	0
 1350 051e 00       		.byte	0
 1351 051f 00       		.byte	0
 1352 0520 00       		.byte	0
 1353 0521 00       		.byte	0
 1354 0522 00       		.byte	0
 1355 0523 00       		.byte	0
 1356 0524 00       		.byte	0
 1357 0525 00       		.byte	0
 1358 0526 00       		.byte	0
 1359 0527 00       		.byte	0
 1360 0528 00       		.byte	0
 1361 0529 00       		.byte	0
 1362 052a 00       		.byte	0
 1363 052b 00       		.byte	0
 1364 052c 00       		.byte	0
 1365 052d 00       		.byte	0
 1366 052e 00       		.byte	0
 1367 052f 00       		.byte	0
 1368 0530 00       		.byte	0
ARM GAS  C:\Users\koseki\AppData\Local\Temp\cc5TAFUV.s 			page 25


 1369 0531 00       		.byte	0
 1370 0532 00       		.byte	0
 1371 0533 00       		.byte	0
 1372 0534 00       		.byte	0
 1373 0535 00       		.byte	0
 1374 0536 00       		.byte	0
 1375 0537 00       		.byte	0
 1376 0538 00       		.byte	0
 1377 0539 00       		.byte	0
 1378 053a 00       		.byte	0
 1379 053b 00       		.byte	0
 1380 053c 00       		.byte	0
 1381 053d 00       		.byte	0
 1382 053e 00       		.byte	0
 1383 053f 00       		.byte	0
 1384              		.global	Filter_cfsm
 1385              		.align	2
 1386              		.type	Filter_cfsm, %object
 1387              		.size	Filter_cfsm, 256
 1388              	Filter_cfsm:
 1389 0540 21       		.byte	33
 1390 0541 F8       		.byte	-8
 1391 0542 05       		.byte	5
 1392 0543 01       		.byte	1
 1393 0544 42       		.byte	66
 1394 0545 10       		.byte	16
 1395 0546 86       		.byte	-122
 1396 0547 40       		.byte	64
 1397 0548 63       		.byte	99
 1398 0549 F8       		.byte	-8
 1399 054a 11       		.byte	17
 1400 054b 01       		.byte	1
 1401 054c 04       		.byte	4
 1402 054d 89       		.byte	-119
 1403 054e A4       		.byte	-92
 1404 054f 20       		.byte	32
 1405 0550 01       		.byte	1
 1406 0551 F8       		.byte	-8
 1407 0552 05       		.byte	5
 1408 0553 01       		.byte	1
 1409 0554 00       		.byte	0
 1410 0555 00       		.byte	0
 1411 0556 00       		.byte	0
 1412 0557 00       		.byte	0
 1413 0558 00       		.byte	0
 1414 0559 00       		.byte	0
 1415 055a 00       		.byte	0
 1416 055b 00       		.byte	0
 1417 055c 00       		.byte	0
 1418 055d 00       		.byte	0
 1419 055e 00       		.byte	0
 1420 055f 00       		.byte	0
 1421 0560 00       		.byte	0
 1422 0561 00       		.byte	0
 1423 0562 00       		.byte	0
 1424 0563 00       		.byte	0
 1425 0564 00       		.byte	0
ARM GAS  C:\Users\koseki\AppData\Local\Temp\cc5TAFUV.s 			page 26


 1426 0565 00       		.byte	0
 1427 0566 00       		.byte	0
 1428 0567 00       		.byte	0
 1429 0568 00       		.byte	0
 1430 0569 00       		.byte	0
 1431 056a 00       		.byte	0
 1432 056b 00       		.byte	0
 1433 056c 00       		.byte	0
 1434 056d 00       		.byte	0
 1435 056e 00       		.byte	0
 1436 056f 00       		.byte	0
 1437 0570 00       		.byte	0
 1438 0571 00       		.byte	0
 1439 0572 00       		.byte	0
 1440 0573 00       		.byte	0
 1441 0574 00       		.byte	0
 1442 0575 00       		.byte	0
 1443 0576 00       		.byte	0
 1444 0577 00       		.byte	0
 1445 0578 00       		.byte	0
 1446 0579 00       		.byte	0
 1447 057a 00       		.byte	0
 1448 057b 00       		.byte	0
 1449 057c 00       		.byte	0
 1450 057d 00       		.byte	0
 1451 057e 00       		.byte	0
 1452 057f 00       		.byte	0
 1453 0580 00       		.byte	0
 1454 0581 00       		.byte	0
 1455 0582 00       		.byte	0
 1456 0583 00       		.byte	0
 1457 0584 00       		.byte	0
 1458 0585 00       		.byte	0
 1459 0586 00       		.byte	0
 1460 0587 00       		.byte	0
 1461 0588 00       		.byte	0
 1462 0589 00       		.byte	0
 1463 058a 00       		.byte	0
 1464 058b 00       		.byte	0
 1465 058c 00       		.byte	0
 1466 058d 00       		.byte	0
 1467 058e 00       		.byte	0
 1468 058f 00       		.byte	0
 1469 0590 00       		.byte	0
 1470 0591 00       		.byte	0
 1471 0592 00       		.byte	0
 1472 0593 00       		.byte	0
 1473 0594 00       		.byte	0
 1474 0595 00       		.byte	0
 1475 0596 00       		.byte	0
 1476 0597 00       		.byte	0
 1477 0598 00       		.byte	0
 1478 0599 00       		.byte	0
 1479 059a 00       		.byte	0
 1480 059b 00       		.byte	0
 1481 059c 00       		.byte	0
 1482 059d 00       		.byte	0
ARM GAS  C:\Users\koseki\AppData\Local\Temp\cc5TAFUV.s 			page 27


 1483 059e 00       		.byte	0
 1484 059f 00       		.byte	0
 1485 05a0 00       		.byte	0
 1486 05a1 00       		.byte	0
 1487 05a2 00       		.byte	0
 1488 05a3 00       		.byte	0
 1489 05a4 00       		.byte	0
 1490 05a5 00       		.byte	0
 1491 05a6 00       		.byte	0
 1492 05a7 00       		.byte	0
 1493 05a8 00       		.byte	0
 1494 05a9 00       		.byte	0
 1495 05aa 00       		.byte	0
 1496 05ab 00       		.byte	0
 1497 05ac 00       		.byte	0
 1498 05ad 00       		.byte	0
 1499 05ae 00       		.byte	0
 1500 05af 00       		.byte	0
 1501 05b0 00       		.byte	0
 1502 05b1 00       		.byte	0
 1503 05b2 00       		.byte	0
 1504 05b3 00       		.byte	0
 1505 05b4 00       		.byte	0
 1506 05b5 00       		.byte	0
 1507 05b6 00       		.byte	0
 1508 05b7 00       		.byte	0
 1509 05b8 00       		.byte	0
 1510 05b9 00       		.byte	0
 1511 05ba 00       		.byte	0
 1512 05bb 00       		.byte	0
 1513 05bc 00       		.byte	0
 1514 05bd 00       		.byte	0
 1515 05be 00       		.byte	0
 1516 05bf 00       		.byte	0
 1517 05c0 00       		.byte	0
 1518 05c1 00       		.byte	0
 1519 05c2 00       		.byte	0
 1520 05c3 00       		.byte	0
 1521 05c4 00       		.byte	0
 1522 05c5 00       		.byte	0
 1523 05c6 00       		.byte	0
 1524 05c7 00       		.byte	0
 1525 05c8 00       		.byte	0
 1526 05c9 00       		.byte	0
 1527 05ca 00       		.byte	0
 1528 05cb 00       		.byte	0
 1529 05cc 00       		.byte	0
 1530 05cd 00       		.byte	0
 1531 05ce 00       		.byte	0
 1532 05cf 00       		.byte	0
 1533 05d0 00       		.byte	0
 1534 05d1 00       		.byte	0
 1535 05d2 00       		.byte	0
 1536 05d3 00       		.byte	0
 1537 05d4 00       		.byte	0
 1538 05d5 00       		.byte	0
 1539 05d6 00       		.byte	0
ARM GAS  C:\Users\koseki\AppData\Local\Temp\cc5TAFUV.s 			page 28


 1540 05d7 00       		.byte	0
 1541 05d8 00       		.byte	0
 1542 05d9 00       		.byte	0
 1543 05da 00       		.byte	0
 1544 05db 00       		.byte	0
 1545 05dc 00       		.byte	0
 1546 05dd 00       		.byte	0
 1547 05de 00       		.byte	0
 1548 05df 00       		.byte	0
 1549 05e0 00       		.byte	0
 1550 05e1 00       		.byte	0
 1551 05e2 00       		.byte	0
 1552 05e3 00       		.byte	0
 1553 05e4 00       		.byte	0
 1554 05e5 00       		.byte	0
 1555 05e6 00       		.byte	0
 1556 05e7 00       		.byte	0
 1557 05e8 00       		.byte	0
 1558 05e9 00       		.byte	0
 1559 05ea 00       		.byte	0
 1560 05eb 00       		.byte	0
 1561 05ec 00       		.byte	0
 1562 05ed 00       		.byte	0
 1563 05ee 00       		.byte	0
 1564 05ef 00       		.byte	0
 1565 05f0 00       		.byte	0
 1566 05f1 00       		.byte	0
 1567 05f2 00       		.byte	0
 1568 05f3 00       		.byte	0
 1569 05f4 00       		.byte	0
 1570 05f5 00       		.byte	0
 1571 05f6 00       		.byte	0
 1572 05f7 00       		.byte	0
 1573 05f8 00       		.byte	0
 1574 05f9 00       		.byte	0
 1575 05fa 00       		.byte	0
 1576 05fb 00       		.byte	0
 1577 05fc 00       		.byte	0
 1578 05fd 00       		.byte	0
 1579 05fe 00       		.byte	0
 1580 05ff 00       		.byte	0
 1581 0600 00       		.byte	0
 1582 0601 00       		.byte	0
 1583 0602 00       		.byte	0
 1584 0603 00       		.byte	0
 1585 0604 00       		.byte	0
 1586 0605 00       		.byte	0
 1587 0606 00       		.byte	0
 1588 0607 00       		.byte	0
 1589 0608 00       		.byte	0
 1590 0609 00       		.byte	0
 1591 060a 00       		.byte	0
 1592 060b 00       		.byte	0
 1593 060c 00       		.byte	0
 1594 060d 00       		.byte	0
 1595 060e 00       		.byte	0
 1596 060f 00       		.byte	0
ARM GAS  C:\Users\koseki\AppData\Local\Temp\cc5TAFUV.s 			page 29


 1597 0610 00       		.byte	0
 1598 0611 00       		.byte	0
 1599 0612 00       		.byte	0
 1600 0613 00       		.byte	0
 1601 0614 00       		.byte	0
 1602 0615 00       		.byte	0
 1603 0616 00       		.byte	0
 1604 0617 00       		.byte	0
 1605 0618 00       		.byte	0
 1606 0619 00       		.byte	0
 1607 061a 00       		.byte	0
 1608 061b 00       		.byte	0
 1609 061c 00       		.byte	0
 1610 061d 00       		.byte	0
 1611 061e 00       		.byte	0
 1612 061f 00       		.byte	0
 1613 0620 00       		.byte	0
 1614 0621 00       		.byte	0
 1615 0622 00       		.byte	0
 1616 0623 00       		.byte	0
 1617 0624 00       		.byte	0
 1618 0625 00       		.byte	0
 1619 0626 00       		.byte	0
 1620 0627 00       		.byte	0
 1621 0628 00       		.byte	0
 1622 0629 00       		.byte	0
 1623 062a 00       		.byte	0
 1624 062b 00       		.byte	0
 1625 062c 00       		.byte	0
 1626 062d 00       		.byte	0
 1627 062e 00       		.byte	0
 1628 062f 00       		.byte	0
 1629 0630 00       		.byte	0
 1630 0631 00       		.byte	0
 1631 0632 00       		.byte	0
 1632 0633 00       		.byte	0
 1633 0634 00       		.byte	0
 1634 0635 00       		.byte	0
 1635 0636 00       		.byte	0
 1636 0637 00       		.byte	0
 1637 0638 00       		.byte	0
 1638 0639 00       		.byte	0
 1639 063a 00       		.byte	0
 1640 063b 00       		.byte	0
 1641 063c 00       		.byte	0
 1642 063d 00       		.byte	0
 1643 063e 00       		.byte	0
 1644 063f 00       		.byte	0
 1645              		.text
 1646              	.Letext0:
 1647              		.file 1 "Generated_Source\\PSoC5\\Filter_RAM_Data.c"
 1648              		.file 2 "Generated_Source\\PSoC5\\cytypes.h"
 1649              		.section	.debug_info,"",%progbits
 1650              	.Ldebug_info0:
 1651 0000 33010000 		.4byte	0x133
 1652 0004 0400     		.2byte	0x4
 1653 0006 00000000 		.4byte	.Ldebug_abbrev0
ARM GAS  C:\Users\koseki\AppData\Local\Temp\cc5TAFUV.s 			page 30


 1654 000a 04       		.byte	0x4
 1655 000b 01       		.uleb128 0x1
 1656 000c 55000000 		.4byte	.LASF19
 1657 0010 0C       		.byte	0xc
 1658 0011 41010000 		.4byte	.LASF20
 1659 0015 E9000000 		.4byte	.LASF21
 1660 0019 00000000 		.4byte	.Ldebug_line0
 1661 001d 02       		.uleb128 0x2
 1662 001e 04       		.byte	0x4
 1663 001f 05       		.byte	0x5
 1664 0020 696E7400 		.ascii	"int\000"
 1665 0024 03       		.uleb128 0x3
 1666 0025 04       		.byte	0x4
 1667 0026 07       		.byte	0x7
 1668 0027 0E000000 		.4byte	.LASF0
 1669 002b 03       		.uleb128 0x3
 1670 002c 08       		.byte	0x8
 1671 002d 05       		.byte	0x5
 1672 002e 00000000 		.4byte	.LASF1
 1673 0032 03       		.uleb128 0x3
 1674 0033 08       		.byte	0x8
 1675 0034 04       		.byte	0x4
 1676 0035 D7010000 		.4byte	.LASF2
 1677 0039 03       		.uleb128 0x3
 1678 003a 01       		.byte	0x1
 1679 003b 06       		.byte	0x6
 1680 003c BC010000 		.4byte	.LASF3
 1681 0040 03       		.uleb128 0x3
 1682 0041 01       		.byte	0x1
 1683 0042 08       		.byte	0x8
 1684 0043 6A010000 		.4byte	.LASF4
 1685 0047 03       		.uleb128 0x3
 1686 0048 02       		.byte	0x2
 1687 0049 05       		.byte	0x5
 1688 004a E3010000 		.4byte	.LASF5
 1689 004e 03       		.uleb128 0x3
 1690 004f 02       		.byte	0x2
 1691 0050 07       		.byte	0x7
 1692 0051 A9010000 		.4byte	.LASF6
 1693 0055 03       		.uleb128 0x3
 1694 0056 04       		.byte	0x4
 1695 0057 05       		.byte	0x5
 1696 0058 7D010000 		.4byte	.LASF7
 1697 005c 03       		.uleb128 0x3
 1698 005d 04       		.byte	0x4
 1699 005e 07       		.byte	0x7
 1700 005f 2C000000 		.4byte	.LASF8
 1701 0063 03       		.uleb128 0x3
 1702 0064 08       		.byte	0x8
 1703 0065 07       		.byte	0x7
 1704 0066 3E000000 		.4byte	.LASF9
 1705 006a 03       		.uleb128 0x3
 1706 006b 04       		.byte	0x4
 1707 006c 07       		.byte	0x7
 1708 006d F9010000 		.4byte	.LASF10
 1709 0071 03       		.uleb128 0x3
 1710 0072 01       		.byte	0x1
ARM GAS  C:\Users\koseki\AppData\Local\Temp\cc5TAFUV.s 			page 31


 1711 0073 08       		.byte	0x8
 1712 0074 78010000 		.4byte	.LASF11
 1713 0078 04       		.uleb128 0x4
 1714 0079 26000000 		.4byte	.LASF22
 1715 007d 02       		.byte	0x2
 1716 007e 9201     		.2byte	0x192
 1717 0080 40000000 		.4byte	0x40
 1718 0084 03       		.uleb128 0x3
 1719 0085 04       		.byte	0x4
 1720 0086 04       		.byte	0x4
 1721 0087 E3000000 		.4byte	.LASF12
 1722 008b 03       		.uleb128 0x3
 1723 008c 08       		.byte	0x8
 1724 008d 04       		.byte	0x4
 1725 008e 86010000 		.4byte	.LASF13
 1726 0092 05       		.uleb128 0x5
 1727 0093 A2000000 		.4byte	0xa2
 1728 0097 A2000000 		.4byte	0xa2
 1729 009b 06       		.uleb128 0x6
 1730 009c 6A000000 		.4byte	0x6a
 1731 00a0 FF       		.byte	0xff
 1732 00a1 00       		.byte	0
 1733 00a2 07       		.uleb128 0x7
 1734 00a3 78000000 		.4byte	0x78
 1735 00a7 08       		.uleb128 0x8
 1736 00a8 C8010000 		.4byte	.LASF14
 1737 00ac 01       		.byte	0x1
 1738 00ad 04       		.byte	0x4
 1739 00ae B8000000 		.4byte	0xb8
 1740 00b2 05       		.uleb128 0x5
 1741 00b3 03       		.byte	0x3
 1742 00b4 00000000 		.4byte	Filter_control
 1743 00b8 07       		.uleb128 0x7
 1744 00b9 92000000 		.4byte	0x92
 1745 00bd 05       		.uleb128 0x5
 1746 00be A2000000 		.4byte	0xa2
 1747 00c2 CE000000 		.4byte	0xce
 1748 00c6 09       		.uleb128 0x9
 1749 00c7 6A000000 		.4byte	0x6a
 1750 00cb FF01     		.2byte	0x1ff
 1751 00cd 00       		.byte	0
 1752 00ce 08       		.uleb128 0x8
 1753 00cf 8D010000 		.4byte	.LASF15
 1754 00d3 01       		.byte	0x1
 1755 00d4 28       		.byte	0x28
 1756 00d5 DF000000 		.4byte	0xdf
 1757 00d9 05       		.uleb128 0x5
 1758 00da 03       		.byte	0x3
 1759 00db 00000000 		.4byte	Filter_data_a
 1760 00df 07       		.uleb128 0x7
 1761 00e0 BD000000 		.4byte	0xbd
 1762 00e4 08       		.uleb128 0x8
 1763 00e5 9B010000 		.4byte	.LASF16
 1764 00e9 01       		.byte	0x1
 1765 00ea 6C       		.byte	0x6c
 1766 00eb F5000000 		.4byte	0xf5
 1767 00ef 05       		.uleb128 0x5
ARM GAS  C:\Users\koseki\AppData\Local\Temp\cc5TAFUV.s 			page 32


 1768 00f0 03       		.byte	0x3
 1769 00f1 00000000 		.4byte	Filter_data_b
 1770 00f5 07       		.uleb128 0x7
 1771 00f6 BD000000 		.4byte	0xbd
 1772 00fa 08       		.uleb128 0x8
 1773 00fb ED010000 		.4byte	.LASF17
 1774 00ff 01       		.byte	0x1
 1775 0100 BC       		.byte	0xbc
 1776 0101 0B010000 		.4byte	0x10b
 1777 0105 05       		.uleb128 0x5
 1778 0106 03       		.byte	0x3
 1779 0107 00000000 		.4byte	Filter_cfsm
 1780 010b 07       		.uleb128 0x7
 1781 010c 92000000 		.4byte	0x92
 1782 0110 05       		.uleb128 0x5
 1783 0111 A2000000 		.4byte	0xa2
 1784 0115 20010000 		.4byte	0x120
 1785 0119 06       		.uleb128 0x6
 1786 011a 6A000000 		.4byte	0x6a
 1787 011e 3F       		.byte	0x3f
 1788 011f 00       		.byte	0
 1789 0120 08       		.uleb128 0x8
 1790 0121 1B000000 		.4byte	.LASF18
 1791 0125 01       		.byte	0x1
 1792 0126 B0       		.byte	0xb0
 1793 0127 31010000 		.4byte	0x131
 1794 012b 05       		.uleb128 0x5
 1795 012c 03       		.byte	0x3
 1796 012d 00000000 		.4byte	Filter_acu
 1797 0131 07       		.uleb128 0x7
 1798 0132 10010000 		.4byte	0x110
 1799 0136 00       		.byte	0
 1800              		.section	.debug_abbrev,"",%progbits
 1801              	.Ldebug_abbrev0:
 1802 0000 01       		.uleb128 0x1
 1803 0001 11       		.uleb128 0x11
 1804 0002 01       		.byte	0x1
 1805 0003 25       		.uleb128 0x25
 1806 0004 0E       		.uleb128 0xe
 1807 0005 13       		.uleb128 0x13
 1808 0006 0B       		.uleb128 0xb
 1809 0007 03       		.uleb128 0x3
 1810 0008 0E       		.uleb128 0xe
 1811 0009 1B       		.uleb128 0x1b
 1812 000a 0E       		.uleb128 0xe
 1813 000b 10       		.uleb128 0x10
 1814 000c 17       		.uleb128 0x17
 1815 000d 00       		.byte	0
 1816 000e 00       		.byte	0
 1817 000f 02       		.uleb128 0x2
 1818 0010 24       		.uleb128 0x24
 1819 0011 00       		.byte	0
 1820 0012 0B       		.uleb128 0xb
 1821 0013 0B       		.uleb128 0xb
 1822 0014 3E       		.uleb128 0x3e
 1823 0015 0B       		.uleb128 0xb
 1824 0016 03       		.uleb128 0x3
ARM GAS  C:\Users\koseki\AppData\Local\Temp\cc5TAFUV.s 			page 33


 1825 0017 08       		.uleb128 0x8
 1826 0018 00       		.byte	0
 1827 0019 00       		.byte	0
 1828 001a 03       		.uleb128 0x3
 1829 001b 24       		.uleb128 0x24
 1830 001c 00       		.byte	0
 1831 001d 0B       		.uleb128 0xb
 1832 001e 0B       		.uleb128 0xb
 1833 001f 3E       		.uleb128 0x3e
 1834 0020 0B       		.uleb128 0xb
 1835 0021 03       		.uleb128 0x3
 1836 0022 0E       		.uleb128 0xe
 1837 0023 00       		.byte	0
 1838 0024 00       		.byte	0
 1839 0025 04       		.uleb128 0x4
 1840 0026 16       		.uleb128 0x16
 1841 0027 00       		.byte	0
 1842 0028 03       		.uleb128 0x3
 1843 0029 0E       		.uleb128 0xe
 1844 002a 3A       		.uleb128 0x3a
 1845 002b 0B       		.uleb128 0xb
 1846 002c 3B       		.uleb128 0x3b
 1847 002d 05       		.uleb128 0x5
 1848 002e 49       		.uleb128 0x49
 1849 002f 13       		.uleb128 0x13
 1850 0030 00       		.byte	0
 1851 0031 00       		.byte	0
 1852 0032 05       		.uleb128 0x5
 1853 0033 01       		.uleb128 0x1
 1854 0034 01       		.byte	0x1
 1855 0035 49       		.uleb128 0x49
 1856 0036 13       		.uleb128 0x13
 1857 0037 01       		.uleb128 0x1
 1858 0038 13       		.uleb128 0x13
 1859 0039 00       		.byte	0
 1860 003a 00       		.byte	0
 1861 003b 06       		.uleb128 0x6
 1862 003c 21       		.uleb128 0x21
 1863 003d 00       		.byte	0
 1864 003e 49       		.uleb128 0x49
 1865 003f 13       		.uleb128 0x13
 1866 0040 2F       		.uleb128 0x2f
 1867 0041 0B       		.uleb128 0xb
 1868 0042 00       		.byte	0
 1869 0043 00       		.byte	0
 1870 0044 07       		.uleb128 0x7
 1871 0045 26       		.uleb128 0x26
 1872 0046 00       		.byte	0
 1873 0047 49       		.uleb128 0x49
 1874 0048 13       		.uleb128 0x13
 1875 0049 00       		.byte	0
 1876 004a 00       		.byte	0
 1877 004b 08       		.uleb128 0x8
 1878 004c 34       		.uleb128 0x34
 1879 004d 00       		.byte	0
 1880 004e 03       		.uleb128 0x3
 1881 004f 0E       		.uleb128 0xe
ARM GAS  C:\Users\koseki\AppData\Local\Temp\cc5TAFUV.s 			page 34


 1882 0050 3A       		.uleb128 0x3a
 1883 0051 0B       		.uleb128 0xb
 1884 0052 3B       		.uleb128 0x3b
 1885 0053 0B       		.uleb128 0xb
 1886 0054 49       		.uleb128 0x49
 1887 0055 13       		.uleb128 0x13
 1888 0056 3F       		.uleb128 0x3f
 1889 0057 19       		.uleb128 0x19
 1890 0058 02       		.uleb128 0x2
 1891 0059 18       		.uleb128 0x18
 1892 005a 00       		.byte	0
 1893 005b 00       		.byte	0
 1894 005c 09       		.uleb128 0x9
 1895 005d 21       		.uleb128 0x21
 1896 005e 00       		.byte	0
 1897 005f 49       		.uleb128 0x49
 1898 0060 13       		.uleb128 0x13
 1899 0061 2F       		.uleb128 0x2f
 1900 0062 05       		.uleb128 0x5
 1901 0063 00       		.byte	0
 1902 0064 00       		.byte	0
 1903 0065 00       		.byte	0
 1904              		.section	.debug_aranges,"",%progbits
 1905 0000 14000000 		.4byte	0x14
 1906 0004 0200     		.2byte	0x2
 1907 0006 00000000 		.4byte	.Ldebug_info0
 1908 000a 04       		.byte	0x4
 1909 000b 00       		.byte	0
 1910 000c 0000     		.2byte	0
 1911 000e 0000     		.2byte	0
 1912 0010 00000000 		.4byte	0
 1913 0014 00000000 		.4byte	0
 1914              		.section	.debug_line,"",%progbits
 1915              	.Ldebug_line0:
 1916 0000 52000000 		.section	.debug_str,"MS",%progbits,1
 1916      02004C00 
 1916      00000201 
 1916      FB0E0D00 
 1916      01010101 
 1917              	.LASF1:
 1918 0000 6C6F6E67 		.ascii	"long long int\000"
 1918      206C6F6E 
 1918      6720696E 
 1918      7400
 1919              	.LASF0:
 1920 000e 756E7369 		.ascii	"unsigned int\000"
 1920      676E6564 
 1920      20696E74 
 1920      00
 1921              	.LASF18:
 1922 001b 46696C74 		.ascii	"Filter_acu\000"
 1922      65725F61 
 1922      637500
 1923              	.LASF22:
 1924 0026 75696E74 		.ascii	"uint8\000"
 1924      3800
 1925              	.LASF8:
ARM GAS  C:\Users\koseki\AppData\Local\Temp\cc5TAFUV.s 			page 35


 1926 002c 6C6F6E67 		.ascii	"long unsigned int\000"
 1926      20756E73 
 1926      69676E65 
 1926      6420696E 
 1926      7400
 1927              	.LASF9:
 1928 003e 6C6F6E67 		.ascii	"long long unsigned int\000"
 1928      206C6F6E 
 1928      6720756E 
 1928      7369676E 
 1928      65642069 
 1929              	.LASF19:
 1930 0055 474E5520 		.ascii	"GNU C11 5.4.1 20160609 (release) [ARM/embedded-5-br"
 1930      43313120 
 1930      352E342E 
 1930      31203230 
 1930      31363036 
 1931 0088 616E6368 		.ascii	"anch revision 237715] -mcpu=cortex-m3 -mthumb -g -O"
 1931      20726576 
 1931      6973696F 
 1931      6E203233 
 1931      37373135 
 1932 00bb 30202D66 		.ascii	"0 -ffunction-sections -ffat-lto-objects\000"
 1932      66756E63 
 1932      74696F6E 
 1932      2D736563 
 1932      74696F6E 
 1933              	.LASF12:
 1934 00e3 666C6F61 		.ascii	"float\000"
 1934      7400
 1935              	.LASF21:
 1936 00e9 453A5C50 		.ascii	"E:\\PSoC_Creator\\CY8CKIT-059\\CY8CKIT-059_CW_Decod"
 1936      536F435F 
 1936      43726561 
 1936      746F725C 
 1936      43593843 
 1937 0119 65725F55 		.ascii	"er_USB\\CY8CKIT-059_CW_Decoder_USB.cydsn\000"
 1937      53425C43 
 1937      5938434B 
 1937      49542D30 
 1937      35395F43 
 1938              	.LASF20:
 1939 0141 47656E65 		.ascii	"Generated_Source\\PSoC5\\Filter_RAM_Data.c\000"
 1939      72617465 
 1939      645F536F 
 1939      75726365 
 1939      5C50536F 
 1940              	.LASF4:
 1941 016a 756E7369 		.ascii	"unsigned char\000"
 1941      676E6564 
 1941      20636861 
 1941      7200
 1942              	.LASF11:
 1943 0178 63686172 		.ascii	"char\000"
 1943      00
 1944              	.LASF7:
 1945 017d 6C6F6E67 		.ascii	"long int\000"
ARM GAS  C:\Users\koseki\AppData\Local\Temp\cc5TAFUV.s 			page 36


 1945      20696E74 
 1945      00
 1946              	.LASF13:
 1947 0186 646F7562 		.ascii	"double\000"
 1947      6C6500
 1948              	.LASF15:
 1949 018d 46696C74 		.ascii	"Filter_data_a\000"
 1949      65725F64 
 1949      6174615F 
 1949      6100
 1950              	.LASF16:
 1951 019b 46696C74 		.ascii	"Filter_data_b\000"
 1951      65725F64 
 1951      6174615F 
 1951      6200
 1952              	.LASF6:
 1953 01a9 73686F72 		.ascii	"short unsigned int\000"
 1953      7420756E 
 1953      7369676E 
 1953      65642069 
 1953      6E7400
 1954              	.LASF3:
 1955 01bc 7369676E 		.ascii	"signed char\000"
 1955      65642063 
 1955      68617200 
 1956              	.LASF14:
 1957 01c8 46696C74 		.ascii	"Filter_control\000"
 1957      65725F63 
 1957      6F6E7472 
 1957      6F6C00
 1958              	.LASF2:
 1959 01d7 6C6F6E67 		.ascii	"long double\000"
 1959      20646F75 
 1959      626C6500 
 1960              	.LASF5:
 1961 01e3 73686F72 		.ascii	"short int\000"
 1961      7420696E 
 1961      7400
 1962              	.LASF17:
 1963 01ed 46696C74 		.ascii	"Filter_cfsm\000"
 1963      65725F63 
 1963      66736D00 
 1964              	.LASF10:
 1965 01f9 73697A65 		.ascii	"sizetype\000"
 1965      74797065 
 1965      00
 1966              		.ident	"GCC: (GNU Tools for ARM Embedded Processors) 5.4.1 20160609 (release) [ARM/embedded-5-bran
