ARM GAS  C:\Users\koseki\AppData\Local\Temp\cc5hhXQZ.s 			page 1


   1              		.syntax unified
   2              		.cpu cortex-m3
   3              		.fpu softvfp
   4              		.eabi_attribute 20, 1
   5              		.eabi_attribute 21, 1
   6              		.eabi_attribute 23, 3
   7              		.eabi_attribute 24, 1
   8              		.eabi_attribute 25, 1
   9              		.eabi_attribute 26, 1
  10              		.eabi_attribute 30, 6
  11              		.eabi_attribute 34, 1
  12              		.eabi_attribute 18, 4
  13              		.thumb
  14              		.syntax unified
  15              		.file	"key.c"
  16              		.text
  17              	.Ltext0:
  18              		.cfi_sections	.debug_frame
  19              		.comm	gKey,2,4
  20              		.section	.text.Init_Key,"ax",%progbits
  21              		.align	2
  22              		.global	Init_Key
  23              		.thumb
  24              		.thumb_func
  25              		.type	Init_Key, %function
  26              	Init_Key:
  27              	.LFB64:
  28              		.file 1 "API\\key.c"
   1:API/key.c     **** //=========================================================
   2:API/key.c     **** // PSoC5LP Project
   3:API/key.c     **** //=========================================================
   4:API/key.c     **** // File Name : key.c
   5:API/key.c     **** // Function  : Key/Switch Control
   6:API/key.c     **** //---------------------------------------------------------
   7:API/key.c     **** // Rev.01 2012.09.01 Munetomo Maruyama
   8:API/key.c     **** //---------------------------------------------------------
   9:API/key.c     **** // Copyright (C) 2012-2013 Munetomo Maruyama
  10:API/key.c     **** //=========================================================
  11:API/key.c     **** // ---- License Information -------------------------------
  12:API/key.c     **** // Anyone can FREELY use this code fully or partially
  13:API/key.c     **** // under conditions shown below.
  14:API/key.c     **** // 1. You may use this code only for individual purpose,
  15:API/key.c     **** //    and educational purpose.
  16:API/key.c     **** //    Do not use this code for business even if partially.
  17:API/key.c     **** // 2. You can copy, modify and distribute this code.
  18:API/key.c     **** // 3. You should remain this header text in your codes
  19:API/key.c     **** //   including Copyright credit and License Information.
  20:API/key.c     **** // 4. Your codes should inherit this license information.
  21:API/key.c     **** //=========================================================
  22:API/key.c     **** // ---- Patent Notice -------------------------------------
  23:API/key.c     **** // I have not cared whether this system (hw + sw) causes
  24:API/key.c     **** // infringement on the patent, copyright, trademark,
  25:API/key.c     **** // or trade secret rights of others. You have all
  26:API/key.c     **** // responsibilities for determining if your designs
  27:API/key.c     **** // and products infringe on the intellectual property
  28:API/key.c     **** // rights of others, when you use technical information
  29:API/key.c     **** // included in this system for your business.
ARM GAS  C:\Users\koseki\AppData\Local\Temp\cc5hhXQZ.s 			page 2


  30:API/key.c     **** //=========================================================
  31:API/key.c     **** // ---- Disclaimers ---------------------------------------
  32:API/key.c     **** // The function and reliability of this system are not
  33:API/key.c     **** // guaranteed. They may cause any damages to loss of
  34:API/key.c     **** // properties, data, money, profits, life, or business.
  35:API/key.c     **** // By adopting this system even partially, you assume
  36:API/key.c     **** // all responsibility for its use.
  37:API/key.c     **** //=========================================================
  38:API/key.c     **** 
  39:API/key.c     **** #include "key.h"
  40:API/key.c     **** 
  41:API/key.c     **** //---------------------------
  42:API/key.c     **** // RTOS Includes
  43:API/key.c     **** //---------------------------
  44:API/key.c     **** #include "FreeRTOS.h"
  45:API/key.c     **** #include "queue.h"
  46:API/key.c     **** #include "semphr.h"
  47:API/key.c     **** #include "task.h"
  48:API/key.c     **** 
  49:API/key.c     **** //---------------------
  50:API/key.c     **** // Define Queue
  51:API/key.c     **** //---------------------
  52:API/key.c     **** extern xQueueHandle xQueue_KEY[2];
  53:API/key.c     **** 
  54:API/key.c     **** //---------------------
  55:API/key.c     **** // Key Detection Status
  56:API/key.c     **** //---------------------
  57:API/key.c     **** enum KEY_DETECT_STATUS {KEY_IDLE, KEY_DETECT, KEY_CONFIRM, KEY_PUSH, KEY_PUSH_COUNT, KEY_PUSH_LONG}
  58:API/key.c     **** 
  59:API/key.c     **** //---------------------
  60:API/key.c     **** // Globals
  61:API/key.c     **** //---------------------
  62:API/key.c     **** uint8 gKey[MAX_KEY];
  63:API/key.c     **** 
  64:API/key.c     **** //======================
  65:API/key.c     **** // Initialize Key
  66:API/key.c     **** //======================
  67:API/key.c     **** void Init_Key(void)
  68:API/key.c     **** {
  29              		.loc 1 68 0
  30              		.cfi_startproc
  31              		@ args = 0, pretend = 0, frame = 8
  32              		@ frame_needed = 1, uses_anonymous_args = 0
  33              		@ link register save eliminated.
  34 0000 80B4     		push	{r7}
  35              		.cfi_def_cfa_offset 4
  36              		.cfi_offset 7, -4
  37 0002 83B0     		sub	sp, sp, #12
  38              		.cfi_def_cfa_offset 16
  39 0004 00AF     		add	r7, sp, #0
  40              		.cfi_def_cfa_register 7
  69:API/key.c     ****     uint32 i;    
  70:API/key.c     ****     // Initialize State
  71:API/key.c     ****     for (i = 0; i < MAX_KEY; i++) gKey[i]  = 0;
  41              		.loc 1 71 0
  42 0006 0023     		movs	r3, #0
  43 0008 7B60     		str	r3, [r7, #4]
ARM GAS  C:\Users\koseki\AppData\Local\Temp\cc5hhXQZ.s 			page 3


  44 000a 07E0     		b	.L2
  45              	.L3:
  46              		.loc 1 71 0 is_stmt 0 discriminator 3
  47 000c 074A     		ldr	r2, .L4
  48 000e 7B68     		ldr	r3, [r7, #4]
  49 0010 1344     		add	r3, r3, r2
  50 0012 0022     		movs	r2, #0
  51 0014 1A70     		strb	r2, [r3]
  52 0016 7B68     		ldr	r3, [r7, #4]
  53 0018 0133     		adds	r3, r3, #1
  54 001a 7B60     		str	r3, [r7, #4]
  55              	.L2:
  56              		.loc 1 71 0 discriminator 1
  57 001c 7B68     		ldr	r3, [r7, #4]
  58 001e 012B     		cmp	r3, #1
  59 0020 F4D9     		bls	.L3
  72:API/key.c     **** }
  60              		.loc 1 72 0 is_stmt 1
  61 0022 00BF     		nop
  62 0024 0C37     		adds	r7, r7, #12
  63              		.cfi_def_cfa_offset 4
  64 0026 BD46     		mov	sp, r7
  65              		.cfi_def_cfa_register 13
  66              		@ sp needed
  67 0028 80BC     		pop	{r7}
  68              		.cfi_restore 7
  69              		.cfi_def_cfa_offset 0
  70 002a 7047     		bx	lr
  71              	.L5:
  72              		.align	2
  73              	.L4:
  74 002c 00000000 		.word	gKey
  75              		.cfi_endproc
  76              	.LFE64:
  77              		.size	Init_Key, .-Init_Key
  78              		.section	.text.Check_Key_Status,"ax",%progbits
  79              		.align	2
  80              		.global	Check_Key_Status
  81              		.thumb
  82              		.thumb_func
  83              		.type	Check_Key_Status, %function
  84              	Check_Key_Status:
  85              	.LFB65:
  73:API/key.c     **** 
  74:API/key.c     **** //=========================
  75:API/key.c     **** // Get Key Status
  76:API/key.c     **** //=========================
  77:API/key.c     **** uint8 Check_Key_Status(uint8 key)
  78:API/key.c     **** {
  86              		.loc 1 78 0
  87              		.cfi_startproc
  88              		@ args = 0, pretend = 0, frame = 16
  89              		@ frame_needed = 1, uses_anonymous_args = 0
  90 0000 80B5     		push	{r7, lr}
  91              		.cfi_def_cfa_offset 8
  92              		.cfi_offset 7, -8
  93              		.cfi_offset 14, -4
ARM GAS  C:\Users\koseki\AppData\Local\Temp\cc5hhXQZ.s 			page 4


  94 0002 84B0     		sub	sp, sp, #16
  95              		.cfi_def_cfa_offset 24
  96 0004 00AF     		add	r7, sp, #0
  97              		.cfi_def_cfa_register 7
  98 0006 0346     		mov	r3, r0
  99 0008 FB71     		strb	r3, [r7, #7]
  79:API/key.c     ****     uint8 status;
  80:API/key.c     ****     status = (key == KEY_0)? (~PI_KEY_0_Read()) & 0x01 :
 100              		.loc 1 80 0
 101 000a FB79     		ldrb	r3, [r7, #7]	@ zero_extendqisi2
 102 000c 002B     		cmp	r3, #0
 103 000e 0AD1     		bne	.L7
 104              		.loc 1 80 0 is_stmt 0 discriminator 1
 105 0010 FFF7FEFF 		bl	PI_KEY_0_Read
 106 0014 0346     		mov	r3, r0
 107 0016 03F00103 		and	r3, r3, #1
 108 001a 002B     		cmp	r3, #0
 109 001c 0CBF     		ite	eq
 110 001e 0123     		moveq	r3, #1
 111 0020 0023     		movne	r3, #0
 112 0022 DBB2     		uxtb	r3, r3
 113 0024 0DE0     		b	.L8
 114              	.L7:
  81:API/key.c     ****              (key == KEY_1)? (~PI_KEY_1_Read()) & 0x01 :
 115              		.loc 1 81 0 is_stmt 1
 116 0026 FB79     		ldrb	r3, [r7, #7]	@ zero_extendqisi2
 117 0028 012B     		cmp	r3, #1
 118 002a 08D1     		bne	.L9
 119              		.loc 1 81 0 is_stmt 0 discriminator 1
 120 002c FFF7FEFF 		bl	PI_KEY_1_Read
 121 0030 0346     		mov	r3, r0
 122 0032 03F00103 		and	r3, r3, #1
 123 0036 002B     		cmp	r3, #0
 124 0038 01D1     		bne	.L9
 125              		.loc 1 81 0 discriminator 3
 126 003a 0123     		movs	r3, #1
 127 003c 00E0     		b	.L10
 128              	.L9:
 129              		.loc 1 81 0 discriminator 4
 130 003e 0023     		movs	r3, #0
 131              	.L10:
  80:API/key.c     ****              (key == KEY_1)? (~PI_KEY_1_Read()) & 0x01 :
 132              		.loc 1 80 0 is_stmt 1 discriminator 3
 133 0040 DBB2     		uxtb	r3, r3
 134              	.L8:
  80:API/key.c     ****              (key == KEY_1)? (~PI_KEY_1_Read()) & 0x01 :
 135              		.loc 1 80 0 is_stmt 0 discriminator 2
 136 0042 FB73     		strb	r3, [r7, #15]
  82:API/key.c     ****              0;
  83:API/key.c     ****     return status;
 137              		.loc 1 83 0 is_stmt 1 discriminator 2
 138 0044 FB7B     		ldrb	r3, [r7, #15]	@ zero_extendqisi2
  84:API/key.c     **** }
 139              		.loc 1 84 0 discriminator 2
 140 0046 1846     		mov	r0, r3
 141 0048 1037     		adds	r7, r7, #16
 142              		.cfi_def_cfa_offset 8
ARM GAS  C:\Users\koseki\AppData\Local\Temp\cc5hhXQZ.s 			page 5


 143 004a BD46     		mov	sp, r7
 144              		.cfi_def_cfa_register 13
 145              		@ sp needed
 146 004c 80BD     		pop	{r7, pc}
 147              		.cfi_endproc
 148              	.LFE65:
 149              		.size	Check_Key_Status, .-Check_Key_Status
 150 004e 00BF     		.section	.text.Task_KEY,"ax",%progbits
 151              		.align	2
 152              		.global	Task_KEY
 153              		.thumb
 154              		.thumb_func
 155              		.type	Task_KEY, %function
 156              	Task_KEY:
 157              	.LFB66:
  85:API/key.c     **** 
  86:API/key.c     **** //=========================
  87:API/key.c     **** // Task KEY
  88:API/key.c     **** //=========================
  89:API/key.c     **** void Task_KEY(void *pvParameters)
  90:API/key.c     **** {
 158              		.loc 1 90 0
 159              		.cfi_startproc
 160              		@ args = 0, pretend = 0, frame = 16
 161              		@ frame_needed = 1, uses_anonymous_args = 0
 162 0000 80B5     		push	{r7, lr}
 163              		.cfi_def_cfa_offset 8
 164              		.cfi_offset 7, -8
 165              		.cfi_offset 14, -4
 166 0002 84B0     		sub	sp, sp, #16
 167              		.cfi_def_cfa_offset 24
 168 0004 00AF     		add	r7, sp, #0
 169              		.cfi_def_cfa_register 7
 170 0006 7860     		str	r0, [r7, #4]
  91:API/key.c     ****     static uint32 i;
  92:API/key.c     ****     static uint8 key;
  93:API/key.c     ****     static uint32 push_count[MAX_KEY];
  94:API/key.c     ****     static uint8 qmsg = 1;
  95:API/key.c     ****     
  96:API/key.c     ****     // Block for 10ms
  97:API/key.c     ****     const portTickType xDelay = 10 / portTICK_RATE_MS;
 171              		.loc 1 97 0
 172 0008 0A23     		movs	r3, #10
 173 000a FB60     		str	r3, [r7, #12]
 174              	.L36:
  98:API/key.c     ****     
  99:API/key.c     ****     // Task Loop
 100:API/key.c     ****     while(1)
 101:API/key.c     ****     {   
 102:API/key.c     ****         // State Machine for Key Detection
 103:API/key.c     ****         for (i = 0; i < MAX_KEY; i++)
 175              		.loc 1 103 0
 176 000c 554B     		ldr	r3, .L38
 177 000e 0022     		movs	r2, #0
 178 0010 1A60     		str	r2, [r3]
 179 0012 9EE0     		b	.L13
 180              	.L35:
ARM GAS  C:\Users\koseki\AppData\Local\Temp\cc5hhXQZ.s 			page 6


 104:API/key.c     ****         {
 105:API/key.c     ****             key = Check_Key_Status(i);
 181              		.loc 1 105 0
 182 0014 534B     		ldr	r3, .L38
 183 0016 1B68     		ldr	r3, [r3]
 184 0018 DBB2     		uxtb	r3, r3
 185 001a 1846     		mov	r0, r3
 186 001c FFF7FEFF 		bl	Check_Key_Status
 187 0020 0346     		mov	r3, r0
 188 0022 1A46     		mov	r2, r3
 189 0024 504B     		ldr	r3, .L38+4
 190 0026 1A70     		strb	r2, [r3]
 106:API/key.c     ****             //
 107:API/key.c     ****             switch(gKey[i])
 191              		.loc 1 107 0
 192 0028 4E4B     		ldr	r3, .L38
 193 002a 1B68     		ldr	r3, [r3]
 194 002c 4F4A     		ldr	r2, .L38+8
 195 002e D35C     		ldrb	r3, [r2, r3]	@ zero_extendqisi2
 196 0030 052B     		cmp	r3, #5
 197 0032 00F28880 		bhi	.L37
 198 0036 01A2     		adr	r2, .L16
 199 0038 52F823F0 		ldr	pc, [r2, r3, lsl #2]
 200              		.p2align 2
 201              	.L16:
 202 003c 55000000 		.word	.L15+1
 203 0040 6F000000 		.word	.L17+1
 204 0044 87000000 		.word	.L18+1
 205 0048 9F000000 		.word	.L19+1
 206 004c D7000000 		.word	.L20+1
 207 0050 1B010000 		.word	.L21+1
 208              		.p2align 1
 209              	.L15:
 108:API/key.c     ****             {
 109:API/key.c     ****                 case KEY_IDLE:
 110:API/key.c     ****                 {
 111:API/key.c     ****                     gKey[i] = (key)? KEY_DETECT : KEY_IDLE;
 210              		.loc 1 111 0
 211 0054 434B     		ldr	r3, .L38
 212 0056 1B68     		ldr	r3, [r3]
 213 0058 434A     		ldr	r2, .L38+4
 214 005a 1278     		ldrb	r2, [r2]	@ zero_extendqisi2
 215 005c 002A     		cmp	r2, #0
 216 005e 14BF     		ite	ne
 217 0060 0122     		movne	r2, #1
 218 0062 0022     		moveq	r2, #0
 219 0064 D2B2     		uxtb	r2, r2
 220 0066 1146     		mov	r1, r2
 221 0068 404A     		ldr	r2, .L38+8
 222 006a D154     		strb	r1, [r2, r3]
 112:API/key.c     ****                     break;
 223              		.loc 1 112 0
 224 006c 6CE0     		b	.L22
 225              	.L17:
 113:API/key.c     ****                 }
 114:API/key.c     ****                 case KEY_DETECT:
 115:API/key.c     ****                 {
ARM GAS  C:\Users\koseki\AppData\Local\Temp\cc5hhXQZ.s 			page 7


 116:API/key.c     ****                     gKey[i] = (key)? KEY_CONFIRM : KEY_IDLE;
 226              		.loc 1 116 0
 227 006e 3D4B     		ldr	r3, .L38
 228 0070 1B68     		ldr	r3, [r3]
 229 0072 3D4A     		ldr	r2, .L38+4
 230 0074 1278     		ldrb	r2, [r2]	@ zero_extendqisi2
 231 0076 002A     		cmp	r2, #0
 232 0078 01D0     		beq	.L23
 233              		.loc 1 116 0 is_stmt 0 discriminator 1
 234 007a 0221     		movs	r1, #2
 235 007c 00E0     		b	.L24
 236              	.L23:
 237              		.loc 1 116 0 discriminator 2
 238 007e 0021     		movs	r1, #0
 239              	.L24:
 240              		.loc 1 116 0 discriminator 4
 241 0080 3A4A     		ldr	r2, .L38+8
 242 0082 D154     		strb	r1, [r2, r3]
 117:API/key.c     ****                     break;
 243              		.loc 1 117 0 is_stmt 1 discriminator 4
 244 0084 60E0     		b	.L22
 245              	.L18:
 118:API/key.c     ****                 }
 119:API/key.c     ****                 case KEY_CONFIRM:
 120:API/key.c     ****                 {
 121:API/key.c     ****                     gKey[i] = (key)? KEY_PUSH : KEY_IDLE;
 246              		.loc 1 121 0
 247 0086 374B     		ldr	r3, .L38
 248 0088 1B68     		ldr	r3, [r3]
 249 008a 374A     		ldr	r2, .L38+4
 250 008c 1278     		ldrb	r2, [r2]	@ zero_extendqisi2
 251 008e 002A     		cmp	r2, #0
 252 0090 01D0     		beq	.L25
 253              		.loc 1 121 0 is_stmt 0 discriminator 1
 254 0092 0321     		movs	r1, #3
 255 0094 00E0     		b	.L26
 256              	.L25:
 257              		.loc 1 121 0 discriminator 2
 258 0096 0021     		movs	r1, #0
 259              	.L26:
 260              		.loc 1 121 0 discriminator 4
 261 0098 344A     		ldr	r2, .L38+8
 262 009a D154     		strb	r1, [r2, r3]
 122:API/key.c     ****                     break;
 263              		.loc 1 122 0 is_stmt 1 discriminator 4
 264 009c 54E0     		b	.L22
 265              	.L19:
 123:API/key.c     ****                 }
 124:API/key.c     ****                 case KEY_PUSH:
 125:API/key.c     ****                 {
 126:API/key.c     ****                     xQueueSend(xQueue_KEY[i], &qmsg, 0);
 266              		.loc 1 126 0
 267 009e 314B     		ldr	r3, .L38
 268 00a0 1B68     		ldr	r3, [r3]
 269 00a2 334A     		ldr	r2, .L38+12
 270 00a4 52F82300 		ldr	r0, [r2, r3, lsl #2]
 271 00a8 0023     		movs	r3, #0
ARM GAS  C:\Users\koseki\AppData\Local\Temp\cc5hhXQZ.s 			page 8


 272 00aa 0022     		movs	r2, #0
 273 00ac 3149     		ldr	r1, .L38+16
 274 00ae FFF7FEFF 		bl	xQueueGenericSend
 127:API/key.c     ****                     push_count[i] = 0;
 275              		.loc 1 127 0
 276 00b2 2C4B     		ldr	r3, .L38
 277 00b4 1B68     		ldr	r3, [r3]
 278 00b6 304A     		ldr	r2, .L38+20
 279 00b8 0021     		movs	r1, #0
 280 00ba 42F82310 		str	r1, [r2, r3, lsl #2]
 128:API/key.c     ****                     gKey[i] = (key)? KEY_PUSH_COUNT : KEY_IDLE;
 281              		.loc 1 128 0
 282 00be 294B     		ldr	r3, .L38
 283 00c0 1B68     		ldr	r3, [r3]
 284 00c2 294A     		ldr	r2, .L38+4
 285 00c4 1278     		ldrb	r2, [r2]	@ zero_extendqisi2
 286 00c6 002A     		cmp	r2, #0
 287 00c8 01D0     		beq	.L27
 288              		.loc 1 128 0 is_stmt 0 discriminator 1
 289 00ca 0421     		movs	r1, #4
 290 00cc 00E0     		b	.L28
 291              	.L27:
 292              		.loc 1 128 0 discriminator 2
 293 00ce 0021     		movs	r1, #0
 294              	.L28:
 295              		.loc 1 128 0 discriminator 4
 296 00d0 264A     		ldr	r2, .L38+8
 297 00d2 D154     		strb	r1, [r2, r3]
 129:API/key.c     ****                     break;
 298              		.loc 1 129 0 is_stmt 1 discriminator 4
 299 00d4 38E0     		b	.L22
 300              	.L20:
 130:API/key.c     ****                 }
 131:API/key.c     ****                 case KEY_PUSH_COUNT:
 132:API/key.c     ****                 {
 133:API/key.c     ****                     if (key)
 301              		.loc 1 133 0
 302 00d6 244B     		ldr	r3, .L38+4
 303 00d8 1B78     		ldrb	r3, [r3]	@ zero_extendqisi2
 304 00da 002B     		cmp	r3, #0
 305 00dc 17D0     		beq	.L29
 134:API/key.c     ****                     {
 135:API/key.c     ****                         gKey[i] = (push_count[i] > KEY_PUSH_LONG_TICKS)? KEY_PUSH_LONG : KEY_PUSH_C
 306              		.loc 1 135 0
 307 00de 214B     		ldr	r3, .L38
 308 00e0 1B68     		ldr	r3, [r3]
 309 00e2 204A     		ldr	r2, .L38
 310 00e4 1268     		ldr	r2, [r2]
 311 00e6 2449     		ldr	r1, .L38+20
 312 00e8 51F82220 		ldr	r2, [r1, r2, lsl #2]
 313 00ec 322A     		cmp	r2, #50
 314 00ee 01D9     		bls	.L30
 315              		.loc 1 135 0 is_stmt 0 discriminator 1
 316 00f0 0521     		movs	r1, #5
 317 00f2 00E0     		b	.L31
 318              	.L30:
 319              		.loc 1 135 0 discriminator 2
ARM GAS  C:\Users\koseki\AppData\Local\Temp\cc5hhXQZ.s 			page 9


 320 00f4 0421     		movs	r1, #4
 321              	.L31:
 322              		.loc 1 135 0 discriminator 4
 323 00f6 1D4A     		ldr	r2, .L38+8
 324 00f8 D154     		strb	r1, [r2, r3]
 136:API/key.c     ****                         push_count[i]++;
 325              		.loc 1 136 0 is_stmt 1 discriminator 4
 326 00fa 1A4B     		ldr	r3, .L38
 327 00fc 1B68     		ldr	r3, [r3]
 328 00fe 1E4A     		ldr	r2, .L38+20
 329 0100 52F82320 		ldr	r2, [r2, r3, lsl #2]
 330 0104 0132     		adds	r2, r2, #1
 331 0106 1C49     		ldr	r1, .L38+20
 332 0108 41F82320 		str	r2, [r1, r3, lsl #2]
 137:API/key.c     ****                     }
 138:API/key.c     ****                     else
 139:API/key.c     ****                     {
 140:API/key.c     ****                         gKey[i] = KEY_IDLE;
 141:API/key.c     ****                     }
 142:API/key.c     ****                     break;
 333              		.loc 1 142 0 discriminator 4
 334 010c 1CE0     		b	.L22
 335              	.L29:
 140:API/key.c     ****                     }
 336              		.loc 1 140 0
 337 010e 154B     		ldr	r3, .L38
 338 0110 1B68     		ldr	r3, [r3]
 339 0112 164A     		ldr	r2, .L38+8
 340 0114 0021     		movs	r1, #0
 341 0116 D154     		strb	r1, [r2, r3]
 342              		.loc 1 142 0
 343 0118 16E0     		b	.L22
 344              	.L21:
 143:API/key.c     ****                 }
 144:API/key.c     ****                 case KEY_PUSH_LONG:
 145:API/key.c     ****                 {
 146:API/key.c     ****                     xQueueSend(xQueue_KEY[i], &qmsg, 0);
 345              		.loc 1 146 0
 346 011a 124B     		ldr	r3, .L38
 347 011c 1B68     		ldr	r3, [r3]
 348 011e 144A     		ldr	r2, .L38+12
 349 0120 52F82300 		ldr	r0, [r2, r3, lsl #2]
 350 0124 0023     		movs	r3, #0
 351 0126 0022     		movs	r2, #0
 352 0128 1249     		ldr	r1, .L38+16
 353 012a FFF7FEFF 		bl	xQueueGenericSend
 147:API/key.c     ****                     gKey[i] = (key)? KEY_PUSH_LONG : KEY_IDLE;
 354              		.loc 1 147 0
 355 012e 0D4B     		ldr	r3, .L38
 356 0130 1B68     		ldr	r3, [r3]
 357 0132 0D4A     		ldr	r2, .L38+4
 358 0134 1278     		ldrb	r2, [r2]	@ zero_extendqisi2
 359 0136 002A     		cmp	r2, #0
 360 0138 01D0     		beq	.L33
 361              		.loc 1 147 0 is_stmt 0 discriminator 1
 362 013a 0521     		movs	r1, #5
 363 013c 00E0     		b	.L34
ARM GAS  C:\Users\koseki\AppData\Local\Temp\cc5hhXQZ.s 			page 10


 364              	.L33:
 365              		.loc 1 147 0 discriminator 2
 366 013e 0021     		movs	r1, #0
 367              	.L34:
 368              		.loc 1 147 0 discriminator 4
 369 0140 0A4A     		ldr	r2, .L38+8
 370 0142 D154     		strb	r1, [r2, r3]
 148:API/key.c     ****                     break;
 371              		.loc 1 148 0 is_stmt 1 discriminator 4
 372 0144 00E0     		b	.L22
 373              	.L37:
 149:API/key.c     ****                 }
 150:API/key.c     ****                 default:
 151:API/key.c     ****                 {
 152:API/key.c     ****                     break; // do nothing
 374              		.loc 1 152 0
 375 0146 00BF     		nop
 376              	.L22:
 103:API/key.c     ****         {
 377              		.loc 1 103 0 discriminator 2
 378 0148 064B     		ldr	r3, .L38
 379 014a 1B68     		ldr	r3, [r3]
 380 014c 0133     		adds	r3, r3, #1
 381 014e 054A     		ldr	r2, .L38
 382 0150 1360     		str	r3, [r2]
 383              	.L13:
 103:API/key.c     ****         {
 384              		.loc 1 103 0 is_stmt 0 discriminator 1
 385 0152 044B     		ldr	r3, .L38
 386 0154 1B68     		ldr	r3, [r3]
 387 0156 012B     		cmp	r3, #1
 388 0158 7FF65CAF 		bls	.L35
 153:API/key.c     ****                 }
 154:API/key.c     ****             }
 155:API/key.c     ****         }
 156:API/key.c     ****         // Blocking Task
 157:API/key.c     ****         vTaskDelay(xDelay);
 389              		.loc 1 157 0 is_stmt 1
 390 015c F868     		ldr	r0, [r7, #12]
 391 015e FFF7FEFF 		bl	vTaskDelay
 158:API/key.c     ****     }
 392              		.loc 1 158 0
 393 0162 53E7     		b	.L36
 394              	.L39:
 395              		.align	2
 396              	.L38:
 397 0164 00000000 		.word	i.6573
 398 0168 04000000 		.word	key.6574
 399 016c 00000000 		.word	gKey
 400 0170 00000000 		.word	xQueue_KEY
 401 0174 00000000 		.word	qmsg.6576
 402 0178 08000000 		.word	push_count.6575
 403              		.cfi_endproc
 404              	.LFE66:
 405              		.size	Task_KEY, .-Task_KEY
 406              		.bss
 407              		.align	2
ARM GAS  C:\Users\koseki\AppData\Local\Temp\cc5hhXQZ.s 			page 11


 408              	i.6573:
 409 0000 00000000 		.space	4
 410              	key.6574:
 411 0004 00       		.space	1
 412              		.data
 413              		.type	qmsg.6576, %object
 414              		.size	qmsg.6576, 1
 415              	qmsg.6576:
 416 0000 01       		.byte	1
 417              		.bss
 418 0005 000000   		.align	2
 419              	push_count.6575:
 420 0008 00000000 		.space	8
 420      00000000 
 421              		.text
 422              	.Letext0:
 423              		.file 2 "c:\\program files (x86)\\cypress\\psoc creator\\4.1\\psoc creator\\import\\gnu\\arm\\5.4.
 424              		.file 3 "c:\\program files (x86)\\cypress\\psoc creator\\4.1\\psoc creator\\import\\gnu\\arm\\5.4.
 425              		.file 4 "Generated_Source\\PSoC5/cytypes.h"
 426              		.file 5 ".\\FreeRTOS/portmacro.h"
 427              		.file 6 ".\\FreeRTOS/queue.h"
 428              		.file 7 "API\\key.h"
 429              		.file 8 "Generated_Source\\PSoC5/core_cm3.h"
 430              		.section	.debug_info,"",%progbits
 431              	.Ldebug_info0:
 432 0000 72020000 		.4byte	0x272
 433 0004 0400     		.2byte	0x4
 434 0006 00000000 		.4byte	.Ldebug_abbrev0
 435 000a 04       		.byte	0x4
 436 000b 01       		.uleb128 0x1
 437 000c 17000000 		.4byte	.LASF43
 438 0010 0C       		.byte	0xc
 439 0011 4E020000 		.4byte	.LASF44
 440 0015 58020000 		.4byte	.LASF45
 441 0019 00000000 		.4byte	.Ldebug_ranges0+0
 442 001d 00000000 		.4byte	0
 443 0021 00000000 		.4byte	.Ldebug_line0
 444 0025 02       		.uleb128 0x2
 445 0026 01       		.byte	0x1
 446 0027 06       		.byte	0x6
 447 0028 2B010000 		.4byte	.LASF0
 448 002c 02       		.uleb128 0x2
 449 002d 01       		.byte	0x1
 450 002e 08       		.byte	0x8
 451 002f 40010000 		.4byte	.LASF1
 452 0033 02       		.uleb128 0x2
 453 0034 02       		.byte	0x2
 454 0035 05       		.byte	0x5
 455 0036 19020000 		.4byte	.LASF2
 456 003a 02       		.uleb128 0x2
 457 003b 02       		.byte	0x2
 458 003c 07       		.byte	0x7
 459 003d CF000000 		.4byte	.LASF3
 460 0041 03       		.uleb128 0x3
 461 0042 BC000000 		.4byte	.LASF5
 462 0046 02       		.byte	0x2
 463 0047 3F       		.byte	0x3f
ARM GAS  C:\Users\koseki\AppData\Local\Temp\cc5hhXQZ.s 			page 12


 464 0048 4C000000 		.4byte	0x4c
 465 004c 02       		.uleb128 0x2
 466 004d 04       		.byte	0x4
 467 004e 05       		.byte	0x5
 468 004f C6000000 		.4byte	.LASF4
 469 0053 03       		.uleb128 0x3
 470 0054 86010000 		.4byte	.LASF6
 471 0058 02       		.byte	0x2
 472 0059 41       		.byte	0x41
 473 005a 5E000000 		.4byte	0x5e
 474 005e 02       		.uleb128 0x2
 475 005f 04       		.byte	0x4
 476 0060 07       		.byte	0x7
 477 0061 4E010000 		.4byte	.LASF7
 478 0065 02       		.uleb128 0x2
 479 0066 08       		.byte	0x8
 480 0067 05       		.byte	0x5
 481 0068 E8010000 		.4byte	.LASF8
 482 006c 02       		.uleb128 0x2
 483 006d 08       		.byte	0x8
 484 006e 07       		.byte	0x7
 485 006f B9010000 		.4byte	.LASF9
 486 0073 04       		.uleb128 0x4
 487 0074 04       		.byte	0x4
 488 0075 05       		.byte	0x5
 489 0076 696E7400 		.ascii	"int\000"
 490 007a 02       		.uleb128 0x2
 491 007b 04       		.byte	0x4
 492 007c 07       		.byte	0x7
 493 007d A1010000 		.4byte	.LASF10
 494 0081 03       		.uleb128 0x3
 495 0082 D0010000 		.4byte	.LASF11
 496 0086 03       		.byte	0x3
 497 0087 2C       		.byte	0x2c
 498 0088 41000000 		.4byte	0x41
 499 008c 03       		.uleb128 0x3
 500 008d 34020000 		.4byte	.LASF12
 501 0091 03       		.byte	0x3
 502 0092 30       		.byte	0x30
 503 0093 53000000 		.4byte	0x53
 504 0097 05       		.uleb128 0x5
 505 0098 23020000 		.4byte	.LASF13
 506 009c 04       		.byte	0x4
 507 009d 9201     		.2byte	0x192
 508 009f 2C000000 		.4byte	0x2c
 509 00a3 05       		.uleb128 0x5
 510 00a4 91010000 		.4byte	.LASF14
 511 00a8 04       		.byte	0x4
 512 00a9 9401     		.2byte	0x194
 513 00ab 5E000000 		.4byte	0x5e
 514 00af 02       		.uleb128 0x2
 515 00b0 04       		.byte	0x4
 516 00b1 04       		.byte	0x4
 517 00b2 25010000 		.4byte	.LASF15
 518 00b6 02       		.uleb128 0x2
 519 00b7 08       		.byte	0x8
 520 00b8 04       		.byte	0x4
ARM GAS  C:\Users\koseki\AppData\Local\Temp\cc5hhXQZ.s 			page 13


 521 00b9 FC000000 		.4byte	.LASF16
 522 00bd 02       		.uleb128 0x2
 523 00be 01       		.byte	0x1
 524 00bf 08       		.byte	0x8
 525 00c0 F6010000 		.4byte	.LASF17
 526 00c4 02       		.uleb128 0x2
 527 00c5 08       		.byte	0x8
 528 00c6 04       		.byte	0x4
 529 00c7 42020000 		.4byte	.LASF18
 530 00cb 02       		.uleb128 0x2
 531 00cc 04       		.byte	0x4
 532 00cd 07       		.byte	0x7
 533 00ce D8010000 		.4byte	.LASF19
 534 00d2 06       		.uleb128 0x6
 535 00d3 04       		.byte	0x4
 536 00d4 03       		.uleb128 0x3
 537 00d5 A8020000 		.4byte	.LASF20
 538 00d9 05       		.byte	0x5
 539 00da 62       		.byte	0x62
 540 00db 4C000000 		.4byte	0x4c
 541 00df 03       		.uleb128 0x3
 542 00e0 B1000000 		.4byte	.LASF21
 543 00e4 05       		.byte	0x5
 544 00e5 69       		.byte	0x69
 545 00e6 8C000000 		.4byte	0x8c
 546 00ea 03       		.uleb128 0x3
 547 00eb E2000000 		.4byte	.LASF22
 548 00ef 06       		.byte	0x6
 549 00f0 58       		.byte	0x58
 550 00f1 D2000000 		.4byte	0xd2
 551 00f5 07       		.uleb128 0x7
 552 00f6 00000000 		.4byte	.LASF25
 553 00fa 01       		.byte	0x1
 554 00fb 2C000000 		.4byte	0x2c
 555 00ff 07       		.byte	0x7
 556 0100 3A       		.byte	0x3a
 557 0101 12010000 		.4byte	0x112
 558 0105 08       		.uleb128 0x8
 559 0106 F0000000 		.4byte	.LASF23
 560 010a 00       		.byte	0
 561 010b 08       		.uleb128 0x8
 562 010c F6000000 		.4byte	.LASF24
 563 0110 01       		.byte	0x1
 564 0111 00       		.byte	0
 565 0112 07       		.uleb128 0x7
 566 0113 13010000 		.4byte	.LASF26
 567 0117 01       		.byte	0x1
 568 0118 2C000000 		.4byte	0x2c
 569 011c 01       		.byte	0x1
 570 011d 39       		.byte	0x39
 571 011e 47010000 		.4byte	0x147
 572 0122 08       		.uleb128 0x8
 573 0123 7D010000 		.4byte	.LASF27
 574 0127 00       		.byte	0
 575 0128 08       		.uleb128 0x8
 576 0129 AE010000 		.4byte	.LASF28
 577 012d 01       		.byte	0x1
ARM GAS  C:\Users\koseki\AppData\Local\Temp\cc5hhXQZ.s 			page 14


 578 012e 08       		.uleb128 0x8
 579 012f A5000000 		.4byte	.LASF29
 580 0133 02       		.byte	0x2
 581 0134 08       		.uleb128 0x8
 582 0135 98010000 		.4byte	.LASF30
 583 0139 03       		.byte	0x3
 584 013a 08       		.uleb128 0x8
 585 013b B3020000 		.4byte	.LASF31
 586 013f 04       		.byte	0x4
 587 0140 08       		.uleb128 0x8
 588 0141 09000000 		.4byte	.LASF32
 589 0145 05       		.byte	0x5
 590 0146 00       		.byte	0
 591 0147 09       		.uleb128 0x9
 592 0148 37010000 		.4byte	.LASF34
 593 014c 01       		.byte	0x1
 594 014d 43       		.byte	0x43
 595 014e 00000000 		.4byte	.LFB64
 596 0152 30000000 		.4byte	.LFE64-.LFB64
 597 0156 01       		.uleb128 0x1
 598 0157 9C       		.byte	0x9c
 599 0158 69010000 		.4byte	0x169
 600 015c 0A       		.uleb128 0xa
 601 015d 6900     		.ascii	"i\000"
 602 015f 01       		.byte	0x1
 603 0160 45       		.byte	0x45
 604 0161 A3000000 		.4byte	0xa3
 605 0165 02       		.uleb128 0x2
 606 0166 91       		.byte	0x91
 607 0167 74       		.sleb128 -12
 608 0168 00       		.byte	0
 609 0169 0B       		.uleb128 0xb
 610 016a 08020000 		.4byte	.LASF46
 611 016e 01       		.byte	0x1
 612 016f 4D       		.byte	0x4d
 613 0170 97000000 		.4byte	0x97
 614 0174 00000000 		.4byte	.LFB65
 615 0178 4E000000 		.4byte	.LFE65-.LFB65
 616 017c 01       		.uleb128 0x1
 617 017d 9C       		.byte	0x9c
 618 017e 9F010000 		.4byte	0x19f
 619 0182 0C       		.uleb128 0xc
 620 0183 6B657900 		.ascii	"key\000"
 621 0187 01       		.byte	0x1
 622 0188 4D       		.byte	0x4d
 623 0189 97000000 		.4byte	0x97
 624 018d 02       		.uleb128 0x2
 625 018e 91       		.byte	0x91
 626 018f 6F       		.sleb128 -17
 627 0190 0D       		.uleb128 0xd
 628 0191 03010000 		.4byte	.LASF33
 629 0195 01       		.byte	0x1
 630 0196 4F       		.byte	0x4f
 631 0197 97000000 		.4byte	0x97
 632 019b 02       		.uleb128 0x2
 633 019c 91       		.byte	0x91
 634 019d 77       		.sleb128 -9
ARM GAS  C:\Users\koseki\AppData\Local\Temp\cc5hhXQZ.s 			page 15


 635 019e 00       		.byte	0
 636 019f 0E       		.uleb128 0xe
 637 01a0 0A010000 		.4byte	.LASF35
 638 01a4 01       		.byte	0x1
 639 01a5 59       		.byte	0x59
 640 01a6 00000000 		.4byte	.LFB66
 641 01aa 7C010000 		.4byte	.LFE66-.LFB66
 642 01ae 01       		.uleb128 0x1
 643 01af 9C       		.byte	0x9c
 644 01b0 13020000 		.4byte	0x213
 645 01b4 0F       		.uleb128 0xf
 646 01b5 FB010000 		.4byte	.LASF36
 647 01b9 01       		.byte	0x1
 648 01ba 59       		.byte	0x59
 649 01bb D2000000 		.4byte	0xd2
 650 01bf 02       		.uleb128 0x2
 651 01c0 91       		.byte	0x91
 652 01c1 6C       		.sleb128 -20
 653 01c2 0A       		.uleb128 0xa
 654 01c3 6900     		.ascii	"i\000"
 655 01c5 01       		.byte	0x1
 656 01c6 5B       		.byte	0x5b
 657 01c7 A3000000 		.4byte	0xa3
 658 01cb 05       		.uleb128 0x5
 659 01cc 03       		.byte	0x3
 660 01cd 00000000 		.4byte	i.6573
 661 01d1 0A       		.uleb128 0xa
 662 01d2 6B657900 		.ascii	"key\000"
 663 01d6 01       		.byte	0x1
 664 01d7 5C       		.byte	0x5c
 665 01d8 97000000 		.4byte	0x97
 666 01dc 05       		.uleb128 0x5
 667 01dd 03       		.byte	0x3
 668 01de 04000000 		.4byte	key.6574
 669 01e2 0D       		.uleb128 0xd
 670 01e3 29020000 		.4byte	.LASF37
 671 01e7 01       		.byte	0x1
 672 01e8 5D       		.byte	0x5d
 673 01e9 13020000 		.4byte	0x213
 674 01ed 05       		.uleb128 0x5
 675 01ee 03       		.byte	0x3
 676 01ef 08000000 		.4byte	push_count.6575
 677 01f3 0D       		.uleb128 0xd
 678 01f4 6D010000 		.4byte	.LASF38
 679 01f8 01       		.byte	0x1
 680 01f9 5E       		.byte	0x5e
 681 01fa 97000000 		.4byte	0x97
 682 01fe 05       		.uleb128 0x5
 683 01ff 03       		.byte	0x3
 684 0200 00000000 		.4byte	qmsg.6576
 685 0204 0D       		.uleb128 0xd
 686 0205 E1010000 		.4byte	.LASF39
 687 0209 01       		.byte	0x1
 688 020a 61       		.byte	0x61
 689 020b 23020000 		.4byte	0x223
 690 020f 02       		.uleb128 0x2
 691 0210 91       		.byte	0x91
ARM GAS  C:\Users\koseki\AppData\Local\Temp\cc5hhXQZ.s 			page 16


 692 0211 74       		.sleb128 -12
 693 0212 00       		.byte	0
 694 0213 10       		.uleb128 0x10
 695 0214 A3000000 		.4byte	0xa3
 696 0218 23020000 		.4byte	0x223
 697 021c 11       		.uleb128 0x11
 698 021d CB000000 		.4byte	0xcb
 699 0221 01       		.byte	0x1
 700 0222 00       		.byte	0
 701 0223 12       		.uleb128 0x12
 702 0224 DF000000 		.4byte	0xdf
 703 0228 13       		.uleb128 0x13
 704 0229 60010000 		.4byte	.LASF40
 705 022d 08       		.byte	0x8
 706 022e 1207     		.2byte	0x712
 707 0230 34020000 		.4byte	0x234
 708 0234 14       		.uleb128 0x14
 709 0235 81000000 		.4byte	0x81
 710 0239 10       		.uleb128 0x10
 711 023a EA000000 		.4byte	0xea
 712 023e 49020000 		.4byte	0x249
 713 0242 11       		.uleb128 0x11
 714 0243 CB000000 		.4byte	0xcb
 715 0247 01       		.byte	0x1
 716 0248 00       		.byte	0
 717 0249 15       		.uleb128 0x15
 718 024a 72010000 		.4byte	.LASF41
 719 024e 01       		.byte	0x1
 720 024f 34       		.byte	0x34
 721 0250 39020000 		.4byte	0x239
 722 0254 10       		.uleb128 0x10
 723 0255 97000000 		.4byte	0x97
 724 0259 64020000 		.4byte	0x264
 725 025d 11       		.uleb128 0x11
 726 025e CB000000 		.4byte	0xcb
 727 0262 01       		.byte	0x1
 728 0263 00       		.byte	0
 729 0264 16       		.uleb128 0x16
 730 0265 3D020000 		.4byte	.LASF42
 731 0269 01       		.byte	0x1
 732 026a 3E       		.byte	0x3e
 733 026b 54020000 		.4byte	0x254
 734 026f 05       		.uleb128 0x5
 735 0270 03       		.byte	0x3
 736 0271 00000000 		.4byte	gKey
 737 0275 00       		.byte	0
 738              		.section	.debug_abbrev,"",%progbits
 739              	.Ldebug_abbrev0:
 740 0000 01       		.uleb128 0x1
 741 0001 11       		.uleb128 0x11
 742 0002 01       		.byte	0x1
 743 0003 25       		.uleb128 0x25
 744 0004 0E       		.uleb128 0xe
 745 0005 13       		.uleb128 0x13
 746 0006 0B       		.uleb128 0xb
 747 0007 03       		.uleb128 0x3
 748 0008 0E       		.uleb128 0xe
ARM GAS  C:\Users\koseki\AppData\Local\Temp\cc5hhXQZ.s 			page 17


 749 0009 1B       		.uleb128 0x1b
 750 000a 0E       		.uleb128 0xe
 751 000b 55       		.uleb128 0x55
 752 000c 17       		.uleb128 0x17
 753 000d 11       		.uleb128 0x11
 754 000e 01       		.uleb128 0x1
 755 000f 10       		.uleb128 0x10
 756 0010 17       		.uleb128 0x17
 757 0011 00       		.byte	0
 758 0012 00       		.byte	0
 759 0013 02       		.uleb128 0x2
 760 0014 24       		.uleb128 0x24
 761 0015 00       		.byte	0
 762 0016 0B       		.uleb128 0xb
 763 0017 0B       		.uleb128 0xb
 764 0018 3E       		.uleb128 0x3e
 765 0019 0B       		.uleb128 0xb
 766 001a 03       		.uleb128 0x3
 767 001b 0E       		.uleb128 0xe
 768 001c 00       		.byte	0
 769 001d 00       		.byte	0
 770 001e 03       		.uleb128 0x3
 771 001f 16       		.uleb128 0x16
 772 0020 00       		.byte	0
 773 0021 03       		.uleb128 0x3
 774 0022 0E       		.uleb128 0xe
 775 0023 3A       		.uleb128 0x3a
 776 0024 0B       		.uleb128 0xb
 777 0025 3B       		.uleb128 0x3b
 778 0026 0B       		.uleb128 0xb
 779 0027 49       		.uleb128 0x49
 780 0028 13       		.uleb128 0x13
 781 0029 00       		.byte	0
 782 002a 00       		.byte	0
 783 002b 04       		.uleb128 0x4
 784 002c 24       		.uleb128 0x24
 785 002d 00       		.byte	0
 786 002e 0B       		.uleb128 0xb
 787 002f 0B       		.uleb128 0xb
 788 0030 3E       		.uleb128 0x3e
 789 0031 0B       		.uleb128 0xb
 790 0032 03       		.uleb128 0x3
 791 0033 08       		.uleb128 0x8
 792 0034 00       		.byte	0
 793 0035 00       		.byte	0
 794 0036 05       		.uleb128 0x5
 795 0037 16       		.uleb128 0x16
 796 0038 00       		.byte	0
 797 0039 03       		.uleb128 0x3
 798 003a 0E       		.uleb128 0xe
 799 003b 3A       		.uleb128 0x3a
 800 003c 0B       		.uleb128 0xb
 801 003d 3B       		.uleb128 0x3b
 802 003e 05       		.uleb128 0x5
 803 003f 49       		.uleb128 0x49
 804 0040 13       		.uleb128 0x13
 805 0041 00       		.byte	0
ARM GAS  C:\Users\koseki\AppData\Local\Temp\cc5hhXQZ.s 			page 18


 806 0042 00       		.byte	0
 807 0043 06       		.uleb128 0x6
 808 0044 0F       		.uleb128 0xf
 809 0045 00       		.byte	0
 810 0046 0B       		.uleb128 0xb
 811 0047 0B       		.uleb128 0xb
 812 0048 00       		.byte	0
 813 0049 00       		.byte	0
 814 004a 07       		.uleb128 0x7
 815 004b 04       		.uleb128 0x4
 816 004c 01       		.byte	0x1
 817 004d 03       		.uleb128 0x3
 818 004e 0E       		.uleb128 0xe
 819 004f 0B       		.uleb128 0xb
 820 0050 0B       		.uleb128 0xb
 821 0051 49       		.uleb128 0x49
 822 0052 13       		.uleb128 0x13
 823 0053 3A       		.uleb128 0x3a
 824 0054 0B       		.uleb128 0xb
 825 0055 3B       		.uleb128 0x3b
 826 0056 0B       		.uleb128 0xb
 827 0057 01       		.uleb128 0x1
 828 0058 13       		.uleb128 0x13
 829 0059 00       		.byte	0
 830 005a 00       		.byte	0
 831 005b 08       		.uleb128 0x8
 832 005c 28       		.uleb128 0x28
 833 005d 00       		.byte	0
 834 005e 03       		.uleb128 0x3
 835 005f 0E       		.uleb128 0xe
 836 0060 1C       		.uleb128 0x1c
 837 0061 0B       		.uleb128 0xb
 838 0062 00       		.byte	0
 839 0063 00       		.byte	0
 840 0064 09       		.uleb128 0x9
 841 0065 2E       		.uleb128 0x2e
 842 0066 01       		.byte	0x1
 843 0067 3F       		.uleb128 0x3f
 844 0068 19       		.uleb128 0x19
 845 0069 03       		.uleb128 0x3
 846 006a 0E       		.uleb128 0xe
 847 006b 3A       		.uleb128 0x3a
 848 006c 0B       		.uleb128 0xb
 849 006d 3B       		.uleb128 0x3b
 850 006e 0B       		.uleb128 0xb
 851 006f 27       		.uleb128 0x27
 852 0070 19       		.uleb128 0x19
 853 0071 11       		.uleb128 0x11
 854 0072 01       		.uleb128 0x1
 855 0073 12       		.uleb128 0x12
 856 0074 06       		.uleb128 0x6
 857 0075 40       		.uleb128 0x40
 858 0076 18       		.uleb128 0x18
 859 0077 9742     		.uleb128 0x2117
 860 0079 19       		.uleb128 0x19
 861 007a 01       		.uleb128 0x1
 862 007b 13       		.uleb128 0x13
ARM GAS  C:\Users\koseki\AppData\Local\Temp\cc5hhXQZ.s 			page 19


 863 007c 00       		.byte	0
 864 007d 00       		.byte	0
 865 007e 0A       		.uleb128 0xa
 866 007f 34       		.uleb128 0x34
 867 0080 00       		.byte	0
 868 0081 03       		.uleb128 0x3
 869 0082 08       		.uleb128 0x8
 870 0083 3A       		.uleb128 0x3a
 871 0084 0B       		.uleb128 0xb
 872 0085 3B       		.uleb128 0x3b
 873 0086 0B       		.uleb128 0xb
 874 0087 49       		.uleb128 0x49
 875 0088 13       		.uleb128 0x13
 876 0089 02       		.uleb128 0x2
 877 008a 18       		.uleb128 0x18
 878 008b 00       		.byte	0
 879 008c 00       		.byte	0
 880 008d 0B       		.uleb128 0xb
 881 008e 2E       		.uleb128 0x2e
 882 008f 01       		.byte	0x1
 883 0090 3F       		.uleb128 0x3f
 884 0091 19       		.uleb128 0x19
 885 0092 03       		.uleb128 0x3
 886 0093 0E       		.uleb128 0xe
 887 0094 3A       		.uleb128 0x3a
 888 0095 0B       		.uleb128 0xb
 889 0096 3B       		.uleb128 0x3b
 890 0097 0B       		.uleb128 0xb
 891 0098 27       		.uleb128 0x27
 892 0099 19       		.uleb128 0x19
 893 009a 49       		.uleb128 0x49
 894 009b 13       		.uleb128 0x13
 895 009c 11       		.uleb128 0x11
 896 009d 01       		.uleb128 0x1
 897 009e 12       		.uleb128 0x12
 898 009f 06       		.uleb128 0x6
 899 00a0 40       		.uleb128 0x40
 900 00a1 18       		.uleb128 0x18
 901 00a2 9642     		.uleb128 0x2116
 902 00a4 19       		.uleb128 0x19
 903 00a5 01       		.uleb128 0x1
 904 00a6 13       		.uleb128 0x13
 905 00a7 00       		.byte	0
 906 00a8 00       		.byte	0
 907 00a9 0C       		.uleb128 0xc
 908 00aa 05       		.uleb128 0x5
 909 00ab 00       		.byte	0
 910 00ac 03       		.uleb128 0x3
 911 00ad 08       		.uleb128 0x8
 912 00ae 3A       		.uleb128 0x3a
 913 00af 0B       		.uleb128 0xb
 914 00b0 3B       		.uleb128 0x3b
 915 00b1 0B       		.uleb128 0xb
 916 00b2 49       		.uleb128 0x49
 917 00b3 13       		.uleb128 0x13
 918 00b4 02       		.uleb128 0x2
 919 00b5 18       		.uleb128 0x18
ARM GAS  C:\Users\koseki\AppData\Local\Temp\cc5hhXQZ.s 			page 20


 920 00b6 00       		.byte	0
 921 00b7 00       		.byte	0
 922 00b8 0D       		.uleb128 0xd
 923 00b9 34       		.uleb128 0x34
 924 00ba 00       		.byte	0
 925 00bb 03       		.uleb128 0x3
 926 00bc 0E       		.uleb128 0xe
 927 00bd 3A       		.uleb128 0x3a
 928 00be 0B       		.uleb128 0xb
 929 00bf 3B       		.uleb128 0x3b
 930 00c0 0B       		.uleb128 0xb
 931 00c1 49       		.uleb128 0x49
 932 00c2 13       		.uleb128 0x13
 933 00c3 02       		.uleb128 0x2
 934 00c4 18       		.uleb128 0x18
 935 00c5 00       		.byte	0
 936 00c6 00       		.byte	0
 937 00c7 0E       		.uleb128 0xe
 938 00c8 2E       		.uleb128 0x2e
 939 00c9 01       		.byte	0x1
 940 00ca 3F       		.uleb128 0x3f
 941 00cb 19       		.uleb128 0x19
 942 00cc 03       		.uleb128 0x3
 943 00cd 0E       		.uleb128 0xe
 944 00ce 3A       		.uleb128 0x3a
 945 00cf 0B       		.uleb128 0xb
 946 00d0 3B       		.uleb128 0x3b
 947 00d1 0B       		.uleb128 0xb
 948 00d2 27       		.uleb128 0x27
 949 00d3 19       		.uleb128 0x19
 950 00d4 11       		.uleb128 0x11
 951 00d5 01       		.uleb128 0x1
 952 00d6 12       		.uleb128 0x12
 953 00d7 06       		.uleb128 0x6
 954 00d8 40       		.uleb128 0x40
 955 00d9 18       		.uleb128 0x18
 956 00da 9642     		.uleb128 0x2116
 957 00dc 19       		.uleb128 0x19
 958 00dd 01       		.uleb128 0x1
 959 00de 13       		.uleb128 0x13
 960 00df 00       		.byte	0
 961 00e0 00       		.byte	0
 962 00e1 0F       		.uleb128 0xf
 963 00e2 05       		.uleb128 0x5
 964 00e3 00       		.byte	0
 965 00e4 03       		.uleb128 0x3
 966 00e5 0E       		.uleb128 0xe
 967 00e6 3A       		.uleb128 0x3a
 968 00e7 0B       		.uleb128 0xb
 969 00e8 3B       		.uleb128 0x3b
 970 00e9 0B       		.uleb128 0xb
 971 00ea 49       		.uleb128 0x49
 972 00eb 13       		.uleb128 0x13
 973 00ec 02       		.uleb128 0x2
 974 00ed 18       		.uleb128 0x18
 975 00ee 00       		.byte	0
 976 00ef 00       		.byte	0
ARM GAS  C:\Users\koseki\AppData\Local\Temp\cc5hhXQZ.s 			page 21


 977 00f0 10       		.uleb128 0x10
 978 00f1 01       		.uleb128 0x1
 979 00f2 01       		.byte	0x1
 980 00f3 49       		.uleb128 0x49
 981 00f4 13       		.uleb128 0x13
 982 00f5 01       		.uleb128 0x1
 983 00f6 13       		.uleb128 0x13
 984 00f7 00       		.byte	0
 985 00f8 00       		.byte	0
 986 00f9 11       		.uleb128 0x11
 987 00fa 21       		.uleb128 0x21
 988 00fb 00       		.byte	0
 989 00fc 49       		.uleb128 0x49
 990 00fd 13       		.uleb128 0x13
 991 00fe 2F       		.uleb128 0x2f
 992 00ff 0B       		.uleb128 0xb
 993 0100 00       		.byte	0
 994 0101 00       		.byte	0
 995 0102 12       		.uleb128 0x12
 996 0103 26       		.uleb128 0x26
 997 0104 00       		.byte	0
 998 0105 49       		.uleb128 0x49
 999 0106 13       		.uleb128 0x13
 1000 0107 00       		.byte	0
 1001 0108 00       		.byte	0
 1002 0109 13       		.uleb128 0x13
 1003 010a 34       		.uleb128 0x34
 1004 010b 00       		.byte	0
 1005 010c 03       		.uleb128 0x3
 1006 010d 0E       		.uleb128 0xe
 1007 010e 3A       		.uleb128 0x3a
 1008 010f 0B       		.uleb128 0xb
 1009 0110 3B       		.uleb128 0x3b
 1010 0111 05       		.uleb128 0x5
 1011 0112 49       		.uleb128 0x49
 1012 0113 13       		.uleb128 0x13
 1013 0114 3F       		.uleb128 0x3f
 1014 0115 19       		.uleb128 0x19
 1015 0116 3C       		.uleb128 0x3c
 1016 0117 19       		.uleb128 0x19
 1017 0118 00       		.byte	0
 1018 0119 00       		.byte	0
 1019 011a 14       		.uleb128 0x14
 1020 011b 35       		.uleb128 0x35
 1021 011c 00       		.byte	0
 1022 011d 49       		.uleb128 0x49
 1023 011e 13       		.uleb128 0x13
 1024 011f 00       		.byte	0
 1025 0120 00       		.byte	0
 1026 0121 15       		.uleb128 0x15
 1027 0122 34       		.uleb128 0x34
 1028 0123 00       		.byte	0
 1029 0124 03       		.uleb128 0x3
 1030 0125 0E       		.uleb128 0xe
 1031 0126 3A       		.uleb128 0x3a
 1032 0127 0B       		.uleb128 0xb
 1033 0128 3B       		.uleb128 0x3b
ARM GAS  C:\Users\koseki\AppData\Local\Temp\cc5hhXQZ.s 			page 22


 1034 0129 0B       		.uleb128 0xb
 1035 012a 49       		.uleb128 0x49
 1036 012b 13       		.uleb128 0x13
 1037 012c 3F       		.uleb128 0x3f
 1038 012d 19       		.uleb128 0x19
 1039 012e 3C       		.uleb128 0x3c
 1040 012f 19       		.uleb128 0x19
 1041 0130 00       		.byte	0
 1042 0131 00       		.byte	0
 1043 0132 16       		.uleb128 0x16
 1044 0133 34       		.uleb128 0x34
 1045 0134 00       		.byte	0
 1046 0135 03       		.uleb128 0x3
 1047 0136 0E       		.uleb128 0xe
 1048 0137 3A       		.uleb128 0x3a
 1049 0138 0B       		.uleb128 0xb
 1050 0139 3B       		.uleb128 0x3b
 1051 013a 0B       		.uleb128 0xb
 1052 013b 49       		.uleb128 0x49
 1053 013c 13       		.uleb128 0x13
 1054 013d 3F       		.uleb128 0x3f
 1055 013e 19       		.uleb128 0x19
 1056 013f 02       		.uleb128 0x2
 1057 0140 18       		.uleb128 0x18
 1058 0141 00       		.byte	0
 1059 0142 00       		.byte	0
 1060 0143 00       		.byte	0
 1061              		.section	.debug_aranges,"",%progbits
 1062 0000 2C000000 		.4byte	0x2c
 1063 0004 0200     		.2byte	0x2
 1064 0006 00000000 		.4byte	.Ldebug_info0
 1065 000a 04       		.byte	0x4
 1066 000b 00       		.byte	0
 1067 000c 0000     		.2byte	0
 1068 000e 0000     		.2byte	0
 1069 0010 00000000 		.4byte	.LFB64
 1070 0014 30000000 		.4byte	.LFE64-.LFB64
 1071 0018 00000000 		.4byte	.LFB65
 1072 001c 4E000000 		.4byte	.LFE65-.LFB65
 1073 0020 00000000 		.4byte	.LFB66
 1074 0024 7C010000 		.4byte	.LFE66-.LFB66
 1075 0028 00000000 		.4byte	0
 1076 002c 00000000 		.4byte	0
 1077              		.section	.debug_ranges,"",%progbits
 1078              	.Ldebug_ranges0:
 1079 0000 00000000 		.4byte	.LFB64
 1080 0004 30000000 		.4byte	.LFE64
 1081 0008 00000000 		.4byte	.LFB65
 1082 000c 4E000000 		.4byte	.LFE65
 1083 0010 00000000 		.4byte	.LFB66
 1084 0014 7C010000 		.4byte	.LFE66
 1085 0018 00000000 		.4byte	0
 1086 001c 00000000 		.4byte	0
 1087              		.section	.debug_line,"",%progbits
 1088              	.Ldebug_line0:
 1089 0000 89020000 		.section	.debug_str,"MS",%progbits,1
 1089      02007D01 
ARM GAS  C:\Users\koseki\AppData\Local\Temp\cc5hhXQZ.s 			page 23


 1089      00000201 
 1089      FB0E0D00 
 1089      01010101 
 1090              	.LASF25:
 1091 0000 4B45595F 		.ascii	"KEY_NAME\000"
 1091      4E414D45 
 1091      00
 1092              	.LASF32:
 1093 0009 4B45595F 		.ascii	"KEY_PUSH_LONG\000"
 1093      50555348 
 1093      5F4C4F4E 
 1093      4700
 1094              	.LASF43:
 1095 0017 474E5520 		.ascii	"GNU C11 5.4.1 20160609 (release) [ARM/embedded-5-br"
 1095      43313120 
 1095      352E342E 
 1095      31203230 
 1095      31363036 
 1096 004a 616E6368 		.ascii	"anch revision 237715] -mcpu=cortex-m3 -mthumb -g -O"
 1096      20726576 
 1096      6973696F 
 1096      6E203233 
 1096      37373135 
 1097 007d 30202D66 		.ascii	"0 -ffunction-sections -ffat-lto-objects\000"
 1097      66756E63 
 1097      74696F6E 
 1097      2D736563 
 1097      74696F6E 
 1098              	.LASF29:
 1099 00a5 4B45595F 		.ascii	"KEY_CONFIRM\000"
 1099      434F4E46 
 1099      49524D00 
 1100              	.LASF21:
 1101 00b1 5469636B 		.ascii	"TickType_t\000"
 1101      54797065 
 1101      5F7400
 1102              	.LASF5:
 1103 00bc 5F5F696E 		.ascii	"__int32_t\000"
 1103      7433325F 
 1103      7400
 1104              	.LASF4:
 1105 00c6 6C6F6E67 		.ascii	"long int\000"
 1105      20696E74 
 1105      00
 1106              	.LASF3:
 1107 00cf 73686F72 		.ascii	"short unsigned int\000"
 1107      7420756E 
 1107      7369676E 
 1107      65642069 
 1107      6E7400
 1108              	.LASF22:
 1109 00e2 51756575 		.ascii	"QueueHandle_t\000"
 1109      6548616E 
 1109      646C655F 
 1109      7400
 1110              	.LASF23:
 1111 00f0 4B45595F 		.ascii	"KEY_0\000"
ARM GAS  C:\Users\koseki\AppData\Local\Temp\cc5hhXQZ.s 			page 24


 1111      3000
 1112              	.LASF24:
 1113 00f6 4B45595F 		.ascii	"KEY_1\000"
 1113      3100
 1114              	.LASF16:
 1115 00fc 646F7562 		.ascii	"double\000"
 1115      6C6500
 1116              	.LASF33:
 1117 0103 73746174 		.ascii	"status\000"
 1117      757300
 1118              	.LASF35:
 1119 010a 5461736B 		.ascii	"Task_KEY\000"
 1119      5F4B4559 
 1119      00
 1120              	.LASF26:
 1121 0113 4B45595F 		.ascii	"KEY_DETECT_STATUS\000"
 1121      44455445 
 1121      43545F53 
 1121      54415455 
 1121      5300
 1122              	.LASF15:
 1123 0125 666C6F61 		.ascii	"float\000"
 1123      7400
 1124              	.LASF0:
 1125 012b 7369676E 		.ascii	"signed char\000"
 1125      65642063 
 1125      68617200 
 1126              	.LASF34:
 1127 0137 496E6974 		.ascii	"Init_Key\000"
 1127      5F4B6579 
 1127      00
 1128              	.LASF1:
 1129 0140 756E7369 		.ascii	"unsigned char\000"
 1129      676E6564 
 1129      20636861 
 1129      7200
 1130              	.LASF7:
 1131 014e 6C6F6E67 		.ascii	"long unsigned int\000"
 1131      20756E73 
 1131      69676E65 
 1131      6420696E 
 1131      7400
 1132              	.LASF40:
 1133 0160 49544D5F 		.ascii	"ITM_RxBuffer\000"
 1133      52784275 
 1133      66666572 
 1133      00
 1134              	.LASF38:
 1135 016d 716D7367 		.ascii	"qmsg\000"
 1135      00
 1136              	.LASF41:
 1137 0172 78517565 		.ascii	"xQueue_KEY\000"
 1137      75655F4B 
 1137      455900
 1138              	.LASF27:
 1139 017d 4B45595F 		.ascii	"KEY_IDLE\000"
 1139      49444C45 
ARM GAS  C:\Users\koseki\AppData\Local\Temp\cc5hhXQZ.s 			page 25


 1139      00
 1140              	.LASF6:
 1141 0186 5F5F7569 		.ascii	"__uint32_t\000"
 1141      6E743332 
 1141      5F7400
 1142              	.LASF14:
 1143 0191 75696E74 		.ascii	"uint32\000"
 1143      333200
 1144              	.LASF30:
 1145 0198 4B45595F 		.ascii	"KEY_PUSH\000"
 1145      50555348 
 1145      00
 1146              	.LASF10:
 1147 01a1 756E7369 		.ascii	"unsigned int\000"
 1147      676E6564 
 1147      20696E74 
 1147      00
 1148              	.LASF28:
 1149 01ae 4B45595F 		.ascii	"KEY_DETECT\000"
 1149      44455445 
 1149      435400
 1150              	.LASF9:
 1151 01b9 6C6F6E67 		.ascii	"long long unsigned int\000"
 1151      206C6F6E 
 1151      6720756E 
 1151      7369676E 
 1151      65642069 
 1152              	.LASF11:
 1153 01d0 696E7433 		.ascii	"int32_t\000"
 1153      325F7400 
 1154              	.LASF19:
 1155 01d8 73697A65 		.ascii	"sizetype\000"
 1155      74797065 
 1155      00
 1156              	.LASF39:
 1157 01e1 7844656C 		.ascii	"xDelay\000"
 1157      617900
 1158              	.LASF8:
 1159 01e8 6C6F6E67 		.ascii	"long long int\000"
 1159      206C6F6E 
 1159      6720696E 
 1159      7400
 1160              	.LASF17:
 1161 01f6 63686172 		.ascii	"char\000"
 1161      00
 1162              	.LASF36:
 1163 01fb 70765061 		.ascii	"pvParameters\000"
 1163      72616D65 
 1163      74657273 
 1163      00
 1164              	.LASF46:
 1165 0208 43686563 		.ascii	"Check_Key_Status\000"
 1165      6B5F4B65 
 1165      795F5374 
 1165      61747573 
 1165      00
 1166              	.LASF2:
ARM GAS  C:\Users\koseki\AppData\Local\Temp\cc5hhXQZ.s 			page 26


 1167 0219 73686F72 		.ascii	"short int\000"
 1167      7420696E 
 1167      7400
 1168              	.LASF13:
 1169 0223 75696E74 		.ascii	"uint8\000"
 1169      3800
 1170              	.LASF37:
 1171 0229 70757368 		.ascii	"push_count\000"
 1171      5F636F75 
 1171      6E7400
 1172              	.LASF12:
 1173 0234 75696E74 		.ascii	"uint32_t\000"
 1173      33325F74 
 1173      00
 1174              	.LASF42:
 1175 023d 674B6579 		.ascii	"gKey\000"
 1175      00
 1176              	.LASF18:
 1177 0242 6C6F6E67 		.ascii	"long double\000"
 1177      20646F75 
 1177      626C6500 
 1178              	.LASF44:
 1179 024e 4150495C 		.ascii	"API\\key.c\000"
 1179      6B65792E 
 1179      6300
 1180              	.LASF45:
 1181 0258 453A5C50 		.ascii	"E:\\PSoC_Creator\\CY8CKIT-059\\CY8CKIT-059_CW_Decod"
 1181      536F435F 
 1181      43726561 
 1181      746F725C 
 1181      43593843 
 1182 0288 65725C43 		.ascii	"er\\CY8CKIT-059_CW_Decoder.cydsn\000"
 1182      5938434B 
 1182      49542D30 
 1182      35395F43 
 1182      575F4465 
 1183              	.LASF20:
 1184 02a8 42617365 		.ascii	"BaseType_t\000"
 1184      54797065 
 1184      5F7400
 1185              	.LASF31:
 1186 02b3 4B45595F 		.ascii	"KEY_PUSH_COUNT\000"
 1186      50555348 
 1186      5F434F55 
 1186      4E5400
 1187              		.ident	"GCC: (GNU Tools for ARM Embedded Processors) 5.4.1 20160609 (release) [ARM/embedded-5-bran
