ARM GAS  C:\Users\koseki\AppData\Local\Temp\ccNAGwGx.s 			page 1


   1              		.syntax unified
   2              		.cpu cortex-m3
   3              		.fpu softvfp
   4              		.eabi_attribute 20, 1
   5              		.eabi_attribute 21, 1
   6              		.eabi_attribute 23, 3
   7              		.eabi_attribute 24, 1
   8              		.eabi_attribute 25, 1
   9              		.eabi_attribute 26, 1
  10              		.eabi_attribute 30, 6
  11              		.eabi_attribute 34, 1
  12              		.eabi_attribute 18, 4
  13              		.thumb
  14              		.syntax unified
  15              		.file	"rot.c"
  16              		.text
  17              	.Ltext0:
  18              		.cfi_sections	.debug_frame
  19              		.section	.text.Init_ROT,"ax",%progbits
  20              		.align	2
  21              		.global	Init_ROT
  22              		.thumb
  23              		.thumb_func
  24              		.type	Init_ROT, %function
  25              	Init_ROT:
  26              	.LFB64:
  27              		.file 1 "API\\rot.c"
   1:API/rot.c     **** /* ========================================
   2:API/rot.c     ****  *
   3:API/rot.c     ****  * Copyright YOUR COMPANY, THE YEAR
   4:API/rot.c     ****  * All Rights Reserved
   5:API/rot.c     ****  * UNPUBLISHED, LICENSED SOFTWARE.
   6:API/rot.c     ****  *
   7:API/rot.c     ****  * CONFIDENTIAL AND PROPRIETARY INFORMATION
   8:API/rot.c     ****  * WHICH IS THE PROPERTY OF your company.
   9:API/rot.c     ****  *
  10:API/rot.c     ****  * ========================================
  11:API/rot.c     ****  */
  12:API/rot.c     **** 
  13:API/rot.c     **** /* API */
  14:API/rot.c     **** #include "rot.h"
  15:API/rot.c     **** 
  16:API/rot.c     **** /* Definitions of FreeRTOS related Resource */
  17:API/rot.c     **** extern xQueueHandle xQueue_ROT;
  18:API/rot.c     **** 
  19:API/rot.c     **** /***********************
  20:API/rot.c     ****  *  Initialize ROT     *
  21:API/rot.c     ****  ***********************/
  22:API/rot.c     **** void Init_ROT(void)
  23:API/rot.c     **** {
  28              		.loc 1 23 0
  29              		.cfi_startproc
  30              		@ args = 0, pretend = 0, frame = 0
  31              		@ frame_needed = 1, uses_anonymous_args = 0
  32              		@ link register save eliminated.
  33 0000 80B4     		push	{r7}
  34              		.cfi_def_cfa_offset 4
ARM GAS  C:\Users\koseki\AppData\Local\Temp\ccNAGwGx.s 			page 2


  35              		.cfi_offset 7, -4
  36 0002 00AF     		add	r7, sp, #0
  37              		.cfi_def_cfa_register 7
  24:API/rot.c     ****     /* initialize the rotary encoder */    
  25:API/rot.c     **** }
  38              		.loc 1 25 0
  39 0004 00BF     		nop
  40 0006 BD46     		mov	sp, r7
  41              		.cfi_def_cfa_register 13
  42              		@ sp needed
  43 0008 80BC     		pop	{r7}
  44              		.cfi_restore 7
  45              		.cfi_def_cfa_offset 0
  46 000a 7047     		bx	lr
  47              		.cfi_endproc
  48              	.LFE64:
  49              		.size	Init_ROT, .-Init_ROT
  50              		.section	.text.Task_ROT,"ax",%progbits
  51              		.align	2
  52              		.global	Task_ROT
  53              		.thumb
  54              		.thumb_func
  55              		.type	Task_ROT, %function
  56              	Task_ROT:
  57              	.LFB65:
  26:API/rot.c     **** 
  27:API/rot.c     **** 
  28:API/rot.c     **** #define QUEUE_INTERVAL 50
  29:API/rot.c     **** 
  30:API/rot.c     **** /***********************
  31:API/rot.c     ****  *  Task ROT           *
  32:API/rot.c     ****  ***********************/
  33:API/rot.c     **** void Task_ROT(void *pvParameters)
  34:API/rot.c     **** {
  58              		.loc 1 34 0
  59              		.cfi_startproc
  60              		@ args = 0, pretend = 0, frame = 24
  61              		@ frame_needed = 1, uses_anonymous_args = 0
  62 0000 90B5     		push	{r4, r7, lr}
  63              		.cfi_def_cfa_offset 12
  64              		.cfi_offset 4, -12
  65              		.cfi_offset 7, -8
  66              		.cfi_offset 14, -4
  67 0002 87B0     		sub	sp, sp, #28
  68              		.cfi_def_cfa_offset 40
  69 0004 00AF     		add	r7, sp, #0
  70              		.cfi_def_cfa_register 7
  71 0006 7860     		str	r0, [r7, #4]
  35:API/rot.c     ****     /* Block for 3ms */
  36:API/rot.c     ****     const portTickType xDelay = 3 / portTICK_RATE_MS;
  72              		.loc 1 36 0
  73 0008 0323     		movs	r3, #3
  74 000a 3B61     		str	r3, [r7, #16]
  37:API/rot.c     **** 
  38:API/rot.c     ****     uint8 new = 0;  /* current state of ROT */
  75              		.loc 1 38 0
  76 000c 0023     		movs	r3, #0
ARM GAS  C:\Users\koseki\AppData\Local\Temp\ccNAGwGx.s 			page 3


  77 000e FB73     		strb	r3, [r7, #15]
  39:API/rot.c     ****     uint8 prev = 0; /* previous state of ROT */
  78              		.loc 1 39 0
  79 0010 0023     		movs	r3, #0
  80 0012 FB75     		strb	r3, [r7, #23]
  40:API/rot.c     ****     int8 count = 0; /* click count */
  81              		.loc 1 40 0
  82 0014 0023     		movs	r3, #0
  83 0016 BB73     		strb	r3, [r7, #14]
  41:API/rot.c     ****     uint16 cntTask = 0;   /* task count */
  84              		.loc 1 41 0
  85 0018 0023     		movs	r3, #0
  86 001a BB82     		strh	r3, [r7, #20]	@ movhi
  87              	.L8:
  42:API/rot.c     **** 
  43:API/rot.c     ****     /* Task Loop */
  44:API/rot.c     ****     while(1)
  45:API/rot.c     ****     {
  46:API/rot.c     ****         /*****************************************
  47:API/rot.c     **** 		*	Rotary Encoder
  48:API/rot.c     **** 		******************************************/
  49:API/rot.c     **** 
  50:API/rot.c     ****         /* click detect */
  51:API/rot.c     ****         new = (ROT_A_Read() << 1) + ROT_B_Read();
  88              		.loc 1 51 0
  89 001c FFF7FEFF 		bl	ROT_A_Read
  90 0020 0346     		mov	r3, r0
  91 0022 5B00     		lsls	r3, r3, #1
  92 0024 DCB2     		uxtb	r4, r3
  93 0026 FFF7FEFF 		bl	ROT_B_Read
  94 002a 0346     		mov	r3, r0
  95 002c 2344     		add	r3, r3, r4
  96 002e FB73     		strb	r3, [r7, #15]
  52:API/rot.c     ****         if (new != prev)
  97              		.loc 1 52 0
  98 0030 FA7B     		ldrb	r2, [r7, #15]	@ zero_extendqisi2
  99 0032 FB7D     		ldrb	r3, [r7, #23]	@ zero_extendqisi2
 100 0034 9A42     		cmp	r2, r3
 101 0036 1BD0     		beq	.L3
  53:API/rot.c     ****         {
  54:API/rot.c     ****             /* click CW ? */
  55:API/rot.c     ****             if ((new == 0x03u) && (prev == 0x02u))
 102              		.loc 1 55 0
 103 0038 FB7B     		ldrb	r3, [r7, #15]	@ zero_extendqisi2
 104 003a 032B     		cmp	r3, #3
 105 003c 09D1     		bne	.L4
 106              		.loc 1 55 0 is_stmt 0 discriminator 1
 107 003e FB7D     		ldrb	r3, [r7, #23]	@ zero_extendqisi2
 108 0040 022B     		cmp	r3, #2
 109 0042 06D1     		bne	.L4
  56:API/rot.c     ****                 count++;
 110              		.loc 1 56 0 is_stmt 1
 111 0044 97F90E30 		ldrsb	r3, [r7, #14]
 112 0048 DBB2     		uxtb	r3, r3
 113 004a 0133     		adds	r3, r3, #1
 114 004c DBB2     		uxtb	r3, r3
 115 004e 5BB2     		sxtb	r3, r3
ARM GAS  C:\Users\koseki\AppData\Local\Temp\ccNAGwGx.s 			page 4


 116 0050 BB73     		strb	r3, [r7, #14]
 117              	.L4:
  57:API/rot.c     ****             /* click CCW ? */
  58:API/rot.c     ****             if ((new == 0x03u) && (prev == 0x01u))
 118              		.loc 1 58 0
 119 0052 FB7B     		ldrb	r3, [r7, #15]	@ zero_extendqisi2
 120 0054 032B     		cmp	r3, #3
 121 0056 09D1     		bne	.L5
 122              		.loc 1 58 0 is_stmt 0 discriminator 1
 123 0058 FB7D     		ldrb	r3, [r7, #23]	@ zero_extendqisi2
 124 005a 012B     		cmp	r3, #1
 125 005c 06D1     		bne	.L5
  59:API/rot.c     ****                 count--;
 126              		.loc 1 59 0 is_stmt 1
 127 005e 97F90E30 		ldrsb	r3, [r7, #14]
 128 0062 DBB2     		uxtb	r3, r3
 129 0064 013B     		subs	r3, r3, #1
 130 0066 DBB2     		uxtb	r3, r3
 131 0068 5BB2     		sxtb	r3, r3
 132 006a BB73     		strb	r3, [r7, #14]
 133              	.L5:
  60:API/rot.c     ****             /* update the ROT state */
  61:API/rot.c     ****             prev = new;
 134              		.loc 1 61 0
 135 006c FB7B     		ldrb	r3, [r7, #15]
 136 006e FB75     		strb	r3, [r7, #23]
 137              	.L3:
  62:API/rot.c     ****         }
  63:API/rot.c     **** 
  64:API/rot.c     ****         cntTask++;
 138              		.loc 1 64 0
 139 0070 BB8A     		ldrh	r3, [r7, #20]
 140 0072 0133     		adds	r3, r3, #1
 141 0074 BB82     		strh	r3, [r7, #20]	@ movhi
  65:API/rot.c     ****         if (cntTask >= QUEUE_INTERVAL)
 142              		.loc 1 65 0
 143 0076 BB8A     		ldrh	r3, [r7, #20]
 144 0078 312B     		cmp	r3, #49
 145 007a 0FD9     		bls	.L6
  66:API/rot.c     ****         {
  67:API/rot.c     ****             if (count != 0)
 146              		.loc 1 67 0
 147 007c 97F90E30 		ldrsb	r3, [r7, #14]
 148 0080 002B     		cmp	r3, #0
 149 0082 09D0     		beq	.L7
  68:API/rot.c     ****             {
  69:API/rot.c     ****                 xQueueSend(xQueue_ROT, &count, 0);
 150              		.loc 1 69 0
 151 0084 074B     		ldr	r3, .L9
 152 0086 1868     		ldr	r0, [r3]
 153 0088 07F10E01 		add	r1, r7, #14
 154 008c 0023     		movs	r3, #0
 155 008e 0022     		movs	r2, #0
 156 0090 FFF7FEFF 		bl	xQueueGenericSend
  70:API/rot.c     ****                 count = 0;
 157              		.loc 1 70 0
 158 0094 0023     		movs	r3, #0
ARM GAS  C:\Users\koseki\AppData\Local\Temp\ccNAGwGx.s 			page 5


 159 0096 BB73     		strb	r3, [r7, #14]
 160              	.L7:
  71:API/rot.c     ****             }
  72:API/rot.c     ****             cntTask = 0;
 161              		.loc 1 72 0
 162 0098 0023     		movs	r3, #0
 163 009a BB82     		strh	r3, [r7, #20]	@ movhi
 164              	.L6:
  73:API/rot.c     ****         }
  74:API/rot.c     **** 
  75:API/rot.c     ****         /* Blocking Task */
  76:API/rot.c     ****         vTaskDelay(xDelay);
 165              		.loc 1 76 0
 166 009c 3869     		ldr	r0, [r7, #16]
 167 009e FFF7FEFF 		bl	vTaskDelay
  77:API/rot.c     ****     }
 168              		.loc 1 77 0
 169 00a2 BBE7     		b	.L8
 170              	.L10:
 171              		.align	2
 172              	.L9:
 173 00a4 00000000 		.word	xQueue_ROT
 174              		.cfi_endproc
 175              	.LFE65:
 176              		.size	Task_ROT, .-Task_ROT
 177              		.text
 178              	.Letext0:
 179              		.file 2 "c:\\program files (x86)\\cypress\\psoc creator\\4.4\\psoc creator\\import\\gnu\\arm\\5.4.
 180              		.file 3 "c:\\program files (x86)\\cypress\\psoc creator\\4.4\\psoc creator\\import\\gnu\\arm\\5.4.
 181              		.file 4 "Generated_Source\\PSoC5/cytypes.h"
 182              		.file 5 ".\\FreeRTOS/portmacro.h"
 183              		.file 6 ".\\FreeRTOS/queue.h"
 184              		.file 7 "Generated_Source\\PSoC5/core_cm3.h"
 185              		.section	.debug_info,"",%progbits
 186              	.Ldebug_info0:
 187 0000 9A010000 		.4byte	0x19a
 188 0004 0400     		.2byte	0x4
 189 0006 00000000 		.4byte	.Ldebug_abbrev0
 190 000a 04       		.byte	0x4
 191 000b 01       		.uleb128 0x1
 192 000c 0A000000 		.4byte	.LASF30
 193 0010 0C       		.byte	0xc
 194 0011 00000000 		.4byte	.LASF31
 195 0015 45010000 		.4byte	.LASF32
 196 0019 00000000 		.4byte	.Ldebug_ranges0+0
 197 001d 00000000 		.4byte	0
 198 0021 00000000 		.4byte	.Ldebug_line0
 199 0025 02       		.uleb128 0x2
 200 0026 01       		.byte	0x1
 201 0027 06       		.byte	0x6
 202 0028 37020000 		.4byte	.LASF0
 203 002c 02       		.uleb128 0x2
 204 002d 01       		.byte	0x1
 205 002e 08       		.byte	0x8
 206 002f D4000000 		.4byte	.LASF1
 207 0033 02       		.uleb128 0x2
 208 0034 02       		.byte	0x2
ARM GAS  C:\Users\koseki\AppData\Local\Temp\ccNAGwGx.s 			page 6


 209 0035 05       		.byte	0x5
 210 0036 26010000 		.4byte	.LASF2
 211 003a 02       		.uleb128 0x2
 212 003b 02       		.byte	0x2
 213 003c 07       		.byte	0x7
 214 003d FF000000 		.4byte	.LASF3
 215 0041 03       		.uleb128 0x3
 216 0042 AE000000 		.4byte	.LASF5
 217 0046 02       		.byte	0x2
 218 0047 3F       		.byte	0x3f
 219 0048 4C000000 		.4byte	0x4c
 220 004c 02       		.uleb128 0x2
 221 004d 04       		.byte	0x4
 222 004e 05       		.byte	0x5
 223 004f 1B020000 		.4byte	.LASF4
 224 0053 03       		.uleb128 0x3
 225 0054 E2000000 		.4byte	.LASF6
 226 0058 02       		.byte	0x2
 227 0059 41       		.byte	0x41
 228 005a 5E000000 		.4byte	0x5e
 229 005e 02       		.uleb128 0x2
 230 005f 04       		.byte	0x4
 231 0060 07       		.byte	0x7
 232 0061 ED000000 		.4byte	.LASF7
 233 0065 02       		.uleb128 0x2
 234 0066 08       		.byte	0x8
 235 0067 05       		.byte	0x5
 236 0068 DD010000 		.4byte	.LASF8
 237 006c 02       		.uleb128 0x2
 238 006d 08       		.byte	0x8
 239 006e 07       		.byte	0x7
 240 006f AA010000 		.4byte	.LASF9
 241 0073 04       		.uleb128 0x4
 242 0074 04       		.byte	0x4
 243 0075 05       		.byte	0x5
 244 0076 696E7400 		.ascii	"int\000"
 245 007a 02       		.uleb128 0x2
 246 007b 04       		.byte	0x4
 247 007c 07       		.byte	0x7
 248 007d 9D010000 		.4byte	.LASF10
 249 0081 03       		.uleb128 0x3
 250 0082 C6000000 		.4byte	.LASF11
 251 0086 03       		.byte	0x3
 252 0087 2C       		.byte	0x2c
 253 0088 41000000 		.4byte	0x41
 254 008c 03       		.uleb128 0x3
 255 008d 12020000 		.4byte	.LASF12
 256 0091 03       		.byte	0x3
 257 0092 30       		.byte	0x30
 258 0093 53000000 		.4byte	0x53
 259 0097 05       		.uleb128 0x5
 260 0098 0C020000 		.4byte	.LASF13
 261 009c 04       		.byte	0x4
 262 009d 9201     		.2byte	0x192
 263 009f 2C000000 		.4byte	0x2c
 264 00a3 05       		.uleb128 0x5
 265 00a4 30010000 		.4byte	.LASF14
ARM GAS  C:\Users\koseki\AppData\Local\Temp\ccNAGwGx.s 			page 7


 266 00a8 04       		.byte	0x4
 267 00a9 9301     		.2byte	0x193
 268 00ab 3A000000 		.4byte	0x3a
 269 00af 05       		.uleb128 0x5
 270 00b0 37010000 		.4byte	.LASF15
 271 00b4 04       		.byte	0x4
 272 00b5 9501     		.2byte	0x195
 273 00b7 25000000 		.4byte	0x25
 274 00bb 02       		.uleb128 0x2
 275 00bc 04       		.byte	0x4
 276 00bd 04       		.byte	0x4
 277 00be CE000000 		.4byte	.LASF16
 278 00c2 02       		.uleb128 0x2
 279 00c3 08       		.byte	0x8
 280 00c4 04       		.byte	0x4
 281 00c5 1F010000 		.4byte	.LASF17
 282 00c9 02       		.uleb128 0x2
 283 00ca 01       		.byte	0x1
 284 00cb 08       		.byte	0x8
 285 00cc EB010000 		.4byte	.LASF18
 286 00d0 02       		.uleb128 0x2
 287 00d1 08       		.byte	0x8
 288 00d2 04       		.byte	0x4
 289 00d3 C1010000 		.4byte	.LASF19
 290 00d7 02       		.uleb128 0x2
 291 00d8 04       		.byte	0x4
 292 00d9 07       		.byte	0x7
 293 00da CD010000 		.4byte	.LASF20
 294 00de 06       		.uleb128 0x6
 295 00df 04       		.byte	0x4
 296 00e0 03       		.uleb128 0x3
 297 00e1 24020000 		.4byte	.LASF21
 298 00e5 05       		.byte	0x5
 299 00e6 62       		.byte	0x62
 300 00e7 4C000000 		.4byte	0x4c
 301 00eb 03       		.uleb128 0x3
 302 00ec 98000000 		.4byte	.LASF22
 303 00f0 05       		.byte	0x5
 304 00f1 69       		.byte	0x69
 305 00f2 8C000000 		.4byte	0x8c
 306 00f6 03       		.uleb128 0x3
 307 00f7 B8000000 		.4byte	.LASF23
 308 00fb 06       		.byte	0x6
 309 00fc 58       		.byte	0x58
 310 00fd DE000000 		.4byte	0xde
 311 0101 07       		.uleb128 0x7
 312 0102 03020000 		.4byte	.LASF33
 313 0106 01       		.byte	0x1
 314 0107 16       		.byte	0x16
 315 0108 00000000 		.4byte	.LFB64
 316 010c 0C000000 		.4byte	.LFE64-.LFB64
 317 0110 01       		.uleb128 0x1
 318 0111 9C       		.byte	0x9c
 319 0112 08       		.uleb128 0x8
 320 0113 3C010000 		.4byte	.LASF34
 321 0117 01       		.byte	0x1
 322 0118 21       		.byte	0x21
ARM GAS  C:\Users\koseki\AppData\Local\Temp\ccNAGwGx.s 			page 8


 323 0119 00000000 		.4byte	.LFB65
 324 011d A8000000 		.4byte	.LFE65-.LFB65
 325 0121 01       		.uleb128 0x1
 326 0122 9C       		.byte	0x9c
 327 0123 7C010000 		.4byte	0x17c
 328 0127 09       		.uleb128 0x9
 329 0128 F0010000 		.4byte	.LASF35
 330 012c 01       		.byte	0x1
 331 012d 21       		.byte	0x21
 332 012e DE000000 		.4byte	0xde
 333 0132 02       		.uleb128 0x2
 334 0133 91       		.byte	0x91
 335 0134 5C       		.sleb128 -36
 336 0135 0A       		.uleb128 0xa
 337 0136 D6010000 		.4byte	.LASF24
 338 013a 01       		.byte	0x1
 339 013b 24       		.byte	0x24
 340 013c 7C010000 		.4byte	0x17c
 341 0140 02       		.uleb128 0x2
 342 0141 91       		.byte	0x91
 343 0142 68       		.sleb128 -24
 344 0143 0B       		.uleb128 0xb
 345 0144 6E657700 		.ascii	"new\000"
 346 0148 01       		.byte	0x1
 347 0149 26       		.byte	0x26
 348 014a 97000000 		.4byte	0x97
 349 014e 02       		.uleb128 0x2
 350 014f 91       		.byte	0x91
 351 0150 67       		.sleb128 -25
 352 0151 0A       		.uleb128 0xa
 353 0152 43020000 		.4byte	.LASF25
 354 0156 01       		.byte	0x1
 355 0157 27       		.byte	0x27
 356 0158 97000000 		.4byte	0x97
 357 015c 02       		.uleb128 0x2
 358 015d 91       		.byte	0x91
 359 015e 6F       		.sleb128 -17
 360 015f 0A       		.uleb128 0xa
 361 0160 FD010000 		.4byte	.LASF26
 362 0164 01       		.byte	0x1
 363 0165 28       		.byte	0x28
 364 0166 AF000000 		.4byte	0xaf
 365 016a 02       		.uleb128 0x2
 366 016b 91       		.byte	0x91
 367 016c 66       		.sleb128 -26
 368 016d 0A       		.uleb128 0xa
 369 016e 2F020000 		.4byte	.LASF27
 370 0172 01       		.byte	0x1
 371 0173 29       		.byte	0x29
 372 0174 A3000000 		.4byte	0xa3
 373 0178 02       		.uleb128 0x2
 374 0179 91       		.byte	0x91
 375 017a 6C       		.sleb128 -20
 376 017b 00       		.byte	0
 377 017c 0C       		.uleb128 0xc
 378 017d EB000000 		.4byte	0xeb
 379 0181 0D       		.uleb128 0xd
ARM GAS  C:\Users\koseki\AppData\Local\Temp\ccNAGwGx.s 			page 9


 380 0182 12010000 		.4byte	.LASF28
 381 0186 07       		.byte	0x7
 382 0187 1207     		.2byte	0x712
 383 0189 8D010000 		.4byte	0x18d
 384 018d 0E       		.uleb128 0xe
 385 018e 81000000 		.4byte	0x81
 386 0192 0F       		.uleb128 0xf
 387 0193 A3000000 		.4byte	.LASF29
 388 0197 01       		.byte	0x1
 389 0198 11       		.byte	0x11
 390 0199 F6000000 		.4byte	0xf6
 391 019d 00       		.byte	0
 392              		.section	.debug_abbrev,"",%progbits
 393              	.Ldebug_abbrev0:
 394 0000 01       		.uleb128 0x1
 395 0001 11       		.uleb128 0x11
 396 0002 01       		.byte	0x1
 397 0003 25       		.uleb128 0x25
 398 0004 0E       		.uleb128 0xe
 399 0005 13       		.uleb128 0x13
 400 0006 0B       		.uleb128 0xb
 401 0007 03       		.uleb128 0x3
 402 0008 0E       		.uleb128 0xe
 403 0009 1B       		.uleb128 0x1b
 404 000a 0E       		.uleb128 0xe
 405 000b 55       		.uleb128 0x55
 406 000c 17       		.uleb128 0x17
 407 000d 11       		.uleb128 0x11
 408 000e 01       		.uleb128 0x1
 409 000f 10       		.uleb128 0x10
 410 0010 17       		.uleb128 0x17
 411 0011 00       		.byte	0
 412 0012 00       		.byte	0
 413 0013 02       		.uleb128 0x2
 414 0014 24       		.uleb128 0x24
 415 0015 00       		.byte	0
 416 0016 0B       		.uleb128 0xb
 417 0017 0B       		.uleb128 0xb
 418 0018 3E       		.uleb128 0x3e
 419 0019 0B       		.uleb128 0xb
 420 001a 03       		.uleb128 0x3
 421 001b 0E       		.uleb128 0xe
 422 001c 00       		.byte	0
 423 001d 00       		.byte	0
 424 001e 03       		.uleb128 0x3
 425 001f 16       		.uleb128 0x16
 426 0020 00       		.byte	0
 427 0021 03       		.uleb128 0x3
 428 0022 0E       		.uleb128 0xe
 429 0023 3A       		.uleb128 0x3a
 430 0024 0B       		.uleb128 0xb
 431 0025 3B       		.uleb128 0x3b
 432 0026 0B       		.uleb128 0xb
 433 0027 49       		.uleb128 0x49
 434 0028 13       		.uleb128 0x13
 435 0029 00       		.byte	0
 436 002a 00       		.byte	0
ARM GAS  C:\Users\koseki\AppData\Local\Temp\ccNAGwGx.s 			page 10


 437 002b 04       		.uleb128 0x4
 438 002c 24       		.uleb128 0x24
 439 002d 00       		.byte	0
 440 002e 0B       		.uleb128 0xb
 441 002f 0B       		.uleb128 0xb
 442 0030 3E       		.uleb128 0x3e
 443 0031 0B       		.uleb128 0xb
 444 0032 03       		.uleb128 0x3
 445 0033 08       		.uleb128 0x8
 446 0034 00       		.byte	0
 447 0035 00       		.byte	0
 448 0036 05       		.uleb128 0x5
 449 0037 16       		.uleb128 0x16
 450 0038 00       		.byte	0
 451 0039 03       		.uleb128 0x3
 452 003a 0E       		.uleb128 0xe
 453 003b 3A       		.uleb128 0x3a
 454 003c 0B       		.uleb128 0xb
 455 003d 3B       		.uleb128 0x3b
 456 003e 05       		.uleb128 0x5
 457 003f 49       		.uleb128 0x49
 458 0040 13       		.uleb128 0x13
 459 0041 00       		.byte	0
 460 0042 00       		.byte	0
 461 0043 06       		.uleb128 0x6
 462 0044 0F       		.uleb128 0xf
 463 0045 00       		.byte	0
 464 0046 0B       		.uleb128 0xb
 465 0047 0B       		.uleb128 0xb
 466 0048 00       		.byte	0
 467 0049 00       		.byte	0
 468 004a 07       		.uleb128 0x7
 469 004b 2E       		.uleb128 0x2e
 470 004c 00       		.byte	0
 471 004d 3F       		.uleb128 0x3f
 472 004e 19       		.uleb128 0x19
 473 004f 03       		.uleb128 0x3
 474 0050 0E       		.uleb128 0xe
 475 0051 3A       		.uleb128 0x3a
 476 0052 0B       		.uleb128 0xb
 477 0053 3B       		.uleb128 0x3b
 478 0054 0B       		.uleb128 0xb
 479 0055 27       		.uleb128 0x27
 480 0056 19       		.uleb128 0x19
 481 0057 11       		.uleb128 0x11
 482 0058 01       		.uleb128 0x1
 483 0059 12       		.uleb128 0x12
 484 005a 06       		.uleb128 0x6
 485 005b 40       		.uleb128 0x40
 486 005c 18       		.uleb128 0x18
 487 005d 9742     		.uleb128 0x2117
 488 005f 19       		.uleb128 0x19
 489 0060 00       		.byte	0
 490 0061 00       		.byte	0
 491 0062 08       		.uleb128 0x8
 492 0063 2E       		.uleb128 0x2e
 493 0064 01       		.byte	0x1
ARM GAS  C:\Users\koseki\AppData\Local\Temp\ccNAGwGx.s 			page 11


 494 0065 3F       		.uleb128 0x3f
 495 0066 19       		.uleb128 0x19
 496 0067 03       		.uleb128 0x3
 497 0068 0E       		.uleb128 0xe
 498 0069 3A       		.uleb128 0x3a
 499 006a 0B       		.uleb128 0xb
 500 006b 3B       		.uleb128 0x3b
 501 006c 0B       		.uleb128 0xb
 502 006d 27       		.uleb128 0x27
 503 006e 19       		.uleb128 0x19
 504 006f 11       		.uleb128 0x11
 505 0070 01       		.uleb128 0x1
 506 0071 12       		.uleb128 0x12
 507 0072 06       		.uleb128 0x6
 508 0073 40       		.uleb128 0x40
 509 0074 18       		.uleb128 0x18
 510 0075 9642     		.uleb128 0x2116
 511 0077 19       		.uleb128 0x19
 512 0078 01       		.uleb128 0x1
 513 0079 13       		.uleb128 0x13
 514 007a 00       		.byte	0
 515 007b 00       		.byte	0
 516 007c 09       		.uleb128 0x9
 517 007d 05       		.uleb128 0x5
 518 007e 00       		.byte	0
 519 007f 03       		.uleb128 0x3
 520 0080 0E       		.uleb128 0xe
 521 0081 3A       		.uleb128 0x3a
 522 0082 0B       		.uleb128 0xb
 523 0083 3B       		.uleb128 0x3b
 524 0084 0B       		.uleb128 0xb
 525 0085 49       		.uleb128 0x49
 526 0086 13       		.uleb128 0x13
 527 0087 02       		.uleb128 0x2
 528 0088 18       		.uleb128 0x18
 529 0089 00       		.byte	0
 530 008a 00       		.byte	0
 531 008b 0A       		.uleb128 0xa
 532 008c 34       		.uleb128 0x34
 533 008d 00       		.byte	0
 534 008e 03       		.uleb128 0x3
 535 008f 0E       		.uleb128 0xe
 536 0090 3A       		.uleb128 0x3a
 537 0091 0B       		.uleb128 0xb
 538 0092 3B       		.uleb128 0x3b
 539 0093 0B       		.uleb128 0xb
 540 0094 49       		.uleb128 0x49
 541 0095 13       		.uleb128 0x13
 542 0096 02       		.uleb128 0x2
 543 0097 18       		.uleb128 0x18
 544 0098 00       		.byte	0
 545 0099 00       		.byte	0
 546 009a 0B       		.uleb128 0xb
 547 009b 34       		.uleb128 0x34
 548 009c 00       		.byte	0
 549 009d 03       		.uleb128 0x3
 550 009e 08       		.uleb128 0x8
ARM GAS  C:\Users\koseki\AppData\Local\Temp\ccNAGwGx.s 			page 12


 551 009f 3A       		.uleb128 0x3a
 552 00a0 0B       		.uleb128 0xb
 553 00a1 3B       		.uleb128 0x3b
 554 00a2 0B       		.uleb128 0xb
 555 00a3 49       		.uleb128 0x49
 556 00a4 13       		.uleb128 0x13
 557 00a5 02       		.uleb128 0x2
 558 00a6 18       		.uleb128 0x18
 559 00a7 00       		.byte	0
 560 00a8 00       		.byte	0
 561 00a9 0C       		.uleb128 0xc
 562 00aa 26       		.uleb128 0x26
 563 00ab 00       		.byte	0
 564 00ac 49       		.uleb128 0x49
 565 00ad 13       		.uleb128 0x13
 566 00ae 00       		.byte	0
 567 00af 00       		.byte	0
 568 00b0 0D       		.uleb128 0xd
 569 00b1 34       		.uleb128 0x34
 570 00b2 00       		.byte	0
 571 00b3 03       		.uleb128 0x3
 572 00b4 0E       		.uleb128 0xe
 573 00b5 3A       		.uleb128 0x3a
 574 00b6 0B       		.uleb128 0xb
 575 00b7 3B       		.uleb128 0x3b
 576 00b8 05       		.uleb128 0x5
 577 00b9 49       		.uleb128 0x49
 578 00ba 13       		.uleb128 0x13
 579 00bb 3F       		.uleb128 0x3f
 580 00bc 19       		.uleb128 0x19
 581 00bd 3C       		.uleb128 0x3c
 582 00be 19       		.uleb128 0x19
 583 00bf 00       		.byte	0
 584 00c0 00       		.byte	0
 585 00c1 0E       		.uleb128 0xe
 586 00c2 35       		.uleb128 0x35
 587 00c3 00       		.byte	0
 588 00c4 49       		.uleb128 0x49
 589 00c5 13       		.uleb128 0x13
 590 00c6 00       		.byte	0
 591 00c7 00       		.byte	0
 592 00c8 0F       		.uleb128 0xf
 593 00c9 34       		.uleb128 0x34
 594 00ca 00       		.byte	0
 595 00cb 03       		.uleb128 0x3
 596 00cc 0E       		.uleb128 0xe
 597 00cd 3A       		.uleb128 0x3a
 598 00ce 0B       		.uleb128 0xb
 599 00cf 3B       		.uleb128 0x3b
 600 00d0 0B       		.uleb128 0xb
 601 00d1 49       		.uleb128 0x49
 602 00d2 13       		.uleb128 0x13
 603 00d3 3F       		.uleb128 0x3f
 604 00d4 19       		.uleb128 0x19
 605 00d5 3C       		.uleb128 0x3c
 606 00d6 19       		.uleb128 0x19
 607 00d7 00       		.byte	0
ARM GAS  C:\Users\koseki\AppData\Local\Temp\ccNAGwGx.s 			page 13


 608 00d8 00       		.byte	0
 609 00d9 00       		.byte	0
 610              		.section	.debug_aranges,"",%progbits
 611 0000 24000000 		.4byte	0x24
 612 0004 0200     		.2byte	0x2
 613 0006 00000000 		.4byte	.Ldebug_info0
 614 000a 04       		.byte	0x4
 615 000b 00       		.byte	0
 616 000c 0000     		.2byte	0
 617 000e 0000     		.2byte	0
 618 0010 00000000 		.4byte	.LFB64
 619 0014 0C000000 		.4byte	.LFE64-.LFB64
 620 0018 00000000 		.4byte	.LFB65
 621 001c A8000000 		.4byte	.LFE65-.LFB65
 622 0020 00000000 		.4byte	0
 623 0024 00000000 		.4byte	0
 624              		.section	.debug_ranges,"",%progbits
 625              	.Ldebug_ranges0:
 626 0000 00000000 		.4byte	.LFB64
 627 0004 0C000000 		.4byte	.LFE64
 628 0008 00000000 		.4byte	.LFB65
 629 000c A8000000 		.4byte	.LFE65
 630 0010 00000000 		.4byte	0
 631 0014 00000000 		.4byte	0
 632              		.section	.debug_line,"",%progbits
 633              	.Ldebug_line0:
 634 0000 BD010000 		.section	.debug_str,"MS",%progbits,1
 634      02007401 
 634      00000201 
 634      FB0E0D00 
 634      01010101 
 635              	.LASF31:
 636 0000 4150495C 		.ascii	"API\\rot.c\000"
 636      726F742E 
 636      6300
 637              	.LASF30:
 638 000a 474E5520 		.ascii	"GNU C11 5.4.1 20160609 (release) [ARM/embedded-5-br"
 638      43313120 
 638      352E342E 
 638      31203230 
 638      31363036 
 639 003d 616E6368 		.ascii	"anch revision 237715] -mcpu=cortex-m3 -mthumb -g -O"
 639      20726576 
 639      6973696F 
 639      6E203233 
 639      37373135 
 640 0070 30202D66 		.ascii	"0 -ffunction-sections -ffat-lto-objects\000"
 640      66756E63 
 640      74696F6E 
 640      2D736563 
 640      74696F6E 
 641              	.LASF22:
 642 0098 5469636B 		.ascii	"TickType_t\000"
 642      54797065 
 642      5F7400
 643              	.LASF29:
 644 00a3 78517565 		.ascii	"xQueue_ROT\000"
ARM GAS  C:\Users\koseki\AppData\Local\Temp\ccNAGwGx.s 			page 14


 644      75655F52 
 644      4F5400
 645              	.LASF5:
 646 00ae 5F5F696E 		.ascii	"__int32_t\000"
 646      7433325F 
 646      7400
 647              	.LASF23:
 648 00b8 51756575 		.ascii	"QueueHandle_t\000"
 648      6548616E 
 648      646C655F 
 648      7400
 649              	.LASF11:
 650 00c6 696E7433 		.ascii	"int32_t\000"
 650      325F7400 
 651              	.LASF16:
 652 00ce 666C6F61 		.ascii	"float\000"
 652      7400
 653              	.LASF1:
 654 00d4 756E7369 		.ascii	"unsigned char\000"
 654      676E6564 
 654      20636861 
 654      7200
 655              	.LASF6:
 656 00e2 5F5F7569 		.ascii	"__uint32_t\000"
 656      6E743332 
 656      5F7400
 657              	.LASF7:
 658 00ed 6C6F6E67 		.ascii	"long unsigned int\000"
 658      20756E73 
 658      69676E65 
 658      6420696E 
 658      7400
 659              	.LASF3:
 660 00ff 73686F72 		.ascii	"short unsigned int\000"
 660      7420756E 
 660      7369676E 
 660      65642069 
 660      6E7400
 661              	.LASF28:
 662 0112 49544D5F 		.ascii	"ITM_RxBuffer\000"
 662      52784275 
 662      66666572 
 662      00
 663              	.LASF17:
 664 011f 646F7562 		.ascii	"double\000"
 664      6C6500
 665              	.LASF2:
 666 0126 73686F72 		.ascii	"short int\000"
 666      7420696E 
 666      7400
 667              	.LASF14:
 668 0130 75696E74 		.ascii	"uint16\000"
 668      313600
 669              	.LASF15:
 670 0137 696E7438 		.ascii	"int8\000"
 670      00
 671              	.LASF34:
ARM GAS  C:\Users\koseki\AppData\Local\Temp\ccNAGwGx.s 			page 15


 672 013c 5461736B 		.ascii	"Task_ROT\000"
 672      5F524F54 
 672      00
 673              	.LASF32:
 674 0145 453A5C50 		.ascii	"E:\\PSoC_Creator\\CY8CKIT-059\\CY8CKIT-059_CW_Decod"
 674      536F435F 
 674      43726561 
 674      746F725C 
 674      43593843 
 675 0175 65725F55 		.ascii	"er_USB\\CY8CKIT-059_CW_Decoder_USB.cydsn\000"
 675      53425C43 
 675      5938434B 
 675      49542D30 
 675      35395F43 
 676              	.LASF10:
 677 019d 756E7369 		.ascii	"unsigned int\000"
 677      676E6564 
 677      20696E74 
 677      00
 678              	.LASF9:
 679 01aa 6C6F6E67 		.ascii	"long long unsigned int\000"
 679      206C6F6E 
 679      6720756E 
 679      7369676E 
 679      65642069 
 680              	.LASF19:
 681 01c1 6C6F6E67 		.ascii	"long double\000"
 681      20646F75 
 681      626C6500 
 682              	.LASF20:
 683 01cd 73697A65 		.ascii	"sizetype\000"
 683      74797065 
 683      00
 684              	.LASF24:
 685 01d6 7844656C 		.ascii	"xDelay\000"
 685      617900
 686              	.LASF8:
 687 01dd 6C6F6E67 		.ascii	"long long int\000"
 687      206C6F6E 
 687      6720696E 
 687      7400
 688              	.LASF18:
 689 01eb 63686172 		.ascii	"char\000"
 689      00
 690              	.LASF35:
 691 01f0 70765061 		.ascii	"pvParameters\000"
 691      72616D65 
 691      74657273 
 691      00
 692              	.LASF26:
 693 01fd 636F756E 		.ascii	"count\000"
 693      7400
 694              	.LASF33:
 695 0203 496E6974 		.ascii	"Init_ROT\000"
 695      5F524F54 
 695      00
 696              	.LASF13:
ARM GAS  C:\Users\koseki\AppData\Local\Temp\ccNAGwGx.s 			page 16


 697 020c 75696E74 		.ascii	"uint8\000"
 697      3800
 698              	.LASF12:
 699 0212 75696E74 		.ascii	"uint32_t\000"
 699      33325F74 
 699      00
 700              	.LASF4:
 701 021b 6C6F6E67 		.ascii	"long int\000"
 701      20696E74 
 701      00
 702              	.LASF21:
 703 0224 42617365 		.ascii	"BaseType_t\000"
 703      54797065 
 703      5F7400
 704              	.LASF27:
 705 022f 636E7454 		.ascii	"cntTask\000"
 705      61736B00 
 706              	.LASF0:
 707 0237 7369676E 		.ascii	"signed char\000"
 707      65642063 
 707      68617200 
 708              	.LASF25:
 709 0243 70726576 		.ascii	"prev\000"
 709      00
 710              		.ident	"GCC: (GNU Tools for ARM Embedded Processors) 5.4.1 20160609 (release) [ARM/embedded-5-bran
