ARM GAS  C:\Users\koseki\AppData\Local\Temp\ccwVeF8s.s 			page 1


   1              		.syntax unified
   2              		.cpu cortex-m3
   3              		.fpu softvfp
   4              		.eabi_attribute 20, 1
   5              		.eabi_attribute 21, 1
   6              		.eabi_attribute 23, 3
   7              		.eabi_attribute 24, 1
   8              		.eabi_attribute 25, 1
   9              		.eabi_attribute 26, 1
  10              		.eabi_attribute 30, 6
  11              		.eabi_attribute 34, 1
  12              		.eabi_attribute 18, 4
  13              		.thumb
  14              		.syntax unified
  15              		.file	"USBUART_FIFO.c"
  16              		.text
  17              	.Ltext0:
  18              		.cfi_sections	.debug_frame
  19              		.comm	uartTxQueue,64,4
  20              		.global	uartTxCount
  21              		.bss
  22              		.type	uartTxCount, %object
  23              		.size	uartTxCount, 1
  24              	uartTxCount:
  25 0000 00       		.space	1
  26              		.global	uartZlpRequired
  27              		.type	uartZlpRequired, %object
  28              		.size	uartZlpRequired, 1
  29              	uartZlpRequired:
  30 0001 00       		.space	1
  31              		.global	uartTxReject
  32              		.type	uartTxReject, %object
  33              		.size	uartTxReject, 1
  34              	uartTxReject:
  35 0002 00       		.space	1
  36              		.comm	uartRxQueue,64,4
  37              		.global	uartRxCount
  38              		.type	uartRxCount, %object
  39              		.size	uartRxCount, 1
  40              	uartRxCount:
  41 0003 00       		.space	1
  42              		.global	uartRxIndex
  43              		.type	uartRxIndex, %object
  44              		.size	uartRxIndex, 1
  45              	uartRxIndex:
  46 0004 00       		.space	1
  47              		.global	uartRxCRDetect
  48              		.type	uartRxCRDetect, %object
  49              		.size	uartRxCRDetect, 1
  50              	uartRxCRDetect:
  51 0005 00       		.space	1
  52              		.section	.text.putch_sub,"ax",%progbits
  53              		.align	2
  54              		.thumb
  55              		.thumb_func
  56              		.type	putch_sub, %function
  57              	putch_sub:
ARM GAS  C:\Users\koseki\AppData\Local\Temp\ccwVeF8s.s 			page 2


  58              	.LFB63:
  59              		.file 1 "USBUART_FIFO.c"
   1:USBUART_FIFO.c **** /* ========================================
   2:USBUART_FIFO.c ****  *
   3:USBUART_FIFO.c ****  * Copyright YOUR COMPANY, THE YEAR
   4:USBUART_FIFO.c ****  * All Rights Reserved
   5:USBUART_FIFO.c ****  * UNPUBLISHED, LICENSED SOFTWARE.
   6:USBUART_FIFO.c ****  *
   7:USBUART_FIFO.c ****  * CONFIDENTIAL AND PROPRIETARY INFORMATION
   8:USBUART_FIFO.c ****  * WHICH IS THE PROPERTY OF your company.
   9:USBUART_FIFO.c ****  *
  10:USBUART_FIFO.c ****  * ========================================
  11:USBUART_FIFO.c **** */
  12:USBUART_FIFO.c **** 
  13:USBUART_FIFO.c **** #include "USBUART_FIFO.h"
  14:USBUART_FIFO.c **** 
  15:USBUART_FIFO.c **** // USBUART packet size
  16:USBUART_FIFO.c **** #define     UART_TX_QUEUE_SIZE      (64)
  17:USBUART_FIFO.c **** #define     UART_RX_QUEUE_SIZE      (64)
  18:USBUART_FIFO.c **** 
  19:USBUART_FIFO.c **** // USBUART Tx queue buffer
  20:USBUART_FIFO.c **** uint8       uartTxQueue[UART_TX_QUEUE_SIZE];    // Tx queue
  21:USBUART_FIFO.c **** uint8       uartTxCount = 0;                    // Data count in the Tx queue
  22:USBUART_FIFO.c **** CYBIT       uartZlpRequired = 0;                // Zero Length Packet(ZLP) request flag
  23:USBUART_FIFO.c **** uint8       uartTxReject = 0;                   // Number of Tx is rejected
  24:USBUART_FIFO.c **** 
  25:USBUART_FIFO.c **** // USBUART Rx queue buffer
  26:USBUART_FIFO.c **** uint8       uartRxQueue[UART_RX_QUEUE_SIZE];    // Rx queue
  27:USBUART_FIFO.c **** uint8       uartRxCount = 0;                    // Data count in the Rx queue
  28:USBUART_FIFO.c **** uint8       uartRxIndex = 0;                    // Index number of the Rx queue
  29:USBUART_FIFO.c **** CYBIT       uartRxCRDetect = 0;                 // CR detection flag
  30:USBUART_FIFO.c **** 
  31:USBUART_FIFO.c **** //
  32:USBUART_FIFO.c **** // Send 1 byte
  33:USBUART_FIFO.c **** //
  34:USBUART_FIFO.c **** static void putch_sub(const int16 ch) 
  35:USBUART_FIFO.c **** {
  60              		.loc 1 35 0
  61              		.cfi_startproc
  62              		@ args = 0, pretend = 0, frame = 16
  63              		@ frame_needed = 1, uses_anonymous_args = 0
  64 0000 80B5     		push	{r7, lr}
  65              		.cfi_def_cfa_offset 8
  66              		.cfi_offset 7, -8
  67              		.cfi_offset 14, -4
  68 0002 84B0     		sub	sp, sp, #16
  69              		.cfi_def_cfa_offset 24
  70 0004 00AF     		add	r7, sp, #0
  71              		.cfi_def_cfa_register 7
  72 0006 0346     		mov	r3, r0
  73 0008 FB80     		strh	r3, [r7, #6]	@ movhi
  74              	.L4:
  36:USBUART_FIFO.c ****     uint8 state;
  37:USBUART_FIFO.c ****     
  38:USBUART_FIFO.c ****     for (;;) 
  39:USBUART_FIFO.c ****     {
  40:USBUART_FIFO.c ****         // Wait for Tx queue is empty.
ARM GAS  C:\Users\koseki\AppData\Local\Temp\ccwVeF8s.s 			page 3


  41:USBUART_FIFO.c ****         state = CyEnterCriticalSection();
  75              		.loc 1 41 0
  76 000a FFF7FEFF 		bl	CyEnterCriticalSection
  77 000e 0346     		mov	r3, r0
  78 0010 FB73     		strb	r3, [r7, #15]
  42:USBUART_FIFO.c ****         if (uartTxCount < UART_TX_QUEUE_SIZE) break;
  79              		.loc 1 42 0
  80 0012 0E4B     		ldr	r3, .L7
  81 0014 1B78     		ldrb	r3, [r3]	@ zero_extendqisi2
  82 0016 3F2B     		cmp	r3, #63
  83 0018 04D9     		bls	.L6
  43:USBUART_FIFO.c ****         CyExitCriticalSection(state);
  84              		.loc 1 43 0
  85 001a FB7B     		ldrb	r3, [r7, #15]	@ zero_extendqisi2
  86 001c 1846     		mov	r0, r3
  87 001e FFF7FEFF 		bl	CyExitCriticalSection
  44:USBUART_FIFO.c ****     }
  88              		.loc 1 44 0
  89 0022 F2E7     		b	.L4
  90              	.L6:
  42:USBUART_FIFO.c ****         if (uartTxCount < UART_TX_QUEUE_SIZE) break;
  91              		.loc 1 42 0
  92 0024 00BF     		nop
  45:USBUART_FIFO.c ****     // Put 1 character to the Tx queue.
  46:USBUART_FIFO.c ****     uartTxQueue[uartTxCount++] = ch;
  93              		.loc 1 46 0
  94 0026 094B     		ldr	r3, .L7
  95 0028 1B78     		ldrb	r3, [r3]	@ zero_extendqisi2
  96 002a 5A1C     		adds	r2, r3, #1
  97 002c D1B2     		uxtb	r1, r2
  98 002e 074A     		ldr	r2, .L7
  99 0030 1170     		strb	r1, [r2]
 100 0032 1A46     		mov	r2, r3
 101 0034 FB88     		ldrh	r3, [r7, #6]	@ movhi
 102 0036 D9B2     		uxtb	r1, r3
 103 0038 054B     		ldr	r3, .L7+4
 104 003a 9954     		strb	r1, [r3, r2]
  47:USBUART_FIFO.c ****     CyExitCriticalSection(state);
 105              		.loc 1 47 0
 106 003c FB7B     		ldrb	r3, [r7, #15]	@ zero_extendqisi2
 107 003e 1846     		mov	r0, r3
 108 0040 FFF7FEFF 		bl	CyExitCriticalSection
  48:USBUART_FIFO.c **** }
 109              		.loc 1 48 0
 110 0044 00BF     		nop
 111 0046 1037     		adds	r7, r7, #16
 112              		.cfi_def_cfa_offset 8
 113 0048 BD46     		mov	sp, r7
 114              		.cfi_def_cfa_register 13
 115              		@ sp needed
 116 004a 80BD     		pop	{r7, pc}
 117              	.L8:
 118              		.align	2
 119              	.L7:
 120 004c 00000000 		.word	uartTxCount
 121 0050 00000000 		.word	uartTxQueue
 122              		.cfi_endproc
ARM GAS  C:\Users\koseki\AppData\Local\Temp\ccwVeF8s.s 			page 4


 123              	.LFE63:
 124              		.size	putch_sub, .-putch_sub
 125              		.section	.text.uartTxIsr,"ax",%progbits
 126              		.align	2
 127              		.global	uartTxIsr
 128              		.thumb
 129              		.thumb_func
 130              		.type	uartTxIsr, %function
 131              	uartTxIsr:
 132              	.LFB64:
  49:USBUART_FIFO.c **** 
  50:USBUART_FIFO.c **** //
  51:USBUART_FIFO.c **** // Tx ISR
  52:USBUART_FIFO.c **** //
  53:USBUART_FIFO.c **** void uartTxIsr(void)
  54:USBUART_FIFO.c **** {
 133              		.loc 1 54 0
 134              		.cfi_startproc
 135              		@ args = 0, pretend = 0, frame = 8
 136              		@ frame_needed = 1, uses_anonymous_args = 0
 137 0000 80B5     		push	{r7, lr}
 138              		.cfi_def_cfa_offset 8
 139              		.cfi_offset 7, -8
 140              		.cfi_offset 14, -4
 141 0002 82B0     		sub	sp, sp, #8
 142              		.cfi_def_cfa_offset 16
 143 0004 00AF     		add	r7, sp, #0
 144              		.cfi_def_cfa_register 7
  55:USBUART_FIFO.c ****     uint8 state = CyEnterCriticalSection();
 145              		.loc 1 55 0
 146 0006 FFF7FEFF 		bl	CyEnterCriticalSection
 147 000a 0346     		mov	r3, r0
 148 000c FB71     		strb	r3, [r7, #7]
  56:USBUART_FIFO.c ****     
  57:USBUART_FIFO.c ****     if ((uartTxCount > 0) || uartZlpRequired)
 149              		.loc 1 57 0
 150 000e 1E4B     		ldr	r3, .L13
 151 0010 1B78     		ldrb	r3, [r3]	@ zero_extendqisi2
 152 0012 002B     		cmp	r3, #0
 153 0014 03D1     		bne	.L10
 154              		.loc 1 57 0 is_stmt 0 discriminator 1
 155 0016 1D4B     		ldr	r3, .L13+4
 156 0018 1B78     		ldrb	r3, [r3]	@ zero_extendqisi2
 157 001a 002B     		cmp	r3, #0
 158 001c 2CD0     		beq	.L11
 159              	.L10:
  58:USBUART_FIFO.c ****     {
  59:USBUART_FIFO.c ****         // If there is data in the Tx buffer or ZLP is required, then send the packet.
  60:USBUART_FIFO.c ****         if (USBUART_CDCIsReady())
 160              		.loc 1 60 0 is_stmt 1
 161 001e FFF7FEFF 		bl	USBUART_CDCIsReady
 162 0022 0346     		mov	r3, r0
 163 0024 002B     		cmp	r3, #0
 164 0026 17D0     		beq	.L12
  61:USBUART_FIFO.c ****         {
  62:USBUART_FIFO.c ****             // Send the packet
  63:USBUART_FIFO.c ****             USBUART_PutData(uartTxQueue, uartTxCount);
ARM GAS  C:\Users\koseki\AppData\Local\Temp\ccwVeF8s.s 			page 5


 165              		.loc 1 63 0
 166 0028 174B     		ldr	r3, .L13
 167 002a 1B78     		ldrb	r3, [r3]	@ zero_extendqisi2
 168 002c 9BB2     		uxth	r3, r3
 169 002e 1946     		mov	r1, r3
 170 0030 1748     		ldr	r0, .L13+8
 171 0032 FFF7FEFF 		bl	USBUART_PutData
  64:USBUART_FIFO.c ****             // Tx buffer clear
  65:USBUART_FIFO.c ****             uartZlpRequired = (uartTxCount == UART_TX_QUEUE_SIZE);
 172              		.loc 1 65 0
 173 0036 144B     		ldr	r3, .L13
 174 0038 1B78     		ldrb	r3, [r3]	@ zero_extendqisi2
 175 003a 402B     		cmp	r3, #64
 176 003c 0CBF     		ite	eq
 177 003e 0123     		moveq	r3, #1
 178 0040 0023     		movne	r3, #0
 179 0042 DBB2     		uxtb	r3, r3
 180 0044 1A46     		mov	r2, r3
 181 0046 114B     		ldr	r3, .L13+4
 182 0048 1A70     		strb	r2, [r3]
  66:USBUART_FIFO.c ****             uartTxCount = 0;
 183              		.loc 1 66 0
 184 004a 0F4B     		ldr	r3, .L13
 185 004c 0022     		movs	r2, #0
 186 004e 1A70     		strb	r2, [r3]
  67:USBUART_FIFO.c ****             uartTxReject = 0;
 187              		.loc 1 67 0
 188 0050 104B     		ldr	r3, .L13+12
 189 0052 0022     		movs	r2, #0
 190 0054 1A70     		strb	r2, [r3]
 191 0056 0FE0     		b	.L11
 192              	.L12:
  68:USBUART_FIFO.c ****         }
  69:USBUART_FIFO.c ****         else if (++uartTxReject > 4)
 193              		.loc 1 69 0
 194 0058 0E4B     		ldr	r3, .L13+12
 195 005a 1B78     		ldrb	r3, [r3]	@ zero_extendqisi2
 196 005c 0133     		adds	r3, r3, #1
 197 005e DAB2     		uxtb	r2, r3
 198 0060 0C4B     		ldr	r3, .L13+12
 199 0062 1A70     		strb	r2, [r3]
 200 0064 0B4B     		ldr	r3, .L13+12
 201 0066 1B78     		ldrb	r3, [r3]	@ zero_extendqisi2
 202 0068 042B     		cmp	r3, #4
 203 006a 05D9     		bls	.L11
  70:USBUART_FIFO.c ****         {
  71:USBUART_FIFO.c ****             // Dispose the data.
  72:USBUART_FIFO.c ****             uartTxCount = 0;
 204              		.loc 1 72 0
 205 006c 064B     		ldr	r3, .L13
 206 006e 0022     		movs	r2, #0
 207 0070 1A70     		strb	r2, [r3]
  73:USBUART_FIFO.c ****             uartTxReject = 0;
 208              		.loc 1 73 0
 209 0072 084B     		ldr	r3, .L13+12
 210 0074 0022     		movs	r2, #0
 211 0076 1A70     		strb	r2, [r3]
ARM GAS  C:\Users\koseki\AppData\Local\Temp\ccwVeF8s.s 			page 6


 212              	.L11:
  74:USBUART_FIFO.c ****         }
  75:USBUART_FIFO.c ****         else
  76:USBUART_FIFO.c ****         {
  77:USBUART_FIFO.c ****             // Nothing to do in this interruption.
  78:USBUART_FIFO.c ****         }
  79:USBUART_FIFO.c ****     }
  80:USBUART_FIFO.c ****     CyExitCriticalSection(state);
 213              		.loc 1 80 0
 214 0078 FB79     		ldrb	r3, [r7, #7]	@ zero_extendqisi2
 215 007a 1846     		mov	r0, r3
 216 007c FFF7FEFF 		bl	CyExitCriticalSection
  81:USBUART_FIFO.c **** }
 217              		.loc 1 81 0
 218 0080 00BF     		nop
 219 0082 0837     		adds	r7, r7, #8
 220              		.cfi_def_cfa_offset 8
 221 0084 BD46     		mov	sp, r7
 222              		.cfi_def_cfa_register 13
 223              		@ sp needed
 224 0086 80BD     		pop	{r7, pc}
 225              	.L14:
 226              		.align	2
 227              	.L13:
 228 0088 00000000 		.word	uartTxCount
 229 008c 00000000 		.word	uartZlpRequired
 230 0090 00000000 		.word	uartTxQueue
 231 0094 00000000 		.word	uartTxReject
 232              		.cfi_endproc
 233              	.LFE64:
 234              		.size	uartTxIsr, .-uartTxIsr
 235              		.section	.text.putch,"ax",%progbits
 236              		.align	2
 237              		.global	putch
 238              		.thumb
 239              		.thumb_func
 240              		.type	putch, %function
 241              	putch:
 242              	.LFB65:
  82:USBUART_FIFO.c **** 
  83:USBUART_FIFO.c **** //
  84:USBUART_FIFO.c **** // Send one caracter to USBUART
  85:USBUART_FIFO.c **** //
  86:USBUART_FIFO.c **** void putch(const uint8 ch)
  87:USBUART_FIFO.c **** {
 243              		.loc 1 87 0
 244              		.cfi_startproc
 245              		@ args = 0, pretend = 0, frame = 8
 246              		@ frame_needed = 1, uses_anonymous_args = 0
 247 0000 80B5     		push	{r7, lr}
 248              		.cfi_def_cfa_offset 8
 249              		.cfi_offset 7, -8
 250              		.cfi_offset 14, -4
 251 0002 82B0     		sub	sp, sp, #8
 252              		.cfi_def_cfa_offset 16
 253 0004 00AF     		add	r7, sp, #0
 254              		.cfi_def_cfa_register 7
ARM GAS  C:\Users\koseki\AppData\Local\Temp\ccwVeF8s.s 			page 7


 255 0006 0346     		mov	r3, r0
 256 0008 FB71     		strb	r3, [r7, #7]
  88:USBUART_FIFO.c ****     if (ch == '\n')
 257              		.loc 1 88 0
 258 000a FB79     		ldrb	r3, [r7, #7]	@ zero_extendqisi2
 259 000c 0A2B     		cmp	r3, #10
 260 000e 02D1     		bne	.L16
  89:USBUART_FIFO.c ****     {
  90:USBUART_FIFO.c ****         // Convert 'LF' to 'CR+LF'
  91:USBUART_FIFO.c ****         putch_sub('\r');
 261              		.loc 1 91 0
 262 0010 0D20     		movs	r0, #13
 263 0012 FFF7FEFF 		bl	putch_sub
 264              	.L16:
  92:USBUART_FIFO.c ****     }
  93:USBUART_FIFO.c ****     putch_sub(ch);
 265              		.loc 1 93 0
 266 0016 FB79     		ldrb	r3, [r7, #7]	@ zero_extendqisi2
 267 0018 1BB2     		sxth	r3, r3
 268 001a 1846     		mov	r0, r3
 269 001c FFF7FEFF 		bl	putch_sub
  94:USBUART_FIFO.c **** }
 270              		.loc 1 94 0
 271 0020 00BF     		nop
 272 0022 0837     		adds	r7, r7, #8
 273              		.cfi_def_cfa_offset 8
 274 0024 BD46     		mov	sp, r7
 275              		.cfi_def_cfa_register 13
 276              		@ sp needed
 277 0026 80BD     		pop	{r7, pc}
 278              		.cfi_endproc
 279              	.LFE65:
 280              		.size	putch, .-putch
 281              		.section	.text.putstr,"ax",%progbits
 282              		.align	2
 283              		.global	putstr
 284              		.thumb
 285              		.thumb_func
 286              		.type	putstr, %function
 287              	putstr:
 288              	.LFB66:
  95:USBUART_FIFO.c **** 
  96:USBUART_FIFO.c **** //
  97:USBUART_FIFO.c **** // Send the string to USBUART
  98:USBUART_FIFO.c **** //
  99:USBUART_FIFO.c **** void putstr(const char *s)
 100:USBUART_FIFO.c **** {
 289              		.loc 1 100 0
 290              		.cfi_startproc
 291              		@ args = 0, pretend = 0, frame = 8
 292              		@ frame_needed = 1, uses_anonymous_args = 0
 293 0000 80B5     		push	{r7, lr}
 294              		.cfi_def_cfa_offset 8
 295              		.cfi_offset 7, -8
 296              		.cfi_offset 14, -4
 297 0002 82B0     		sub	sp, sp, #8
 298              		.cfi_def_cfa_offset 16
ARM GAS  C:\Users\koseki\AppData\Local\Temp\ccwVeF8s.s 			page 8


 299 0004 00AF     		add	r7, sp, #0
 300              		.cfi_def_cfa_register 7
 301 0006 7860     		str	r0, [r7, #4]
 101:USBUART_FIFO.c ****     // Display one line.
 102:USBUART_FIFO.c ****     while (*s)
 302              		.loc 1 102 0
 303 0008 06E0     		b	.L18
 304              	.L19:
 103:USBUART_FIFO.c ****         putch(*s++);
 305              		.loc 1 103 0
 306 000a 7B68     		ldr	r3, [r7, #4]
 307 000c 5A1C     		adds	r2, r3, #1
 308 000e 7A60     		str	r2, [r7, #4]
 309 0010 1B78     		ldrb	r3, [r3]	@ zero_extendqisi2
 310 0012 1846     		mov	r0, r3
 311 0014 FFF7FEFF 		bl	putch
 312              	.L18:
 102:USBUART_FIFO.c ****         putch(*s++);
 313              		.loc 1 102 0
 314 0018 7B68     		ldr	r3, [r7, #4]
 315 001a 1B78     		ldrb	r3, [r3]	@ zero_extendqisi2
 316 001c 002B     		cmp	r3, #0
 317 001e F4D1     		bne	.L19
 104:USBUART_FIFO.c **** }
 318              		.loc 1 104 0
 319 0020 00BF     		nop
 320 0022 0837     		adds	r7, r7, #8
 321              		.cfi_def_cfa_offset 8
 322 0024 BD46     		mov	sp, r7
 323              		.cfi_def_cfa_register 13
 324              		@ sp needed
 325 0026 80BD     		pop	{r7, pc}
 326              		.cfi_endproc
 327              	.LFE66:
 328              		.size	putstr, .-putstr
 329              		.section	.text.uartRxIsr,"ax",%progbits
 330              		.align	2
 331              		.global	uartRxIsr
 332              		.thumb
 333              		.thumb_func
 334              		.type	uartRxIsr, %function
 335              	uartRxIsr:
 336              	.LFB67:
 105:USBUART_FIFO.c **** 
 106:USBUART_FIFO.c **** //
 107:USBUART_FIFO.c **** // Rx ISR
 108:USBUART_FIFO.c **** //
 109:USBUART_FIFO.c **** void uartRxIsr(void)
 110:USBUART_FIFO.c **** {
 337              		.loc 1 110 0
 338              		.cfi_startproc
 339              		@ args = 0, pretend = 0, frame = 8
 340              		@ frame_needed = 1, uses_anonymous_args = 0
 341 0000 80B5     		push	{r7, lr}
 342              		.cfi_def_cfa_offset 8
 343              		.cfi_offset 7, -8
 344              		.cfi_offset 14, -4
ARM GAS  C:\Users\koseki\AppData\Local\Temp\ccwVeF8s.s 			page 9


 345 0002 82B0     		sub	sp, sp, #8
 346              		.cfi_def_cfa_offset 16
 347 0004 00AF     		add	r7, sp, #0
 348              		.cfi_def_cfa_register 7
 111:USBUART_FIFO.c ****     uint8 state = CyEnterCriticalSection();
 349              		.loc 1 111 0
 350 0006 FFF7FEFF 		bl	CyEnterCriticalSection
 351 000a 0346     		mov	r3, r0
 352 000c FB71     		strb	r3, [r7, #7]
 112:USBUART_FIFO.c **** 
 113:USBUART_FIFO.c ****     // Rx buffer is empty
 114:USBUART_FIFO.c ****     if (uartRxIndex >= uartRxCount)
 353              		.loc 1 114 0
 354 000e 0E4B     		ldr	r3, .L22
 355 0010 1A78     		ldrb	r2, [r3]	@ zero_extendqisi2
 356 0012 0E4B     		ldr	r3, .L22+4
 357 0014 1B78     		ldrb	r3, [r3]	@ zero_extendqisi2
 358 0016 9A42     		cmp	r2, r3
 359 0018 0ED3     		bcc	.L21
 115:USBUART_FIFO.c ****     {
 116:USBUART_FIFO.c ****         // Is there any data received?
 117:USBUART_FIFO.c ****         if (USBUART_DataIsReady())
 360              		.loc 1 117 0
 361 001a FFF7FEFF 		bl	USBUART_DataIsReady
 362 001e 0346     		mov	r3, r0
 363 0020 002B     		cmp	r3, #0
 364 0022 09D0     		beq	.L21
 118:USBUART_FIFO.c ****         {
 119:USBUART_FIFO.c ****             // Get the Rx data to Rx buffer
 120:USBUART_FIFO.c ****             uartRxCount = USBUART_GetAll(uartRxQueue);
 365              		.loc 1 120 0
 366 0024 0A48     		ldr	r0, .L22+8
 367 0026 FFF7FEFF 		bl	USBUART_GetAll
 368 002a 0346     		mov	r3, r0
 369 002c DAB2     		uxtb	r2, r3
 370 002e 074B     		ldr	r3, .L22+4
 371 0030 1A70     		strb	r2, [r3]
 121:USBUART_FIFO.c ****             uartRxIndex = 0;
 372              		.loc 1 121 0
 373 0032 054B     		ldr	r3, .L22
 374 0034 0022     		movs	r2, #0
 375 0036 1A70     		strb	r2, [r3]
 376              	.L21:
 122:USBUART_FIFO.c ****         }
 123:USBUART_FIFO.c ****     }
 124:USBUART_FIFO.c ****     CyExitCriticalSection(state);
 377              		.loc 1 124 0
 378 0038 FB79     		ldrb	r3, [r7, #7]	@ zero_extendqisi2
 379 003a 1846     		mov	r0, r3
 380 003c FFF7FEFF 		bl	CyExitCriticalSection
 125:USBUART_FIFO.c **** }
 381              		.loc 1 125 0
 382 0040 00BF     		nop
 383 0042 0837     		adds	r7, r7, #8
 384              		.cfi_def_cfa_offset 8
 385 0044 BD46     		mov	sp, r7
 386              		.cfi_def_cfa_register 13
ARM GAS  C:\Users\koseki\AppData\Local\Temp\ccwVeF8s.s 			page 10


 387              		@ sp needed
 388 0046 80BD     		pop	{r7, pc}
 389              	.L23:
 390              		.align	2
 391              	.L22:
 392 0048 00000000 		.word	uartRxIndex
 393 004c 00000000 		.word	uartRxCount
 394 0050 00000000 		.word	uartRxQueue
 395              		.cfi_endproc
 396              	.LFE67:
 397              		.size	uartRxIsr, .-uartRxIsr
 398              		.section	.text.getch_sub,"ax",%progbits
 399              		.align	2
 400              		.global	getch_sub
 401              		.thumb
 402              		.thumb_func
 403              		.type	getch_sub, %function
 404              	getch_sub:
 405              	.LFB68:
 126:USBUART_FIFO.c **** 
 127:USBUART_FIFO.c **** //
 128:USBUART_FIFO.c **** // Get one byte
 129:USBUART_FIFO.c **** //
 130:USBUART_FIFO.c **** uint8 getch_sub(void)
 131:USBUART_FIFO.c **** {
 406              		.loc 1 131 0
 407              		.cfi_startproc
 408              		@ args = 0, pretend = 0, frame = 8
 409              		@ frame_needed = 1, uses_anonymous_args = 0
 410 0000 80B5     		push	{r7, lr}
 411              		.cfi_def_cfa_offset 8
 412              		.cfi_offset 7, -8
 413              		.cfi_offset 14, -4
 414 0002 82B0     		sub	sp, sp, #8
 415              		.cfi_def_cfa_offset 16
 416 0004 00AF     		add	r7, sp, #0
 417              		.cfi_def_cfa_register 7
 132:USBUART_FIFO.c ****     uint8 ch = -1;
 418              		.loc 1 132 0
 419 0006 FF23     		movs	r3, #255
 420 0008 FB71     		strb	r3, [r7, #7]
 133:USBUART_FIFO.c ****     
 134:USBUART_FIFO.c ****     uint8 state = CyEnterCriticalSection();
 421              		.loc 1 134 0
 422 000a FFF7FEFF 		bl	CyEnterCriticalSection
 423 000e 0346     		mov	r3, r0
 424 0010 BB71     		strb	r3, [r7, #6]
 135:USBUART_FIFO.c ****     
 136:USBUART_FIFO.c ****     // Is there any data in the Rx buffer?
 137:USBUART_FIFO.c ****     if (uartRxIndex < uartRxCount)
 425              		.loc 1 137 0
 426 0012 0C4B     		ldr	r3, .L27
 427 0014 1A78     		ldrb	r2, [r3]	@ zero_extendqisi2
 428 0016 0C4B     		ldr	r3, .L27+4
 429 0018 1B78     		ldrb	r3, [r3]	@ zero_extendqisi2
 430 001a 9A42     		cmp	r2, r3
 431 001c 09D2     		bcs	.L25
ARM GAS  C:\Users\koseki\AppData\Local\Temp\ccwVeF8s.s 			page 11


 138:USBUART_FIFO.c ****     {
 139:USBUART_FIFO.c ****         // If so, then get one character.
 140:USBUART_FIFO.c ****         ch = uartRxQueue[uartRxIndex++];
 432              		.loc 1 140 0
 433 001e 094B     		ldr	r3, .L27
 434 0020 1B78     		ldrb	r3, [r3]	@ zero_extendqisi2
 435 0022 5A1C     		adds	r2, r3, #1
 436 0024 D1B2     		uxtb	r1, r2
 437 0026 074A     		ldr	r2, .L27
 438 0028 1170     		strb	r1, [r2]
 439 002a 1A46     		mov	r2, r3
 440 002c 074B     		ldr	r3, .L27+8
 441 002e 9B5C     		ldrb	r3, [r3, r2]
 442 0030 FB71     		strb	r3, [r7, #7]
 443              	.L25:
 141:USBUART_FIFO.c ****     }
 142:USBUART_FIFO.c ****     CyExitCriticalSection(state);
 444              		.loc 1 142 0
 445 0032 BB79     		ldrb	r3, [r7, #6]	@ zero_extendqisi2
 446 0034 1846     		mov	r0, r3
 447 0036 FFF7FEFF 		bl	CyExitCriticalSection
 143:USBUART_FIFO.c ****     return ch;
 448              		.loc 1 143 0
 449 003a FB79     		ldrb	r3, [r7, #7]	@ zero_extendqisi2
 144:USBUART_FIFO.c **** }
 450              		.loc 1 144 0
 451 003c 1846     		mov	r0, r3
 452 003e 0837     		adds	r7, r7, #8
 453              		.cfi_def_cfa_offset 8
 454 0040 BD46     		mov	sp, r7
 455              		.cfi_def_cfa_register 13
 456              		@ sp needed
 457 0042 80BD     		pop	{r7, pc}
 458              	.L28:
 459              		.align	2
 460              	.L27:
 461 0044 00000000 		.word	uartRxIndex
 462 0048 00000000 		.word	uartRxCount
 463 004c 00000000 		.word	uartRxQueue
 464              		.cfi_endproc
 465              	.LFE68:
 466              		.size	getch_sub, .-getch_sub
 467              		.section	.text.getch,"ax",%progbits
 468              		.align	2
 469              		.global	getch
 470              		.thumb
 471              		.thumb_func
 472              		.type	getch, %function
 473              	getch:
 474              	.LFB69:
 145:USBUART_FIFO.c **** 
 146:USBUART_FIFO.c **** //
 147:USBUART_FIFO.c **** // Receive one character from USBUART
 148:USBUART_FIFO.c **** //
 149:USBUART_FIFO.c **** uint8 getch(void)
 150:USBUART_FIFO.c **** {
 475              		.loc 1 150 0
ARM GAS  C:\Users\koseki\AppData\Local\Temp\ccwVeF8s.s 			page 12


 476              		.cfi_startproc
 477              		@ args = 0, pretend = 0, frame = 8
 478              		@ frame_needed = 1, uses_anonymous_args = 0
 479 0000 80B5     		push	{r7, lr}
 480              		.cfi_def_cfa_offset 8
 481              		.cfi_offset 7, -8
 482              		.cfi_offset 14, -4
 483 0002 82B0     		sub	sp, sp, #8
 484              		.cfi_def_cfa_offset 16
 485 0004 00AF     		add	r7, sp, #0
 486              		.cfi_def_cfa_register 7
 151:USBUART_FIFO.c ****     uint8 ch = getch_sub();
 487              		.loc 1 151 0
 488 0006 FFF7FEFF 		bl	getch_sub
 489 000a 0346     		mov	r3, r0
 490 000c FB71     		strb	r3, [r7, #7]
 152:USBUART_FIFO.c ****     
 153:USBUART_FIFO.c ****     if (uartRxCRDetect && ch == '\n')
 491              		.loc 1 153 0
 492 000e 0E4B     		ldr	r3, .L33
 493 0010 1B78     		ldrb	r3, [r3]	@ zero_extendqisi2
 494 0012 002B     		cmp	r3, #0
 495 0014 0AD0     		beq	.L30
 496              		.loc 1 153 0 is_stmt 0 discriminator 1
 497 0016 FB79     		ldrb	r3, [r7, #7]	@ zero_extendqisi2
 498 0018 0A2B     		cmp	r3, #10
 499 001a 07D1     		bne	.L30
 154:USBUART_FIFO.c ****     {
 155:USBUART_FIFO.c ****         uartRxCRDetect = 0;
 500              		.loc 1 155 0 is_stmt 1
 501 001c 0A4B     		ldr	r3, .L33
 502 001e 0022     		movs	r2, #0
 503 0020 1A70     		strb	r2, [r3]
 156:USBUART_FIFO.c ****         ch = getch_sub();
 504              		.loc 1 156 0
 505 0022 FFF7FEFF 		bl	getch_sub
 506 0026 0346     		mov	r3, r0
 507 0028 FB71     		strb	r3, [r7, #7]
 508 002a 07E0     		b	.L31
 509              	.L30:
 157:USBUART_FIFO.c ****     }
 158:USBUART_FIFO.c ****     else if (ch == '\r')
 510              		.loc 1 158 0
 511 002c FB79     		ldrb	r3, [r7, #7]	@ zero_extendqisi2
 512 002e 0D2B     		cmp	r3, #13
 513 0030 04D1     		bne	.L31
 159:USBUART_FIFO.c ****     {
 160:USBUART_FIFO.c ****         ch = '\n';
 514              		.loc 1 160 0
 515 0032 0A23     		movs	r3, #10
 516 0034 FB71     		strb	r3, [r7, #7]
 161:USBUART_FIFO.c ****         uartRxCRDetect = 1;
 517              		.loc 1 161 0
 518 0036 044B     		ldr	r3, .L33
 519 0038 0122     		movs	r2, #1
 520 003a 1A70     		strb	r2, [r3]
 521              	.L31:
ARM GAS  C:\Users\koseki\AppData\Local\Temp\ccwVeF8s.s 			page 13


 162:USBUART_FIFO.c ****     }
 163:USBUART_FIFO.c ****     return ch;
 522              		.loc 1 163 0
 523 003c FB79     		ldrb	r3, [r7, #7]	@ zero_extendqisi2
 164:USBUART_FIFO.c **** }
 524              		.loc 1 164 0
 525 003e 1846     		mov	r0, r3
 526 0040 0837     		adds	r7, r7, #8
 527              		.cfi_def_cfa_offset 8
 528 0042 BD46     		mov	sp, r7
 529              		.cfi_def_cfa_register 13
 530              		@ sp needed
 531 0044 80BD     		pop	{r7, pc}
 532              	.L34:
 533 0046 00BF     		.align	2
 534              	.L33:
 535 0048 00000000 		.word	uartRxCRDetect
 536              		.cfi_endproc
 537              	.LFE69:
 538              		.size	getch, .-getch
 539              		.text
 540              	.Letext0:
 541              		.file 2 "c:\\program files (x86)\\cypress\\psoc creator\\4.4\\psoc creator\\import\\gnu\\arm\\5.4.
 542              		.file 3 "c:\\program files (x86)\\cypress\\psoc creator\\4.4\\psoc creator\\import\\gnu\\arm\\5.4.
 543              		.file 4 "Generated_Source\\PSoC5/cytypes.h"
 544              		.file 5 "Generated_Source\\PSoC5/core_cm3.h"
 545              		.section	.debug_info,"",%progbits
 546              	.Ldebug_info0:
 547 0000 91020000 		.4byte	0x291
 548 0004 0400     		.2byte	0x4
 549 0006 00000000 		.4byte	.Ldebug_abbrev0
 550 000a 04       		.byte	0x4
 551 000b 01       		.uleb128 0x1
 552 000c 00000000 		.4byte	.LASF34
 553 0010 0C       		.byte	0xc
 554 0011 1E010000 		.4byte	.LASF35
 555 0015 12020000 		.4byte	.LASF36
 556 0019 00000000 		.4byte	.Ldebug_ranges0+0
 557 001d 00000000 		.4byte	0
 558 0021 00000000 		.4byte	.Ldebug_line0
 559 0025 02       		.uleb128 0x2
 560 0026 01       		.byte	0x1
 561 0027 06       		.byte	0x6
 562 0028 C9000000 		.4byte	.LASF0
 563 002c 02       		.uleb128 0x2
 564 002d 01       		.byte	0x1
 565 002e 08       		.byte	0x8
 566 002f D5000000 		.4byte	.LASF1
 567 0033 02       		.uleb128 0x2
 568 0034 02       		.byte	0x2
 569 0035 05       		.byte	0x5
 570 0036 BD010000 		.4byte	.LASF2
 571 003a 02       		.uleb128 0x2
 572 003b 02       		.byte	0x2
 573 003c 07       		.byte	0x7
 574 003d 0B010000 		.4byte	.LASF3
 575 0041 03       		.uleb128 0x3
ARM GAS  C:\Users\koseki\AppData\Local\Temp\ccwVeF8s.s 			page 14


 576 0042 94000000 		.4byte	.LASF9
 577 0046 02       		.byte	0x2
 578 0047 3F       		.byte	0x3f
 579 0048 4C000000 		.4byte	0x4c
 580 004c 02       		.uleb128 0x2
 581 004d 04       		.byte	0x4
 582 004e 05       		.byte	0x5
 583 004f FD010000 		.4byte	.LASF4
 584 0053 02       		.uleb128 0x2
 585 0054 04       		.byte	0x4
 586 0055 07       		.byte	0x7
 587 0056 F9000000 		.4byte	.LASF5
 588 005a 02       		.uleb128 0x2
 589 005b 08       		.byte	0x8
 590 005c 05       		.byte	0x5
 591 005d 9E010000 		.4byte	.LASF6
 592 0061 02       		.uleb128 0x2
 593 0062 08       		.byte	0x8
 594 0063 07       		.byte	0x7
 595 0064 69010000 		.4byte	.LASF7
 596 0068 04       		.uleb128 0x4
 597 0069 04       		.byte	0x4
 598 006a 05       		.byte	0x5
 599 006b 696E7400 		.ascii	"int\000"
 600 006f 02       		.uleb128 0x2
 601 0070 04       		.byte	0x4
 602 0071 07       		.byte	0x7
 603 0072 5C010000 		.4byte	.LASF8
 604 0076 03       		.uleb128 0x3
 605 0077 8D010000 		.4byte	.LASF10
 606 007b 03       		.byte	0x3
 607 007c 2C       		.byte	0x2c
 608 007d 41000000 		.4byte	0x41
 609 0081 05       		.uleb128 0x5
 610 0082 CE010000 		.4byte	.LASF11
 611 0086 04       		.byte	0x4
 612 0087 9201     		.2byte	0x192
 613 0089 2C000000 		.4byte	0x2c
 614 008d 05       		.uleb128 0x5
 615 008e F3000000 		.4byte	.LASF12
 616 0092 04       		.byte	0x4
 617 0093 9601     		.2byte	0x196
 618 0095 33000000 		.4byte	0x33
 619 0099 02       		.uleb128 0x2
 620 009a 04       		.byte	0x4
 621 009b 04       		.byte	0x4
 622 009c C3000000 		.4byte	.LASF13
 623 00a0 02       		.uleb128 0x2
 624 00a1 08       		.byte	0x8
 625 00a2 04       		.byte	0x4
 626 00a3 43010000 		.4byte	.LASF14
 627 00a7 02       		.uleb128 0x2
 628 00a8 01       		.byte	0x1
 629 00a9 08       		.byte	0x8
 630 00aa B8010000 		.4byte	.LASF15
 631 00ae 02       		.uleb128 0x2
 632 00af 08       		.byte	0x8
ARM GAS  C:\Users\koseki\AppData\Local\Temp\ccwVeF8s.s 			page 15


 633 00b0 04       		.byte	0x4
 634 00b1 06020000 		.4byte	.LASF16
 635 00b5 02       		.uleb128 0x2
 636 00b6 04       		.byte	0x4
 637 00b7 07       		.byte	0x7
 638 00b8 95010000 		.4byte	.LASF17
 639 00bc 06       		.uleb128 0x6
 640 00bd 04       		.byte	0x4
 641 00be C2000000 		.4byte	0xc2
 642 00c2 07       		.uleb128 0x7
 643 00c3 A7000000 		.4byte	0xa7
 644 00c7 08       		.uleb128 0x8
 645 00c8 81000000 		.4byte	0x81
 646 00cc D7000000 		.4byte	0xd7
 647 00d0 09       		.uleb128 0x9
 648 00d1 B5000000 		.4byte	0xb5
 649 00d5 3F       		.byte	0x3f
 650 00d6 00       		.byte	0
 651 00d7 0A       		.uleb128 0xa
 652 00d8 2D010000 		.4byte	.LASF37
 653 00dc 01       		.byte	0x1
 654 00dd 22       		.byte	0x22
 655 00de 00000000 		.4byte	.LFB63
 656 00e2 54000000 		.4byte	.LFE63-.LFB63
 657 00e6 01       		.uleb128 0x1
 658 00e7 9C       		.byte	0x9c
 659 00e8 08010000 		.4byte	0x108
 660 00ec 0B       		.uleb128 0xb
 661 00ed 636800   		.ascii	"ch\000"
 662 00f0 01       		.byte	0x1
 663 00f1 22       		.byte	0x22
 664 00f2 08010000 		.4byte	0x108
 665 00f6 02       		.uleb128 0x2
 666 00f7 91       		.byte	0x91
 667 00f8 6E       		.sleb128 -18
 668 00f9 0C       		.uleb128 0xc
 669 00fa 8E000000 		.4byte	.LASF18
 670 00fe 01       		.byte	0x1
 671 00ff 24       		.byte	0x24
 672 0100 81000000 		.4byte	0x81
 673 0104 02       		.uleb128 0x2
 674 0105 91       		.byte	0x91
 675 0106 77       		.sleb128 -9
 676 0107 00       		.byte	0
 677 0108 07       		.uleb128 0x7
 678 0109 8D000000 		.4byte	0x8d
 679 010d 0D       		.uleb128 0xd
 680 010e E9000000 		.4byte	.LASF19
 681 0112 01       		.byte	0x1
 682 0113 35       		.byte	0x35
 683 0114 00000000 		.4byte	.LFB64
 684 0118 98000000 		.4byte	.LFE64-.LFB64
 685 011c 01       		.uleb128 0x1
 686 011d 9C       		.byte	0x9c
 687 011e 31010000 		.4byte	0x131
 688 0122 0C       		.uleb128 0xc
 689 0123 8E000000 		.4byte	.LASF18
ARM GAS  C:\Users\koseki\AppData\Local\Temp\ccwVeF8s.s 			page 16


 690 0127 01       		.byte	0x1
 691 0128 37       		.byte	0x37
 692 0129 81000000 		.4byte	0x81
 693 012d 02       		.uleb128 0x2
 694 012e 91       		.byte	0x91
 695 012f 77       		.sleb128 -9
 696 0130 00       		.byte	0
 697 0131 0D       		.uleb128 0xd
 698 0132 E3000000 		.4byte	.LASF20
 699 0136 01       		.byte	0x1
 700 0137 56       		.byte	0x56
 701 0138 00000000 		.4byte	.LFB65
 702 013c 28000000 		.4byte	.LFE65-.LFB65
 703 0140 01       		.uleb128 0x1
 704 0141 9C       		.byte	0x9c
 705 0142 54010000 		.4byte	0x154
 706 0146 0B       		.uleb128 0xb
 707 0147 636800   		.ascii	"ch\000"
 708 014a 01       		.byte	0x1
 709 014b 56       		.byte	0x56
 710 014c 54010000 		.4byte	0x154
 711 0150 02       		.uleb128 0x2
 712 0151 91       		.byte	0x91
 713 0152 77       		.sleb128 -9
 714 0153 00       		.byte	0
 715 0154 07       		.uleb128 0x7
 716 0155 81000000 		.4byte	0x81
 717 0159 0D       		.uleb128 0xd
 718 015a C7010000 		.4byte	.LASF21
 719 015e 01       		.byte	0x1
 720 015f 63       		.byte	0x63
 721 0160 00000000 		.4byte	.LFB66
 722 0164 28000000 		.4byte	.LFE66-.LFB66
 723 0168 01       		.uleb128 0x1
 724 0169 9C       		.byte	0x9c
 725 016a 7B010000 		.4byte	0x17b
 726 016e 0B       		.uleb128 0xb
 727 016f 7300     		.ascii	"s\000"
 728 0171 01       		.byte	0x1
 729 0172 63       		.byte	0x63
 730 0173 BC000000 		.4byte	0xbc
 731 0177 02       		.uleb128 0x2
 732 0178 91       		.byte	0x91
 733 0179 74       		.sleb128 -12
 734 017a 00       		.byte	0
 735 017b 0D       		.uleb128 0xd
 736 017c F3010000 		.4byte	.LASF22
 737 0180 01       		.byte	0x1
 738 0181 6D       		.byte	0x6d
 739 0182 00000000 		.4byte	.LFB67
 740 0186 54000000 		.4byte	.LFE67-.LFB67
 741 018a 01       		.uleb128 0x1
 742 018b 9C       		.byte	0x9c
 743 018c 9F010000 		.4byte	0x19f
 744 0190 0C       		.uleb128 0xc
 745 0191 8E000000 		.4byte	.LASF18
 746 0195 01       		.byte	0x1
ARM GAS  C:\Users\koseki\AppData\Local\Temp\ccwVeF8s.s 			page 17


 747 0196 6F       		.byte	0x6f
 748 0197 81000000 		.4byte	0x81
 749 019b 02       		.uleb128 0x2
 750 019c 91       		.byte	0x91
 751 019d 77       		.sleb128 -9
 752 019e 00       		.byte	0
 753 019f 0E       		.uleb128 0xe
 754 01a0 6A020000 		.4byte	.LASF23
 755 01a4 01       		.byte	0x1
 756 01a5 82       		.byte	0x82
 757 01a6 81000000 		.4byte	0x81
 758 01aa 00000000 		.4byte	.LFB68
 759 01ae 50000000 		.4byte	.LFE68-.LFB68
 760 01b2 01       		.uleb128 0x1
 761 01b3 9C       		.byte	0x9c
 762 01b4 D4010000 		.4byte	0x1d4
 763 01b8 0F       		.uleb128 0xf
 764 01b9 636800   		.ascii	"ch\000"
 765 01bc 01       		.byte	0x1
 766 01bd 84       		.byte	0x84
 767 01be 81000000 		.4byte	0x81
 768 01c2 02       		.uleb128 0x2
 769 01c3 91       		.byte	0x91
 770 01c4 77       		.sleb128 -9
 771 01c5 0C       		.uleb128 0xc
 772 01c6 8E000000 		.4byte	.LASF18
 773 01ca 01       		.byte	0x1
 774 01cb 86       		.byte	0x86
 775 01cc 81000000 		.4byte	0x81
 776 01d0 02       		.uleb128 0x2
 777 01d1 91       		.byte	0x91
 778 01d2 76       		.sleb128 -10
 779 01d3 00       		.byte	0
 780 01d4 0E       		.uleb128 0xe
 781 01d5 4A010000 		.4byte	.LASF24
 782 01d9 01       		.byte	0x1
 783 01da 95       		.byte	0x95
 784 01db 81000000 		.4byte	0x81
 785 01df 00000000 		.4byte	.LFB69
 786 01e3 4C000000 		.4byte	.LFE69-.LFB69
 787 01e7 01       		.uleb128 0x1
 788 01e8 9C       		.byte	0x9c
 789 01e9 FB010000 		.4byte	0x1fb
 790 01ed 0F       		.uleb128 0xf
 791 01ee 636800   		.ascii	"ch\000"
 792 01f1 01       		.byte	0x1
 793 01f2 97       		.byte	0x97
 794 01f3 81000000 		.4byte	0x81
 795 01f7 02       		.uleb128 0x2
 796 01f8 91       		.byte	0x91
 797 01f9 77       		.sleb128 -9
 798 01fa 00       		.byte	0
 799 01fb 10       		.uleb128 0x10
 800 01fc 80010000 		.4byte	.LASF25
 801 0200 05       		.byte	0x5
 802 0201 1207     		.2byte	0x712
 803 0203 07020000 		.4byte	0x207
ARM GAS  C:\Users\koseki\AppData\Local\Temp\ccwVeF8s.s 			page 18


 804 0207 11       		.uleb128 0x11
 805 0208 76000000 		.4byte	0x76
 806 020c 12       		.uleb128 0x12
 807 020d 37010000 		.4byte	.LASF26
 808 0211 01       		.byte	0x1
 809 0212 14       		.byte	0x14
 810 0213 C7000000 		.4byte	0xc7
 811 0217 05       		.uleb128 0x5
 812 0218 03       		.byte	0x3
 813 0219 00000000 		.4byte	uartTxQueue
 814 021d 12       		.uleb128 0x12
 815 021e AC010000 		.4byte	.LASF27
 816 0222 01       		.byte	0x1
 817 0223 15       		.byte	0x15
 818 0224 81000000 		.4byte	0x81
 819 0228 05       		.uleb128 0x5
 820 0229 03       		.byte	0x3
 821 022a 00000000 		.4byte	uartTxCount
 822 022e 12       		.uleb128 0x12
 823 022f D4010000 		.4byte	.LASF28
 824 0233 01       		.byte	0x1
 825 0234 16       		.byte	0x16
 826 0235 81000000 		.4byte	0x81
 827 0239 05       		.uleb128 0x5
 828 023a 03       		.byte	0x3
 829 023b 00000000 		.4byte	uartZlpRequired
 830 023f 12       		.uleb128 0x12
 831 0240 9E000000 		.4byte	.LASF29
 832 0244 01       		.byte	0x1
 833 0245 17       		.byte	0x17
 834 0246 81000000 		.4byte	0x81
 835 024a 05       		.uleb128 0x5
 836 024b 03       		.byte	0x3
 837 024c 00000000 		.4byte	uartTxReject
 838 0250 12       		.uleb128 0x12
 839 0251 B7000000 		.4byte	.LASF30
 840 0255 01       		.byte	0x1
 841 0256 1A       		.byte	0x1a
 842 0257 C7000000 		.4byte	0xc7
 843 025b 05       		.uleb128 0x5
 844 025c 03       		.byte	0x3
 845 025d 00000000 		.4byte	uartRxQueue
 846 0261 12       		.uleb128 0x12
 847 0262 50010000 		.4byte	.LASF31
 848 0266 01       		.byte	0x1
 849 0267 1B       		.byte	0x1b
 850 0268 81000000 		.4byte	0x81
 851 026c 05       		.uleb128 0x5
 852 026d 03       		.byte	0x3
 853 026e 00000000 		.4byte	uartRxCount
 854 0272 12       		.uleb128 0x12
 855 0273 AB000000 		.4byte	.LASF32
 856 0277 01       		.byte	0x1
 857 0278 1C       		.byte	0x1c
 858 0279 81000000 		.4byte	0x81
 859 027d 05       		.uleb128 0x5
 860 027e 03       		.byte	0x3
ARM GAS  C:\Users\koseki\AppData\Local\Temp\ccwVeF8s.s 			page 19


 861 027f 00000000 		.4byte	uartRxIndex
 862 0283 12       		.uleb128 0x12
 863 0284 E4010000 		.4byte	.LASF33
 864 0288 01       		.byte	0x1
 865 0289 1D       		.byte	0x1d
 866 028a 81000000 		.4byte	0x81
 867 028e 05       		.uleb128 0x5
 868 028f 03       		.byte	0x3
 869 0290 00000000 		.4byte	uartRxCRDetect
 870 0294 00       		.byte	0
 871              		.section	.debug_abbrev,"",%progbits
 872              	.Ldebug_abbrev0:
 873 0000 01       		.uleb128 0x1
 874 0001 11       		.uleb128 0x11
 875 0002 01       		.byte	0x1
 876 0003 25       		.uleb128 0x25
 877 0004 0E       		.uleb128 0xe
 878 0005 13       		.uleb128 0x13
 879 0006 0B       		.uleb128 0xb
 880 0007 03       		.uleb128 0x3
 881 0008 0E       		.uleb128 0xe
 882 0009 1B       		.uleb128 0x1b
 883 000a 0E       		.uleb128 0xe
 884 000b 55       		.uleb128 0x55
 885 000c 17       		.uleb128 0x17
 886 000d 11       		.uleb128 0x11
 887 000e 01       		.uleb128 0x1
 888 000f 10       		.uleb128 0x10
 889 0010 17       		.uleb128 0x17
 890 0011 00       		.byte	0
 891 0012 00       		.byte	0
 892 0013 02       		.uleb128 0x2
 893 0014 24       		.uleb128 0x24
 894 0015 00       		.byte	0
 895 0016 0B       		.uleb128 0xb
 896 0017 0B       		.uleb128 0xb
 897 0018 3E       		.uleb128 0x3e
 898 0019 0B       		.uleb128 0xb
 899 001a 03       		.uleb128 0x3
 900 001b 0E       		.uleb128 0xe
 901 001c 00       		.byte	0
 902 001d 00       		.byte	0
 903 001e 03       		.uleb128 0x3
 904 001f 16       		.uleb128 0x16
 905 0020 00       		.byte	0
 906 0021 03       		.uleb128 0x3
 907 0022 0E       		.uleb128 0xe
 908 0023 3A       		.uleb128 0x3a
 909 0024 0B       		.uleb128 0xb
 910 0025 3B       		.uleb128 0x3b
 911 0026 0B       		.uleb128 0xb
 912 0027 49       		.uleb128 0x49
 913 0028 13       		.uleb128 0x13
 914 0029 00       		.byte	0
 915 002a 00       		.byte	0
 916 002b 04       		.uleb128 0x4
 917 002c 24       		.uleb128 0x24
ARM GAS  C:\Users\koseki\AppData\Local\Temp\ccwVeF8s.s 			page 20


 918 002d 00       		.byte	0
 919 002e 0B       		.uleb128 0xb
 920 002f 0B       		.uleb128 0xb
 921 0030 3E       		.uleb128 0x3e
 922 0031 0B       		.uleb128 0xb
 923 0032 03       		.uleb128 0x3
 924 0033 08       		.uleb128 0x8
 925 0034 00       		.byte	0
 926 0035 00       		.byte	0
 927 0036 05       		.uleb128 0x5
 928 0037 16       		.uleb128 0x16
 929 0038 00       		.byte	0
 930 0039 03       		.uleb128 0x3
 931 003a 0E       		.uleb128 0xe
 932 003b 3A       		.uleb128 0x3a
 933 003c 0B       		.uleb128 0xb
 934 003d 3B       		.uleb128 0x3b
 935 003e 05       		.uleb128 0x5
 936 003f 49       		.uleb128 0x49
 937 0040 13       		.uleb128 0x13
 938 0041 00       		.byte	0
 939 0042 00       		.byte	0
 940 0043 06       		.uleb128 0x6
 941 0044 0F       		.uleb128 0xf
 942 0045 00       		.byte	0
 943 0046 0B       		.uleb128 0xb
 944 0047 0B       		.uleb128 0xb
 945 0048 49       		.uleb128 0x49
 946 0049 13       		.uleb128 0x13
 947 004a 00       		.byte	0
 948 004b 00       		.byte	0
 949 004c 07       		.uleb128 0x7
 950 004d 26       		.uleb128 0x26
 951 004e 00       		.byte	0
 952 004f 49       		.uleb128 0x49
 953 0050 13       		.uleb128 0x13
 954 0051 00       		.byte	0
 955 0052 00       		.byte	0
 956 0053 08       		.uleb128 0x8
 957 0054 01       		.uleb128 0x1
 958 0055 01       		.byte	0x1
 959 0056 49       		.uleb128 0x49
 960 0057 13       		.uleb128 0x13
 961 0058 01       		.uleb128 0x1
 962 0059 13       		.uleb128 0x13
 963 005a 00       		.byte	0
 964 005b 00       		.byte	0
 965 005c 09       		.uleb128 0x9
 966 005d 21       		.uleb128 0x21
 967 005e 00       		.byte	0
 968 005f 49       		.uleb128 0x49
 969 0060 13       		.uleb128 0x13
 970 0061 2F       		.uleb128 0x2f
 971 0062 0B       		.uleb128 0xb
 972 0063 00       		.byte	0
 973 0064 00       		.byte	0
 974 0065 0A       		.uleb128 0xa
ARM GAS  C:\Users\koseki\AppData\Local\Temp\ccwVeF8s.s 			page 21


 975 0066 2E       		.uleb128 0x2e
 976 0067 01       		.byte	0x1
 977 0068 03       		.uleb128 0x3
 978 0069 0E       		.uleb128 0xe
 979 006a 3A       		.uleb128 0x3a
 980 006b 0B       		.uleb128 0xb
 981 006c 3B       		.uleb128 0x3b
 982 006d 0B       		.uleb128 0xb
 983 006e 27       		.uleb128 0x27
 984 006f 19       		.uleb128 0x19
 985 0070 11       		.uleb128 0x11
 986 0071 01       		.uleb128 0x1
 987 0072 12       		.uleb128 0x12
 988 0073 06       		.uleb128 0x6
 989 0074 40       		.uleb128 0x40
 990 0075 18       		.uleb128 0x18
 991 0076 9642     		.uleb128 0x2116
 992 0078 19       		.uleb128 0x19
 993 0079 01       		.uleb128 0x1
 994 007a 13       		.uleb128 0x13
 995 007b 00       		.byte	0
 996 007c 00       		.byte	0
 997 007d 0B       		.uleb128 0xb
 998 007e 05       		.uleb128 0x5
 999 007f 00       		.byte	0
 1000 0080 03       		.uleb128 0x3
 1001 0081 08       		.uleb128 0x8
 1002 0082 3A       		.uleb128 0x3a
 1003 0083 0B       		.uleb128 0xb
 1004 0084 3B       		.uleb128 0x3b
 1005 0085 0B       		.uleb128 0xb
 1006 0086 49       		.uleb128 0x49
 1007 0087 13       		.uleb128 0x13
 1008 0088 02       		.uleb128 0x2
 1009 0089 18       		.uleb128 0x18
 1010 008a 00       		.byte	0
 1011 008b 00       		.byte	0
 1012 008c 0C       		.uleb128 0xc
 1013 008d 34       		.uleb128 0x34
 1014 008e 00       		.byte	0
 1015 008f 03       		.uleb128 0x3
 1016 0090 0E       		.uleb128 0xe
 1017 0091 3A       		.uleb128 0x3a
 1018 0092 0B       		.uleb128 0xb
 1019 0093 3B       		.uleb128 0x3b
 1020 0094 0B       		.uleb128 0xb
 1021 0095 49       		.uleb128 0x49
 1022 0096 13       		.uleb128 0x13
 1023 0097 02       		.uleb128 0x2
 1024 0098 18       		.uleb128 0x18
 1025 0099 00       		.byte	0
 1026 009a 00       		.byte	0
 1027 009b 0D       		.uleb128 0xd
 1028 009c 2E       		.uleb128 0x2e
 1029 009d 01       		.byte	0x1
 1030 009e 3F       		.uleb128 0x3f
 1031 009f 19       		.uleb128 0x19
ARM GAS  C:\Users\koseki\AppData\Local\Temp\ccwVeF8s.s 			page 22


 1032 00a0 03       		.uleb128 0x3
 1033 00a1 0E       		.uleb128 0xe
 1034 00a2 3A       		.uleb128 0x3a
 1035 00a3 0B       		.uleb128 0xb
 1036 00a4 3B       		.uleb128 0x3b
 1037 00a5 0B       		.uleb128 0xb
 1038 00a6 27       		.uleb128 0x27
 1039 00a7 19       		.uleb128 0x19
 1040 00a8 11       		.uleb128 0x11
 1041 00a9 01       		.uleb128 0x1
 1042 00aa 12       		.uleb128 0x12
 1043 00ab 06       		.uleb128 0x6
 1044 00ac 40       		.uleb128 0x40
 1045 00ad 18       		.uleb128 0x18
 1046 00ae 9642     		.uleb128 0x2116
 1047 00b0 19       		.uleb128 0x19
 1048 00b1 01       		.uleb128 0x1
 1049 00b2 13       		.uleb128 0x13
 1050 00b3 00       		.byte	0
 1051 00b4 00       		.byte	0
 1052 00b5 0E       		.uleb128 0xe
 1053 00b6 2E       		.uleb128 0x2e
 1054 00b7 01       		.byte	0x1
 1055 00b8 3F       		.uleb128 0x3f
 1056 00b9 19       		.uleb128 0x19
 1057 00ba 03       		.uleb128 0x3
 1058 00bb 0E       		.uleb128 0xe
 1059 00bc 3A       		.uleb128 0x3a
 1060 00bd 0B       		.uleb128 0xb
 1061 00be 3B       		.uleb128 0x3b
 1062 00bf 0B       		.uleb128 0xb
 1063 00c0 27       		.uleb128 0x27
 1064 00c1 19       		.uleb128 0x19
 1065 00c2 49       		.uleb128 0x49
 1066 00c3 13       		.uleb128 0x13
 1067 00c4 11       		.uleb128 0x11
 1068 00c5 01       		.uleb128 0x1
 1069 00c6 12       		.uleb128 0x12
 1070 00c7 06       		.uleb128 0x6
 1071 00c8 40       		.uleb128 0x40
 1072 00c9 18       		.uleb128 0x18
 1073 00ca 9642     		.uleb128 0x2116
 1074 00cc 19       		.uleb128 0x19
 1075 00cd 01       		.uleb128 0x1
 1076 00ce 13       		.uleb128 0x13
 1077 00cf 00       		.byte	0
 1078 00d0 00       		.byte	0
 1079 00d1 0F       		.uleb128 0xf
 1080 00d2 34       		.uleb128 0x34
 1081 00d3 00       		.byte	0
 1082 00d4 03       		.uleb128 0x3
 1083 00d5 08       		.uleb128 0x8
 1084 00d6 3A       		.uleb128 0x3a
 1085 00d7 0B       		.uleb128 0xb
 1086 00d8 3B       		.uleb128 0x3b
 1087 00d9 0B       		.uleb128 0xb
 1088 00da 49       		.uleb128 0x49
ARM GAS  C:\Users\koseki\AppData\Local\Temp\ccwVeF8s.s 			page 23


 1089 00db 13       		.uleb128 0x13
 1090 00dc 02       		.uleb128 0x2
 1091 00dd 18       		.uleb128 0x18
 1092 00de 00       		.byte	0
 1093 00df 00       		.byte	0
 1094 00e0 10       		.uleb128 0x10
 1095 00e1 34       		.uleb128 0x34
 1096 00e2 00       		.byte	0
 1097 00e3 03       		.uleb128 0x3
 1098 00e4 0E       		.uleb128 0xe
 1099 00e5 3A       		.uleb128 0x3a
 1100 00e6 0B       		.uleb128 0xb
 1101 00e7 3B       		.uleb128 0x3b
 1102 00e8 05       		.uleb128 0x5
 1103 00e9 49       		.uleb128 0x49
 1104 00ea 13       		.uleb128 0x13
 1105 00eb 3F       		.uleb128 0x3f
 1106 00ec 19       		.uleb128 0x19
 1107 00ed 3C       		.uleb128 0x3c
 1108 00ee 19       		.uleb128 0x19
 1109 00ef 00       		.byte	0
 1110 00f0 00       		.byte	0
 1111 00f1 11       		.uleb128 0x11
 1112 00f2 35       		.uleb128 0x35
 1113 00f3 00       		.byte	0
 1114 00f4 49       		.uleb128 0x49
 1115 00f5 13       		.uleb128 0x13
 1116 00f6 00       		.byte	0
 1117 00f7 00       		.byte	0
 1118 00f8 12       		.uleb128 0x12
 1119 00f9 34       		.uleb128 0x34
 1120 00fa 00       		.byte	0
 1121 00fb 03       		.uleb128 0x3
 1122 00fc 0E       		.uleb128 0xe
 1123 00fd 3A       		.uleb128 0x3a
 1124 00fe 0B       		.uleb128 0xb
 1125 00ff 3B       		.uleb128 0x3b
 1126 0100 0B       		.uleb128 0xb
 1127 0101 49       		.uleb128 0x49
 1128 0102 13       		.uleb128 0x13
 1129 0103 3F       		.uleb128 0x3f
 1130 0104 19       		.uleb128 0x19
 1131 0105 02       		.uleb128 0x2
 1132 0106 18       		.uleb128 0x18
 1133 0107 00       		.byte	0
 1134 0108 00       		.byte	0
 1135 0109 00       		.byte	0
 1136              		.section	.debug_aranges,"",%progbits
 1137 0000 4C000000 		.4byte	0x4c
 1138 0004 0200     		.2byte	0x2
 1139 0006 00000000 		.4byte	.Ldebug_info0
 1140 000a 04       		.byte	0x4
 1141 000b 00       		.byte	0
 1142 000c 0000     		.2byte	0
 1143 000e 0000     		.2byte	0
 1144 0010 00000000 		.4byte	.LFB63
 1145 0014 54000000 		.4byte	.LFE63-.LFB63
ARM GAS  C:\Users\koseki\AppData\Local\Temp\ccwVeF8s.s 			page 24


 1146 0018 00000000 		.4byte	.LFB64
 1147 001c 98000000 		.4byte	.LFE64-.LFB64
 1148 0020 00000000 		.4byte	.LFB65
 1149 0024 28000000 		.4byte	.LFE65-.LFB65
 1150 0028 00000000 		.4byte	.LFB66
 1151 002c 28000000 		.4byte	.LFE66-.LFB66
 1152 0030 00000000 		.4byte	.LFB67
 1153 0034 54000000 		.4byte	.LFE67-.LFB67
 1154 0038 00000000 		.4byte	.LFB68
 1155 003c 50000000 		.4byte	.LFE68-.LFB68
 1156 0040 00000000 		.4byte	.LFB69
 1157 0044 4C000000 		.4byte	.LFE69-.LFB69
 1158 0048 00000000 		.4byte	0
 1159 004c 00000000 		.4byte	0
 1160              		.section	.debug_ranges,"",%progbits
 1161              	.Ldebug_ranges0:
 1162 0000 00000000 		.4byte	.LFB63
 1163 0004 54000000 		.4byte	.LFE63
 1164 0008 00000000 		.4byte	.LFB64
 1165 000c 98000000 		.4byte	.LFE64
 1166 0010 00000000 		.4byte	.LFB65
 1167 0014 28000000 		.4byte	.LFE65
 1168 0018 00000000 		.4byte	.LFB66
 1169 001c 28000000 		.4byte	.LFE66
 1170 0020 00000000 		.4byte	.LFB67
 1171 0024 54000000 		.4byte	.LFE67
 1172 0028 00000000 		.4byte	.LFB68
 1173 002c 50000000 		.4byte	.LFE68
 1174 0030 00000000 		.4byte	.LFB69
 1175 0034 4C000000 		.4byte	.LFE69
 1176 0038 00000000 		.4byte	0
 1177 003c 00000000 		.4byte	0
 1178              		.section	.debug_line,"",%progbits
 1179              	.Ldebug_line0:
 1180 0000 09020000 		.section	.debug_str,"MS",%progbits,1
 1180      02005401 
 1180      00000201 
 1180      FB0E0D00 
 1180      01010101 
 1181              	.LASF34:
 1182 0000 474E5520 		.ascii	"GNU C11 5.4.1 20160609 (release) [ARM/embedded-5-br"
 1182      43313120 
 1182      352E342E 
 1182      31203230 
 1182      31363036 
 1183 0033 616E6368 		.ascii	"anch revision 237715] -mcpu=cortex-m3 -mthumb -g -O"
 1183      20726576 
 1183      6973696F 
 1183      6E203233 
 1183      37373135 
 1184 0066 30202D66 		.ascii	"0 -ffunction-sections -ffat-lto-objects\000"
 1184      66756E63 
 1184      74696F6E 
 1184      2D736563 
 1184      74696F6E 
 1185              	.LASF18:
 1186 008e 73746174 		.ascii	"state\000"
ARM GAS  C:\Users\koseki\AppData\Local\Temp\ccwVeF8s.s 			page 25


 1186      6500
 1187              	.LASF9:
 1188 0094 5F5F696E 		.ascii	"__int32_t\000"
 1188      7433325F 
 1188      7400
 1189              	.LASF29:
 1190 009e 75617274 		.ascii	"uartTxReject\000"
 1190      54785265 
 1190      6A656374 
 1190      00
 1191              	.LASF32:
 1192 00ab 75617274 		.ascii	"uartRxIndex\000"
 1192      5278496E 
 1192      64657800 
 1193              	.LASF30:
 1194 00b7 75617274 		.ascii	"uartRxQueue\000"
 1194      52785175 
 1194      65756500 
 1195              	.LASF13:
 1196 00c3 666C6F61 		.ascii	"float\000"
 1196      7400
 1197              	.LASF0:
 1198 00c9 7369676E 		.ascii	"signed char\000"
 1198      65642063 
 1198      68617200 
 1199              	.LASF1:
 1200 00d5 756E7369 		.ascii	"unsigned char\000"
 1200      676E6564 
 1200      20636861 
 1200      7200
 1201              	.LASF20:
 1202 00e3 70757463 		.ascii	"putch\000"
 1202      6800
 1203              	.LASF19:
 1204 00e9 75617274 		.ascii	"uartTxIsr\000"
 1204      54784973 
 1204      7200
 1205              	.LASF12:
 1206 00f3 696E7431 		.ascii	"int16\000"
 1206      3600
 1207              	.LASF5:
 1208 00f9 6C6F6E67 		.ascii	"long unsigned int\000"
 1208      20756E73 
 1208      69676E65 
 1208      6420696E 
 1208      7400
 1209              	.LASF3:
 1210 010b 73686F72 		.ascii	"short unsigned int\000"
 1210      7420756E 
 1210      7369676E 
 1210      65642069 
 1210      6E7400
 1211              	.LASF35:
 1212 011e 55534255 		.ascii	"USBUART_FIFO.c\000"
 1212      4152545F 
 1212      4649464F 
 1212      2E6300
ARM GAS  C:\Users\koseki\AppData\Local\Temp\ccwVeF8s.s 			page 26


 1213              	.LASF37:
 1214 012d 70757463 		.ascii	"putch_sub\000"
 1214      685F7375 
 1214      6200
 1215              	.LASF26:
 1216 0137 75617274 		.ascii	"uartTxQueue\000"
 1216      54785175 
 1216      65756500 
 1217              	.LASF14:
 1218 0143 646F7562 		.ascii	"double\000"
 1218      6C6500
 1219              	.LASF24:
 1220 014a 67657463 		.ascii	"getch\000"
 1220      6800
 1221              	.LASF31:
 1222 0150 75617274 		.ascii	"uartRxCount\000"
 1222      5278436F 
 1222      756E7400 
 1223              	.LASF8:
 1224 015c 756E7369 		.ascii	"unsigned int\000"
 1224      676E6564 
 1224      20696E74 
 1224      00
 1225              	.LASF7:
 1226 0169 6C6F6E67 		.ascii	"long long unsigned int\000"
 1226      206C6F6E 
 1226      6720756E 
 1226      7369676E 
 1226      65642069 
 1227              	.LASF25:
 1228 0180 49544D5F 		.ascii	"ITM_RxBuffer\000"
 1228      52784275 
 1228      66666572 
 1228      00
 1229              	.LASF10:
 1230 018d 696E7433 		.ascii	"int32_t\000"
 1230      325F7400 
 1231              	.LASF17:
 1232 0195 73697A65 		.ascii	"sizetype\000"
 1232      74797065 
 1232      00
 1233              	.LASF6:
 1234 019e 6C6F6E67 		.ascii	"long long int\000"
 1234      206C6F6E 
 1234      6720696E 
 1234      7400
 1235              	.LASF27:
 1236 01ac 75617274 		.ascii	"uartTxCount\000"
 1236      5478436F 
 1236      756E7400 
 1237              	.LASF15:
 1238 01b8 63686172 		.ascii	"char\000"
 1238      00
 1239              	.LASF2:
 1240 01bd 73686F72 		.ascii	"short int\000"
 1240      7420696E 
 1240      7400
ARM GAS  C:\Users\koseki\AppData\Local\Temp\ccwVeF8s.s 			page 27


 1241              	.LASF21:
 1242 01c7 70757473 		.ascii	"putstr\000"
 1242      747200
 1243              	.LASF11:
 1244 01ce 75696E74 		.ascii	"uint8\000"
 1244      3800
 1245              	.LASF28:
 1246 01d4 75617274 		.ascii	"uartZlpRequired\000"
 1246      5A6C7052 
 1246      65717569 
 1246      72656400 
 1247              	.LASF33:
 1248 01e4 75617274 		.ascii	"uartRxCRDetect\000"
 1248      52784352 
 1248      44657465 
 1248      637400
 1249              	.LASF22:
 1250 01f3 75617274 		.ascii	"uartRxIsr\000"
 1250      52784973 
 1250      7200
 1251              	.LASF4:
 1252 01fd 6C6F6E67 		.ascii	"long int\000"
 1252      20696E74 
 1252      00
 1253              	.LASF16:
 1254 0206 6C6F6E67 		.ascii	"long double\000"
 1254      20646F75 
 1254      626C6500 
 1255              	.LASF36:
 1256 0212 453A5C50 		.ascii	"E:\\PSoC_Creator\\CY8CKIT-059\\CY8CKIT-059_CW_Decod"
 1256      536F435F 
 1256      43726561 
 1256      746F725C 
 1256      43593843 
 1257 0242 65725F55 		.ascii	"er_USB\\CY8CKIT-059_CW_Decoder_USB.cydsn\000"
 1257      53425C43 
 1257      5938434B 
 1257      49542D30 
 1257      35395F43 
 1258              	.LASF23:
 1259 026a 67657463 		.ascii	"getch_sub\000"
 1259      685F7375 
 1259      6200
 1260              		.ident	"GCC: (GNU Tools for ARM Embedded Processors) 5.4.1 20160609 (release) [ARM/embedded-5-bran
