ARM GAS  C:\Users\koseki\AppData\Local\Temp\ccuagbqU.s 			page 1


   1              		.syntax unified
   2              		.cpu cortex-m3
   3              		.fpu softvfp
   4              		.eabi_attribute 20, 1
   5              		.eabi_attribute 21, 1
   6              		.eabi_attribute 23, 3
   7              		.eabi_attribute 24, 1
   8              		.eabi_attribute 25, 1
   9              		.eabi_attribute 26, 1
  10              		.eabi_attribute 30, 1
  11              		.eabi_attribute 34, 1
  12              		.eabi_attribute 18, 4
  13              		.thumb
  14              		.file	"Control_GAIN.c"
  15              		.text
  16              	.Ltext0:
  17              		.cfi_sections	.debug_frame
  18              		.section	.text.Control_GAIN_Write,"ax",%progbits
  19              		.align	2
  20              		.global	Control_GAIN_Write
  21              		.thumb
  22              		.thumb_func
  23              		.type	Control_GAIN_Write, %function
  24              	Control_GAIN_Write:
  25              	.LFB0:
  26              		.file 1 "Generated_Source\\PSoC5\\Control_GAIN.c"
   1:Generated_Source\PSoC5/Control_GAIN.c **** /*******************************************************************************
   2:Generated_Source\PSoC5/Control_GAIN.c **** * File Name: Control_GAIN.c  
   3:Generated_Source\PSoC5/Control_GAIN.c **** * Version 1.80
   4:Generated_Source\PSoC5/Control_GAIN.c **** *
   5:Generated_Source\PSoC5/Control_GAIN.c **** * Description:
   6:Generated_Source\PSoC5/Control_GAIN.c **** *  This file contains API to enable firmware control of a Control Register.
   7:Generated_Source\PSoC5/Control_GAIN.c **** *
   8:Generated_Source\PSoC5/Control_GAIN.c **** * Note:
   9:Generated_Source\PSoC5/Control_GAIN.c **** *
  10:Generated_Source\PSoC5/Control_GAIN.c **** ********************************************************************************
  11:Generated_Source\PSoC5/Control_GAIN.c **** * Copyright 2008-2015, Cypress Semiconductor Corporation.  All rights reserved.
  12:Generated_Source\PSoC5/Control_GAIN.c **** * You may use this file only in accordance with the license, terms, conditions, 
  13:Generated_Source\PSoC5/Control_GAIN.c **** * disclaimers, and limitations in the end user license agreement accompanying 
  14:Generated_Source\PSoC5/Control_GAIN.c **** * the software package with which this file was provided.
  15:Generated_Source\PSoC5/Control_GAIN.c **** *******************************************************************************/
  16:Generated_Source\PSoC5/Control_GAIN.c **** 
  17:Generated_Source\PSoC5/Control_GAIN.c **** #include "Control_GAIN.h"
  18:Generated_Source\PSoC5/Control_GAIN.c **** 
  19:Generated_Source\PSoC5/Control_GAIN.c **** /* Check for removal by optimization */
  20:Generated_Source\PSoC5/Control_GAIN.c **** #if !defined(Control_GAIN_Sync_ctrl_reg__REMOVED)
  21:Generated_Source\PSoC5/Control_GAIN.c **** 
  22:Generated_Source\PSoC5/Control_GAIN.c ****     
  23:Generated_Source\PSoC5/Control_GAIN.c **** /*******************************************************************************
  24:Generated_Source\PSoC5/Control_GAIN.c **** * Function Name: Control_GAIN_Write
  25:Generated_Source\PSoC5/Control_GAIN.c **** ********************************************************************************
  26:Generated_Source\PSoC5/Control_GAIN.c **** *
  27:Generated_Source\PSoC5/Control_GAIN.c **** * Summary:
  28:Generated_Source\PSoC5/Control_GAIN.c **** *  Write a byte to the Control Register.
  29:Generated_Source\PSoC5/Control_GAIN.c **** *
  30:Generated_Source\PSoC5/Control_GAIN.c **** * Parameters:
  31:Generated_Source\PSoC5/Control_GAIN.c **** *  control:  The value to be assigned to the Control Register.
ARM GAS  C:\Users\koseki\AppData\Local\Temp\ccuagbqU.s 			page 2


  32:Generated_Source\PSoC5/Control_GAIN.c **** *
  33:Generated_Source\PSoC5/Control_GAIN.c **** * Return:
  34:Generated_Source\PSoC5/Control_GAIN.c **** *  None.
  35:Generated_Source\PSoC5/Control_GAIN.c **** *
  36:Generated_Source\PSoC5/Control_GAIN.c **** *******************************************************************************/
  37:Generated_Source\PSoC5/Control_GAIN.c **** void Control_GAIN_Write(uint8 control) 
  38:Generated_Source\PSoC5/Control_GAIN.c **** {
  27              		.loc 1 38 0
  28              		.cfi_startproc
  29              		@ args = 0, pretend = 0, frame = 0
  30              		@ frame_needed = 0, uses_anonymous_args = 0
  31              		@ link register save eliminated.
  32              	.LVL0:
  39:Generated_Source\PSoC5/Control_GAIN.c ****     Control_GAIN_Control = control;
  33              		.loc 1 39 0
  34 0000 014B     		ldr	r3, .L2
  35 0002 1870     		strb	r0, [r3]
  36 0004 7047     		bx	lr
  37              	.L3:
  38 0006 00BF     		.align	2
  39              	.L2:
  40 0008 7F640040 		.word	1073767551
  41              		.cfi_endproc
  42              	.LFE0:
  43              		.size	Control_GAIN_Write, .-Control_GAIN_Write
  44              		.section	.text.Control_GAIN_Read,"ax",%progbits
  45              		.align	2
  46              		.global	Control_GAIN_Read
  47              		.thumb
  48              		.thumb_func
  49              		.type	Control_GAIN_Read, %function
  50              	Control_GAIN_Read:
  51              	.LFB1:
  40:Generated_Source\PSoC5/Control_GAIN.c **** }
  41:Generated_Source\PSoC5/Control_GAIN.c **** 
  42:Generated_Source\PSoC5/Control_GAIN.c **** 
  43:Generated_Source\PSoC5/Control_GAIN.c **** /*******************************************************************************
  44:Generated_Source\PSoC5/Control_GAIN.c **** * Function Name: Control_GAIN_Read
  45:Generated_Source\PSoC5/Control_GAIN.c **** ********************************************************************************
  46:Generated_Source\PSoC5/Control_GAIN.c **** *
  47:Generated_Source\PSoC5/Control_GAIN.c **** * Summary:
  48:Generated_Source\PSoC5/Control_GAIN.c **** *  Reads the current value assigned to the Control Register.
  49:Generated_Source\PSoC5/Control_GAIN.c **** *
  50:Generated_Source\PSoC5/Control_GAIN.c **** * Parameters:
  51:Generated_Source\PSoC5/Control_GAIN.c **** *  None.
  52:Generated_Source\PSoC5/Control_GAIN.c **** *
  53:Generated_Source\PSoC5/Control_GAIN.c **** * Return:
  54:Generated_Source\PSoC5/Control_GAIN.c **** *  Returns the current value in the Control Register.
  55:Generated_Source\PSoC5/Control_GAIN.c **** *
  56:Generated_Source\PSoC5/Control_GAIN.c **** *******************************************************************************/
  57:Generated_Source\PSoC5/Control_GAIN.c **** uint8 Control_GAIN_Read(void) 
  58:Generated_Source\PSoC5/Control_GAIN.c **** {
  52              		.loc 1 58 0
  53              		.cfi_startproc
  54              		@ args = 0, pretend = 0, frame = 0
  55              		@ frame_needed = 0, uses_anonymous_args = 0
  56              		@ link register save eliminated.
ARM GAS  C:\Users\koseki\AppData\Local\Temp\ccuagbqU.s 			page 3


  59:Generated_Source\PSoC5/Control_GAIN.c ****     return Control_GAIN_Control;
  57              		.loc 1 59 0
  58 0000 014B     		ldr	r3, .L5
  59 0002 1878     		ldrb	r0, [r3]	@ zero_extendqisi2
  60:Generated_Source\PSoC5/Control_GAIN.c **** }
  60              		.loc 1 60 0
  61 0004 7047     		bx	lr
  62              	.L6:
  63 0006 00BF     		.align	2
  64              	.L5:
  65 0008 7F640040 		.word	1073767551
  66              		.cfi_endproc
  67              	.LFE1:
  68              		.size	Control_GAIN_Read, .-Control_GAIN_Read
  69              		.text
  70              	.Letext0:
  71              		.file 2 "Generated_Source\\PSoC5\\cytypes.h"
  72              		.section	.debug_info,"",%progbits
  73              	.Ldebug_info0:
  74 0000 D2000000 		.4byte	0xd2
  75 0004 0400     		.2byte	0x4
  76 0006 00000000 		.4byte	.Ldebug_abbrev0
  77 000a 04       		.byte	0x4
  78 000b 01       		.uleb128 0x1
  79 000c AF000000 		.4byte	.LASF14
  80 0010 01       		.byte	0x1
  81 0011 AC010000 		.4byte	.LASF15
  82 0015 00000000 		.4byte	.LASF16
  83 0019 00000000 		.4byte	.Ldebug_ranges0+0
  84 001d 00000000 		.4byte	0
  85 0021 00000000 		.4byte	.Ldebug_line0
  86 0025 02       		.uleb128 0x2
  87 0026 01       		.byte	0x1
  88 0027 06       		.byte	0x6
  89 0028 A0010000 		.4byte	.LASF0
  90 002c 02       		.uleb128 0x2
  91 002d 01       		.byte	0x1
  92 002e 08       		.byte	0x8
  93 002f 68000000 		.4byte	.LASF1
  94 0033 02       		.uleb128 0x2
  95 0034 02       		.byte	0x2
  96 0035 05       		.byte	0x5
  97 0036 87010000 		.4byte	.LASF2
  98 003a 02       		.uleb128 0x2
  99 003b 02       		.byte	0x2
 100 003c 07       		.byte	0x7
 101 003d 8D000000 		.4byte	.LASF3
 102 0041 02       		.uleb128 0x2
 103 0042 04       		.byte	0x4
 104 0043 05       		.byte	0x5
 105 0044 97010000 		.4byte	.LASF4
 106 0048 02       		.uleb128 0x2
 107 0049 04       		.byte	0x4
 108 004a 07       		.byte	0x7
 109 004b 7B000000 		.4byte	.LASF5
 110 004f 02       		.uleb128 0x2
 111 0050 08       		.byte	0x8
ARM GAS  C:\Users\koseki\AppData\Local\Temp\ccuagbqU.s 			page 4


 112 0051 05       		.byte	0x5
 113 0052 74010000 		.4byte	.LASF6
 114 0056 02       		.uleb128 0x2
 115 0057 08       		.byte	0x8
 116 0058 07       		.byte	0x7
 117 0059 4A010000 		.4byte	.LASF7
 118 005d 03       		.uleb128 0x3
 119 005e 04       		.byte	0x4
 120 005f 05       		.byte	0x5
 121 0060 696E7400 		.ascii	"int\000"
 122 0064 02       		.uleb128 0x2
 123 0065 04       		.byte	0x4
 124 0066 07       		.byte	0x7
 125 0067 3D010000 		.4byte	.LASF8
 126 006b 04       		.uleb128 0x4
 127 006c 91010000 		.4byte	.LASF12
 128 0070 02       		.byte	0x2
 129 0071 3801     		.2byte	0x138
 130 0073 2C000000 		.4byte	0x2c
 131 0077 02       		.uleb128 0x2
 132 0078 04       		.byte	0x4
 133 0079 04       		.byte	0x4
 134 007a 62000000 		.4byte	.LASF9
 135 007e 02       		.uleb128 0x2
 136 007f 08       		.byte	0x8
 137 0080 04       		.byte	0x4
 138 0081 A8000000 		.4byte	.LASF10
 139 0085 02       		.uleb128 0x2
 140 0086 01       		.byte	0x1
 141 0087 08       		.byte	0x8
 142 0088 82010000 		.4byte	.LASF11
 143 008c 04       		.uleb128 0x4
 144 008d 76000000 		.4byte	.LASF13
 145 0091 02       		.byte	0x2
 146 0092 E201     		.2byte	0x1e2
 147 0094 98000000 		.4byte	0x98
 148 0098 05       		.uleb128 0x5
 149 0099 6B000000 		.4byte	0x6b
 150 009d 06       		.uleb128 0x6
 151 009e 61010000 		.4byte	.LASF17
 152 00a2 01       		.byte	0x1
 153 00a3 25       		.byte	0x25
 154 00a4 00000000 		.4byte	.LFB0
 155 00a8 0C000000 		.4byte	.LFE0-.LFB0
 156 00ac 01       		.uleb128 0x1
 157 00ad 9C       		.byte	0x9c
 158 00ae C0000000 		.4byte	0xc0
 159 00b2 07       		.uleb128 0x7
 160 00b3 A0000000 		.4byte	.LASF18
 161 00b7 01       		.byte	0x1
 162 00b8 25       		.byte	0x25
 163 00b9 6B000000 		.4byte	0x6b
 164 00bd 01       		.uleb128 0x1
 165 00be 50       		.byte	0x50
 166 00bf 00       		.byte	0
 167 00c0 08       		.uleb128 0x8
 168 00c1 50000000 		.4byte	.LASF19
ARM GAS  C:\Users\koseki\AppData\Local\Temp\ccuagbqU.s 			page 5


 169 00c5 01       		.byte	0x1
 170 00c6 39       		.byte	0x39
 171 00c7 6B000000 		.4byte	0x6b
 172 00cb 00000000 		.4byte	.LFB1
 173 00cf 0C000000 		.4byte	.LFE1-.LFB1
 174 00d3 01       		.uleb128 0x1
 175 00d4 9C       		.byte	0x9c
 176 00d5 00       		.byte	0
 177              		.section	.debug_abbrev,"",%progbits
 178              	.Ldebug_abbrev0:
 179 0000 01       		.uleb128 0x1
 180 0001 11       		.uleb128 0x11
 181 0002 01       		.byte	0x1
 182 0003 25       		.uleb128 0x25
 183 0004 0E       		.uleb128 0xe
 184 0005 13       		.uleb128 0x13
 185 0006 0B       		.uleb128 0xb
 186 0007 03       		.uleb128 0x3
 187 0008 0E       		.uleb128 0xe
 188 0009 1B       		.uleb128 0x1b
 189 000a 0E       		.uleb128 0xe
 190 000b 55       		.uleb128 0x55
 191 000c 17       		.uleb128 0x17
 192 000d 11       		.uleb128 0x11
 193 000e 01       		.uleb128 0x1
 194 000f 10       		.uleb128 0x10
 195 0010 17       		.uleb128 0x17
 196 0011 00       		.byte	0
 197 0012 00       		.byte	0
 198 0013 02       		.uleb128 0x2
 199 0014 24       		.uleb128 0x24
 200 0015 00       		.byte	0
 201 0016 0B       		.uleb128 0xb
 202 0017 0B       		.uleb128 0xb
 203 0018 3E       		.uleb128 0x3e
 204 0019 0B       		.uleb128 0xb
 205 001a 03       		.uleb128 0x3
 206 001b 0E       		.uleb128 0xe
 207 001c 00       		.byte	0
 208 001d 00       		.byte	0
 209 001e 03       		.uleb128 0x3
 210 001f 24       		.uleb128 0x24
 211 0020 00       		.byte	0
 212 0021 0B       		.uleb128 0xb
 213 0022 0B       		.uleb128 0xb
 214 0023 3E       		.uleb128 0x3e
 215 0024 0B       		.uleb128 0xb
 216 0025 03       		.uleb128 0x3
 217 0026 08       		.uleb128 0x8
 218 0027 00       		.byte	0
 219 0028 00       		.byte	0
 220 0029 04       		.uleb128 0x4
 221 002a 16       		.uleb128 0x16
 222 002b 00       		.byte	0
 223 002c 03       		.uleb128 0x3
 224 002d 0E       		.uleb128 0xe
 225 002e 3A       		.uleb128 0x3a
ARM GAS  C:\Users\koseki\AppData\Local\Temp\ccuagbqU.s 			page 6


 226 002f 0B       		.uleb128 0xb
 227 0030 3B       		.uleb128 0x3b
 228 0031 05       		.uleb128 0x5
 229 0032 49       		.uleb128 0x49
 230 0033 13       		.uleb128 0x13
 231 0034 00       		.byte	0
 232 0035 00       		.byte	0
 233 0036 05       		.uleb128 0x5
 234 0037 35       		.uleb128 0x35
 235 0038 00       		.byte	0
 236 0039 49       		.uleb128 0x49
 237 003a 13       		.uleb128 0x13
 238 003b 00       		.byte	0
 239 003c 00       		.byte	0
 240 003d 06       		.uleb128 0x6
 241 003e 2E       		.uleb128 0x2e
 242 003f 01       		.byte	0x1
 243 0040 3F       		.uleb128 0x3f
 244 0041 19       		.uleb128 0x19
 245 0042 03       		.uleb128 0x3
 246 0043 0E       		.uleb128 0xe
 247 0044 3A       		.uleb128 0x3a
 248 0045 0B       		.uleb128 0xb
 249 0046 3B       		.uleb128 0x3b
 250 0047 0B       		.uleb128 0xb
 251 0048 27       		.uleb128 0x27
 252 0049 19       		.uleb128 0x19
 253 004a 11       		.uleb128 0x11
 254 004b 01       		.uleb128 0x1
 255 004c 12       		.uleb128 0x12
 256 004d 06       		.uleb128 0x6
 257 004e 40       		.uleb128 0x40
 258 004f 18       		.uleb128 0x18
 259 0050 9742     		.uleb128 0x2117
 260 0052 19       		.uleb128 0x19
 261 0053 01       		.uleb128 0x1
 262 0054 13       		.uleb128 0x13
 263 0055 00       		.byte	0
 264 0056 00       		.byte	0
 265 0057 07       		.uleb128 0x7
 266 0058 05       		.uleb128 0x5
 267 0059 00       		.byte	0
 268 005a 03       		.uleb128 0x3
 269 005b 0E       		.uleb128 0xe
 270 005c 3A       		.uleb128 0x3a
 271 005d 0B       		.uleb128 0xb
 272 005e 3B       		.uleb128 0x3b
 273 005f 0B       		.uleb128 0xb
 274 0060 49       		.uleb128 0x49
 275 0061 13       		.uleb128 0x13
 276 0062 02       		.uleb128 0x2
 277 0063 18       		.uleb128 0x18
 278 0064 00       		.byte	0
 279 0065 00       		.byte	0
 280 0066 08       		.uleb128 0x8
 281 0067 2E       		.uleb128 0x2e
 282 0068 00       		.byte	0
ARM GAS  C:\Users\koseki\AppData\Local\Temp\ccuagbqU.s 			page 7


 283 0069 3F       		.uleb128 0x3f
 284 006a 19       		.uleb128 0x19
 285 006b 03       		.uleb128 0x3
 286 006c 0E       		.uleb128 0xe
 287 006d 3A       		.uleb128 0x3a
 288 006e 0B       		.uleb128 0xb
 289 006f 3B       		.uleb128 0x3b
 290 0070 0B       		.uleb128 0xb
 291 0071 27       		.uleb128 0x27
 292 0072 19       		.uleb128 0x19
 293 0073 49       		.uleb128 0x49
 294 0074 13       		.uleb128 0x13
 295 0075 11       		.uleb128 0x11
 296 0076 01       		.uleb128 0x1
 297 0077 12       		.uleb128 0x12
 298 0078 06       		.uleb128 0x6
 299 0079 40       		.uleb128 0x40
 300 007a 18       		.uleb128 0x18
 301 007b 9742     		.uleb128 0x2117
 302 007d 19       		.uleb128 0x19
 303 007e 00       		.byte	0
 304 007f 00       		.byte	0
 305 0080 00       		.byte	0
 306              		.section	.debug_aranges,"",%progbits
 307 0000 24000000 		.4byte	0x24
 308 0004 0200     		.2byte	0x2
 309 0006 00000000 		.4byte	.Ldebug_info0
 310 000a 04       		.byte	0x4
 311 000b 00       		.byte	0
 312 000c 0000     		.2byte	0
 313 000e 0000     		.2byte	0
 314 0010 00000000 		.4byte	.LFB0
 315 0014 0C000000 		.4byte	.LFE0-.LFB0
 316 0018 00000000 		.4byte	.LFB1
 317 001c 0C000000 		.4byte	.LFE1-.LFB1
 318 0020 00000000 		.4byte	0
 319 0024 00000000 		.4byte	0
 320              		.section	.debug_ranges,"",%progbits
 321              	.Ldebug_ranges0:
 322 0000 00000000 		.4byte	.LFB0
 323 0004 0C000000 		.4byte	.LFE0
 324 0008 00000000 		.4byte	.LFB1
 325 000c 0C000000 		.4byte	.LFE1
 326 0010 00000000 		.4byte	0
 327 0014 00000000 		.4byte	0
 328              		.section	.debug_line,"",%progbits
 329              	.Ldebug_line0:
 330 0000 70000000 		.section	.debug_str,"MS",%progbits,1
 330      02004900 
 330      00000201 
 330      FB0E0D00 
 330      01010101 
 331              	.LASF16:
 332 0000 453A5C50 		.ascii	"E:\\PSoC_Creator\\CY8CKIT-059\\CY8CKIT-059_SDR_Beac"
 332      536F435F 
 332      43726561 
 332      746F725C 
ARM GAS  C:\Users\koseki\AppData\Local\Temp\ccuagbqU.s 			page 8


 332      43593843 
 333 0030 6F6E5C43 		.ascii	"on\\CY8CKIT-059_SDR_Beacon.cydsn\000"
 333      5938434B 
 333      49542D30 
 333      35395F53 
 333      44525F42 
 334              	.LASF19:
 335 0050 436F6E74 		.ascii	"Control_GAIN_Read\000"
 335      726F6C5F 
 335      4741494E 
 335      5F526561 
 335      6400
 336              	.LASF9:
 337 0062 666C6F61 		.ascii	"float\000"
 337      7400
 338              	.LASF1:
 339 0068 756E7369 		.ascii	"unsigned char\000"
 339      676E6564 
 339      20636861 
 339      7200
 340              	.LASF13:
 341 0076 72656738 		.ascii	"reg8\000"
 341      00
 342              	.LASF5:
 343 007b 6C6F6E67 		.ascii	"long unsigned int\000"
 343      20756E73 
 343      69676E65 
 343      6420696E 
 343      7400
 344              	.LASF3:
 345 008d 73686F72 		.ascii	"short unsigned int\000"
 345      7420756E 
 345      7369676E 
 345      65642069 
 345      6E7400
 346              	.LASF18:
 347 00a0 636F6E74 		.ascii	"control\000"
 347      726F6C00 
 348              	.LASF10:
 349 00a8 646F7562 		.ascii	"double\000"
 349      6C6500
 350              	.LASF14:
 351 00af 474E5520 		.ascii	"GNU C 4.9.3 20150303 (release) [ARM/embedded-4_9-br"
 351      4320342E 
 351      392E3320 
 351      32303135 
 351      30333033 
 352 00e2 616E6368 		.ascii	"anch revision 221220] -mcpu=cortex-m3 -mthumb -g -O"
 352      20726576 
 352      6973696F 
 352      6E203232 
 352      31323230 
 353 0115 67202D66 		.ascii	"g -ffunction-sections -ffat-lto-objects\000"
 353      66756E63 
 353      74696F6E 
 353      2D736563 
 353      74696F6E 
ARM GAS  C:\Users\koseki\AppData\Local\Temp\ccuagbqU.s 			page 9


 354              	.LASF8:
 355 013d 756E7369 		.ascii	"unsigned int\000"
 355      676E6564 
 355      20696E74 
 355      00
 356              	.LASF7:
 357 014a 6C6F6E67 		.ascii	"long long unsigned int\000"
 357      206C6F6E 
 357      6720756E 
 357      7369676E 
 357      65642069 
 358              	.LASF17:
 359 0161 436F6E74 		.ascii	"Control_GAIN_Write\000"
 359      726F6C5F 
 359      4741494E 
 359      5F577269 
 359      746500
 360              	.LASF6:
 361 0174 6C6F6E67 		.ascii	"long long int\000"
 361      206C6F6E 
 361      6720696E 
 361      7400
 362              	.LASF11:
 363 0182 63686172 		.ascii	"char\000"
 363      00
 364              	.LASF2:
 365 0187 73686F72 		.ascii	"short int\000"
 365      7420696E 
 365      7400
 366              	.LASF12:
 367 0191 75696E74 		.ascii	"uint8\000"
 367      3800
 368              	.LASF4:
 369 0197 6C6F6E67 		.ascii	"long int\000"
 369      20696E74 
 369      00
 370              	.LASF0:
 371 01a0 7369676E 		.ascii	"signed char\000"
 371      65642063 
 371      68617200 
 372              	.LASF15:
 373 01ac 47656E65 		.ascii	"Generated_Source\\PSoC5\\Control_GAIN.c\000"
 373      72617465 
 373      645F536F 
 373      75726365 
 373      5C50536F 
 374              		.ident	"GCC: (GNU Tools for ARM Embedded Processors) 4.9.3 20150303 (release) [ARM/embedded-4_9-br
