ARM GAS  C:\Users\koseki\AppData\Local\Temp\cc6nQMgU.s 			page 1


   1              		.syntax unified
   2              		.cpu cortex-m3
   3              		.fpu softvfp
   4              		.eabi_attribute 20, 1
   5              		.eabi_attribute 21, 1
   6              		.eabi_attribute 23, 3
   7              		.eabi_attribute 24, 1
   8              		.eabi_attribute 25, 1
   9              		.eabi_attribute 26, 1
  10              		.eabi_attribute 30, 1
  11              		.eabi_attribute 34, 1
  12              		.eabi_attribute 18, 4
  13              		.thumb
  14              		.file	"DVDAC_1_PM.c"
  15              		.text
  16              	.Ltext0:
  17              		.cfi_sections	.debug_frame
  18              		.section	.text.DVDAC_1_SaveConfig,"ax",%progbits
  19              		.align	2
  20              		.global	DVDAC_1_SaveConfig
  21              		.thumb
  22              		.thumb_func
  23              		.type	DVDAC_1_SaveConfig, %function
  24              	DVDAC_1_SaveConfig:
  25              	.LFB2:
  26              		.file 1 "Generated_Source\\PSoC5\\DVDAC_1_PM.c"
   1:Generated_Source\PSoC5/DVDAC_1_PM.c **** /*******************************************************************************
   2:Generated_Source\PSoC5/DVDAC_1_PM.c **** * File Name: DVDAC_1_PM.c
   3:Generated_Source\PSoC5/DVDAC_1_PM.c **** * Version 2.10
   4:Generated_Source\PSoC5/DVDAC_1_PM.c **** *
   5:Generated_Source\PSoC5/DVDAC_1_PM.c **** * Description:
   6:Generated_Source\PSoC5/DVDAC_1_PM.c **** *  This file provides the power management source code to the API for the
   7:Generated_Source\PSoC5/DVDAC_1_PM.c **** *  DVDAC component.
   8:Generated_Source\PSoC5/DVDAC_1_PM.c **** *
   9:Generated_Source\PSoC5/DVDAC_1_PM.c **** *
  10:Generated_Source\PSoC5/DVDAC_1_PM.c **** ********************************************************************************
  11:Generated_Source\PSoC5/DVDAC_1_PM.c **** * Copyright 2013, Cypress Semiconductor Corporation. All rights reserved.
  12:Generated_Source\PSoC5/DVDAC_1_PM.c **** * You may use this file only in accordance with the license, terms, conditions,
  13:Generated_Source\PSoC5/DVDAC_1_PM.c **** * disclaimers, and limitations in the end user license agreement accompanying
  14:Generated_Source\PSoC5/DVDAC_1_PM.c **** * the software package with which this file was provided.
  15:Generated_Source\PSoC5/DVDAC_1_PM.c **** *******************************************************************************/
  16:Generated_Source\PSoC5/DVDAC_1_PM.c **** 
  17:Generated_Source\PSoC5/DVDAC_1_PM.c **** #include "DVDAC_1.h"
  18:Generated_Source\PSoC5/DVDAC_1_PM.c **** #include "DVDAC_1_VDAC8.h"
  19:Generated_Source\PSoC5/DVDAC_1_PM.c **** 
  20:Generated_Source\PSoC5/DVDAC_1_PM.c **** static DVDAC_1_BACKUP_STRUCT  DVDAC_1_backup;
  21:Generated_Source\PSoC5/DVDAC_1_PM.c **** 
  22:Generated_Source\PSoC5/DVDAC_1_PM.c **** 
  23:Generated_Source\PSoC5/DVDAC_1_PM.c **** /*******************************************************************************
  24:Generated_Source\PSoC5/DVDAC_1_PM.c **** * Function Name: DVDAC_1_Sleep
  25:Generated_Source\PSoC5/DVDAC_1_PM.c **** ********************************************************************************
  26:Generated_Source\PSoC5/DVDAC_1_PM.c **** *
  27:Generated_Source\PSoC5/DVDAC_1_PM.c **** * Summary:
  28:Generated_Source\PSoC5/DVDAC_1_PM.c **** *  This is the preferred API to prepare the component for sleep. The
  29:Generated_Source\PSoC5/DVDAC_1_PM.c **** *  DVDAC_1_Sleep() API saves the current component state. Then it
  30:Generated_Source\PSoC5/DVDAC_1_PM.c **** *  calls the DVDAC_1_Stop() function and calls
  31:Generated_Source\PSoC5/DVDAC_1_PM.c **** *  DVDAC_1_SaveConfig() to save the hardware configuration. Call the
ARM GAS  C:\Users\koseki\AppData\Local\Temp\cc6nQMgU.s 			page 2


  32:Generated_Source\PSoC5/DVDAC_1_PM.c **** *  DVDAC_1_Sleep() function before calling the CyPmSleep() or the
  33:Generated_Source\PSoC5/DVDAC_1_PM.c **** *  CyPmHibernate() function.
  34:Generated_Source\PSoC5/DVDAC_1_PM.c **** *
  35:Generated_Source\PSoC5/DVDAC_1_PM.c **** * Parameters:
  36:Generated_Source\PSoC5/DVDAC_1_PM.c **** *  None
  37:Generated_Source\PSoC5/DVDAC_1_PM.c **** *
  38:Generated_Source\PSoC5/DVDAC_1_PM.c **** * Return:
  39:Generated_Source\PSoC5/DVDAC_1_PM.c **** *  None
  40:Generated_Source\PSoC5/DVDAC_1_PM.c **** *
  41:Generated_Source\PSoC5/DVDAC_1_PM.c **** * Global variables:
  42:Generated_Source\PSoC5/DVDAC_1_PM.c **** *  None
  43:Generated_Source\PSoC5/DVDAC_1_PM.c **** *
  44:Generated_Source\PSoC5/DVDAC_1_PM.c **** *******************************************************************************/
  45:Generated_Source\PSoC5/DVDAC_1_PM.c **** void DVDAC_1_Sleep(void) 
  46:Generated_Source\PSoC5/DVDAC_1_PM.c **** {
  47:Generated_Source\PSoC5/DVDAC_1_PM.c ****     /* Save VDAC8's enable state */
  48:Generated_Source\PSoC5/DVDAC_1_PM.c ****     if(0u != (DVDAC_1_VDAC8_PWRMGR & DVDAC_1_VDAC8_ACT_PWR_EN))
  49:Generated_Source\PSoC5/DVDAC_1_PM.c ****     {
  50:Generated_Source\PSoC5/DVDAC_1_PM.c ****         DVDAC_1_backup.enableState = 1u;
  51:Generated_Source\PSoC5/DVDAC_1_PM.c ****     }
  52:Generated_Source\PSoC5/DVDAC_1_PM.c ****     else
  53:Generated_Source\PSoC5/DVDAC_1_PM.c ****     {
  54:Generated_Source\PSoC5/DVDAC_1_PM.c ****         DVDAC_1_backup.enableState = 0u;
  55:Generated_Source\PSoC5/DVDAC_1_PM.c ****     }
  56:Generated_Source\PSoC5/DVDAC_1_PM.c **** 
  57:Generated_Source\PSoC5/DVDAC_1_PM.c ****     DVDAC_1_Stop();
  58:Generated_Source\PSoC5/DVDAC_1_PM.c ****     DVDAC_1_SaveConfig();
  59:Generated_Source\PSoC5/DVDAC_1_PM.c **** }
  60:Generated_Source\PSoC5/DVDAC_1_PM.c **** 
  61:Generated_Source\PSoC5/DVDAC_1_PM.c **** 
  62:Generated_Source\PSoC5/DVDAC_1_PM.c **** /*******************************************************************************
  63:Generated_Source\PSoC5/DVDAC_1_PM.c **** * Function Name: DVDAC_1_Wakeup
  64:Generated_Source\PSoC5/DVDAC_1_PM.c **** ********************************************************************************
  65:Generated_Source\PSoC5/DVDAC_1_PM.c **** *
  66:Generated_Source\PSoC5/DVDAC_1_PM.c **** * Summary:
  67:Generated_Source\PSoC5/DVDAC_1_PM.c **** *  This is the preferred API to restore the component to the state when
  68:Generated_Source\PSoC5/DVDAC_1_PM.c **** *  DVDAC_1_Sleep() was called. The DVDAC_1_Wakeup() function
  69:Generated_Source\PSoC5/DVDAC_1_PM.c **** *  calls the DVDAC_1_RestoreConfig() function to restore the
  70:Generated_Source\PSoC5/DVDAC_1_PM.c **** *  configuration. If the component was enabled before the
  71:Generated_Source\PSoC5/DVDAC_1_PM.c **** *  DVDAC_1_Sleep() function was called, the DVDAC_Wakeup() function
  72:Generated_Source\PSoC5/DVDAC_1_PM.c **** *  will also re-enable the component.
  73:Generated_Source\PSoC5/DVDAC_1_PM.c **** *
  74:Generated_Source\PSoC5/DVDAC_1_PM.c **** * Parameters:
  75:Generated_Source\PSoC5/DVDAC_1_PM.c **** *  None
  76:Generated_Source\PSoC5/DVDAC_1_PM.c **** *
  77:Generated_Source\PSoC5/DVDAC_1_PM.c **** * Return:
  78:Generated_Source\PSoC5/DVDAC_1_PM.c **** *  None
  79:Generated_Source\PSoC5/DVDAC_1_PM.c **** *
  80:Generated_Source\PSoC5/DVDAC_1_PM.c **** * Global variables:
  81:Generated_Source\PSoC5/DVDAC_1_PM.c **** *  None
  82:Generated_Source\PSoC5/DVDAC_1_PM.c **** *
  83:Generated_Source\PSoC5/DVDAC_1_PM.c **** *******************************************************************************/
  84:Generated_Source\PSoC5/DVDAC_1_PM.c **** void DVDAC_1_Wakeup(void) 
  85:Generated_Source\PSoC5/DVDAC_1_PM.c **** {
  86:Generated_Source\PSoC5/DVDAC_1_PM.c ****     DVDAC_1_RestoreConfig();
  87:Generated_Source\PSoC5/DVDAC_1_PM.c **** 
  88:Generated_Source\PSoC5/DVDAC_1_PM.c ****     if(DVDAC_1_backup.enableState == 1u)
ARM GAS  C:\Users\koseki\AppData\Local\Temp\cc6nQMgU.s 			page 3


  89:Generated_Source\PSoC5/DVDAC_1_PM.c ****     {
  90:Generated_Source\PSoC5/DVDAC_1_PM.c ****         DVDAC_1_Enable();
  91:Generated_Source\PSoC5/DVDAC_1_PM.c ****     }
  92:Generated_Source\PSoC5/DVDAC_1_PM.c **** }
  93:Generated_Source\PSoC5/DVDAC_1_PM.c **** 
  94:Generated_Source\PSoC5/DVDAC_1_PM.c **** 
  95:Generated_Source\PSoC5/DVDAC_1_PM.c **** /*******************************************************************************
  96:Generated_Source\PSoC5/DVDAC_1_PM.c **** * Function Name: DVDAC_1_SaveConfig
  97:Generated_Source\PSoC5/DVDAC_1_PM.c **** ********************************************************************************
  98:Generated_Source\PSoC5/DVDAC_1_PM.c **** *
  99:Generated_Source\PSoC5/DVDAC_1_PM.c **** * Summary:
 100:Generated_Source\PSoC5/DVDAC_1_PM.c **** *  This function saves the component configuration and non-retention registers.
 101:Generated_Source\PSoC5/DVDAC_1_PM.c **** *  This function is called by the DVDAC_1_Sleep() function.
 102:Generated_Source\PSoC5/DVDAC_1_PM.c **** *
 103:Generated_Source\PSoC5/DVDAC_1_PM.c **** * Parameters:
 104:Generated_Source\PSoC5/DVDAC_1_PM.c **** *  None
 105:Generated_Source\PSoC5/DVDAC_1_PM.c **** *
 106:Generated_Source\PSoC5/DVDAC_1_PM.c **** * Return:
 107:Generated_Source\PSoC5/DVDAC_1_PM.c **** *  None
 108:Generated_Source\PSoC5/DVDAC_1_PM.c **** *
 109:Generated_Source\PSoC5/DVDAC_1_PM.c **** * Global variables:
 110:Generated_Source\PSoC5/DVDAC_1_PM.c **** *  None
 111:Generated_Source\PSoC5/DVDAC_1_PM.c **** *
 112:Generated_Source\PSoC5/DVDAC_1_PM.c **** *******************************************************************************/
 113:Generated_Source\PSoC5/DVDAC_1_PM.c **** void DVDAC_1_SaveConfig(void) 
 114:Generated_Source\PSoC5/DVDAC_1_PM.c **** {
  27              		.loc 1 114 0
  28              		.cfi_startproc
  29              		@ args = 0, pretend = 0, frame = 0
  30              		@ frame_needed = 0, uses_anonymous_args = 0
  31 0000 08B5     		push	{r3, lr}
  32              		.cfi_def_cfa_offset 8
  33              		.cfi_offset 3, -8
  34              		.cfi_offset 14, -4
 115:Generated_Source\PSoC5/DVDAC_1_PM.c ****     DVDAC_1_VDAC8_SaveConfig();
  35              		.loc 1 115 0
  36 0002 FFF7FEFF 		bl	DVDAC_1_VDAC8_SaveConfig
  37              	.LVL0:
  38 0006 08BD     		pop	{r3, pc}
  39              		.cfi_endproc
  40              	.LFE2:
  41              		.size	DVDAC_1_SaveConfig, .-DVDAC_1_SaveConfig
  42              		.section	.text.DVDAC_1_Sleep,"ax",%progbits
  43              		.align	2
  44              		.global	DVDAC_1_Sleep
  45              		.thumb
  46              		.thumb_func
  47              		.type	DVDAC_1_Sleep, %function
  48              	DVDAC_1_Sleep:
  49              	.LFB0:
  46:Generated_Source\PSoC5/DVDAC_1_PM.c ****     /* Save VDAC8's enable state */
  50              		.loc 1 46 0
  51              		.cfi_startproc
  52              		@ args = 0, pretend = 0, frame = 0
  53              		@ frame_needed = 0, uses_anonymous_args = 0
  54 0000 08B5     		push	{r3, lr}
  55              		.cfi_def_cfa_offset 8
ARM GAS  C:\Users\koseki\AppData\Local\Temp\cc6nQMgU.s 			page 4


  56              		.cfi_offset 3, -8
  57              		.cfi_offset 14, -4
  48:Generated_Source\PSoC5/DVDAC_1_PM.c ****     {
  58              		.loc 1 48 0
  59 0002 084B     		ldr	r3, .L7
  60 0004 1B78     		ldrb	r3, [r3]	@ zero_extendqisi2
  61 0006 13F0020F 		tst	r3, #2
  62 000a 03D0     		beq	.L4
  50:Generated_Source\PSoC5/DVDAC_1_PM.c ****     }
  63              		.loc 1 50 0
  64 000c 0122     		movs	r2, #1
  65 000e 064B     		ldr	r3, .L7+4
  66 0010 1A70     		strb	r2, [r3]
  67 0012 02E0     		b	.L5
  68              	.L4:
  54:Generated_Source\PSoC5/DVDAC_1_PM.c ****     }
  69              		.loc 1 54 0
  70 0014 0022     		movs	r2, #0
  71 0016 044B     		ldr	r3, .L7+4
  72 0018 1A70     		strb	r2, [r3]
  73              	.L5:
  57:Generated_Source\PSoC5/DVDAC_1_PM.c ****     DVDAC_1_SaveConfig();
  74              		.loc 1 57 0
  75 001a FFF7FEFF 		bl	DVDAC_1_Stop
  76              	.LVL1:
  58:Generated_Source\PSoC5/DVDAC_1_PM.c **** }
  77              		.loc 1 58 0
  78 001e FFF7FEFF 		bl	DVDAC_1_SaveConfig
  79              	.LVL2:
  80 0022 08BD     		pop	{r3, pc}
  81              	.L8:
  82              		.align	2
  83              	.L7:
  84 0024 A8430040 		.word	1073759144
  85 0028 00000000 		.word	.LANCHOR0
  86              		.cfi_endproc
  87              	.LFE0:
  88              		.size	DVDAC_1_Sleep, .-DVDAC_1_Sleep
  89              		.section	.text.DVDAC_1_RestoreConfig,"ax",%progbits
  90              		.align	2
  91              		.global	DVDAC_1_RestoreConfig
  92              		.thumb
  93              		.thumb_func
  94              		.type	DVDAC_1_RestoreConfig, %function
  95              	DVDAC_1_RestoreConfig:
  96              	.LFB3:
 116:Generated_Source\PSoC5/DVDAC_1_PM.c **** }
 117:Generated_Source\PSoC5/DVDAC_1_PM.c **** 
 118:Generated_Source\PSoC5/DVDAC_1_PM.c **** 
 119:Generated_Source\PSoC5/DVDAC_1_PM.c **** /*******************************************************************************
 120:Generated_Source\PSoC5/DVDAC_1_PM.c **** * Function Name: DVDAC_1_RestoreConfig
 121:Generated_Source\PSoC5/DVDAC_1_PM.c **** ********************************************************************************
 122:Generated_Source\PSoC5/DVDAC_1_PM.c **** *
 123:Generated_Source\PSoC5/DVDAC_1_PM.c **** * Summary:
 124:Generated_Source\PSoC5/DVDAC_1_PM.c **** *  This function restores the component configuration and non-retention
 125:Generated_Source\PSoC5/DVDAC_1_PM.c **** *  registers. This function is called by the DVDAC_1_Wakeup() function.
 126:Generated_Source\PSoC5/DVDAC_1_PM.c **** *
ARM GAS  C:\Users\koseki\AppData\Local\Temp\cc6nQMgU.s 			page 5


 127:Generated_Source\PSoC5/DVDAC_1_PM.c **** * Parameters:
 128:Generated_Source\PSoC5/DVDAC_1_PM.c **** *  None
 129:Generated_Source\PSoC5/DVDAC_1_PM.c **** *
 130:Generated_Source\PSoC5/DVDAC_1_PM.c **** * Return:
 131:Generated_Source\PSoC5/DVDAC_1_PM.c **** *  None
 132:Generated_Source\PSoC5/DVDAC_1_PM.c **** *
 133:Generated_Source\PSoC5/DVDAC_1_PM.c **** * Global variables:
 134:Generated_Source\PSoC5/DVDAC_1_PM.c **** *  None
 135:Generated_Source\PSoC5/DVDAC_1_PM.c **** *
 136:Generated_Source\PSoC5/DVDAC_1_PM.c **** *******************************************************************************/
 137:Generated_Source\PSoC5/DVDAC_1_PM.c **** void DVDAC_1_RestoreConfig(void) 
 138:Generated_Source\PSoC5/DVDAC_1_PM.c **** {
  97              		.loc 1 138 0
  98              		.cfi_startproc
  99              		@ args = 0, pretend = 0, frame = 0
 100              		@ frame_needed = 0, uses_anonymous_args = 0
 101 0000 08B5     		push	{r3, lr}
 102              		.cfi_def_cfa_offset 8
 103              		.cfi_offset 3, -8
 104              		.cfi_offset 14, -4
 139:Generated_Source\PSoC5/DVDAC_1_PM.c ****     DVDAC_1_VDAC8_RestoreConfig();
 105              		.loc 1 139 0
 106 0002 FFF7FEFF 		bl	DVDAC_1_VDAC8_RestoreConfig
 107              	.LVL3:
 108 0006 08BD     		pop	{r3, pc}
 109              		.cfi_endproc
 110              	.LFE3:
 111              		.size	DVDAC_1_RestoreConfig, .-DVDAC_1_RestoreConfig
 112              		.section	.text.DVDAC_1_Wakeup,"ax",%progbits
 113              		.align	2
 114              		.global	DVDAC_1_Wakeup
 115              		.thumb
 116              		.thumb_func
 117              		.type	DVDAC_1_Wakeup, %function
 118              	DVDAC_1_Wakeup:
 119              	.LFB1:
  85:Generated_Source\PSoC5/DVDAC_1_PM.c ****     DVDAC_1_RestoreConfig();
 120              		.loc 1 85 0
 121              		.cfi_startproc
 122              		@ args = 0, pretend = 0, frame = 0
 123              		@ frame_needed = 0, uses_anonymous_args = 0
 124 0000 08B5     		push	{r3, lr}
 125              		.cfi_def_cfa_offset 8
 126              		.cfi_offset 3, -8
 127              		.cfi_offset 14, -4
  86:Generated_Source\PSoC5/DVDAC_1_PM.c **** 
 128              		.loc 1 86 0
 129 0002 FFF7FEFF 		bl	DVDAC_1_RestoreConfig
 130              	.LVL4:
  88:Generated_Source\PSoC5/DVDAC_1_PM.c ****     {
 131              		.loc 1 88 0
 132 0006 034B     		ldr	r3, .L14
 133 0008 1B78     		ldrb	r3, [r3]	@ zero_extendqisi2
 134 000a 012B     		cmp	r3, #1
 135 000c 01D1     		bne	.L11
  90:Generated_Source\PSoC5/DVDAC_1_PM.c ****     }
 136              		.loc 1 90 0
ARM GAS  C:\Users\koseki\AppData\Local\Temp\cc6nQMgU.s 			page 6


 137 000e FFF7FEFF 		bl	DVDAC_1_Enable
 138              	.LVL5:
 139              	.L11:
 140 0012 08BD     		pop	{r3, pc}
 141              	.L15:
 142              		.align	2
 143              	.L14:
 144 0014 00000000 		.word	.LANCHOR0
 145              		.cfi_endproc
 146              	.LFE1:
 147              		.size	DVDAC_1_Wakeup, .-DVDAC_1_Wakeup
 148              		.bss
 149              		.align	2
 150              		.set	.LANCHOR0,. + 0
 151              		.type	DVDAC_1_backup, %object
 152              		.size	DVDAC_1_backup, 1
 153              	DVDAC_1_backup:
 154 0000 00       		.space	1
 155 0001 000000   		.text
 156              	.Letext0:
 157              		.file 2 "Generated_Source\\PSoC5\\cytypes.h"
 158              		.file 3 "Generated_Source\\PSoC5\\DVDAC_1.h"
 159              		.file 4 "Generated_Source\\PSoC5\\DVDAC_1_VDAC8.h"
 160              		.section	.debug_info,"",%progbits
 161              	.Ldebug_info0:
 162 0000 75010000 		.4byte	0x175
 163 0004 0400     		.2byte	0x4
 164 0006 00000000 		.4byte	.Ldebug_abbrev0
 165 000a 04       		.byte	0x4
 166 000b 01       		.uleb128 0x1
 167 000c BF000000 		.4byte	.LASF23
 168 0010 01       		.byte	0x1
 169 0011 AA010000 		.4byte	.LASF24
 170 0015 1B000000 		.4byte	.LASF25
 171 0019 00000000 		.4byte	.Ldebug_ranges0+0
 172 001d 00000000 		.4byte	0
 173 0021 00000000 		.4byte	.Ldebug_line0
 174 0025 02       		.uleb128 0x2
 175 0026 01       		.byte	0x1
 176 0027 06       		.byte	0x6
 177 0028 3A020000 		.4byte	.LASF0
 178 002c 02       		.uleb128 0x2
 179 002d 01       		.byte	0x1
 180 002e 08       		.byte	0x8
 181 002f 80000000 		.4byte	.LASF1
 182 0033 02       		.uleb128 0x2
 183 0034 02       		.byte	0x2
 184 0035 05       		.byte	0x5
 185 0036 E9010000 		.4byte	.LASF2
 186 003a 02       		.uleb128 0x2
 187 003b 02       		.byte	0x2
 188 003c 07       		.byte	0x7
 189 003d A5000000 		.4byte	.LASF3
 190 0041 02       		.uleb128 0x2
 191 0042 04       		.byte	0x4
 192 0043 05       		.byte	0x5
 193 0044 12020000 		.4byte	.LASF4
ARM GAS  C:\Users\koseki\AppData\Local\Temp\cc6nQMgU.s 			page 7


 194 0048 02       		.uleb128 0x2
 195 0049 04       		.byte	0x4
 196 004a 07       		.byte	0x7
 197 004b 93000000 		.4byte	.LASF5
 198 004f 02       		.uleb128 0x2
 199 0050 08       		.byte	0x8
 200 0051 05       		.byte	0x5
 201 0052 00000000 		.4byte	.LASF6
 202 0056 02       		.uleb128 0x2
 203 0057 08       		.byte	0x8
 204 0058 07       		.byte	0x7
 205 0059 68010000 		.4byte	.LASF7
 206 005d 03       		.uleb128 0x3
 207 005e 04       		.byte	0x4
 208 005f 05       		.byte	0x5
 209 0060 696E7400 		.ascii	"int\000"
 210 0064 02       		.uleb128 0x2
 211 0065 04       		.byte	0x4
 212 0066 07       		.byte	0x7
 213 0067 4D010000 		.4byte	.LASF8
 214 006b 04       		.uleb128 0x4
 215 006c F3010000 		.4byte	.LASF12
 216 0070 02       		.byte	0x2
 217 0071 3801     		.2byte	0x138
 218 0073 2C000000 		.4byte	0x2c
 219 0077 02       		.uleb128 0x2
 220 0078 04       		.byte	0x4
 221 0079 04       		.byte	0x4
 222 007a 6B000000 		.4byte	.LASF9
 223 007e 02       		.uleb128 0x2
 224 007f 08       		.byte	0x8
 225 0080 04       		.byte	0x4
 226 0081 B8000000 		.4byte	.LASF10
 227 0085 02       		.uleb128 0x2
 228 0086 01       		.byte	0x1
 229 0087 08       		.byte	0x8
 230 0088 CE010000 		.4byte	.LASF11
 231 008c 04       		.uleb128 0x4
 232 008d 8E000000 		.4byte	.LASF13
 233 0091 02       		.byte	0x2
 234 0092 E201     		.2byte	0x1e2
 235 0094 98000000 		.4byte	0x98
 236 0098 05       		.uleb128 0x5
 237 0099 6B000000 		.4byte	0x6b
 238 009d 06       		.uleb128 0x6
 239 009e 01       		.byte	0x1
 240 009f 03       		.byte	0x3
 241 00a0 1C       		.byte	0x1c
 242 00a1 B2000000 		.4byte	0xb2
 243 00a5 07       		.uleb128 0x7
 244 00a6 1B020000 		.4byte	.LASF26
 245 00aa 03       		.byte	0x3
 246 00ab 1E       		.byte	0x1e
 247 00ac 6B000000 		.4byte	0x6b
 248 00b0 00       		.byte	0
 249 00b1 00       		.byte	0
 250 00b2 08       		.uleb128 0x8
ARM GAS  C:\Users\koseki\AppData\Local\Temp\cc6nQMgU.s 			page 8


 251 00b3 D3010000 		.4byte	.LASF14
 252 00b7 03       		.byte	0x3
 253 00b8 1F       		.byte	0x1f
 254 00b9 9D000000 		.4byte	0x9d
 255 00bd 09       		.uleb128 0x9
 256 00be 27020000 		.4byte	.LASF15
 257 00c2 01       		.byte	0x1
 258 00c3 71       		.byte	0x71
 259 00c4 00000000 		.4byte	.LFB2
 260 00c8 08000000 		.4byte	.LFE2-.LFB2
 261 00cc 01       		.uleb128 0x1
 262 00cd 9C       		.byte	0x9c
 263 00ce DC000000 		.4byte	0xdc
 264 00d2 0A       		.uleb128 0xa
 265 00d3 06000000 		.4byte	.LVL0
 266 00d7 5C010000 		.4byte	0x15c
 267 00db 00       		.byte	0
 268 00dc 09       		.uleb128 0x9
 269 00dd 5A010000 		.4byte	.LASF16
 270 00e1 01       		.byte	0x1
 271 00e2 2D       		.byte	0x2d
 272 00e3 00000000 		.4byte	.LFB0
 273 00e7 2C000000 		.4byte	.LFE0-.LFB0
 274 00eb 01       		.uleb128 0x1
 275 00ec 9C       		.byte	0x9c
 276 00ed 04010000 		.4byte	0x104
 277 00f1 0A       		.uleb128 0xa
 278 00f2 1E000000 		.4byte	.LVL1
 279 00f6 63010000 		.4byte	0x163
 280 00fa 0A       		.uleb128 0xa
 281 00fb 22000000 		.4byte	.LVL2
 282 00ff BD000000 		.4byte	0xbd
 283 0103 00       		.byte	0
 284 0104 09       		.uleb128 0x9
 285 0105 55020000 		.4byte	.LASF17
 286 0109 01       		.byte	0x1
 287 010a 89       		.byte	0x89
 288 010b 00000000 		.4byte	.LFB3
 289 010f 08000000 		.4byte	.LFE3-.LFB3
 290 0113 01       		.uleb128 0x1
 291 0114 9C       		.byte	0x9c
 292 0115 23010000 		.4byte	0x123
 293 0119 0A       		.uleb128 0xa
 294 011a 06000000 		.4byte	.LVL3
 295 011e 6A010000 		.4byte	0x16a
 296 0122 00       		.byte	0
 297 0123 09       		.uleb128 0x9
 298 0124 46020000 		.4byte	.LASF18
 299 0128 01       		.byte	0x1
 300 0129 54       		.byte	0x54
 301 012a 00000000 		.4byte	.LFB1
 302 012e 18000000 		.4byte	.LFE1-.LFB1
 303 0132 01       		.uleb128 0x1
 304 0133 9C       		.byte	0x9c
 305 0134 4B010000 		.4byte	0x14b
 306 0138 0A       		.uleb128 0xa
 307 0139 06000000 		.4byte	.LVL4
ARM GAS  C:\Users\koseki\AppData\Local\Temp\cc6nQMgU.s 			page 9


 308 013d 04010000 		.4byte	0x104
 309 0141 0A       		.uleb128 0xa
 310 0142 12000000 		.4byte	.LVL5
 311 0146 71010000 		.4byte	0x171
 312 014a 00       		.byte	0
 313 014b 0B       		.uleb128 0xb
 314 014c 7F010000 		.4byte	.LASF27
 315 0150 01       		.byte	0x1
 316 0151 14       		.byte	0x14
 317 0152 B2000000 		.4byte	0xb2
 318 0156 05       		.uleb128 0x5
 319 0157 03       		.byte	0x3
 320 0158 00000000 		.4byte	DVDAC_1_backup
 321 015c 0C       		.uleb128 0xc
 322 015d F9010000 		.4byte	.LASF19
 323 0161 04       		.byte	0x4
 324 0162 3B       		.byte	0x3b
 325 0163 0C       		.uleb128 0xc
 326 0164 0E000000 		.4byte	.LASF20
 327 0168 03       		.byte	0x3
 328 0169 49       		.byte	0x49
 329 016a 0C       		.uleb128 0xc
 330 016b 8E010000 		.4byte	.LASF21
 331 016f 04       		.byte	0x4
 332 0170 3C       		.byte	0x3c
 333 0171 0C       		.uleb128 0xc
 334 0172 71000000 		.4byte	.LASF22
 335 0176 03       		.byte	0x3
 336 0177 47       		.byte	0x47
 337 0178 00       		.byte	0
 338              		.section	.debug_abbrev,"",%progbits
 339              	.Ldebug_abbrev0:
 340 0000 01       		.uleb128 0x1
 341 0001 11       		.uleb128 0x11
 342 0002 01       		.byte	0x1
 343 0003 25       		.uleb128 0x25
 344 0004 0E       		.uleb128 0xe
 345 0005 13       		.uleb128 0x13
 346 0006 0B       		.uleb128 0xb
 347 0007 03       		.uleb128 0x3
 348 0008 0E       		.uleb128 0xe
 349 0009 1B       		.uleb128 0x1b
 350 000a 0E       		.uleb128 0xe
 351 000b 55       		.uleb128 0x55
 352 000c 17       		.uleb128 0x17
 353 000d 11       		.uleb128 0x11
 354 000e 01       		.uleb128 0x1
 355 000f 10       		.uleb128 0x10
 356 0010 17       		.uleb128 0x17
 357 0011 00       		.byte	0
 358 0012 00       		.byte	0
 359 0013 02       		.uleb128 0x2
 360 0014 24       		.uleb128 0x24
 361 0015 00       		.byte	0
 362 0016 0B       		.uleb128 0xb
 363 0017 0B       		.uleb128 0xb
 364 0018 3E       		.uleb128 0x3e
ARM GAS  C:\Users\koseki\AppData\Local\Temp\cc6nQMgU.s 			page 10


 365 0019 0B       		.uleb128 0xb
 366 001a 03       		.uleb128 0x3
 367 001b 0E       		.uleb128 0xe
 368 001c 00       		.byte	0
 369 001d 00       		.byte	0
 370 001e 03       		.uleb128 0x3
 371 001f 24       		.uleb128 0x24
 372 0020 00       		.byte	0
 373 0021 0B       		.uleb128 0xb
 374 0022 0B       		.uleb128 0xb
 375 0023 3E       		.uleb128 0x3e
 376 0024 0B       		.uleb128 0xb
 377 0025 03       		.uleb128 0x3
 378 0026 08       		.uleb128 0x8
 379 0027 00       		.byte	0
 380 0028 00       		.byte	0
 381 0029 04       		.uleb128 0x4
 382 002a 16       		.uleb128 0x16
 383 002b 00       		.byte	0
 384 002c 03       		.uleb128 0x3
 385 002d 0E       		.uleb128 0xe
 386 002e 3A       		.uleb128 0x3a
 387 002f 0B       		.uleb128 0xb
 388 0030 3B       		.uleb128 0x3b
 389 0031 05       		.uleb128 0x5
 390 0032 49       		.uleb128 0x49
 391 0033 13       		.uleb128 0x13
 392 0034 00       		.byte	0
 393 0035 00       		.byte	0
 394 0036 05       		.uleb128 0x5
 395 0037 35       		.uleb128 0x35
 396 0038 00       		.byte	0
 397 0039 49       		.uleb128 0x49
 398 003a 13       		.uleb128 0x13
 399 003b 00       		.byte	0
 400 003c 00       		.byte	0
 401 003d 06       		.uleb128 0x6
 402 003e 13       		.uleb128 0x13
 403 003f 01       		.byte	0x1
 404 0040 0B       		.uleb128 0xb
 405 0041 0B       		.uleb128 0xb
 406 0042 3A       		.uleb128 0x3a
 407 0043 0B       		.uleb128 0xb
 408 0044 3B       		.uleb128 0x3b
 409 0045 0B       		.uleb128 0xb
 410 0046 01       		.uleb128 0x1
 411 0047 13       		.uleb128 0x13
 412 0048 00       		.byte	0
 413 0049 00       		.byte	0
 414 004a 07       		.uleb128 0x7
 415 004b 0D       		.uleb128 0xd
 416 004c 00       		.byte	0
 417 004d 03       		.uleb128 0x3
 418 004e 0E       		.uleb128 0xe
 419 004f 3A       		.uleb128 0x3a
 420 0050 0B       		.uleb128 0xb
 421 0051 3B       		.uleb128 0x3b
ARM GAS  C:\Users\koseki\AppData\Local\Temp\cc6nQMgU.s 			page 11


 422 0052 0B       		.uleb128 0xb
 423 0053 49       		.uleb128 0x49
 424 0054 13       		.uleb128 0x13
 425 0055 38       		.uleb128 0x38
 426 0056 0B       		.uleb128 0xb
 427 0057 00       		.byte	0
 428 0058 00       		.byte	0
 429 0059 08       		.uleb128 0x8
 430 005a 16       		.uleb128 0x16
 431 005b 00       		.byte	0
 432 005c 03       		.uleb128 0x3
 433 005d 0E       		.uleb128 0xe
 434 005e 3A       		.uleb128 0x3a
 435 005f 0B       		.uleb128 0xb
 436 0060 3B       		.uleb128 0x3b
 437 0061 0B       		.uleb128 0xb
 438 0062 49       		.uleb128 0x49
 439 0063 13       		.uleb128 0x13
 440 0064 00       		.byte	0
 441 0065 00       		.byte	0
 442 0066 09       		.uleb128 0x9
 443 0067 2E       		.uleb128 0x2e
 444 0068 01       		.byte	0x1
 445 0069 3F       		.uleb128 0x3f
 446 006a 19       		.uleb128 0x19
 447 006b 03       		.uleb128 0x3
 448 006c 0E       		.uleb128 0xe
 449 006d 3A       		.uleb128 0x3a
 450 006e 0B       		.uleb128 0xb
 451 006f 3B       		.uleb128 0x3b
 452 0070 0B       		.uleb128 0xb
 453 0071 27       		.uleb128 0x27
 454 0072 19       		.uleb128 0x19
 455 0073 11       		.uleb128 0x11
 456 0074 01       		.uleb128 0x1
 457 0075 12       		.uleb128 0x12
 458 0076 06       		.uleb128 0x6
 459 0077 40       		.uleb128 0x40
 460 0078 18       		.uleb128 0x18
 461 0079 9742     		.uleb128 0x2117
 462 007b 19       		.uleb128 0x19
 463 007c 01       		.uleb128 0x1
 464 007d 13       		.uleb128 0x13
 465 007e 00       		.byte	0
 466 007f 00       		.byte	0
 467 0080 0A       		.uleb128 0xa
 468 0081 898201   		.uleb128 0x4109
 469 0084 00       		.byte	0
 470 0085 11       		.uleb128 0x11
 471 0086 01       		.uleb128 0x1
 472 0087 31       		.uleb128 0x31
 473 0088 13       		.uleb128 0x13
 474 0089 00       		.byte	0
 475 008a 00       		.byte	0
 476 008b 0B       		.uleb128 0xb
 477 008c 34       		.uleb128 0x34
 478 008d 00       		.byte	0
ARM GAS  C:\Users\koseki\AppData\Local\Temp\cc6nQMgU.s 			page 12


 479 008e 03       		.uleb128 0x3
 480 008f 0E       		.uleb128 0xe
 481 0090 3A       		.uleb128 0x3a
 482 0091 0B       		.uleb128 0xb
 483 0092 3B       		.uleb128 0x3b
 484 0093 0B       		.uleb128 0xb
 485 0094 49       		.uleb128 0x49
 486 0095 13       		.uleb128 0x13
 487 0096 02       		.uleb128 0x2
 488 0097 18       		.uleb128 0x18
 489 0098 00       		.byte	0
 490 0099 00       		.byte	0
 491 009a 0C       		.uleb128 0xc
 492 009b 2E       		.uleb128 0x2e
 493 009c 00       		.byte	0
 494 009d 3F       		.uleb128 0x3f
 495 009e 19       		.uleb128 0x19
 496 009f 03       		.uleb128 0x3
 497 00a0 0E       		.uleb128 0xe
 498 00a1 3A       		.uleb128 0x3a
 499 00a2 0B       		.uleb128 0xb
 500 00a3 3B       		.uleb128 0x3b
 501 00a4 0B       		.uleb128 0xb
 502 00a5 27       		.uleb128 0x27
 503 00a6 19       		.uleb128 0x19
 504 00a7 3C       		.uleb128 0x3c
 505 00a8 19       		.uleb128 0x19
 506 00a9 00       		.byte	0
 507 00aa 00       		.byte	0
 508 00ab 00       		.byte	0
 509              		.section	.debug_aranges,"",%progbits
 510 0000 34000000 		.4byte	0x34
 511 0004 0200     		.2byte	0x2
 512 0006 00000000 		.4byte	.Ldebug_info0
 513 000a 04       		.byte	0x4
 514 000b 00       		.byte	0
 515 000c 0000     		.2byte	0
 516 000e 0000     		.2byte	0
 517 0010 00000000 		.4byte	.LFB2
 518 0014 08000000 		.4byte	.LFE2-.LFB2
 519 0018 00000000 		.4byte	.LFB0
 520 001c 2C000000 		.4byte	.LFE0-.LFB0
 521 0020 00000000 		.4byte	.LFB3
 522 0024 08000000 		.4byte	.LFE3-.LFB3
 523 0028 00000000 		.4byte	.LFB1
 524 002c 18000000 		.4byte	.LFE1-.LFB1
 525 0030 00000000 		.4byte	0
 526 0034 00000000 		.4byte	0
 527              		.section	.debug_ranges,"",%progbits
 528              	.Ldebug_ranges0:
 529 0000 00000000 		.4byte	.LFB2
 530 0004 08000000 		.4byte	.LFE2
 531 0008 00000000 		.4byte	.LFB0
 532 000c 2C000000 		.4byte	.LFE0
 533 0010 00000000 		.4byte	.LFB3
 534 0014 08000000 		.4byte	.LFE3
 535 0018 00000000 		.4byte	.LFB1
ARM GAS  C:\Users\koseki\AppData\Local\Temp\cc6nQMgU.s 			page 13


 536 001c 18000000 		.4byte	.LFE1
 537 0020 00000000 		.4byte	0
 538 0024 00000000 		.4byte	0
 539              		.section	.debug_line,"",%progbits
 540              	.Ldebug_line0:
 541 0000 B6000000 		.section	.debug_str,"MS",%progbits,1
 541      02006700 
 541      00000201 
 541      FB0E0D00 
 541      01010101 
 542              	.LASF6:
 543 0000 6C6F6E67 		.ascii	"long long int\000"
 543      206C6F6E 
 543      6720696E 
 543      7400
 544              	.LASF20:
 545 000e 44564441 		.ascii	"DVDAC_1_Stop\000"
 545      435F315F 
 545      53746F70 
 545      00
 546              	.LASF25:
 547 001b 453A5C50 		.ascii	"E:\\PSoC_Creator\\CY8CKIT-059\\CY8CKIT-059_SDR_Beac"
 547      536F435F 
 547      43726561 
 547      746F725C 
 547      43593843 
 548 004b 6F6E5C43 		.ascii	"on\\CY8CKIT-059_SDR_Beacon.cydsn\000"
 548      5938434B 
 548      49542D30 
 548      35395F53 
 548      44525F42 
 549              	.LASF9:
 550 006b 666C6F61 		.ascii	"float\000"
 550      7400
 551              	.LASF22:
 552 0071 44564441 		.ascii	"DVDAC_1_Enable\000"
 552      435F315F 
 552      456E6162 
 552      6C6500
 553              	.LASF1:
 554 0080 756E7369 		.ascii	"unsigned char\000"
 554      676E6564 
 554      20636861 
 554      7200
 555              	.LASF13:
 556 008e 72656738 		.ascii	"reg8\000"
 556      00
 557              	.LASF5:
 558 0093 6C6F6E67 		.ascii	"long unsigned int\000"
 558      20756E73 
 558      69676E65 
 558      6420696E 
 558      7400
 559              	.LASF3:
 560 00a5 73686F72 		.ascii	"short unsigned int\000"
 560      7420756E 
 560      7369676E 
ARM GAS  C:\Users\koseki\AppData\Local\Temp\cc6nQMgU.s 			page 14


 560      65642069 
 560      6E7400
 561              	.LASF10:
 562 00b8 646F7562 		.ascii	"double\000"
 562      6C6500
 563              	.LASF23:
 564 00bf 474E5520 		.ascii	"GNU C 4.9.3 20150303 (release) [ARM/embedded-4_9-br"
 564      4320342E 
 564      392E3320 
 564      32303135 
 564      30333033 
 565 00f2 616E6368 		.ascii	"anch revision 221220] -mcpu=cortex-m3 -mthumb -g -O"
 565      20726576 
 565      6973696F 
 565      6E203232 
 565      31323230 
 566 0125 67202D66 		.ascii	"g -ffunction-sections -ffat-lto-objects\000"
 566      66756E63 
 566      74696F6E 
 566      2D736563 
 566      74696F6E 
 567              	.LASF8:
 568 014d 756E7369 		.ascii	"unsigned int\000"
 568      676E6564 
 568      20696E74 
 568      00
 569              	.LASF16:
 570 015a 44564441 		.ascii	"DVDAC_1_Sleep\000"
 570      435F315F 
 570      536C6565 
 570      7000
 571              	.LASF7:
 572 0168 6C6F6E67 		.ascii	"long long unsigned int\000"
 572      206C6F6E 
 572      6720756E 
 572      7369676E 
 572      65642069 
 573              	.LASF27:
 574 017f 44564441 		.ascii	"DVDAC_1_backup\000"
 574      435F315F 
 574      6261636B 
 574      757000
 575              	.LASF21:
 576 018e 44564441 		.ascii	"DVDAC_1_VDAC8_RestoreConfig\000"
 576      435F315F 
 576      56444143 
 576      385F5265 
 576      73746F72 
 577              	.LASF24:
 578 01aa 47656E65 		.ascii	"Generated_Source\\PSoC5\\DVDAC_1_PM.c\000"
 578      72617465 
 578      645F536F 
 578      75726365 
 578      5C50536F 
 579              	.LASF11:
 580 01ce 63686172 		.ascii	"char\000"
 580      00
ARM GAS  C:\Users\koseki\AppData\Local\Temp\cc6nQMgU.s 			page 15


 581              	.LASF14:
 582 01d3 44564441 		.ascii	"DVDAC_1_BACKUP_STRUCT\000"
 582      435F315F 
 582      4241434B 
 582      55505F53 
 582      54525543 
 583              	.LASF2:
 584 01e9 73686F72 		.ascii	"short int\000"
 584      7420696E 
 584      7400
 585              	.LASF12:
 586 01f3 75696E74 		.ascii	"uint8\000"
 586      3800
 587              	.LASF19:
 588 01f9 44564441 		.ascii	"DVDAC_1_VDAC8_SaveConfig\000"
 588      435F315F 
 588      56444143 
 588      385F5361 
 588      7665436F 
 589              	.LASF4:
 590 0212 6C6F6E67 		.ascii	"long int\000"
 590      20696E74 
 590      00
 591              	.LASF26:
 592 021b 656E6162 		.ascii	"enableState\000"
 592      6C655374 
 592      61746500 
 593              	.LASF15:
 594 0227 44564441 		.ascii	"DVDAC_1_SaveConfig\000"
 594      435F315F 
 594      53617665 
 594      436F6E66 
 594      696700
 595              	.LASF0:
 596 023a 7369676E 		.ascii	"signed char\000"
 596      65642063 
 596      68617200 
 597              	.LASF18:
 598 0246 44564441 		.ascii	"DVDAC_1_Wakeup\000"
 598      435F315F 
 598      57616B65 
 598      757000
 599              	.LASF17:
 600 0255 44564441 		.ascii	"DVDAC_1_RestoreConfig\000"
 600      435F315F 
 600      52657374 
 600      6F726543 
 600      6F6E6669 
 601              		.ident	"GCC: (GNU Tools for ARM Embedded Processors) 4.9.3 20150303 (release) [ARM/embedded-4_9-br
