ARM GAS  C:\Users\koseki\AppData\Local\Temp\ccv0EtYW.s 			page 1


   1              		.syntax unified
   2              		.cpu cortex-m3
   3              		.fpu softvfp
   4              		.eabi_attribute 20, 1
   5              		.eabi_attribute 21, 1
   6              		.eabi_attribute 23, 3
   7              		.eabi_attribute 24, 1
   8              		.eabi_attribute 25, 1
   9              		.eabi_attribute 26, 1
  10              		.eabi_attribute 30, 1
  11              		.eabi_attribute 34, 1
  12              		.eabi_attribute 18, 4
  13              		.thumb
  14              		.file	"Filter_1_Coefficients.c"
  15              		.text
  16              	.Ltext0:
  17              		.cfi_sections	.debug_frame
  18              		.global	Filter_1_ChannelBBiquadCoefficients
  19              		.global	Filter_1_ChannelABiquadCoefficients
  20              		.section	.rodata
  21              		.align	2
  22              		.type	Filter_1_ChannelBBiquadCoefficients, %object
  23              		.size	Filter_1_ChannelBBiquadCoefficients, 80
  24              	Filter_1_ChannelBBiquadCoefficients:
  25 0000 E1       		.byte	-31
  26 0001 8C       		.byte	-116
  27 0002 03       		.byte	3
  28 0003 00       		.byte	0
  29 0004 3F       		.byte	63
  30 0005 E6       		.byte	-26
  31 0006 F8       		.byte	-8
  32 0007 00       		.byte	0
  33 0008 E1       		.byte	-31
  34 0009 8C       		.byte	-116
  35 000a 03       		.byte	3
  36 000b 00       		.byte	0
  37 000c C2       		.byte	-62
  38 000d 4D       		.byte	77
  39 000e 76       		.byte	118
  40 000f 00       		.byte	0
  41 0010 6C       		.byte	108
  42 0011 47       		.byte	71
  43 0012 C4       		.byte	-60
  44 0013 00       		.byte	0
  45 0014 17       		.byte	23
  46 0015 6A       		.byte	106
  47 0016 00       		.byte	0
  48 0017 00       		.byte	0
  49 0018 2F       		.byte	47
  50 0019 D4       		.byte	-44
  51 001a 00       		.byte	0
  52 001b 00       		.byte	0
  53 001c 17       		.byte	23
  54 001d 6A       		.byte	106
  55 001e 00       		.byte	0
  56 001f 00       		.byte	0
  57 0020 32       		.byte	50
ARM GAS  C:\Users\koseki\AppData\Local\Temp\ccv0EtYW.s 			page 2


  58 0021 C5       		.byte	-59
  59 0022 74       		.byte	116
  60 0023 00       		.byte	0
  61 0024 7B       		.byte	123
  62 0025 AF       		.byte	-81
  63 0026 C4       		.byte	-60
  64 0027 00       		.byte	0
  65 0028 9F       		.byte	-97
  66 0029 73       		.byte	115
  67 002a 09       		.byte	9
  68 002b 00       		.byte	0
  69 002c C3       		.byte	-61
  70 002d 18       		.byte	24
  71 002e ED       		.byte	-19
  72 002f 00       		.byte	0
  73 0030 9F       		.byte	-97
  74 0031 73       		.byte	115
  75 0032 09       		.byte	9
  76 0033 00       		.byte	0
  77 0034 E1       		.byte	-31
  78 0035 7B       		.byte	123
  79 0036 79       		.byte	121
  80 0037 00       		.byte	0
  81 0038 25       		.byte	37
  82 0039 AF       		.byte	-81
  83 003a C1       		.byte	-63
  84 003b 00       		.byte	0
  85 003c FF       		.byte	-1
  86 003d 97       		.byte	-105
  87 003e 02       		.byte	2
  88 003f 00       		.byte	0
  89 0040 FD       		.byte	-3
  90 0041 2F       		.byte	47
  91 0042 05       		.byte	5
  92 0043 00       		.byte	0
  93 0044 FF       		.byte	-1
  94 0045 97       		.byte	-105
  95 0046 02       		.byte	2
  96 0047 00       		.byte	0
  97 0048 2E       		.byte	46
  98 0049 42       		.byte	66
  99 004a 76       		.byte	118
 100 004b 00       		.byte	0
 101 004c 32       		.byte	50
 102 004d 1A       		.byte	26
 103 004e C2       		.byte	-62
 104 004f 00       		.byte	0
 105              		.type	Filter_1_ChannelABiquadCoefficients, %object
 106              		.size	Filter_1_ChannelABiquadCoefficients, 80
 107              	Filter_1_ChannelABiquadCoefficients:
 108 0050 E1       		.byte	-31
 109 0051 8C       		.byte	-116
 110 0052 03       		.byte	3
 111 0053 00       		.byte	0
 112 0054 3F       		.byte	63
 113 0055 E6       		.byte	-26
 114 0056 F8       		.byte	-8
ARM GAS  C:\Users\koseki\AppData\Local\Temp\ccv0EtYW.s 			page 3


 115 0057 00       		.byte	0
 116 0058 E1       		.byte	-31
 117 0059 8C       		.byte	-116
 118 005a 03       		.byte	3
 119 005b 00       		.byte	0
 120 005c C2       		.byte	-62
 121 005d 4D       		.byte	77
 122 005e 76       		.byte	118
 123 005f 00       		.byte	0
 124 0060 6C       		.byte	108
 125 0061 47       		.byte	71
 126 0062 C4       		.byte	-60
 127 0063 00       		.byte	0
 128 0064 17       		.byte	23
 129 0065 6A       		.byte	106
 130 0066 00       		.byte	0
 131 0067 00       		.byte	0
 132 0068 2F       		.byte	47
 133 0069 D4       		.byte	-44
 134 006a 00       		.byte	0
 135 006b 00       		.byte	0
 136 006c 17       		.byte	23
 137 006d 6A       		.byte	106
 138 006e 00       		.byte	0
 139 006f 00       		.byte	0
 140 0070 32       		.byte	50
 141 0071 C5       		.byte	-59
 142 0072 74       		.byte	116
 143 0073 00       		.byte	0
 144 0074 7B       		.byte	123
 145 0075 AF       		.byte	-81
 146 0076 C4       		.byte	-60
 147 0077 00       		.byte	0
 148 0078 9F       		.byte	-97
 149 0079 73       		.byte	115
 150 007a 09       		.byte	9
 151 007b 00       		.byte	0
 152 007c C3       		.byte	-61
 153 007d 18       		.byte	24
 154 007e ED       		.byte	-19
 155 007f 00       		.byte	0
 156 0080 9F       		.byte	-97
 157 0081 73       		.byte	115
 158 0082 09       		.byte	9
 159 0083 00       		.byte	0
 160 0084 E1       		.byte	-31
 161 0085 7B       		.byte	123
 162 0086 79       		.byte	121
 163 0087 00       		.byte	0
 164 0088 25       		.byte	37
 165 0089 AF       		.byte	-81
 166 008a C1       		.byte	-63
 167 008b 00       		.byte	0
 168 008c FF       		.byte	-1
 169 008d 97       		.byte	-105
 170 008e 02       		.byte	2
 171 008f 00       		.byte	0
ARM GAS  C:\Users\koseki\AppData\Local\Temp\ccv0EtYW.s 			page 4


 172 0090 FD       		.byte	-3
 173 0091 2F       		.byte	47
 174 0092 05       		.byte	5
 175 0093 00       		.byte	0
 176 0094 FF       		.byte	-1
 177 0095 97       		.byte	-105
 178 0096 02       		.byte	2
 179 0097 00       		.byte	0
 180 0098 2E       		.byte	46
 181 0099 42       		.byte	66
 182 009a 76       		.byte	118
 183 009b 00       		.byte	0
 184 009c 32       		.byte	50
 185 009d 1A       		.byte	26
 186 009e C2       		.byte	-62
 187 009f 00       		.byte	0
 188              		.text
 189              	.Letext0:
 190              		.file 1 "Generated_Source\\PSoC5\\Filter_1_Coefficients.c"
 191              		.file 2 "Generated_Source\\PSoC5\\cytypes.h"
 192              		.section	.debug_info,"",%progbits
 193              	.Ldebug_info0:
 194 0000 C4000000 		.4byte	0xc4
 195 0004 0400     		.2byte	0x4
 196 0006 00000000 		.4byte	.Ldebug_abbrev0
 197 000a 04       		.byte	0x4
 198 000b 01       		.uleb128 0x1
 199 000c C1000000 		.4byte	.LASF15
 200 0010 01       		.byte	0x1
 201 0011 6E000000 		.4byte	.LASF16
 202 0015 A1010000 		.4byte	.LASF17
 203 0019 00000000 		.4byte	.Ldebug_line0
 204 001d 02       		.uleb128 0x2
 205 001e 04       		.byte	0x4
 206 001f 05       		.byte	0x5
 207 0020 696E7400 		.ascii	"int\000"
 208 0024 03       		.uleb128 0x3
 209 0025 04       		.byte	0x4
 210 0026 07       		.byte	0x7
 211 0027 0E000000 		.4byte	.LASF0
 212 002b 03       		.uleb128 0x3
 213 002c 01       		.byte	0x1
 214 002d 06       		.byte	0x6
 215 002e 85010000 		.4byte	.LASF1
 216 0032 03       		.uleb128 0x3
 217 0033 01       		.byte	0x1
 218 0034 08       		.byte	0x8
 219 0035 4F010000 		.4byte	.LASF2
 220 0039 03       		.uleb128 0x3
 221 003a 02       		.byte	0x2
 222 003b 05       		.byte	0x5
 223 003c 97010000 		.4byte	.LASF3
 224 0040 03       		.uleb128 0x3
 225 0041 02       		.byte	0x2
 226 0042 07       		.byte	0x7
 227 0043 72010000 		.4byte	.LASF4
 228 0047 03       		.uleb128 0x3
ARM GAS  C:\Users\koseki\AppData\Local\Temp\ccv0EtYW.s 			page 5


 229 0048 04       		.byte	0x4
 230 0049 05       		.byte	0x5
 231 004a 62010000 		.4byte	.LASF5
 232 004e 03       		.uleb128 0x3
 233 004f 04       		.byte	0x4
 234 0050 07       		.byte	0x7
 235 0051 45000000 		.4byte	.LASF6
 236 0055 03       		.uleb128 0x3
 237 0056 08       		.byte	0x8
 238 0057 05       		.byte	0x5
 239 0058 00000000 		.4byte	.LASF7
 240 005c 03       		.uleb128 0x3
 241 005d 08       		.byte	0x8
 242 005e 07       		.byte	0x7
 243 005f 57000000 		.4byte	.LASF8
 244 0063 03       		.uleb128 0x3
 245 0064 04       		.byte	0x4
 246 0065 07       		.byte	0x7
 247 0066 F1010000 		.4byte	.LASF9
 248 006a 03       		.uleb128 0x3
 249 006b 01       		.byte	0x1
 250 006c 08       		.byte	0x8
 251 006d 5D010000 		.4byte	.LASF10
 252 0071 04       		.uleb128 0x4
 253 0072 3F000000 		.4byte	.LASF18
 254 0076 02       		.byte	0x2
 255 0077 3801     		.2byte	0x138
 256 0079 32000000 		.4byte	0x32
 257 007d 03       		.uleb128 0x3
 258 007e 04       		.byte	0x4
 259 007f 04       		.byte	0x4
 260 0080 91010000 		.4byte	.LASF11
 261 0084 03       		.uleb128 0x3
 262 0085 08       		.byte	0x8
 263 0086 04       		.byte	0x4
 264 0087 6B010000 		.4byte	.LASF12
 265 008b 05       		.uleb128 0x5
 266 008c 71000000 		.4byte	0x71
 267 0090 9B000000 		.4byte	0x9b
 268 0094 06       		.uleb128 0x6
 269 0095 63000000 		.4byte	0x63
 270 0099 4F       		.byte	0x4f
 271 009a 00       		.byte	0
 272 009b 07       		.uleb128 0x7
 273 009c 1B000000 		.4byte	.LASF13
 274 00a0 01       		.byte	0x1
 275 00a1 11       		.byte	0x11
 276 00a2 AC000000 		.4byte	0xac
 277 00a6 05       		.uleb128 0x5
 278 00a7 03       		.byte	0x3
 279 00a8 00000000 		.4byte	Filter_1_ChannelABiquadCoefficients
 280 00ac 08       		.uleb128 0x8
 281 00ad 8B000000 		.4byte	0x8b
 282 00b1 07       		.uleb128 0x7
 283 00b2 9D000000 		.4byte	.LASF14
 284 00b6 01       		.byte	0x1
 285 00b7 4D       		.byte	0x4d
ARM GAS  C:\Users\koseki\AppData\Local\Temp\ccv0EtYW.s 			page 6


 286 00b8 C2000000 		.4byte	0xc2
 287 00bc 05       		.uleb128 0x5
 288 00bd 03       		.byte	0x3
 289 00be 00000000 		.4byte	Filter_1_ChannelBBiquadCoefficients
 290 00c2 08       		.uleb128 0x8
 291 00c3 8B000000 		.4byte	0x8b
 292 00c7 00       		.byte	0
 293              		.section	.debug_abbrev,"",%progbits
 294              	.Ldebug_abbrev0:
 295 0000 01       		.uleb128 0x1
 296 0001 11       		.uleb128 0x11
 297 0002 01       		.byte	0x1
 298 0003 25       		.uleb128 0x25
 299 0004 0E       		.uleb128 0xe
 300 0005 13       		.uleb128 0x13
 301 0006 0B       		.uleb128 0xb
 302 0007 03       		.uleb128 0x3
 303 0008 0E       		.uleb128 0xe
 304 0009 1B       		.uleb128 0x1b
 305 000a 0E       		.uleb128 0xe
 306 000b 10       		.uleb128 0x10
 307 000c 17       		.uleb128 0x17
 308 000d 00       		.byte	0
 309 000e 00       		.byte	0
 310 000f 02       		.uleb128 0x2
 311 0010 24       		.uleb128 0x24
 312 0011 00       		.byte	0
 313 0012 0B       		.uleb128 0xb
 314 0013 0B       		.uleb128 0xb
 315 0014 3E       		.uleb128 0x3e
 316 0015 0B       		.uleb128 0xb
 317 0016 03       		.uleb128 0x3
 318 0017 08       		.uleb128 0x8
 319 0018 00       		.byte	0
 320 0019 00       		.byte	0
 321 001a 03       		.uleb128 0x3
 322 001b 24       		.uleb128 0x24
 323 001c 00       		.byte	0
 324 001d 0B       		.uleb128 0xb
 325 001e 0B       		.uleb128 0xb
 326 001f 3E       		.uleb128 0x3e
 327 0020 0B       		.uleb128 0xb
 328 0021 03       		.uleb128 0x3
 329 0022 0E       		.uleb128 0xe
 330 0023 00       		.byte	0
 331 0024 00       		.byte	0
 332 0025 04       		.uleb128 0x4
 333 0026 16       		.uleb128 0x16
 334 0027 00       		.byte	0
 335 0028 03       		.uleb128 0x3
 336 0029 0E       		.uleb128 0xe
 337 002a 3A       		.uleb128 0x3a
 338 002b 0B       		.uleb128 0xb
 339 002c 3B       		.uleb128 0x3b
 340 002d 05       		.uleb128 0x5
 341 002e 49       		.uleb128 0x49
 342 002f 13       		.uleb128 0x13
ARM GAS  C:\Users\koseki\AppData\Local\Temp\ccv0EtYW.s 			page 7


 343 0030 00       		.byte	0
 344 0031 00       		.byte	0
 345 0032 05       		.uleb128 0x5
 346 0033 01       		.uleb128 0x1
 347 0034 01       		.byte	0x1
 348 0035 49       		.uleb128 0x49
 349 0036 13       		.uleb128 0x13
 350 0037 01       		.uleb128 0x1
 351 0038 13       		.uleb128 0x13
 352 0039 00       		.byte	0
 353 003a 00       		.byte	0
 354 003b 06       		.uleb128 0x6
 355 003c 21       		.uleb128 0x21
 356 003d 00       		.byte	0
 357 003e 49       		.uleb128 0x49
 358 003f 13       		.uleb128 0x13
 359 0040 2F       		.uleb128 0x2f
 360 0041 0B       		.uleb128 0xb
 361 0042 00       		.byte	0
 362 0043 00       		.byte	0
 363 0044 07       		.uleb128 0x7
 364 0045 34       		.uleb128 0x34
 365 0046 00       		.byte	0
 366 0047 03       		.uleb128 0x3
 367 0048 0E       		.uleb128 0xe
 368 0049 3A       		.uleb128 0x3a
 369 004a 0B       		.uleb128 0xb
 370 004b 3B       		.uleb128 0x3b
 371 004c 0B       		.uleb128 0xb
 372 004d 49       		.uleb128 0x49
 373 004e 13       		.uleb128 0x13
 374 004f 3F       		.uleb128 0x3f
 375 0050 19       		.uleb128 0x19
 376 0051 02       		.uleb128 0x2
 377 0052 18       		.uleb128 0x18
 378 0053 00       		.byte	0
 379 0054 00       		.byte	0
 380 0055 08       		.uleb128 0x8
 381 0056 26       		.uleb128 0x26
 382 0057 00       		.byte	0
 383 0058 49       		.uleb128 0x49
 384 0059 13       		.uleb128 0x13
 385 005a 00       		.byte	0
 386 005b 00       		.byte	0
 387 005c 00       		.byte	0
 388              		.section	.debug_aranges,"",%progbits
 389 0000 14000000 		.4byte	0x14
 390 0004 0200     		.2byte	0x2
 391 0006 00000000 		.4byte	.Ldebug_info0
 392 000a 04       		.byte	0x4
 393 000b 00       		.byte	0
 394 000c 0000     		.2byte	0
 395 000e 0000     		.2byte	0
 396 0010 00000000 		.4byte	0
 397 0014 00000000 		.4byte	0
 398              		.section	.debug_line,"",%progbits
 399              	.Ldebug_line0:
ARM GAS  C:\Users\koseki\AppData\Local\Temp\ccv0EtYW.s 			page 8


 400 0000 58000000 		.section	.debug_str,"MS",%progbits,1
 400      02005200 
 400      00000201 
 400      FB0E0D00 
 400      01010101 
 401              	.LASF7:
 402 0000 6C6F6E67 		.ascii	"long long int\000"
 402      206C6F6E 
 402      6720696E 
 402      7400
 403              	.LASF0:
 404 000e 756E7369 		.ascii	"unsigned int\000"
 404      676E6564 
 404      20696E74 
 404      00
 405              	.LASF13:
 406 001b 46696C74 		.ascii	"Filter_1_ChannelABiquadCoefficients\000"
 406      65725F31 
 406      5F436861 
 406      6E6E656C 
 406      41426971 
 407              	.LASF18:
 408 003f 75696E74 		.ascii	"uint8\000"
 408      3800
 409              	.LASF6:
 410 0045 6C6F6E67 		.ascii	"long unsigned int\000"
 410      20756E73 
 410      69676E65 
 410      6420696E 
 410      7400
 411              	.LASF8:
 412 0057 6C6F6E67 		.ascii	"long long unsigned int\000"
 412      206C6F6E 
 412      6720756E 
 412      7369676E 
 412      65642069 
 413              	.LASF16:
 414 006e 47656E65 		.ascii	"Generated_Source\\PSoC5\\Filter_1_Coefficients.c\000"
 414      72617465 
 414      645F536F 
 414      75726365 
 414      5C50536F 
 415              	.LASF14:
 416 009d 46696C74 		.ascii	"Filter_1_ChannelBBiquadCoefficients\000"
 416      65725F31 
 416      5F436861 
 416      6E6E656C 
 416      42426971 
 417              	.LASF15:
 418 00c1 474E5520 		.ascii	"GNU C 4.9.3 20150303 (release) [ARM/embedded-4_9-br"
 418      4320342E 
 418      392E3320 
 418      32303135 
 418      30333033 
 419 00f4 616E6368 		.ascii	"anch revision 221220] -mcpu=cortex-m3 -mthumb -g -O"
 419      20726576 
 419      6973696F 
ARM GAS  C:\Users\koseki\AppData\Local\Temp\ccv0EtYW.s 			page 9


 419      6E203232 
 419      31323230 
 420 0127 67202D66 		.ascii	"g -ffunction-sections -ffat-lto-objects\000"
 420      66756E63 
 420      74696F6E 
 420      2D736563 
 420      74696F6E 
 421              	.LASF2:
 422 014f 756E7369 		.ascii	"unsigned char\000"
 422      676E6564 
 422      20636861 
 422      7200
 423              	.LASF10:
 424 015d 63686172 		.ascii	"char\000"
 424      00
 425              	.LASF5:
 426 0162 6C6F6E67 		.ascii	"long int\000"
 426      20696E74 
 426      00
 427              	.LASF12:
 428 016b 646F7562 		.ascii	"double\000"
 428      6C6500
 429              	.LASF4:
 430 0172 73686F72 		.ascii	"short unsigned int\000"
 430      7420756E 
 430      7369676E 
 430      65642069 
 430      6E7400
 431              	.LASF1:
 432 0185 7369676E 		.ascii	"signed char\000"
 432      65642063 
 432      68617200 
 433              	.LASF11:
 434 0191 666C6F61 		.ascii	"float\000"
 434      7400
 435              	.LASF3:
 436 0197 73686F72 		.ascii	"short int\000"
 436      7420696E 
 436      7400
 437              	.LASF17:
 438 01a1 453A5C50 		.ascii	"E:\\PSoC_Creator\\CY8CKIT-059\\CY8CKIT-059_SDR_Beac"
 438      536F435F 
 438      43726561 
 438      746F725C 
 438      43593843 
 439 01d1 6F6E5C43 		.ascii	"on\\CY8CKIT-059_SDR_Beacon.cydsn\000"
 439      5938434B 
 439      49542D30 
 439      35395F53 
 439      44525F42 
 440              	.LASF9:
 441 01f1 73697A65 		.ascii	"sizetype\000"
 441      74797065 
 441      00
 442              		.ident	"GCC: (GNU Tools for ARM Embedded Processors) 4.9.3 20150303 (release) [ARM/embedded-4_9-br
