ARM GAS  C:\Users\koseki\AppData\Local\Temp\cchXpfbH.s 			page 1


   1              		.syntax unified
   2              		.cpu cortex-m3
   3              		.fpu softvfp
   4              		.eabi_attribute 20, 1
   5              		.eabi_attribute 21, 1
   6              		.eabi_attribute 23, 3
   7              		.eabi_attribute 24, 1
   8              		.eabi_attribute 25, 1
   9              		.eabi_attribute 26, 1
  10              		.eabi_attribute 30, 1
  11              		.eabi_attribute 34, 1
  12              		.eabi_attribute 18, 4
  13              		.thumb
  14              		.file	"Filter_1_RAM_Data.c"
  15              		.text
  16              	.Ltext0:
  17              		.cfi_sections	.debug_frame
  18              		.global	Filter_1_cfsm
  19              		.global	Filter_1_acu
  20              		.global	Filter_1_data_b
  21              		.global	Filter_1_data_a
  22              		.global	Filter_1_control
  23              		.section	.rodata
  24              		.align	2
  25              		.type	Filter_1_cfsm, %object
  26              		.size	Filter_1_cfsm, 256
  27              	Filter_1_cfsm:
  28 0000 21       		.byte	33
  29 0001 F8       		.byte	-8
  30 0002 05       		.byte	5
  31 0003 01       		.byte	1
  32 0004 44       		.byte	68
  33 0005 F8       		.byte	-8
  34 0006 0B       		.byte	11
  35 0007 40       		.byte	64
  36 0008 67       		.byte	103
  37 0009 F8       		.byte	-8
  38 000a 31       		.byte	49
  39 000b 80       		.byte	-128
  40 000c 81       		.byte	-127
  41 000d F8       		.byte	-8
  42 000e 05       		.byte	5
  43 000f 01       		.byte	1
  44 0010 A5       		.byte	-91
  45 0011 F8       		.byte	-8
  46 0012 15       		.byte	21
  47 0013 01       		.byte	1
  48 0014 46       		.byte	70
  49 0015 99       		.byte	-103
  50 0016 A8       		.byte	-88
  51 0017 20       		.byte	32
  52 0018 E2       		.byte	-30
  53 0019 F8       		.byte	-8
  54 001a 07       		.byte	7
  55 001b 01       		.byte	1
  56 001c 08       		.byte	8
  57 001d F9       		.byte	-7
ARM GAS  C:\Users\koseki\AppData\Local\Temp\cchXpfbH.s 			page 2


  58 001e 3B       		.byte	59
  59 001f 01       		.byte	1
  60 0020 A9       		.byte	-87
  61 0021 33       		.byte	51
  62 0022 CF       		.byte	-49
  63 0023 20       		.byte	32
  64 0024 01       		.byte	1
  65 0025 F8       		.byte	-8
  66 0026 05       		.byte	5
  67 0027 01       		.byte	1
  68 0028 00       		.byte	0
  69 0029 00       		.byte	0
  70 002a 00       		.byte	0
  71 002b 00       		.byte	0
  72 002c 00       		.byte	0
  73 002d 00       		.byte	0
  74 002e 00       		.byte	0
  75 002f 00       		.byte	0
  76 0030 00       		.byte	0
  77 0031 00       		.byte	0
  78 0032 00       		.byte	0
  79 0033 00       		.byte	0
  80 0034 00       		.byte	0
  81 0035 00       		.byte	0
  82 0036 00       		.byte	0
  83 0037 00       		.byte	0
  84 0038 00       		.byte	0
  85 0039 00       		.byte	0
  86 003a 00       		.byte	0
  87 003b 00       		.byte	0
  88 003c 00       		.byte	0
  89 003d 00       		.byte	0
  90 003e 00       		.byte	0
  91 003f 00       		.byte	0
  92 0040 00       		.byte	0
  93 0041 00       		.byte	0
  94 0042 00       		.byte	0
  95 0043 00       		.byte	0
  96 0044 00       		.byte	0
  97 0045 00       		.byte	0
  98 0046 00       		.byte	0
  99 0047 00       		.byte	0
 100 0048 00       		.byte	0
 101 0049 00       		.byte	0
 102 004a 00       		.byte	0
 103 004b 00       		.byte	0
 104 004c 00       		.byte	0
 105 004d 00       		.byte	0
 106 004e 00       		.byte	0
 107 004f 00       		.byte	0
 108 0050 00       		.byte	0
 109 0051 00       		.byte	0
 110 0052 00       		.byte	0
 111 0053 00       		.byte	0
 112 0054 00       		.byte	0
 113 0055 00       		.byte	0
 114 0056 00       		.byte	0
ARM GAS  C:\Users\koseki\AppData\Local\Temp\cchXpfbH.s 			page 3


 115 0057 00       		.byte	0
 116 0058 00       		.byte	0
 117 0059 00       		.byte	0
 118 005a 00       		.byte	0
 119 005b 00       		.byte	0
 120 005c 00       		.byte	0
 121 005d 00       		.byte	0
 122 005e 00       		.byte	0
 123 005f 00       		.byte	0
 124 0060 00       		.byte	0
 125 0061 00       		.byte	0
 126 0062 00       		.byte	0
 127 0063 00       		.byte	0
 128 0064 00       		.byte	0
 129 0065 00       		.byte	0
 130 0066 00       		.byte	0
 131 0067 00       		.byte	0
 132 0068 00       		.byte	0
 133 0069 00       		.byte	0
 134 006a 00       		.byte	0
 135 006b 00       		.byte	0
 136 006c 00       		.byte	0
 137 006d 00       		.byte	0
 138 006e 00       		.byte	0
 139 006f 00       		.byte	0
 140 0070 00       		.byte	0
 141 0071 00       		.byte	0
 142 0072 00       		.byte	0
 143 0073 00       		.byte	0
 144 0074 00       		.byte	0
 145 0075 00       		.byte	0
 146 0076 00       		.byte	0
 147 0077 00       		.byte	0
 148 0078 00       		.byte	0
 149 0079 00       		.byte	0
 150 007a 00       		.byte	0
 151 007b 00       		.byte	0
 152 007c 00       		.byte	0
 153 007d 00       		.byte	0
 154 007e 00       		.byte	0
 155 007f 00       		.byte	0
 156 0080 00       		.byte	0
 157 0081 00       		.byte	0
 158 0082 00       		.byte	0
 159 0083 00       		.byte	0
 160 0084 00       		.byte	0
 161 0085 00       		.byte	0
 162 0086 00       		.byte	0
 163 0087 00       		.byte	0
 164 0088 00       		.byte	0
 165 0089 00       		.byte	0
 166 008a 00       		.byte	0
 167 008b 00       		.byte	0
 168 008c 00       		.byte	0
 169 008d 00       		.byte	0
 170 008e 00       		.byte	0
 171 008f 00       		.byte	0
ARM GAS  C:\Users\koseki\AppData\Local\Temp\cchXpfbH.s 			page 4


 172 0090 00       		.byte	0
 173 0091 00       		.byte	0
 174 0092 00       		.byte	0
 175 0093 00       		.byte	0
 176 0094 00       		.byte	0
 177 0095 00       		.byte	0
 178 0096 00       		.byte	0
 179 0097 00       		.byte	0
 180 0098 00       		.byte	0
 181 0099 00       		.byte	0
 182 009a 00       		.byte	0
 183 009b 00       		.byte	0
 184 009c 00       		.byte	0
 185 009d 00       		.byte	0
 186 009e 00       		.byte	0
 187 009f 00       		.byte	0
 188 00a0 00       		.byte	0
 189 00a1 00       		.byte	0
 190 00a2 00       		.byte	0
 191 00a3 00       		.byte	0
 192 00a4 00       		.byte	0
 193 00a5 00       		.byte	0
 194 00a6 00       		.byte	0
 195 00a7 00       		.byte	0
 196 00a8 00       		.byte	0
 197 00a9 00       		.byte	0
 198 00aa 00       		.byte	0
 199 00ab 00       		.byte	0
 200 00ac 00       		.byte	0
 201 00ad 00       		.byte	0
 202 00ae 00       		.byte	0
 203 00af 00       		.byte	0
 204 00b0 00       		.byte	0
 205 00b1 00       		.byte	0
 206 00b2 00       		.byte	0
 207 00b3 00       		.byte	0
 208 00b4 00       		.byte	0
 209 00b5 00       		.byte	0
 210 00b6 00       		.byte	0
 211 00b7 00       		.byte	0
 212 00b8 00       		.byte	0
 213 00b9 00       		.byte	0
 214 00ba 00       		.byte	0
 215 00bb 00       		.byte	0
 216 00bc 00       		.byte	0
 217 00bd 00       		.byte	0
 218 00be 00       		.byte	0
 219 00bf 00       		.byte	0
 220 00c0 00       		.byte	0
 221 00c1 00       		.byte	0
 222 00c2 00       		.byte	0
 223 00c3 00       		.byte	0
 224 00c4 00       		.byte	0
 225 00c5 00       		.byte	0
 226 00c6 00       		.byte	0
 227 00c7 00       		.byte	0
 228 00c8 00       		.byte	0
ARM GAS  C:\Users\koseki\AppData\Local\Temp\cchXpfbH.s 			page 5


 229 00c9 00       		.byte	0
 230 00ca 00       		.byte	0
 231 00cb 00       		.byte	0
 232 00cc 00       		.byte	0
 233 00cd 00       		.byte	0
 234 00ce 00       		.byte	0
 235 00cf 00       		.byte	0
 236 00d0 00       		.byte	0
 237 00d1 00       		.byte	0
 238 00d2 00       		.byte	0
 239 00d3 00       		.byte	0
 240 00d4 00       		.byte	0
 241 00d5 00       		.byte	0
 242 00d6 00       		.byte	0
 243 00d7 00       		.byte	0
 244 00d8 00       		.byte	0
 245 00d9 00       		.byte	0
 246 00da 00       		.byte	0
 247 00db 00       		.byte	0
 248 00dc 00       		.byte	0
 249 00dd 00       		.byte	0
 250 00de 00       		.byte	0
 251 00df 00       		.byte	0
 252 00e0 00       		.byte	0
 253 00e1 00       		.byte	0
 254 00e2 00       		.byte	0
 255 00e3 00       		.byte	0
 256 00e4 00       		.byte	0
 257 00e5 00       		.byte	0
 258 00e6 00       		.byte	0
 259 00e7 00       		.byte	0
 260 00e8 00       		.byte	0
 261 00e9 00       		.byte	0
 262 00ea 00       		.byte	0
 263 00eb 00       		.byte	0
 264 00ec 00       		.byte	0
 265 00ed 00       		.byte	0
 266 00ee 00       		.byte	0
 267 00ef 00       		.byte	0
 268 00f0 00       		.byte	0
 269 00f1 00       		.byte	0
 270 00f2 00       		.byte	0
 271 00f3 00       		.byte	0
 272 00f4 00       		.byte	0
 273 00f5 00       		.byte	0
 274 00f6 00       		.byte	0
 275 00f7 00       		.byte	0
 276 00f8 00       		.byte	0
 277 00f9 00       		.byte	0
 278 00fa 00       		.byte	0
 279 00fb 00       		.byte	0
 280 00fc 00       		.byte	0
 281 00fd 00       		.byte	0
 282 00fe 00       		.byte	0
 283 00ff 00       		.byte	0
 284              		.type	Filter_1_acu, %object
 285              		.size	Filter_1_acu, 64
ARM GAS  C:\Users\koseki\AppData\Local\Temp\cchXpfbH.s 			page 6


 286              	Filter_1_acu:
 287 0100 93       		.byte	-109
 288 0101 09       		.byte	9
 289 0102 00       		.byte	0
 290 0103 00       		.byte	0
 291 0104 00       		.byte	0
 292 0105 00       		.byte	0
 293 0106 00       		.byte	0
 294 0107 00       		.byte	0
 295 0108 02       		.byte	2
 296 0109 01       		.byte	1
 297 010a 00       		.byte	0
 298 010b 00       		.byte	0
 299 010c A7       		.byte	-89
 300 010d 13       		.byte	19
 301 010e 00       		.byte	0
 302 010f 00       		.byte	0
 303 0110 14       		.byte	20
 304 0111 0A       		.byte	10
 305 0112 00       		.byte	0
 306 0113 00       		.byte	0
 307 0114 02       		.byte	2
 308 0115 01       		.byte	1
 309 0116 00       		.byte	0
 310 0117 00       		.byte	0
 311 0118 7E       		.byte	126
 312 0119 3F       		.byte	63
 313 011a 00       		.byte	0
 314 011b 00       		.byte	0
 315 011c FF       		.byte	-1
 316 011d 3F       		.byte	63
 317 011e 00       		.byte	0
 318 011f 00       		.byte	0
 319 0120 00       		.byte	0
 320 0121 00       		.byte	0
 321 0122 00       		.byte	0
 322 0123 00       		.byte	0
 323 0124 00       		.byte	0
 324 0125 00       		.byte	0
 325 0126 00       		.byte	0
 326 0127 00       		.byte	0
 327 0128 00       		.byte	0
 328 0129 00       		.byte	0
 329 012a 00       		.byte	0
 330 012b 00       		.byte	0
 331 012c 00       		.byte	0
 332 012d 00       		.byte	0
 333 012e 00       		.byte	0
 334 012f 00       		.byte	0
 335 0130 00       		.byte	0
 336 0131 00       		.byte	0
 337 0132 00       		.byte	0
 338 0133 00       		.byte	0
 339 0134 00       		.byte	0
 340 0135 00       		.byte	0
 341 0136 00       		.byte	0
 342 0137 00       		.byte	0
ARM GAS  C:\Users\koseki\AppData\Local\Temp\cchXpfbH.s 			page 7


 343 0138 00       		.byte	0
 344 0139 00       		.byte	0
 345 013a 00       		.byte	0
 346 013b 00       		.byte	0
 347 013c 00       		.byte	0
 348 013d 00       		.byte	0
 349 013e 00       		.byte	0
 350 013f 00       		.byte	0
 351              		.type	Filter_1_data_b, %object
 352              		.size	Filter_1_data_b, 512
 353              	Filter_1_data_b:
 354 0140 E1       		.byte	-31
 355 0141 8C       		.byte	-116
 356 0142 03       		.byte	3
 357 0143 00       		.byte	0
 358 0144 3F       		.byte	63
 359 0145 E6       		.byte	-26
 360 0146 F8       		.byte	-8
 361 0147 00       		.byte	0
 362 0148 E1       		.byte	-31
 363 0149 8C       		.byte	-116
 364 014a 03       		.byte	3
 365 014b 00       		.byte	0
 366 014c C2       		.byte	-62
 367 014d 4D       		.byte	77
 368 014e 76       		.byte	118
 369 014f 00       		.byte	0
 370 0150 6C       		.byte	108
 371 0151 47       		.byte	71
 372 0152 C4       		.byte	-60
 373 0153 00       		.byte	0
 374 0154 17       		.byte	23
 375 0155 6A       		.byte	106
 376 0156 00       		.byte	0
 377 0157 00       		.byte	0
 378 0158 2F       		.byte	47
 379 0159 D4       		.byte	-44
 380 015a 00       		.byte	0
 381 015b 00       		.byte	0
 382 015c 17       		.byte	23
 383 015d 6A       		.byte	106
 384 015e 00       		.byte	0
 385 015f 00       		.byte	0
 386 0160 32       		.byte	50
 387 0161 C5       		.byte	-59
 388 0162 74       		.byte	116
 389 0163 00       		.byte	0
 390 0164 7B       		.byte	123
 391 0165 AF       		.byte	-81
 392 0166 C4       		.byte	-60
 393 0167 00       		.byte	0
 394 0168 9F       		.byte	-97
 395 0169 73       		.byte	115
 396 016a 09       		.byte	9
 397 016b 00       		.byte	0
 398 016c C3       		.byte	-61
 399 016d 18       		.byte	24
ARM GAS  C:\Users\koseki\AppData\Local\Temp\cchXpfbH.s 			page 8


 400 016e ED       		.byte	-19
 401 016f 00       		.byte	0
 402 0170 9F       		.byte	-97
 403 0171 73       		.byte	115
 404 0172 09       		.byte	9
 405 0173 00       		.byte	0
 406 0174 E1       		.byte	-31
 407 0175 7B       		.byte	123
 408 0176 79       		.byte	121
 409 0177 00       		.byte	0
 410 0178 25       		.byte	37
 411 0179 AF       		.byte	-81
 412 017a C1       		.byte	-63
 413 017b 00       		.byte	0
 414 017c FF       		.byte	-1
 415 017d 97       		.byte	-105
 416 017e 02       		.byte	2
 417 017f 00       		.byte	0
 418 0180 FD       		.byte	-3
 419 0181 2F       		.byte	47
 420 0182 05       		.byte	5
 421 0183 00       		.byte	0
 422 0184 FF       		.byte	-1
 423 0185 97       		.byte	-105
 424 0186 02       		.byte	2
 425 0187 00       		.byte	0
 426 0188 2E       		.byte	46
 427 0189 42       		.byte	66
 428 018a 76       		.byte	118
 429 018b 00       		.byte	0
 430 018c 32       		.byte	50
 431 018d 1A       		.byte	26
 432 018e C2       		.byte	-62
 433 018f 00       		.byte	0
 434 0190 E1       		.byte	-31
 435 0191 8C       		.byte	-116
 436 0192 03       		.byte	3
 437 0193 00       		.byte	0
 438 0194 3F       		.byte	63
 439 0195 E6       		.byte	-26
 440 0196 F8       		.byte	-8
 441 0197 00       		.byte	0
 442 0198 E1       		.byte	-31
 443 0199 8C       		.byte	-116
 444 019a 03       		.byte	3
 445 019b 00       		.byte	0
 446 019c C2       		.byte	-62
 447 019d 4D       		.byte	77
 448 019e 76       		.byte	118
 449 019f 00       		.byte	0
 450 01a0 6C       		.byte	108
 451 01a1 47       		.byte	71
 452 01a2 C4       		.byte	-60
 453 01a3 00       		.byte	0
 454 01a4 17       		.byte	23
 455 01a5 6A       		.byte	106
 456 01a6 00       		.byte	0
ARM GAS  C:\Users\koseki\AppData\Local\Temp\cchXpfbH.s 			page 9


 457 01a7 00       		.byte	0
 458 01a8 2F       		.byte	47
 459 01a9 D4       		.byte	-44
 460 01aa 00       		.byte	0
 461 01ab 00       		.byte	0
 462 01ac 17       		.byte	23
 463 01ad 6A       		.byte	106
 464 01ae 00       		.byte	0
 465 01af 00       		.byte	0
 466 01b0 32       		.byte	50
 467 01b1 C5       		.byte	-59
 468 01b2 74       		.byte	116
 469 01b3 00       		.byte	0
 470 01b4 7B       		.byte	123
 471 01b5 AF       		.byte	-81
 472 01b6 C4       		.byte	-60
 473 01b7 00       		.byte	0
 474 01b8 9F       		.byte	-97
 475 01b9 73       		.byte	115
 476 01ba 09       		.byte	9
 477 01bb 00       		.byte	0
 478 01bc C3       		.byte	-61
 479 01bd 18       		.byte	24
 480 01be ED       		.byte	-19
 481 01bf 00       		.byte	0
 482 01c0 9F       		.byte	-97
 483 01c1 73       		.byte	115
 484 01c2 09       		.byte	9
 485 01c3 00       		.byte	0
 486 01c4 E1       		.byte	-31
 487 01c5 7B       		.byte	123
 488 01c6 79       		.byte	121
 489 01c7 00       		.byte	0
 490 01c8 25       		.byte	37
 491 01c9 AF       		.byte	-81
 492 01ca C1       		.byte	-63
 493 01cb 00       		.byte	0
 494 01cc FF       		.byte	-1
 495 01cd 97       		.byte	-105
 496 01ce 02       		.byte	2
 497 01cf 00       		.byte	0
 498 01d0 FD       		.byte	-3
 499 01d1 2F       		.byte	47
 500 01d2 05       		.byte	5
 501 01d3 00       		.byte	0
 502 01d4 FF       		.byte	-1
 503 01d5 97       		.byte	-105
 504 01d6 02       		.byte	2
 505 01d7 00       		.byte	0
 506 01d8 2E       		.byte	46
 507 01d9 42       		.byte	66
 508 01da 76       		.byte	118
 509 01db 00       		.byte	0
 510 01dc 32       		.byte	50
 511 01dd 1A       		.byte	26
 512 01de C2       		.byte	-62
 513 01df 00       		.byte	0
ARM GAS  C:\Users\koseki\AppData\Local\Temp\cchXpfbH.s 			page 10


 514 01e0 00       		.byte	0
 515 01e1 00       		.byte	0
 516 01e2 00       		.byte	0
 517 01e3 00       		.byte	0
 518 01e4 00       		.byte	0
 519 01e5 00       		.byte	0
 520 01e6 00       		.byte	0
 521 01e7 00       		.byte	0
 522 01e8 00       		.byte	0
 523 01e9 00       		.byte	0
 524 01ea 00       		.byte	0
 525 01eb 00       		.byte	0
 526 01ec 00       		.byte	0
 527 01ed 00       		.byte	0
 528 01ee 00       		.byte	0
 529 01ef 00       		.byte	0
 530 01f0 00       		.byte	0
 531 01f1 00       		.byte	0
 532 01f2 00       		.byte	0
 533 01f3 00       		.byte	0
 534 01f4 00       		.byte	0
 535 01f5 00       		.byte	0
 536 01f6 00       		.byte	0
 537 01f7 00       		.byte	0
 538 01f8 00       		.byte	0
 539 01f9 00       		.byte	0
 540 01fa 00       		.byte	0
 541 01fb 00       		.byte	0
 542 01fc 00       		.byte	0
 543 01fd 00       		.byte	0
 544 01fe 00       		.byte	0
 545 01ff 00       		.byte	0
 546 0200 00       		.byte	0
 547 0201 00       		.byte	0
 548 0202 00       		.byte	0
 549 0203 00       		.byte	0
 550 0204 00       		.byte	0
 551 0205 00       		.byte	0
 552 0206 00       		.byte	0
 553 0207 00       		.byte	0
 554 0208 00       		.byte	0
 555 0209 00       		.byte	0
 556 020a 00       		.byte	0
 557 020b 00       		.byte	0
 558 020c 00       		.byte	0
 559 020d 00       		.byte	0
 560 020e 00       		.byte	0
 561 020f 00       		.byte	0
 562 0210 00       		.byte	0
 563 0211 00       		.byte	0
 564 0212 00       		.byte	0
 565 0213 00       		.byte	0
 566 0214 00       		.byte	0
 567 0215 00       		.byte	0
 568 0216 00       		.byte	0
 569 0217 00       		.byte	0
 570 0218 00       		.byte	0
ARM GAS  C:\Users\koseki\AppData\Local\Temp\cchXpfbH.s 			page 11


 571 0219 00       		.byte	0
 572 021a 00       		.byte	0
 573 021b 00       		.byte	0
 574 021c 00       		.byte	0
 575 021d 00       		.byte	0
 576 021e 00       		.byte	0
 577 021f 00       		.byte	0
 578 0220 00       		.byte	0
 579 0221 00       		.byte	0
 580 0222 00       		.byte	0
 581 0223 00       		.byte	0
 582 0224 00       		.byte	0
 583 0225 00       		.byte	0
 584 0226 00       		.byte	0
 585 0227 00       		.byte	0
 586 0228 00       		.byte	0
 587 0229 00       		.byte	0
 588 022a 00       		.byte	0
 589 022b 00       		.byte	0
 590 022c 00       		.byte	0
 591 022d 00       		.byte	0
 592 022e 00       		.byte	0
 593 022f 00       		.byte	0
 594 0230 00       		.byte	0
 595 0231 00       		.byte	0
 596 0232 00       		.byte	0
 597 0233 00       		.byte	0
 598 0234 00       		.byte	0
 599 0235 00       		.byte	0
 600 0236 00       		.byte	0
 601 0237 00       		.byte	0
 602 0238 00       		.byte	0
 603 0239 00       		.byte	0
 604 023a 00       		.byte	0
 605 023b 00       		.byte	0
 606 023c 00       		.byte	0
 607 023d 00       		.byte	0
 608 023e 00       		.byte	0
 609 023f 00       		.byte	0
 610 0240 00       		.byte	0
 611 0241 00       		.byte	0
 612 0242 00       		.byte	0
 613 0243 00       		.byte	0
 614 0244 00       		.byte	0
 615 0245 00       		.byte	0
 616 0246 00       		.byte	0
 617 0247 00       		.byte	0
 618 0248 00       		.byte	0
 619 0249 00       		.byte	0
 620 024a 00       		.byte	0
 621 024b 00       		.byte	0
 622 024c 00       		.byte	0
 623 024d 00       		.byte	0
 624 024e 00       		.byte	0
 625 024f 00       		.byte	0
 626 0250 00       		.byte	0
 627 0251 00       		.byte	0
ARM GAS  C:\Users\koseki\AppData\Local\Temp\cchXpfbH.s 			page 12


 628 0252 00       		.byte	0
 629 0253 00       		.byte	0
 630 0254 00       		.byte	0
 631 0255 00       		.byte	0
 632 0256 00       		.byte	0
 633 0257 00       		.byte	0
 634 0258 00       		.byte	0
 635 0259 00       		.byte	0
 636 025a 00       		.byte	0
 637 025b 00       		.byte	0
 638 025c 00       		.byte	0
 639 025d 00       		.byte	0
 640 025e 00       		.byte	0
 641 025f 00       		.byte	0
 642 0260 00       		.byte	0
 643 0261 00       		.byte	0
 644 0262 00       		.byte	0
 645 0263 00       		.byte	0
 646 0264 00       		.byte	0
 647 0265 00       		.byte	0
 648 0266 00       		.byte	0
 649 0267 00       		.byte	0
 650 0268 00       		.byte	0
 651 0269 00       		.byte	0
 652 026a 00       		.byte	0
 653 026b 00       		.byte	0
 654 026c 00       		.byte	0
 655 026d 00       		.byte	0
 656 026e 00       		.byte	0
 657 026f 00       		.byte	0
 658 0270 00       		.byte	0
 659 0271 00       		.byte	0
 660 0272 00       		.byte	0
 661 0273 00       		.byte	0
 662 0274 00       		.byte	0
 663 0275 00       		.byte	0
 664 0276 00       		.byte	0
 665 0277 00       		.byte	0
 666 0278 00       		.byte	0
 667 0279 00       		.byte	0
 668 027a 00       		.byte	0
 669 027b 00       		.byte	0
 670 027c 00       		.byte	0
 671 027d 00       		.byte	0
 672 027e 00       		.byte	0
 673 027f 00       		.byte	0
 674 0280 00       		.byte	0
 675 0281 00       		.byte	0
 676 0282 00       		.byte	0
 677 0283 00       		.byte	0
 678 0284 00       		.byte	0
 679 0285 00       		.byte	0
 680 0286 00       		.byte	0
 681 0287 00       		.byte	0
 682 0288 00       		.byte	0
 683 0289 00       		.byte	0
 684 028a 00       		.byte	0
ARM GAS  C:\Users\koseki\AppData\Local\Temp\cchXpfbH.s 			page 13


 685 028b 00       		.byte	0
 686 028c 00       		.byte	0
 687 028d 00       		.byte	0
 688 028e 00       		.byte	0
 689 028f 00       		.byte	0
 690 0290 00       		.byte	0
 691 0291 00       		.byte	0
 692 0292 00       		.byte	0
 693 0293 00       		.byte	0
 694 0294 00       		.byte	0
 695 0295 00       		.byte	0
 696 0296 00       		.byte	0
 697 0297 00       		.byte	0
 698 0298 00       		.byte	0
 699 0299 00       		.byte	0
 700 029a 00       		.byte	0
 701 029b 00       		.byte	0
 702 029c 00       		.byte	0
 703 029d 00       		.byte	0
 704 029e 00       		.byte	0
 705 029f 00       		.byte	0
 706 02a0 00       		.byte	0
 707 02a1 00       		.byte	0
 708 02a2 00       		.byte	0
 709 02a3 00       		.byte	0
 710 02a4 00       		.byte	0
 711 02a5 00       		.byte	0
 712 02a6 00       		.byte	0
 713 02a7 00       		.byte	0
 714 02a8 00       		.byte	0
 715 02a9 00       		.byte	0
 716 02aa 00       		.byte	0
 717 02ab 00       		.byte	0
 718 02ac 00       		.byte	0
 719 02ad 00       		.byte	0
 720 02ae 00       		.byte	0
 721 02af 00       		.byte	0
 722 02b0 00       		.byte	0
 723 02b1 00       		.byte	0
 724 02b2 00       		.byte	0
 725 02b3 00       		.byte	0
 726 02b4 00       		.byte	0
 727 02b5 00       		.byte	0
 728 02b6 00       		.byte	0
 729 02b7 00       		.byte	0
 730 02b8 00       		.byte	0
 731 02b9 00       		.byte	0
 732 02ba 00       		.byte	0
 733 02bb 00       		.byte	0
 734 02bc 00       		.byte	0
 735 02bd 00       		.byte	0
 736 02be 00       		.byte	0
 737 02bf 00       		.byte	0
 738 02c0 00       		.byte	0
 739 02c1 00       		.byte	0
 740 02c2 00       		.byte	0
 741 02c3 00       		.byte	0
ARM GAS  C:\Users\koseki\AppData\Local\Temp\cchXpfbH.s 			page 14


 742 02c4 00       		.byte	0
 743 02c5 00       		.byte	0
 744 02c6 00       		.byte	0
 745 02c7 00       		.byte	0
 746 02c8 00       		.byte	0
 747 02c9 00       		.byte	0
 748 02ca 00       		.byte	0
 749 02cb 00       		.byte	0
 750 02cc 00       		.byte	0
 751 02cd 00       		.byte	0
 752 02ce 00       		.byte	0
 753 02cf 00       		.byte	0
 754 02d0 00       		.byte	0
 755 02d1 00       		.byte	0
 756 02d2 00       		.byte	0
 757 02d3 00       		.byte	0
 758 02d4 00       		.byte	0
 759 02d5 00       		.byte	0
 760 02d6 00       		.byte	0
 761 02d7 00       		.byte	0
 762 02d8 00       		.byte	0
 763 02d9 00       		.byte	0
 764 02da 00       		.byte	0
 765 02db 00       		.byte	0
 766 02dc 00       		.byte	0
 767 02dd 00       		.byte	0
 768 02de 00       		.byte	0
 769 02df 00       		.byte	0
 770 02e0 00       		.byte	0
 771 02e1 00       		.byte	0
 772 02e2 00       		.byte	0
 773 02e3 00       		.byte	0
 774 02e4 00       		.byte	0
 775 02e5 00       		.byte	0
 776 02e6 00       		.byte	0
 777 02e7 00       		.byte	0
 778 02e8 00       		.byte	0
 779 02e9 00       		.byte	0
 780 02ea 00       		.byte	0
 781 02eb 00       		.byte	0
 782 02ec 00       		.byte	0
 783 02ed 00       		.byte	0
 784 02ee 00       		.byte	0
 785 02ef 00       		.byte	0
 786 02f0 00       		.byte	0
 787 02f1 00       		.byte	0
 788 02f2 00       		.byte	0
 789 02f3 00       		.byte	0
 790 02f4 00       		.byte	0
 791 02f5 00       		.byte	0
 792 02f6 00       		.byte	0
 793 02f7 00       		.byte	0
 794 02f8 00       		.byte	0
 795 02f9 00       		.byte	0
 796 02fa 00       		.byte	0
 797 02fb 00       		.byte	0
 798 02fc 00       		.byte	0
ARM GAS  C:\Users\koseki\AppData\Local\Temp\cchXpfbH.s 			page 15


 799 02fd 00       		.byte	0
 800 02fe 00       		.byte	0
 801 02ff 00       		.byte	0
 802 0300 00       		.byte	0
 803 0301 00       		.byte	0
 804 0302 00       		.byte	0
 805 0303 00       		.byte	0
 806 0304 00       		.byte	0
 807 0305 00       		.byte	0
 808 0306 00       		.byte	0
 809 0307 00       		.byte	0
 810 0308 00       		.byte	0
 811 0309 00       		.byte	0
 812 030a 00       		.byte	0
 813 030b 00       		.byte	0
 814 030c 00       		.byte	0
 815 030d 00       		.byte	0
 816 030e 00       		.byte	0
 817 030f 00       		.byte	0
 818 0310 00       		.byte	0
 819 0311 00       		.byte	0
 820 0312 00       		.byte	0
 821 0313 00       		.byte	0
 822 0314 00       		.byte	0
 823 0315 00       		.byte	0
 824 0316 00       		.byte	0
 825 0317 00       		.byte	0
 826 0318 00       		.byte	0
 827 0319 00       		.byte	0
 828 031a 00       		.byte	0
 829 031b 00       		.byte	0
 830 031c 00       		.byte	0
 831 031d 00       		.byte	0
 832 031e 00       		.byte	0
 833 031f 00       		.byte	0
 834 0320 00       		.byte	0
 835 0321 00       		.byte	0
 836 0322 00       		.byte	0
 837 0323 00       		.byte	0
 838 0324 00       		.byte	0
 839 0325 00       		.byte	0
 840 0326 00       		.byte	0
 841 0327 00       		.byte	0
 842 0328 00       		.byte	0
 843 0329 00       		.byte	0
 844 032a 00       		.byte	0
 845 032b 00       		.byte	0
 846 032c 00       		.byte	0
 847 032d 00       		.byte	0
 848 032e 00       		.byte	0
 849 032f 00       		.byte	0
 850 0330 00       		.byte	0
 851 0331 00       		.byte	0
 852 0332 00       		.byte	0
 853 0333 00       		.byte	0
 854 0334 00       		.byte	0
 855 0335 00       		.byte	0
ARM GAS  C:\Users\koseki\AppData\Local\Temp\cchXpfbH.s 			page 16


 856 0336 00       		.byte	0
 857 0337 00       		.byte	0
 858 0338 00       		.byte	0
 859 0339 00       		.byte	0
 860 033a 00       		.byte	0
 861 033b 00       		.byte	0
 862 033c 00       		.byte	0
 863 033d 08       		.byte	8
 864 033e 00       		.byte	0
 865 033f 00       		.byte	0
 866              		.type	Filter_1_data_a, %object
 867              		.size	Filter_1_data_a, 512
 868              	Filter_1_data_a:
 869 0340 00       		.byte	0
 870 0341 00       		.byte	0
 871 0342 00       		.byte	0
 872 0343 00       		.byte	0
 873 0344 00       		.byte	0
 874 0345 00       		.byte	0
 875 0346 00       		.byte	0
 876 0347 00       		.byte	0
 877 0348 00       		.byte	0
 878 0349 00       		.byte	0
 879 034a 00       		.byte	0
 880 034b 00       		.byte	0
 881 034c 00       		.byte	0
 882 034d 00       		.byte	0
 883 034e 00       		.byte	0
 884 034f 00       		.byte	0
 885 0350 00       		.byte	0
 886 0351 00       		.byte	0
 887 0352 00       		.byte	0
 888 0353 00       		.byte	0
 889 0354 00       		.byte	0
 890 0355 00       		.byte	0
 891 0356 00       		.byte	0
 892 0357 00       		.byte	0
 893 0358 00       		.byte	0
 894 0359 00       		.byte	0
 895 035a 00       		.byte	0
 896 035b 00       		.byte	0
 897 035c 00       		.byte	0
 898 035d 00       		.byte	0
 899 035e 00       		.byte	0
 900 035f 00       		.byte	0
 901 0360 00       		.byte	0
 902 0361 00       		.byte	0
 903 0362 00       		.byte	0
 904 0363 00       		.byte	0
 905 0364 00       		.byte	0
 906 0365 00       		.byte	0
 907 0366 00       		.byte	0
 908 0367 00       		.byte	0
 909 0368 00       		.byte	0
 910 0369 00       		.byte	0
 911 036a 00       		.byte	0
 912 036b 00       		.byte	0
ARM GAS  C:\Users\koseki\AppData\Local\Temp\cchXpfbH.s 			page 17


 913 036c 00       		.byte	0
 914 036d 00       		.byte	0
 915 036e 00       		.byte	0
 916 036f 00       		.byte	0
 917 0370 00       		.byte	0
 918 0371 00       		.byte	0
 919 0372 00       		.byte	0
 920 0373 00       		.byte	0
 921 0374 00       		.byte	0
 922 0375 00       		.byte	0
 923 0376 00       		.byte	0
 924 0377 00       		.byte	0
 925 0378 00       		.byte	0
 926 0379 00       		.byte	0
 927 037a 00       		.byte	0
 928 037b 00       		.byte	0
 929 037c 00       		.byte	0
 930 037d 00       		.byte	0
 931 037e 00       		.byte	0
 932 037f 00       		.byte	0
 933 0380 00       		.byte	0
 934 0381 00       		.byte	0
 935 0382 00       		.byte	0
 936 0383 00       		.byte	0
 937 0384 00       		.byte	0
 938 0385 00       		.byte	0
 939 0386 00       		.byte	0
 940 0387 00       		.byte	0
 941 0388 00       		.byte	0
 942 0389 00       		.byte	0
 943 038a 00       		.byte	0
 944 038b 00       		.byte	0
 945 038c 00       		.byte	0
 946 038d 00       		.byte	0
 947 038e 00       		.byte	0
 948 038f 00       		.byte	0
 949 0390 00       		.byte	0
 950 0391 00       		.byte	0
 951 0392 00       		.byte	0
 952 0393 00       		.byte	0
 953 0394 00       		.byte	0
 954 0395 00       		.byte	0
 955 0396 00       		.byte	0
 956 0397 00       		.byte	0
 957 0398 00       		.byte	0
 958 0399 00       		.byte	0
 959 039a 00       		.byte	0
 960 039b 00       		.byte	0
 961 039c 00       		.byte	0
 962 039d 00       		.byte	0
 963 039e 00       		.byte	0
 964 039f 00       		.byte	0
 965 03a0 00       		.byte	0
 966 03a1 00       		.byte	0
 967 03a2 00       		.byte	0
 968 03a3 00       		.byte	0
 969 03a4 00       		.byte	0
ARM GAS  C:\Users\koseki\AppData\Local\Temp\cchXpfbH.s 			page 18


 970 03a5 00       		.byte	0
 971 03a6 00       		.byte	0
 972 03a7 00       		.byte	0
 973 03a8 00       		.byte	0
 974 03a9 00       		.byte	0
 975 03aa 00       		.byte	0
 976 03ab 00       		.byte	0
 977 03ac 00       		.byte	0
 978 03ad 00       		.byte	0
 979 03ae 00       		.byte	0
 980 03af 00       		.byte	0
 981 03b0 00       		.byte	0
 982 03b1 00       		.byte	0
 983 03b2 00       		.byte	0
 984 03b3 00       		.byte	0
 985 03b4 00       		.byte	0
 986 03b5 00       		.byte	0
 987 03b6 00       		.byte	0
 988 03b7 00       		.byte	0
 989 03b8 00       		.byte	0
 990 03b9 00       		.byte	0
 991 03ba 00       		.byte	0
 992 03bb 00       		.byte	0
 993 03bc 00       		.byte	0
 994 03bd 00       		.byte	0
 995 03be 00       		.byte	0
 996 03bf 00       		.byte	0
 997 03c0 00       		.byte	0
 998 03c1 00       		.byte	0
 999 03c2 00       		.byte	0
 1000 03c3 00       		.byte	0
 1001 03c4 00       		.byte	0
 1002 03c5 00       		.byte	0
 1003 03c6 00       		.byte	0
 1004 03c7 00       		.byte	0
 1005 03c8 00       		.byte	0
 1006 03c9 00       		.byte	0
 1007 03ca 00       		.byte	0
 1008 03cb 00       		.byte	0
 1009 03cc 00       		.byte	0
 1010 03cd 00       		.byte	0
 1011 03ce 00       		.byte	0
 1012 03cf 00       		.byte	0
 1013 03d0 00       		.byte	0
 1014 03d1 00       		.byte	0
 1015 03d2 00       		.byte	0
 1016 03d3 00       		.byte	0
 1017 03d4 00       		.byte	0
 1018 03d5 00       		.byte	0
 1019 03d6 00       		.byte	0
 1020 03d7 00       		.byte	0
 1021 03d8 00       		.byte	0
 1022 03d9 00       		.byte	0
 1023 03da 00       		.byte	0
 1024 03db 00       		.byte	0
 1025 03dc 00       		.byte	0
 1026 03dd 00       		.byte	0
ARM GAS  C:\Users\koseki\AppData\Local\Temp\cchXpfbH.s 			page 19


 1027 03de 00       		.byte	0
 1028 03df 00       		.byte	0
 1029 03e0 00       		.byte	0
 1030 03e1 00       		.byte	0
 1031 03e2 00       		.byte	0
 1032 03e3 00       		.byte	0
 1033 03e4 00       		.byte	0
 1034 03e5 00       		.byte	0
 1035 03e6 00       		.byte	0
 1036 03e7 00       		.byte	0
 1037 03e8 00       		.byte	0
 1038 03e9 00       		.byte	0
 1039 03ea 00       		.byte	0
 1040 03eb 00       		.byte	0
 1041 03ec 00       		.byte	0
 1042 03ed 00       		.byte	0
 1043 03ee 00       		.byte	0
 1044 03ef 00       		.byte	0
 1045 03f0 00       		.byte	0
 1046 03f1 00       		.byte	0
 1047 03f2 00       		.byte	0
 1048 03f3 00       		.byte	0
 1049 03f4 00       		.byte	0
 1050 03f5 00       		.byte	0
 1051 03f6 00       		.byte	0
 1052 03f7 00       		.byte	0
 1053 03f8 00       		.byte	0
 1054 03f9 00       		.byte	0
 1055 03fa 00       		.byte	0
 1056 03fb 00       		.byte	0
 1057 03fc 00       		.byte	0
 1058 03fd 00       		.byte	0
 1059 03fe 00       		.byte	0
 1060 03ff 00       		.byte	0
 1061 0400 00       		.byte	0
 1062 0401 00       		.byte	0
 1063 0402 00       		.byte	0
 1064 0403 00       		.byte	0
 1065 0404 00       		.byte	0
 1066 0405 00       		.byte	0
 1067 0406 00       		.byte	0
 1068 0407 00       		.byte	0
 1069 0408 00       		.byte	0
 1070 0409 00       		.byte	0
 1071 040a 00       		.byte	0
 1072 040b 00       		.byte	0
 1073 040c 00       		.byte	0
 1074 040d 00       		.byte	0
 1075 040e 00       		.byte	0
 1076 040f 00       		.byte	0
 1077 0410 00       		.byte	0
 1078 0411 00       		.byte	0
 1079 0412 00       		.byte	0
 1080 0413 00       		.byte	0
 1081 0414 00       		.byte	0
 1082 0415 00       		.byte	0
 1083 0416 00       		.byte	0
ARM GAS  C:\Users\koseki\AppData\Local\Temp\cchXpfbH.s 			page 20


 1084 0417 00       		.byte	0
 1085 0418 00       		.byte	0
 1086 0419 00       		.byte	0
 1087 041a 00       		.byte	0
 1088 041b 00       		.byte	0
 1089 041c 00       		.byte	0
 1090 041d 00       		.byte	0
 1091 041e 00       		.byte	0
 1092 041f 00       		.byte	0
 1093 0420 00       		.byte	0
 1094 0421 00       		.byte	0
 1095 0422 00       		.byte	0
 1096 0423 00       		.byte	0
 1097 0424 00       		.byte	0
 1098 0425 00       		.byte	0
 1099 0426 00       		.byte	0
 1100 0427 00       		.byte	0
 1101 0428 00       		.byte	0
 1102 0429 00       		.byte	0
 1103 042a 00       		.byte	0
 1104 042b 00       		.byte	0
 1105 042c 00       		.byte	0
 1106 042d 00       		.byte	0
 1107 042e 00       		.byte	0
 1108 042f 00       		.byte	0
 1109 0430 00       		.byte	0
 1110 0431 00       		.byte	0
 1111 0432 00       		.byte	0
 1112 0433 00       		.byte	0
 1113 0434 00       		.byte	0
 1114 0435 00       		.byte	0
 1115 0436 00       		.byte	0
 1116 0437 00       		.byte	0
 1117 0438 00       		.byte	0
 1118 0439 00       		.byte	0
 1119 043a 00       		.byte	0
 1120 043b 00       		.byte	0
 1121 043c 00       		.byte	0
 1122 043d 00       		.byte	0
 1123 043e 00       		.byte	0
 1124 043f 00       		.byte	0
 1125 0440 00       		.byte	0
 1126 0441 00       		.byte	0
 1127 0442 00       		.byte	0
 1128 0443 00       		.byte	0
 1129 0444 00       		.byte	0
 1130 0445 00       		.byte	0
 1131 0446 00       		.byte	0
 1132 0447 00       		.byte	0
 1133 0448 00       		.byte	0
 1134 0449 00       		.byte	0
 1135 044a 00       		.byte	0
 1136 044b 00       		.byte	0
 1137 044c 00       		.byte	0
 1138 044d 00       		.byte	0
 1139 044e 00       		.byte	0
 1140 044f 00       		.byte	0
ARM GAS  C:\Users\koseki\AppData\Local\Temp\cchXpfbH.s 			page 21


 1141 0450 00       		.byte	0
 1142 0451 00       		.byte	0
 1143 0452 00       		.byte	0
 1144 0453 00       		.byte	0
 1145 0454 00       		.byte	0
 1146 0455 00       		.byte	0
 1147 0456 00       		.byte	0
 1148 0457 00       		.byte	0
 1149 0458 00       		.byte	0
 1150 0459 00       		.byte	0
 1151 045a 00       		.byte	0
 1152 045b 00       		.byte	0
 1153 045c 00       		.byte	0
 1154 045d 00       		.byte	0
 1155 045e 00       		.byte	0
 1156 045f 00       		.byte	0
 1157 0460 00       		.byte	0
 1158 0461 00       		.byte	0
 1159 0462 00       		.byte	0
 1160 0463 00       		.byte	0
 1161 0464 00       		.byte	0
 1162 0465 00       		.byte	0
 1163 0466 00       		.byte	0
 1164 0467 00       		.byte	0
 1165 0468 00       		.byte	0
 1166 0469 00       		.byte	0
 1167 046a 00       		.byte	0
 1168 046b 00       		.byte	0
 1169 046c 00       		.byte	0
 1170 046d 00       		.byte	0
 1171 046e 00       		.byte	0
 1172 046f 00       		.byte	0
 1173 0470 00       		.byte	0
 1174 0471 00       		.byte	0
 1175 0472 00       		.byte	0
 1176 0473 00       		.byte	0
 1177 0474 00       		.byte	0
 1178 0475 00       		.byte	0
 1179 0476 00       		.byte	0
 1180 0477 00       		.byte	0
 1181 0478 00       		.byte	0
 1182 0479 00       		.byte	0
 1183 047a 00       		.byte	0
 1184 047b 00       		.byte	0
 1185 047c 00       		.byte	0
 1186 047d 00       		.byte	0
 1187 047e 00       		.byte	0
 1188 047f 00       		.byte	0
 1189 0480 00       		.byte	0
 1190 0481 00       		.byte	0
 1191 0482 00       		.byte	0
 1192 0483 00       		.byte	0
 1193 0484 00       		.byte	0
 1194 0485 00       		.byte	0
 1195 0486 00       		.byte	0
 1196 0487 00       		.byte	0
 1197 0488 00       		.byte	0
ARM GAS  C:\Users\koseki\AppData\Local\Temp\cchXpfbH.s 			page 22


 1198 0489 00       		.byte	0
 1199 048a 00       		.byte	0
 1200 048b 00       		.byte	0
 1201 048c 00       		.byte	0
 1202 048d 00       		.byte	0
 1203 048e 00       		.byte	0
 1204 048f 00       		.byte	0
 1205 0490 00       		.byte	0
 1206 0491 00       		.byte	0
 1207 0492 00       		.byte	0
 1208 0493 00       		.byte	0
 1209 0494 00       		.byte	0
 1210 0495 00       		.byte	0
 1211 0496 00       		.byte	0
 1212 0497 00       		.byte	0
 1213 0498 00       		.byte	0
 1214 0499 00       		.byte	0
 1215 049a 00       		.byte	0
 1216 049b 00       		.byte	0
 1217 049c 00       		.byte	0
 1218 049d 00       		.byte	0
 1219 049e 00       		.byte	0
 1220 049f 00       		.byte	0
 1221 04a0 00       		.byte	0
 1222 04a1 00       		.byte	0
 1223 04a2 00       		.byte	0
 1224 04a3 00       		.byte	0
 1225 04a4 00       		.byte	0
 1226 04a5 00       		.byte	0
 1227 04a6 00       		.byte	0
 1228 04a7 00       		.byte	0
 1229 04a8 00       		.byte	0
 1230 04a9 00       		.byte	0
 1231 04aa 00       		.byte	0
 1232 04ab 00       		.byte	0
 1233 04ac 00       		.byte	0
 1234 04ad 00       		.byte	0
 1235 04ae 00       		.byte	0
 1236 04af 00       		.byte	0
 1237 04b0 00       		.byte	0
 1238 04b1 00       		.byte	0
 1239 04b2 00       		.byte	0
 1240 04b3 00       		.byte	0
 1241 04b4 00       		.byte	0
 1242 04b5 00       		.byte	0
 1243 04b6 00       		.byte	0
 1244 04b7 00       		.byte	0
 1245 04b8 00       		.byte	0
 1246 04b9 00       		.byte	0
 1247 04ba 00       		.byte	0
 1248 04bb 00       		.byte	0
 1249 04bc 00       		.byte	0
 1250 04bd 00       		.byte	0
 1251 04be 00       		.byte	0
 1252 04bf 00       		.byte	0
 1253 04c0 00       		.byte	0
 1254 04c1 00       		.byte	0
ARM GAS  C:\Users\koseki\AppData\Local\Temp\cchXpfbH.s 			page 23


 1255 04c2 00       		.byte	0
 1256 04c3 00       		.byte	0
 1257 04c4 00       		.byte	0
 1258 04c5 00       		.byte	0
 1259 04c6 00       		.byte	0
 1260 04c7 00       		.byte	0
 1261 04c8 00       		.byte	0
 1262 04c9 00       		.byte	0
 1263 04ca 00       		.byte	0
 1264 04cb 00       		.byte	0
 1265 04cc 00       		.byte	0
 1266 04cd 00       		.byte	0
 1267 04ce 00       		.byte	0
 1268 04cf 00       		.byte	0
 1269 04d0 00       		.byte	0
 1270 04d1 00       		.byte	0
 1271 04d2 00       		.byte	0
 1272 04d3 00       		.byte	0
 1273 04d4 00       		.byte	0
 1274 04d5 00       		.byte	0
 1275 04d6 00       		.byte	0
 1276 04d7 00       		.byte	0
 1277 04d8 00       		.byte	0
 1278 04d9 00       		.byte	0
 1279 04da 00       		.byte	0
 1280 04db 00       		.byte	0
 1281 04dc 00       		.byte	0
 1282 04dd 00       		.byte	0
 1283 04de 00       		.byte	0
 1284 04df 00       		.byte	0
 1285 04e0 00       		.byte	0
 1286 04e1 00       		.byte	0
 1287 04e2 00       		.byte	0
 1288 04e3 00       		.byte	0
 1289 04e4 00       		.byte	0
 1290 04e5 00       		.byte	0
 1291 04e6 00       		.byte	0
 1292 04e7 00       		.byte	0
 1293 04e8 00       		.byte	0
 1294 04e9 00       		.byte	0
 1295 04ea 00       		.byte	0
 1296 04eb 00       		.byte	0
 1297 04ec 00       		.byte	0
 1298 04ed 00       		.byte	0
 1299 04ee 00       		.byte	0
 1300 04ef 00       		.byte	0
 1301 04f0 00       		.byte	0
 1302 04f1 00       		.byte	0
 1303 04f2 00       		.byte	0
 1304 04f3 00       		.byte	0
 1305 04f4 00       		.byte	0
 1306 04f5 00       		.byte	0
 1307 04f6 00       		.byte	0
 1308 04f7 00       		.byte	0
 1309 04f8 00       		.byte	0
 1310 04f9 00       		.byte	0
 1311 04fa 00       		.byte	0
ARM GAS  C:\Users\koseki\AppData\Local\Temp\cchXpfbH.s 			page 24


 1312 04fb 00       		.byte	0
 1313 04fc 00       		.byte	0
 1314 04fd 00       		.byte	0
 1315 04fe 00       		.byte	0
 1316 04ff 00       		.byte	0
 1317 0500 00       		.byte	0
 1318 0501 00       		.byte	0
 1319 0502 00       		.byte	0
 1320 0503 00       		.byte	0
 1321 0504 00       		.byte	0
 1322 0505 00       		.byte	0
 1323 0506 00       		.byte	0
 1324 0507 00       		.byte	0
 1325 0508 00       		.byte	0
 1326 0509 00       		.byte	0
 1327 050a 00       		.byte	0
 1328 050b 00       		.byte	0
 1329 050c 00       		.byte	0
 1330 050d 00       		.byte	0
 1331 050e 00       		.byte	0
 1332 050f 00       		.byte	0
 1333 0510 00       		.byte	0
 1334 0511 00       		.byte	0
 1335 0512 00       		.byte	0
 1336 0513 00       		.byte	0
 1337 0514 00       		.byte	0
 1338 0515 00       		.byte	0
 1339 0516 00       		.byte	0
 1340 0517 00       		.byte	0
 1341 0518 00       		.byte	0
 1342 0519 00       		.byte	0
 1343 051a 00       		.byte	0
 1344 051b 00       		.byte	0
 1345 051c 00       		.byte	0
 1346 051d 00       		.byte	0
 1347 051e 00       		.byte	0
 1348 051f 00       		.byte	0
 1349 0520 00       		.byte	0
 1350 0521 00       		.byte	0
 1351 0522 00       		.byte	0
 1352 0523 00       		.byte	0
 1353 0524 00       		.byte	0
 1354 0525 00       		.byte	0
 1355 0526 00       		.byte	0
 1356 0527 00       		.byte	0
 1357 0528 00       		.byte	0
 1358 0529 00       		.byte	0
 1359 052a 00       		.byte	0
 1360 052b 00       		.byte	0
 1361 052c 00       		.byte	0
 1362 052d 00       		.byte	0
 1363 052e 00       		.byte	0
 1364 052f 00       		.byte	0
 1365 0530 00       		.byte	0
 1366 0531 00       		.byte	0
 1367 0532 00       		.byte	0
 1368 0533 00       		.byte	0
ARM GAS  C:\Users\koseki\AppData\Local\Temp\cchXpfbH.s 			page 25


 1369 0534 00       		.byte	0
 1370 0535 00       		.byte	0
 1371 0536 00       		.byte	0
 1372 0537 00       		.byte	0
 1373 0538 00       		.byte	0
 1374 0539 00       		.byte	0
 1375 053a 00       		.byte	0
 1376 053b 00       		.byte	0
 1377 053c 00       		.byte	0
 1378 053d 08       		.byte	8
 1379 053e 00       		.byte	0
 1380 053f 00       		.byte	0
 1381              		.type	Filter_1_control, %object
 1382              		.size	Filter_1_control, 256
 1383              	Filter_1_control:
 1384 0540 20       		.byte	32
 1385 0541 13       		.byte	19
 1386 0542 00       		.byte	0
 1387 0543 25       		.byte	37
 1388 0544 61       		.byte	97
 1389 0545 17       		.byte	23
 1390 0546 80       		.byte	-128
 1391 0547 26       		.byte	38
 1392 0548 01       		.byte	1
 1393 0549 00       		.byte	0
 1394 054a 80       		.byte	-128
 1395 054b 26       		.byte	38
 1396 054c 01       		.byte	1
 1397 054d 00       		.byte	0
 1398 054e 80       		.byte	-128
 1399 054f 26       		.byte	38
 1400 0550 01       		.byte	1
 1401 0551 00       		.byte	0
 1402 0552 80       		.byte	-128
 1403 0553 26       		.byte	38
 1404 0554 20       		.byte	32
 1405 0555 13       		.byte	19
 1406 0556 80       		.byte	-128
 1407 0557 26       		.byte	38
 1408 0558 C2       		.byte	-62
 1409 0559 0C       		.byte	12
 1410 055a 80       		.byte	-128
 1411 055b 26       		.byte	38
 1412 055c E0       		.byte	-32
 1413 055d 0E       		.byte	14
 1414 055e 80       		.byte	-128
 1415 055f 26       		.byte	38
 1416 0560 A4       		.byte	-92
 1417 0561 0A       		.byte	10
 1418 0562 80       		.byte	-128
 1419 0563 26       		.byte	38
 1420 0564 63       		.byte	99
 1421 0565 17       		.byte	23
 1422 0566 10       		.byte	16
 1423 0567 06       		.byte	6
 1424 0568 8C       		.byte	-116
 1425 0569 08       		.byte	8
ARM GAS  C:\Users\koseki\AppData\Local\Temp\cchXpfbH.s 			page 26


 1426 056a 80       		.byte	-128
 1427 056b 26       		.byte	38
 1428 056c 6E       		.byte	110
 1429 056d 06       		.byte	6
 1430 056e 80       		.byte	-128
 1431 056f 6D       		.byte	109
 1432 0570 6C       		.byte	108
 1433 0571 06       		.byte	6
 1434 0572 80       		.byte	-128
 1435 0573 2F       		.byte	47
 1436 0574 20       		.byte	32
 1437 0575 02       		.byte	2
 1438 0576 10       		.byte	16
 1439 0577 6F       		.byte	111
 1440 0578 00       		.byte	0
 1441 0579 80       		.byte	-128
 1442 057a 80       		.byte	-128
 1443 057b 26       		.byte	38
 1444 057c 20       		.byte	32
 1445 057d 02       		.byte	2
 1446 057e 80       		.byte	-128
 1447 057f 6F       		.byte	111
 1448 0580 00       		.byte	0
 1449 0581 80       		.byte	-128
 1450 0582 80       		.byte	-128
 1451 0583 26       		.byte	38
 1452 0584 20       		.byte	32
 1453 0585 02       		.byte	2
 1454 0586 80       		.byte	-128
 1455 0587 6F       		.byte	111
 1456 0588 20       		.byte	32
 1457 0589 02       		.byte	2
 1458 058a 80       		.byte	-128
 1459 058b 6F       		.byte	111
 1460 058c 21       		.byte	33
 1461 058d 1A       		.byte	26
 1462 058e 40       		.byte	64
 1463 058f FE       		.byte	-2
 1464 0590 00       		.byte	0
 1465 0591 00       		.byte	0
 1466 0592 80       		.byte	-128
 1467 0593 26       		.byte	38
 1468 0594 02       		.byte	2
 1469 0595 22       		.byte	34
 1470 0596 10       		.byte	16
 1471 0597 66       		.byte	102
 1472 0598 00       		.byte	0
 1473 0599 80       		.byte	-128
 1474 059a 10       		.byte	16
 1475 059b 6E       		.byte	110
 1476 059c 01       		.byte	1
 1477 059d 82       		.byte	-126
 1478 059e 80       		.byte	-128
 1479 059f 26       		.byte	38
 1480 05a0 20       		.byte	32
 1481 05a1 13       		.byte	19
 1482 05a2 80       		.byte	-128
ARM GAS  C:\Users\koseki\AppData\Local\Temp\cchXpfbH.s 			page 27


 1483 05a3 26       		.byte	38
 1484 05a4 C8       		.byte	-56
 1485 05a5 0C       		.byte	12
 1486 05a6 80       		.byte	-128
 1487 05a7 26       		.byte	38
 1488 05a8 E6       		.byte	-26
 1489 05a9 0E       		.byte	14
 1490 05aa 80       		.byte	-128
 1491 05ab 26       		.byte	38
 1492 05ac AA       		.byte	-86
 1493 05ad 0A       		.byte	10
 1494 05ae 80       		.byte	-128
 1495 05af 26       		.byte	38
 1496 05b0 61       		.byte	97
 1497 05b1 17       		.byte	23
 1498 05b2 10       		.byte	16
 1499 05b3 06       		.byte	6
 1500 05b4 8C       		.byte	-116
 1501 05b5 08       		.byte	8
 1502 05b6 80       		.byte	-128
 1503 05b7 26       		.byte	38
 1504 05b8 6E       		.byte	110
 1505 05b9 06       		.byte	6
 1506 05ba 80       		.byte	-128
 1507 05bb 6D       		.byte	109
 1508 05bc 6C       		.byte	108
 1509 05bd 06       		.byte	6
 1510 05be 80       		.byte	-128
 1511 05bf 2F       		.byte	47
 1512 05c0 20       		.byte	32
 1513 05c1 02       		.byte	2
 1514 05c2 10       		.byte	16
 1515 05c3 6F       		.byte	111
 1516 05c4 00       		.byte	0
 1517 05c5 80       		.byte	-128
 1518 05c6 80       		.byte	-128
 1519 05c7 26       		.byte	38
 1520 05c8 20       		.byte	32
 1521 05c9 02       		.byte	2
 1522 05ca 80       		.byte	-128
 1523 05cb 6F       		.byte	111
 1524 05cc 00       		.byte	0
 1525 05cd 80       		.byte	-128
 1526 05ce 80       		.byte	-128
 1527 05cf 26       		.byte	38
 1528 05d0 20       		.byte	32
 1529 05d1 02       		.byte	2
 1530 05d2 80       		.byte	-128
 1531 05d3 6F       		.byte	111
 1532 05d4 20       		.byte	32
 1533 05d5 02       		.byte	2
 1534 05d6 80       		.byte	-128
 1535 05d7 6F       		.byte	111
 1536 05d8 21       		.byte	33
 1537 05d9 1A       		.byte	26
 1538 05da 40       		.byte	64
 1539 05db FE       		.byte	-2
ARM GAS  C:\Users\koseki\AppData\Local\Temp\cchXpfbH.s 			page 28


 1540 05dc 00       		.byte	0
 1541 05dd 00       		.byte	0
 1542 05de 80       		.byte	-128
 1543 05df 26       		.byte	38
 1544 05e0 00       		.byte	0
 1545 05e1 22       		.byte	34
 1546 05e2 10       		.byte	16
 1547 05e3 66       		.byte	102
 1548 05e4 00       		.byte	0
 1549 05e5 80       		.byte	-128
 1550 05e6 10       		.byte	16
 1551 05e7 6E       		.byte	110
 1552 05e8 01       		.byte	1
 1553 05e9 82       		.byte	-126
 1554 05ea 80       		.byte	-128
 1555 05eb 26       		.byte	38
 1556 05ec 00       		.byte	0
 1557 05ed 00       		.byte	0
 1558 05ee 00       		.byte	0
 1559 05ef 00       		.byte	0
 1560 05f0 00       		.byte	0
 1561 05f1 00       		.byte	0
 1562 05f2 00       		.byte	0
 1563 05f3 00       		.byte	0
 1564 05f4 00       		.byte	0
 1565 05f5 00       		.byte	0
 1566 05f6 00       		.byte	0
 1567 05f7 00       		.byte	0
 1568 05f8 00       		.byte	0
 1569 05f9 00       		.byte	0
 1570 05fa 00       		.byte	0
 1571 05fb 00       		.byte	0
 1572 05fc 00       		.byte	0
 1573 05fd 00       		.byte	0
 1574 05fe 00       		.byte	0
 1575 05ff 00       		.byte	0
 1576 0600 00       		.byte	0
 1577 0601 00       		.byte	0
 1578 0602 00       		.byte	0
 1579 0603 00       		.byte	0
 1580 0604 00       		.byte	0
 1581 0605 00       		.byte	0
 1582 0606 00       		.byte	0
 1583 0607 00       		.byte	0
 1584 0608 00       		.byte	0
 1585 0609 00       		.byte	0
 1586 060a 00       		.byte	0
 1587 060b 00       		.byte	0
 1588 060c 00       		.byte	0
 1589 060d 00       		.byte	0
 1590 060e 00       		.byte	0
 1591 060f 00       		.byte	0
 1592 0610 00       		.byte	0
 1593 0611 00       		.byte	0
 1594 0612 00       		.byte	0
 1595 0613 00       		.byte	0
 1596 0614 00       		.byte	0
ARM GAS  C:\Users\koseki\AppData\Local\Temp\cchXpfbH.s 			page 29


 1597 0615 00       		.byte	0
 1598 0616 00       		.byte	0
 1599 0617 00       		.byte	0
 1600 0618 00       		.byte	0
 1601 0619 00       		.byte	0
 1602 061a 00       		.byte	0
 1603 061b 00       		.byte	0
 1604 061c 00       		.byte	0
 1605 061d 00       		.byte	0
 1606 061e 00       		.byte	0
 1607 061f 00       		.byte	0
 1608 0620 00       		.byte	0
 1609 0621 00       		.byte	0
 1610 0622 00       		.byte	0
 1611 0623 00       		.byte	0
 1612 0624 00       		.byte	0
 1613 0625 00       		.byte	0
 1614 0626 00       		.byte	0
 1615 0627 00       		.byte	0
 1616 0628 00       		.byte	0
 1617 0629 00       		.byte	0
 1618 062a 00       		.byte	0
 1619 062b 00       		.byte	0
 1620 062c 00       		.byte	0
 1621 062d 00       		.byte	0
 1622 062e 00       		.byte	0
 1623 062f 00       		.byte	0
 1624 0630 00       		.byte	0
 1625 0631 00       		.byte	0
 1626 0632 00       		.byte	0
 1627 0633 00       		.byte	0
 1628 0634 00       		.byte	0
 1629 0635 00       		.byte	0
 1630 0636 00       		.byte	0
 1631 0637 00       		.byte	0
 1632 0638 00       		.byte	0
 1633 0639 00       		.byte	0
 1634 063a 00       		.byte	0
 1635 063b 00       		.byte	0
 1636 063c 00       		.byte	0
 1637 063d 00       		.byte	0
 1638 063e 00       		.byte	0
 1639 063f 00       		.byte	0
 1640              		.text
 1641              	.Letext0:
 1642              		.file 1 "Generated_Source\\PSoC5\\Filter_1_RAM_Data.c"
 1643              		.file 2 "Generated_Source\\PSoC5\\cytypes.h"
 1644              		.section	.debug_info,"",%progbits
 1645              	.Ldebug_info0:
 1646 0000 27010000 		.4byte	0x127
 1647 0004 0400     		.2byte	0x4
 1648 0006 00000000 		.4byte	.Ldebug_abbrev0
 1649 000a 04       		.byte	0x4
 1650 000b 01       		.uleb128 0x1
 1651 000c 75000000 		.4byte	.LASF18
 1652 0010 01       		.byte	0x1
 1653 0011 1B000000 		.4byte	.LASF19
ARM GAS  C:\Users\koseki\AppData\Local\Temp\cchXpfbH.s 			page 30


 1654 0015 81010000 		.4byte	.LASF20
 1655 0019 00000000 		.4byte	.Ldebug_line0
 1656 001d 02       		.uleb128 0x2
 1657 001e 04       		.byte	0x4
 1658 001f 05       		.byte	0x5
 1659 0020 696E7400 		.ascii	"int\000"
 1660 0024 03       		.uleb128 0x3
 1661 0025 04       		.byte	0x4
 1662 0026 07       		.byte	0x7
 1663 0027 0E000000 		.4byte	.LASF0
 1664 002b 03       		.uleb128 0x3
 1665 002c 01       		.byte	0x1
 1666 002d 06       		.byte	0x6
 1667 002e 39010000 		.4byte	.LASF1
 1668 0032 03       		.uleb128 0x3
 1669 0033 01       		.byte	0x1
 1670 0034 08       		.byte	0x8
 1671 0035 03010000 		.4byte	.LASF2
 1672 0039 03       		.uleb128 0x3
 1673 003a 02       		.byte	0x2
 1674 003b 05       		.byte	0x5
 1675 003c 77010000 		.4byte	.LASF3
 1676 0040 03       		.uleb128 0x3
 1677 0041 02       		.byte	0x2
 1678 0042 07       		.byte	0x7
 1679 0043 26010000 		.4byte	.LASF4
 1680 0047 03       		.uleb128 0x3
 1681 0048 04       		.byte	0x4
 1682 0049 05       		.byte	0x5
 1683 004a 16010000 		.4byte	.LASF5
 1684 004e 03       		.uleb128 0x3
 1685 004f 04       		.byte	0x4
 1686 0050 07       		.byte	0x7
 1687 0051 4C000000 		.4byte	.LASF6
 1688 0055 03       		.uleb128 0x3
 1689 0056 08       		.byte	0x8
 1690 0057 05       		.byte	0x5
 1691 0058 00000000 		.4byte	.LASF7
 1692 005c 03       		.uleb128 0x3
 1693 005d 08       		.byte	0x8
 1694 005e 07       		.byte	0x7
 1695 005f 5E000000 		.4byte	.LASF8
 1696 0063 03       		.uleb128 0x3
 1697 0064 04       		.byte	0x4
 1698 0065 07       		.byte	0x7
 1699 0066 D1010000 		.4byte	.LASF9
 1700 006a 03       		.uleb128 0x3
 1701 006b 01       		.byte	0x1
 1702 006c 08       		.byte	0x8
 1703 006d 11010000 		.4byte	.LASF10
 1704 0071 04       		.uleb128 0x4
 1705 0072 46000000 		.4byte	.LASF21
 1706 0076 02       		.byte	0x2
 1707 0077 3801     		.2byte	0x138
 1708 0079 32000000 		.4byte	0x32
 1709 007d 03       		.uleb128 0x3
 1710 007e 04       		.byte	0x4
ARM GAS  C:\Users\koseki\AppData\Local\Temp\cchXpfbH.s 			page 31


 1711 007f 04       		.byte	0x4
 1712 0080 71010000 		.4byte	.LASF11
 1713 0084 03       		.uleb128 0x3
 1714 0085 08       		.byte	0x8
 1715 0086 04       		.byte	0x4
 1716 0087 1F010000 		.4byte	.LASF12
 1717 008b 05       		.uleb128 0x5
 1718 008c 71000000 		.4byte	0x71
 1719 0090 9B000000 		.4byte	0x9b
 1720 0094 06       		.uleb128 0x6
 1721 0095 63000000 		.4byte	0x63
 1722 0099 3F       		.byte	0x3f
 1723 009a 00       		.byte	0
 1724 009b 05       		.uleb128 0x5
 1725 009c 71000000 		.4byte	0x71
 1726 00a0 AB000000 		.4byte	0xab
 1727 00a4 06       		.uleb128 0x6
 1728 00a5 63000000 		.4byte	0x63
 1729 00a9 FF       		.byte	0xff
 1730 00aa 00       		.byte	0
 1731 00ab 07       		.uleb128 0x7
 1732 00ac 60010000 		.4byte	.LASF13
 1733 00b0 01       		.byte	0x1
 1734 00b1 04       		.byte	0x4
 1735 00b2 BC000000 		.4byte	0xbc
 1736 00b6 05       		.uleb128 0x5
 1737 00b7 03       		.byte	0x3
 1738 00b8 00000000 		.4byte	Filter_1_control
 1739 00bc 08       		.uleb128 0x8
 1740 00bd 9B000000 		.4byte	0x9b
 1741 00c1 05       		.uleb128 0x5
 1742 00c2 71000000 		.4byte	0x71
 1743 00c6 D2000000 		.4byte	0xd2
 1744 00ca 09       		.uleb128 0x9
 1745 00cb 63000000 		.4byte	0x63
 1746 00cf FF01     		.2byte	0x1ff
 1747 00d1 00       		.byte	0
 1748 00d2 07       		.uleb128 0x7
 1749 00d3 DA010000 		.4byte	.LASF14
 1750 00d7 01       		.byte	0x1
 1751 00d8 28       		.byte	0x28
 1752 00d9 E3000000 		.4byte	0xe3
 1753 00dd 05       		.uleb128 0x5
 1754 00de 03       		.byte	0x3
 1755 00df 00000000 		.4byte	Filter_1_data_a
 1756 00e3 08       		.uleb128 0x8
 1757 00e4 C1000000 		.4byte	0xc1
 1758 00e8 07       		.uleb128 0x7
 1759 00e9 EA010000 		.4byte	.LASF15
 1760 00ed 01       		.byte	0x1
 1761 00ee 6C       		.byte	0x6c
 1762 00ef F9000000 		.4byte	0xf9
 1763 00f3 05       		.uleb128 0x5
 1764 00f4 03       		.byte	0x3
 1765 00f5 00000000 		.4byte	Filter_1_data_b
 1766 00f9 08       		.uleb128 0x8
 1767 00fa C1000000 		.4byte	0xc1
ARM GAS  C:\Users\koseki\AppData\Local\Temp\cchXpfbH.s 			page 32


 1768 00fe 07       		.uleb128 0x7
 1769 00ff 52010000 		.4byte	.LASF16
 1770 0103 01       		.byte	0x1
 1771 0104 BC       		.byte	0xbc
 1772 0105 0F010000 		.4byte	0x10f
 1773 0109 05       		.uleb128 0x5
 1774 010a 03       		.byte	0x3
 1775 010b 00000000 		.4byte	Filter_1_cfsm
 1776 010f 08       		.uleb128 0x8
 1777 0110 9B000000 		.4byte	0x9b
 1778 0114 07       		.uleb128 0x7
 1779 0115 45010000 		.4byte	.LASF17
 1780 0119 01       		.byte	0x1
 1781 011a B0       		.byte	0xb0
 1782 011b 25010000 		.4byte	0x125
 1783 011f 05       		.uleb128 0x5
 1784 0120 03       		.byte	0x3
 1785 0121 00000000 		.4byte	Filter_1_acu
 1786 0125 08       		.uleb128 0x8
 1787 0126 8B000000 		.4byte	0x8b
 1788 012a 00       		.byte	0
 1789              		.section	.debug_abbrev,"",%progbits
 1790              	.Ldebug_abbrev0:
 1791 0000 01       		.uleb128 0x1
 1792 0001 11       		.uleb128 0x11
 1793 0002 01       		.byte	0x1
 1794 0003 25       		.uleb128 0x25
 1795 0004 0E       		.uleb128 0xe
 1796 0005 13       		.uleb128 0x13
 1797 0006 0B       		.uleb128 0xb
 1798 0007 03       		.uleb128 0x3
 1799 0008 0E       		.uleb128 0xe
 1800 0009 1B       		.uleb128 0x1b
 1801 000a 0E       		.uleb128 0xe
 1802 000b 10       		.uleb128 0x10
 1803 000c 17       		.uleb128 0x17
 1804 000d 00       		.byte	0
 1805 000e 00       		.byte	0
 1806 000f 02       		.uleb128 0x2
 1807 0010 24       		.uleb128 0x24
 1808 0011 00       		.byte	0
 1809 0012 0B       		.uleb128 0xb
 1810 0013 0B       		.uleb128 0xb
 1811 0014 3E       		.uleb128 0x3e
 1812 0015 0B       		.uleb128 0xb
 1813 0016 03       		.uleb128 0x3
 1814 0017 08       		.uleb128 0x8
 1815 0018 00       		.byte	0
 1816 0019 00       		.byte	0
 1817 001a 03       		.uleb128 0x3
 1818 001b 24       		.uleb128 0x24
 1819 001c 00       		.byte	0
 1820 001d 0B       		.uleb128 0xb
 1821 001e 0B       		.uleb128 0xb
 1822 001f 3E       		.uleb128 0x3e
 1823 0020 0B       		.uleb128 0xb
 1824 0021 03       		.uleb128 0x3
ARM GAS  C:\Users\koseki\AppData\Local\Temp\cchXpfbH.s 			page 33


 1825 0022 0E       		.uleb128 0xe
 1826 0023 00       		.byte	0
 1827 0024 00       		.byte	0
 1828 0025 04       		.uleb128 0x4
 1829 0026 16       		.uleb128 0x16
 1830 0027 00       		.byte	0
 1831 0028 03       		.uleb128 0x3
 1832 0029 0E       		.uleb128 0xe
 1833 002a 3A       		.uleb128 0x3a
 1834 002b 0B       		.uleb128 0xb
 1835 002c 3B       		.uleb128 0x3b
 1836 002d 05       		.uleb128 0x5
 1837 002e 49       		.uleb128 0x49
 1838 002f 13       		.uleb128 0x13
 1839 0030 00       		.byte	0
 1840 0031 00       		.byte	0
 1841 0032 05       		.uleb128 0x5
 1842 0033 01       		.uleb128 0x1
 1843 0034 01       		.byte	0x1
 1844 0035 49       		.uleb128 0x49
 1845 0036 13       		.uleb128 0x13
 1846 0037 01       		.uleb128 0x1
 1847 0038 13       		.uleb128 0x13
 1848 0039 00       		.byte	0
 1849 003a 00       		.byte	0
 1850 003b 06       		.uleb128 0x6
 1851 003c 21       		.uleb128 0x21
 1852 003d 00       		.byte	0
 1853 003e 49       		.uleb128 0x49
 1854 003f 13       		.uleb128 0x13
 1855 0040 2F       		.uleb128 0x2f
 1856 0041 0B       		.uleb128 0xb
 1857 0042 00       		.byte	0
 1858 0043 00       		.byte	0
 1859 0044 07       		.uleb128 0x7
 1860 0045 34       		.uleb128 0x34
 1861 0046 00       		.byte	0
 1862 0047 03       		.uleb128 0x3
 1863 0048 0E       		.uleb128 0xe
 1864 0049 3A       		.uleb128 0x3a
 1865 004a 0B       		.uleb128 0xb
 1866 004b 3B       		.uleb128 0x3b
 1867 004c 0B       		.uleb128 0xb
 1868 004d 49       		.uleb128 0x49
 1869 004e 13       		.uleb128 0x13
 1870 004f 3F       		.uleb128 0x3f
 1871 0050 19       		.uleb128 0x19
 1872 0051 02       		.uleb128 0x2
 1873 0052 18       		.uleb128 0x18
 1874 0053 00       		.byte	0
 1875 0054 00       		.byte	0
 1876 0055 08       		.uleb128 0x8
 1877 0056 26       		.uleb128 0x26
 1878 0057 00       		.byte	0
 1879 0058 49       		.uleb128 0x49
 1880 0059 13       		.uleb128 0x13
 1881 005a 00       		.byte	0
ARM GAS  C:\Users\koseki\AppData\Local\Temp\cchXpfbH.s 			page 34


 1882 005b 00       		.byte	0
 1883 005c 09       		.uleb128 0x9
 1884 005d 21       		.uleb128 0x21
 1885 005e 00       		.byte	0
 1886 005f 49       		.uleb128 0x49
 1887 0060 13       		.uleb128 0x13
 1888 0061 2F       		.uleb128 0x2f
 1889 0062 05       		.uleb128 0x5
 1890 0063 00       		.byte	0
 1891 0064 00       		.byte	0
 1892 0065 00       		.byte	0
 1893              		.section	.debug_aranges,"",%progbits
 1894 0000 14000000 		.4byte	0x14
 1895 0004 0200     		.2byte	0x2
 1896 0006 00000000 		.4byte	.Ldebug_info0
 1897 000a 04       		.byte	0x4
 1898 000b 00       		.byte	0
 1899 000c 0000     		.2byte	0
 1900 000e 0000     		.2byte	0
 1901 0010 00000000 		.4byte	0
 1902 0014 00000000 		.4byte	0
 1903              		.section	.debug_line,"",%progbits
 1904              	.Ldebug_line0:
 1905 0000 54000000 		.section	.debug_str,"MS",%progbits,1
 1905      02004E00 
 1905      00000201 
 1905      FB0E0D00 
 1905      01010101 
 1906              	.LASF7:
 1907 0000 6C6F6E67 		.ascii	"long long int\000"
 1907      206C6F6E 
 1907      6720696E 
 1907      7400
 1908              	.LASF0:
 1909 000e 756E7369 		.ascii	"unsigned int\000"
 1909      676E6564 
 1909      20696E74 
 1909      00
 1910              	.LASF19:
 1911 001b 47656E65 		.ascii	"Generated_Source\\PSoC5\\Filter_1_RAM_Data.c\000"
 1911      72617465 
 1911      645F536F 
 1911      75726365 
 1911      5C50536F 
 1912              	.LASF21:
 1913 0046 75696E74 		.ascii	"uint8\000"
 1913      3800
 1914              	.LASF6:
 1915 004c 6C6F6E67 		.ascii	"long unsigned int\000"
 1915      20756E73 
 1915      69676E65 
 1915      6420696E 
 1915      7400
 1916              	.LASF8:
 1917 005e 6C6F6E67 		.ascii	"long long unsigned int\000"
 1917      206C6F6E 
 1917      6720756E 
ARM GAS  C:\Users\koseki\AppData\Local\Temp\cchXpfbH.s 			page 35


 1917      7369676E 
 1917      65642069 
 1918              	.LASF18:
 1919 0075 474E5520 		.ascii	"GNU C 4.9.3 20150303 (release) [ARM/embedded-4_9-br"
 1919      4320342E 
 1919      392E3320 
 1919      32303135 
 1919      30333033 
 1920 00a8 616E6368 		.ascii	"anch revision 221220] -mcpu=cortex-m3 -mthumb -g -O"
 1920      20726576 
 1920      6973696F 
 1920      6E203232 
 1920      31323230 
 1921 00db 67202D66 		.ascii	"g -ffunction-sections -ffat-lto-objects\000"
 1921      66756E63 
 1921      74696F6E 
 1921      2D736563 
 1921      74696F6E 
 1922              	.LASF2:
 1923 0103 756E7369 		.ascii	"unsigned char\000"
 1923      676E6564 
 1923      20636861 
 1923      7200
 1924              	.LASF10:
 1925 0111 63686172 		.ascii	"char\000"
 1925      00
 1926              	.LASF5:
 1927 0116 6C6F6E67 		.ascii	"long int\000"
 1927      20696E74 
 1927      00
 1928              	.LASF12:
 1929 011f 646F7562 		.ascii	"double\000"
 1929      6C6500
 1930              	.LASF4:
 1931 0126 73686F72 		.ascii	"short unsigned int\000"
 1931      7420756E 
 1931      7369676E 
 1931      65642069 
 1931      6E7400
 1932              	.LASF1:
 1933 0139 7369676E 		.ascii	"signed char\000"
 1933      65642063 
 1933      68617200 
 1934              	.LASF17:
 1935 0145 46696C74 		.ascii	"Filter_1_acu\000"
 1935      65725F31 
 1935      5F616375 
 1935      00
 1936              	.LASF16:
 1937 0152 46696C74 		.ascii	"Filter_1_cfsm\000"
 1937      65725F31 
 1937      5F636673 
 1937      6D00
 1938              	.LASF13:
 1939 0160 46696C74 		.ascii	"Filter_1_control\000"
 1939      65725F31 
 1939      5F636F6E 
ARM GAS  C:\Users\koseki\AppData\Local\Temp\cchXpfbH.s 			page 36


 1939      74726F6C 
 1939      00
 1940              	.LASF11:
 1941 0171 666C6F61 		.ascii	"float\000"
 1941      7400
 1942              	.LASF3:
 1943 0177 73686F72 		.ascii	"short int\000"
 1943      7420696E 
 1943      7400
 1944              	.LASF20:
 1945 0181 453A5C50 		.ascii	"E:\\PSoC_Creator\\CY8CKIT-059\\CY8CKIT-059_SDR_Beac"
 1945      536F435F 
 1945      43726561 
 1945      746F725C 
 1945      43593843 
 1946 01b1 6F6E5C43 		.ascii	"on\\CY8CKIT-059_SDR_Beacon.cydsn\000"
 1946      5938434B 
 1946      49542D30 
 1946      35395F53 
 1946      44525F42 
 1947              	.LASF9:
 1948 01d1 73697A65 		.ascii	"sizetype\000"
 1948      74797065 
 1948      00
 1949              	.LASF14:
 1950 01da 46696C74 		.ascii	"Filter_1_data_a\000"
 1950      65725F31 
 1950      5F646174 
 1950      615F6100 
 1951              	.LASF15:
 1952 01ea 46696C74 		.ascii	"Filter_1_data_b\000"
 1952      65725F31 
 1952      5F646174 
 1952      615F6200 
 1953              		.ident	"GCC: (GNU Tools for ARM Embedded Processors) 4.9.3 20150303 (release) [ARM/embedded-4_9-br
