ARM GAS  C:\Users\koseki\AppData\Local\Temp\ccRvuauR.s 			page 1


   1              		.syntax unified
   2              		.cpu cortex-m3
   3              		.fpu softvfp
   4              		.eabi_attribute 20, 1
   5              		.eabi_attribute 21, 1
   6              		.eabi_attribute 23, 3
   7              		.eabi_attribute 24, 1
   8              		.eabi_attribute 25, 1
   9              		.eabi_attribute 26, 1
  10              		.eabi_attribute 30, 1
  11              		.eabi_attribute 34, 1
  12              		.eabi_attribute 18, 4
  13              		.thumb
  14              		.file	"LPF_1.c"
  15              		.text
  16              	.Ltext0:
  17              		.cfi_sections	.debug_frame
  18              		.section	.text.LPF_1_SetCutoffFreq,"ax",%progbits
  19              		.align	2
  20              		.global	LPF_1_SetCutoffFreq
  21              		.thumb
  22              		.thumb_func
  23              		.type	LPF_1_SetCutoffFreq, %function
  24              	LPF_1_SetCutoffFreq:
  25              	.LFB1:
  26              		.file 1 ".\\Generated_Source\\PSoC5\\LPF_1.c"
   1:.\Generated_Source\PSoC5/LPF_1.c **** /* ========================================
   2:.\Generated_Source\PSoC5/LPF_1.c ****  *
   3:.\Generated_Source\PSoC5/LPF_1.c ****  * Copyright YOUR COMPANY, THE YEAR
   4:.\Generated_Source\PSoC5/LPF_1.c ****  * All Rights Reserved
   5:.\Generated_Source\PSoC5/LPF_1.c ****  * UNPUBLISHED, LICENSED SOFTWARE.
   6:.\Generated_Source\PSoC5/LPF_1.c ****  *
   7:.\Generated_Source\PSoC5/LPF_1.c ****  * CONFIDENTIAL AND PROPRIETARY INFORMATION
   8:.\Generated_Source\PSoC5/LPF_1.c ****  * WHICH IS THE PROPERTY OF your company.
   9:.\Generated_Source\PSoC5/LPF_1.c ****  *
  10:.\Generated_Source\PSoC5/LPF_1.c ****  * ========================================
  11:.\Generated_Source\PSoC5/LPF_1.c **** */
  12:.\Generated_Source\PSoC5/LPF_1.c **** #include "LPF_1.h"
  13:.\Generated_Source\PSoC5/LPF_1.c **** 
  14:.\Generated_Source\PSoC5/LPF_1.c **** #define LPF_1_CR_MASK (LPF_1__LPF_15KHZ | LPF_1__LPF_30KHZ | LPF_1__LPF_76KHZ | LPF_1__LPF_153KHZ)
  15:.\Generated_Source\PSoC5/LPF_1.c **** 
  16:.\Generated_Source\PSoC5/LPF_1.c **** void LPF_1_Start() {
  17:.\Generated_Source\PSoC5/LPF_1.c ****     LPF_1_SetCutoffFreq((enum LPF_1_CUTOFF_FREQ)0);
  18:.\Generated_Source\PSoC5/LPF_1.c **** }
  19:.\Generated_Source\PSoC5/LPF_1.c **** 
  20:.\Generated_Source\PSoC5/LPF_1.c **** void LPF_1_SetCutoffFreq(const enum LPF_1_CUTOFF_FREQ cutoff) {
  27              		.loc 1 20 0
  28              		.cfi_startproc
  29              		@ args = 0, pretend = 0, frame = 0
  30              		@ frame_needed = 0, uses_anonymous_args = 0
  31              		@ link register save eliminated.
  32              	.LVL0:
  21:.\Generated_Source\PSoC5/LPF_1.c ****     const void CYFAR *pCR = (void CYFAR*)LPF_1_lpf_1__CR0;
  22:.\Generated_Source\PSoC5/LPF_1.c ****     const uint8 nextCR = (CY_GET_XTND_REG8(pCR) & ~LPF_1_CR_MASK) | cutoff;
  33              		.loc 1 22 0
  34 0000 034A     		ldr	r2, .L2
  35 0002 1378     		ldrb	r3, [r2]	@ zero_extendqisi2
ARM GAS  C:\Users\koseki\AppData\Local\Temp\ccRvuauR.s 			page 2


  36 0004 03F0CF03 		and	r3, r3, #207
  37 0008 1843     		orrs	r0, r0, r3
  38              	.LVL1:
  23:.\Generated_Source\PSoC5/LPF_1.c ****     CY_SET_XTND_REG8(pCR, nextCR);
  39              		.loc 1 23 0
  40 000a 1070     		strb	r0, [r2]
  41 000c 7047     		bx	lr
  42              	.L3:
  43 000e 00BF     		.align	2
  44              	.L2:
  45 0010 78580040 		.word	1073764472
  46              		.cfi_endproc
  47              	.LFE1:
  48              		.size	LPF_1_SetCutoffFreq, .-LPF_1_SetCutoffFreq
  49              		.section	.text.LPF_1_Start,"ax",%progbits
  50              		.align	2
  51              		.global	LPF_1_Start
  52              		.thumb
  53              		.thumb_func
  54              		.type	LPF_1_Start, %function
  55              	LPF_1_Start:
  56              	.LFB0:
  16:.\Generated_Source\PSoC5/LPF_1.c ****     LPF_1_SetCutoffFreq((enum LPF_1_CUTOFF_FREQ)0);
  57              		.loc 1 16 0
  58              		.cfi_startproc
  59              		@ args = 0, pretend = 0, frame = 0
  60              		@ frame_needed = 0, uses_anonymous_args = 0
  61 0000 08B5     		push	{r3, lr}
  62              		.cfi_def_cfa_offset 8
  63              		.cfi_offset 3, -8
  64              		.cfi_offset 14, -4
  17:.\Generated_Source\PSoC5/LPF_1.c **** }
  65              		.loc 1 17 0
  66 0002 0020     		movs	r0, #0
  67 0004 FFF7FEFF 		bl	LPF_1_SetCutoffFreq
  68              	.LVL2:
  69 0008 08BD     		pop	{r3, pc}
  70              		.cfi_endproc
  71              	.LFE0:
  72              		.size	LPF_1_Start, .-LPF_1_Start
  73 000a 00BF     		.text
  74              	.Letext0:
  75              		.file 2 ".\\Generated_Source\\PSoC5\\cytypes.h"
  76              		.file 3 ".\\Generated_Source\\PSoC5\\LPF_1.h"
  77              		.section	.debug_info,"",%progbits
  78              	.Ldebug_info0:
  79 0000 32010000 		.4byte	0x132
  80 0004 0400     		.2byte	0x4
  81 0006 00000000 		.4byte	.Ldebug_abbrev0
  82 000a 04       		.byte	0x4
  83 000b 01       		.uleb128 0x1
  84 000c BE000000 		.4byte	.LASF19
  85 0010 01       		.byte	0x1
  86 0011 E5010000 		.4byte	.LASF20
  87 0015 5D000000 		.4byte	.LASF21
  88 0019 00000000 		.4byte	.Ldebug_ranges0+0
  89 001d 00000000 		.4byte	0
ARM GAS  C:\Users\koseki\AppData\Local\Temp\ccRvuauR.s 			page 3


  90 0021 00000000 		.4byte	.Ldebug_line0
  91 0025 02       		.uleb128 0x2
  92 0026 01       		.byte	0x1
  93 0027 06       		.byte	0x6
  94 0028 0F020000 		.4byte	.LASF0
  95 002c 02       		.uleb128 0x2
  96 002d 01       		.byte	0x1
  97 002e 08       		.byte	0x8
  98 002f 25000000 		.4byte	.LASF1
  99 0033 02       		.uleb128 0x2
 100 0034 02       		.byte	0x2
 101 0035 05       		.byte	0x5
 102 0036 C3010000 		.4byte	.LASF2
 103 003a 02       		.uleb128 0x2
 104 003b 02       		.byte	0x2
 105 003c 07       		.byte	0x7
 106 003d 4A000000 		.4byte	.LASF3
 107 0041 02       		.uleb128 0x2
 108 0042 04       		.byte	0x4
 109 0043 05       		.byte	0x5
 110 0044 06020000 		.4byte	.LASF4
 111 0048 02       		.uleb128 0x2
 112 0049 04       		.byte	0x4
 113 004a 07       		.byte	0x7
 114 004b 38000000 		.4byte	.LASF5
 115 004f 02       		.uleb128 0x2
 116 0050 08       		.byte	0x8
 117 0051 05       		.byte	0x5
 118 0052 A3010000 		.4byte	.LASF6
 119 0056 02       		.uleb128 0x2
 120 0057 08       		.byte	0x8
 121 0058 07       		.byte	0x7
 122 0059 65010000 		.4byte	.LASF7
 123 005d 03       		.uleb128 0x3
 124 005e 04       		.byte	0x4
 125 005f 05       		.byte	0x5
 126 0060 696E7400 		.ascii	"int\000"
 127 0064 02       		.uleb128 0x2
 128 0065 04       		.byte	0x4
 129 0066 07       		.byte	0x7
 130 0067 4C010000 		.4byte	.LASF8
 131 006b 04       		.uleb128 0x4
 132 006c DF010000 		.4byte	.LASF12
 133 0070 02       		.byte	0x2
 134 0071 3801     		.2byte	0x138
 135 0073 2C000000 		.4byte	0x2c
 136 0077 02       		.uleb128 0x2
 137 0078 04       		.byte	0x4
 138 0079 04       		.byte	0x4
 139 007a 1F000000 		.4byte	.LASF9
 140 007e 02       		.uleb128 0x2
 141 007f 08       		.byte	0x8
 142 0080 04       		.byte	0x4
 143 0081 B7000000 		.4byte	.LASF10
 144 0085 02       		.uleb128 0x2
 145 0086 01       		.byte	0x1
 146 0087 08       		.byte	0x8
ARM GAS  C:\Users\koseki\AppData\Local\Temp\ccRvuauR.s 			page 4


 147 0088 B1010000 		.4byte	.LASF11
 148 008c 04       		.uleb128 0x4
 149 008d 33000000 		.4byte	.LASF13
 150 0091 02       		.byte	0x2
 151 0092 E201     		.2byte	0x1e2
 152 0094 98000000 		.4byte	0x98
 153 0098 05       		.uleb128 0x5
 154 0099 6B000000 		.4byte	0x6b
 155 009d 06       		.uleb128 0x6
 156 009e CD010000 		.4byte	.LASF22
 157 00a2 01       		.byte	0x1
 158 00a3 03       		.byte	0x3
 159 00a4 17       		.byte	0x17
 160 00a5 C2000000 		.4byte	0xc2
 161 00a9 07       		.uleb128 0x7
 162 00aa 59010000 		.4byte	.LASF14
 163 00ae 30       		.sleb128 48
 164 00af 07       		.uleb128 0x7
 165 00b0 00000000 		.4byte	.LASF15
 166 00b4 10       		.sleb128 16
 167 00b5 07       		.uleb128 0x7
 168 00b6 13000000 		.4byte	.LASF16
 169 00ba 20       		.sleb128 32
 170 00bb 07       		.uleb128 0x7
 171 00bc B6010000 		.4byte	.LASF17
 172 00c0 00       		.sleb128 0
 173 00c1 00       		.byte	0
 174 00c2 08       		.uleb128 0x8
 175 00c3 7C010000 		.4byte	.LASF23
 176 00c7 01       		.byte	0x1
 177 00c8 14       		.byte	0x14
 178 00c9 00000000 		.4byte	.LFB1
 179 00cd 14000000 		.4byte	.LFE1-.LFB1
 180 00d1 01       		.uleb128 0x1
 181 00d2 9C       		.byte	0x9c
 182 00d3 03010000 		.4byte	0x103
 183 00d7 09       		.uleb128 0x9
 184 00d8 9C010000 		.4byte	.LASF24
 185 00dc 01       		.byte	0x1
 186 00dd 14       		.byte	0x14
 187 00de 03010000 		.4byte	0x103
 188 00e2 00000000 		.4byte	.LLST0
 189 00e6 0A       		.uleb128 0xa
 190 00e7 70435200 		.ascii	"pCR\000"
 191 00eb 01       		.byte	0x1
 192 00ec 15       		.byte	0x15
 193 00ed 08010000 		.4byte	0x108
 194 00f1 78580040 		.4byte	0x40005878
 195 00f5 0B       		.uleb128 0xb
 196 00f6 0C000000 		.4byte	.LASF18
 197 00fa 01       		.byte	0x1
 198 00fb 16       		.byte	0x16
 199 00fc 0F010000 		.4byte	0x10f
 200 0100 01       		.uleb128 0x1
 201 0101 50       		.byte	0x50
 202 0102 00       		.byte	0
 203 0103 0C       		.uleb128 0xc
ARM GAS  C:\Users\koseki\AppData\Local\Temp\ccRvuauR.s 			page 5


 204 0104 9D000000 		.4byte	0x9d
 205 0108 0D       		.uleb128 0xd
 206 0109 04       		.byte	0x4
 207 010a 0E010000 		.4byte	0x10e
 208 010e 0E       		.uleb128 0xe
 209 010f 0C       		.uleb128 0xc
 210 0110 6B000000 		.4byte	0x6b
 211 0114 0F       		.uleb128 0xf
 212 0115 90010000 		.4byte	.LASF25
 213 0119 01       		.byte	0x1
 214 011a 10       		.byte	0x10
 215 011b 00000000 		.4byte	.LFB0
 216 011f 0A000000 		.4byte	.LFE0-.LFB0
 217 0123 01       		.uleb128 0x1
 218 0124 9C       		.byte	0x9c
 219 0125 10       		.uleb128 0x10
 220 0126 08000000 		.4byte	.LVL2
 221 012a C2000000 		.4byte	0xc2
 222 012e 11       		.uleb128 0x11
 223 012f 01       		.uleb128 0x1
 224 0130 50       		.byte	0x50
 225 0131 01       		.uleb128 0x1
 226 0132 30       		.byte	0x30
 227 0133 00       		.byte	0
 228 0134 00       		.byte	0
 229 0135 00       		.byte	0
 230              		.section	.debug_abbrev,"",%progbits
 231              	.Ldebug_abbrev0:
 232 0000 01       		.uleb128 0x1
 233 0001 11       		.uleb128 0x11
 234 0002 01       		.byte	0x1
 235 0003 25       		.uleb128 0x25
 236 0004 0E       		.uleb128 0xe
 237 0005 13       		.uleb128 0x13
 238 0006 0B       		.uleb128 0xb
 239 0007 03       		.uleb128 0x3
 240 0008 0E       		.uleb128 0xe
 241 0009 1B       		.uleb128 0x1b
 242 000a 0E       		.uleb128 0xe
 243 000b 55       		.uleb128 0x55
 244 000c 17       		.uleb128 0x17
 245 000d 11       		.uleb128 0x11
 246 000e 01       		.uleb128 0x1
 247 000f 10       		.uleb128 0x10
 248 0010 17       		.uleb128 0x17
 249 0011 00       		.byte	0
 250 0012 00       		.byte	0
 251 0013 02       		.uleb128 0x2
 252 0014 24       		.uleb128 0x24
 253 0015 00       		.byte	0
 254 0016 0B       		.uleb128 0xb
 255 0017 0B       		.uleb128 0xb
 256 0018 3E       		.uleb128 0x3e
 257 0019 0B       		.uleb128 0xb
 258 001a 03       		.uleb128 0x3
 259 001b 0E       		.uleb128 0xe
 260 001c 00       		.byte	0
ARM GAS  C:\Users\koseki\AppData\Local\Temp\ccRvuauR.s 			page 6


 261 001d 00       		.byte	0
 262 001e 03       		.uleb128 0x3
 263 001f 24       		.uleb128 0x24
 264 0020 00       		.byte	0
 265 0021 0B       		.uleb128 0xb
 266 0022 0B       		.uleb128 0xb
 267 0023 3E       		.uleb128 0x3e
 268 0024 0B       		.uleb128 0xb
 269 0025 03       		.uleb128 0x3
 270 0026 08       		.uleb128 0x8
 271 0027 00       		.byte	0
 272 0028 00       		.byte	0
 273 0029 04       		.uleb128 0x4
 274 002a 16       		.uleb128 0x16
 275 002b 00       		.byte	0
 276 002c 03       		.uleb128 0x3
 277 002d 0E       		.uleb128 0xe
 278 002e 3A       		.uleb128 0x3a
 279 002f 0B       		.uleb128 0xb
 280 0030 3B       		.uleb128 0x3b
 281 0031 05       		.uleb128 0x5
 282 0032 49       		.uleb128 0x49
 283 0033 13       		.uleb128 0x13
 284 0034 00       		.byte	0
 285 0035 00       		.byte	0
 286 0036 05       		.uleb128 0x5
 287 0037 35       		.uleb128 0x35
 288 0038 00       		.byte	0
 289 0039 49       		.uleb128 0x49
 290 003a 13       		.uleb128 0x13
 291 003b 00       		.byte	0
 292 003c 00       		.byte	0
 293 003d 06       		.uleb128 0x6
 294 003e 04       		.uleb128 0x4
 295 003f 01       		.byte	0x1
 296 0040 03       		.uleb128 0x3
 297 0041 0E       		.uleb128 0xe
 298 0042 0B       		.uleb128 0xb
 299 0043 0B       		.uleb128 0xb
 300 0044 3A       		.uleb128 0x3a
 301 0045 0B       		.uleb128 0xb
 302 0046 3B       		.uleb128 0x3b
 303 0047 0B       		.uleb128 0xb
 304 0048 01       		.uleb128 0x1
 305 0049 13       		.uleb128 0x13
 306 004a 00       		.byte	0
 307 004b 00       		.byte	0
 308 004c 07       		.uleb128 0x7
 309 004d 28       		.uleb128 0x28
 310 004e 00       		.byte	0
 311 004f 03       		.uleb128 0x3
 312 0050 0E       		.uleb128 0xe
 313 0051 1C       		.uleb128 0x1c
 314 0052 0D       		.uleb128 0xd
 315 0053 00       		.byte	0
 316 0054 00       		.byte	0
 317 0055 08       		.uleb128 0x8
ARM GAS  C:\Users\koseki\AppData\Local\Temp\ccRvuauR.s 			page 7


 318 0056 2E       		.uleb128 0x2e
 319 0057 01       		.byte	0x1
 320 0058 3F       		.uleb128 0x3f
 321 0059 19       		.uleb128 0x19
 322 005a 03       		.uleb128 0x3
 323 005b 0E       		.uleb128 0xe
 324 005c 3A       		.uleb128 0x3a
 325 005d 0B       		.uleb128 0xb
 326 005e 3B       		.uleb128 0x3b
 327 005f 0B       		.uleb128 0xb
 328 0060 27       		.uleb128 0x27
 329 0061 19       		.uleb128 0x19
 330 0062 11       		.uleb128 0x11
 331 0063 01       		.uleb128 0x1
 332 0064 12       		.uleb128 0x12
 333 0065 06       		.uleb128 0x6
 334 0066 40       		.uleb128 0x40
 335 0067 18       		.uleb128 0x18
 336 0068 9742     		.uleb128 0x2117
 337 006a 19       		.uleb128 0x19
 338 006b 01       		.uleb128 0x1
 339 006c 13       		.uleb128 0x13
 340 006d 00       		.byte	0
 341 006e 00       		.byte	0
 342 006f 09       		.uleb128 0x9
 343 0070 05       		.uleb128 0x5
 344 0071 00       		.byte	0
 345 0072 03       		.uleb128 0x3
 346 0073 0E       		.uleb128 0xe
 347 0074 3A       		.uleb128 0x3a
 348 0075 0B       		.uleb128 0xb
 349 0076 3B       		.uleb128 0x3b
 350 0077 0B       		.uleb128 0xb
 351 0078 49       		.uleb128 0x49
 352 0079 13       		.uleb128 0x13
 353 007a 02       		.uleb128 0x2
 354 007b 17       		.uleb128 0x17
 355 007c 00       		.byte	0
 356 007d 00       		.byte	0
 357 007e 0A       		.uleb128 0xa
 358 007f 34       		.uleb128 0x34
 359 0080 00       		.byte	0
 360 0081 03       		.uleb128 0x3
 361 0082 08       		.uleb128 0x8
 362 0083 3A       		.uleb128 0x3a
 363 0084 0B       		.uleb128 0xb
 364 0085 3B       		.uleb128 0x3b
 365 0086 0B       		.uleb128 0xb
 366 0087 49       		.uleb128 0x49
 367 0088 13       		.uleb128 0x13
 368 0089 1C       		.uleb128 0x1c
 369 008a 06       		.uleb128 0x6
 370 008b 00       		.byte	0
 371 008c 00       		.byte	0
 372 008d 0B       		.uleb128 0xb
 373 008e 34       		.uleb128 0x34
 374 008f 00       		.byte	0
ARM GAS  C:\Users\koseki\AppData\Local\Temp\ccRvuauR.s 			page 8


 375 0090 03       		.uleb128 0x3
 376 0091 0E       		.uleb128 0xe
 377 0092 3A       		.uleb128 0x3a
 378 0093 0B       		.uleb128 0xb
 379 0094 3B       		.uleb128 0x3b
 380 0095 0B       		.uleb128 0xb
 381 0096 49       		.uleb128 0x49
 382 0097 13       		.uleb128 0x13
 383 0098 02       		.uleb128 0x2
 384 0099 18       		.uleb128 0x18
 385 009a 00       		.byte	0
 386 009b 00       		.byte	0
 387 009c 0C       		.uleb128 0xc
 388 009d 26       		.uleb128 0x26
 389 009e 00       		.byte	0
 390 009f 49       		.uleb128 0x49
 391 00a0 13       		.uleb128 0x13
 392 00a1 00       		.byte	0
 393 00a2 00       		.byte	0
 394 00a3 0D       		.uleb128 0xd
 395 00a4 0F       		.uleb128 0xf
 396 00a5 00       		.byte	0
 397 00a6 0B       		.uleb128 0xb
 398 00a7 0B       		.uleb128 0xb
 399 00a8 49       		.uleb128 0x49
 400 00a9 13       		.uleb128 0x13
 401 00aa 00       		.byte	0
 402 00ab 00       		.byte	0
 403 00ac 0E       		.uleb128 0xe
 404 00ad 26       		.uleb128 0x26
 405 00ae 00       		.byte	0
 406 00af 00       		.byte	0
 407 00b0 00       		.byte	0
 408 00b1 0F       		.uleb128 0xf
 409 00b2 2E       		.uleb128 0x2e
 410 00b3 01       		.byte	0x1
 411 00b4 3F       		.uleb128 0x3f
 412 00b5 19       		.uleb128 0x19
 413 00b6 03       		.uleb128 0x3
 414 00b7 0E       		.uleb128 0xe
 415 00b8 3A       		.uleb128 0x3a
 416 00b9 0B       		.uleb128 0xb
 417 00ba 3B       		.uleb128 0x3b
 418 00bb 0B       		.uleb128 0xb
 419 00bc 11       		.uleb128 0x11
 420 00bd 01       		.uleb128 0x1
 421 00be 12       		.uleb128 0x12
 422 00bf 06       		.uleb128 0x6
 423 00c0 40       		.uleb128 0x40
 424 00c1 18       		.uleb128 0x18
 425 00c2 9742     		.uleb128 0x2117
 426 00c4 19       		.uleb128 0x19
 427 00c5 00       		.byte	0
 428 00c6 00       		.byte	0
 429 00c7 10       		.uleb128 0x10
 430 00c8 898201   		.uleb128 0x4109
 431 00cb 01       		.byte	0x1
ARM GAS  C:\Users\koseki\AppData\Local\Temp\ccRvuauR.s 			page 9


 432 00cc 11       		.uleb128 0x11
 433 00cd 01       		.uleb128 0x1
 434 00ce 31       		.uleb128 0x31
 435 00cf 13       		.uleb128 0x13
 436 00d0 00       		.byte	0
 437 00d1 00       		.byte	0
 438 00d2 11       		.uleb128 0x11
 439 00d3 8A8201   		.uleb128 0x410a
 440 00d6 00       		.byte	0
 441 00d7 02       		.uleb128 0x2
 442 00d8 18       		.uleb128 0x18
 443 00d9 9142     		.uleb128 0x2111
 444 00db 18       		.uleb128 0x18
 445 00dc 00       		.byte	0
 446 00dd 00       		.byte	0
 447 00de 00       		.byte	0
 448              		.section	.debug_loc,"",%progbits
 449              	.Ldebug_loc0:
 450              	.LLST0:
 451 0000 00000000 		.4byte	.LVL0
 452 0004 0A000000 		.4byte	.LVL1
 453 0008 0100     		.2byte	0x1
 454 000a 50       		.byte	0x50
 455 000b 0A000000 		.4byte	.LVL1
 456 000f 14000000 		.4byte	.LFE1
 457 0013 0400     		.2byte	0x4
 458 0015 F3       		.byte	0xf3
 459 0016 01       		.uleb128 0x1
 460 0017 50       		.byte	0x50
 461 0018 9F       		.byte	0x9f
 462 0019 00000000 		.4byte	0
 463 001d 00000000 		.4byte	0
 464              		.section	.debug_aranges,"",%progbits
 465 0000 24000000 		.4byte	0x24
 466 0004 0200     		.2byte	0x2
 467 0006 00000000 		.4byte	.Ldebug_info0
 468 000a 04       		.byte	0x4
 469 000b 00       		.byte	0
 470 000c 0000     		.2byte	0
 471 000e 0000     		.2byte	0
 472 0010 00000000 		.4byte	.LFB1
 473 0014 14000000 		.4byte	.LFE1-.LFB1
 474 0018 00000000 		.4byte	.LFB0
 475 001c 0A000000 		.4byte	.LFE0-.LFB0
 476 0020 00000000 		.4byte	0
 477 0024 00000000 		.4byte	0
 478              		.section	.debug_ranges,"",%progbits
 479              	.Ldebug_ranges0:
 480 0000 00000000 		.4byte	.LFB1
 481 0004 14000000 		.4byte	.LFE1
 482 0008 00000000 		.4byte	.LFB0
 483 000c 0A000000 		.4byte	.LFE0
 484 0010 00000000 		.4byte	0
 485 0014 00000000 		.4byte	0
 486              		.section	.debug_line,"",%progbits
 487              	.Ldebug_line0:
 488 0000 76000000 		.section	.debug_str,"MS",%progbits,1
ARM GAS  C:\Users\koseki\AppData\Local\Temp\ccRvuauR.s 			page 10


 488      02004F00 
 488      00000201 
 488      FB0E0D00 
 488      01010101 
 489              	.LASF15:
 490 0000 4C50465F 		.ascii	"LPF_1_30kHz\000"
 490      315F3330 
 490      6B487A00 
 491              	.LASF18:
 492 000c 6E657874 		.ascii	"nextCR\000"
 492      435200
 493              	.LASF16:
 494 0013 4C50465F 		.ascii	"LPF_1_76kHz\000"
 494      315F3736 
 494      6B487A00 
 495              	.LASF9:
 496 001f 666C6F61 		.ascii	"float\000"
 496      7400
 497              	.LASF1:
 498 0025 756E7369 		.ascii	"unsigned char\000"
 498      676E6564 
 498      20636861 
 498      7200
 499              	.LASF13:
 500 0033 72656738 		.ascii	"reg8\000"
 500      00
 501              	.LASF5:
 502 0038 6C6F6E67 		.ascii	"long unsigned int\000"
 502      20756E73 
 502      69676E65 
 502      6420696E 
 502      7400
 503              	.LASF3:
 504 004a 73686F72 		.ascii	"short unsigned int\000"
 504      7420756E 
 504      7369676E 
 504      65642069 
 504      6E7400
 505              	.LASF21:
 506 005d 4A3A5C50 		.ascii	"J:\\PSoC_Creator\\CY8CKIT-059\\CY8CKIT-059_Beacon_w"
 506      536F435F 
 506      43726561 
 506      746F725C 
 506      43593843 
 507 008d 5F46696C 		.ascii	"_Filter\\CY8CKIT-059_Beacon_w_Filter.cydsn\000"
 507      7465725C 
 507      43593843 
 507      4B49542D 
 507      3035395F 
 508              	.LASF10:
 509 00b7 646F7562 		.ascii	"double\000"
 509      6C6500
 510              	.LASF19:
 511 00be 474E5520 		.ascii	"GNU C 4.9.3 20150303 (release) [ARM/embedded-4_9-br"
 511      4320342E 
 511      392E3320 
 511      32303135 
ARM GAS  C:\Users\koseki\AppData\Local\Temp\ccRvuauR.s 			page 11


 511      30333033 
 512 00f1 616E6368 		.ascii	"anch revision 221220] -mcpu=cortex-m3 -mthumb -g -O"
 512      20726576 
 512      6973696F 
 512      6E203232 
 512      31323230 
 513 0124 67202D66 		.ascii	"g -ffunction-sections -ffat-lto-objects\000"
 513      66756E63 
 513      74696F6E 
 513      2D736563 
 513      74696F6E 
 514              	.LASF8:
 515 014c 756E7369 		.ascii	"unsigned int\000"
 515      676E6564 
 515      20696E74 
 515      00
 516              	.LASF14:
 517 0159 4C50465F 		.ascii	"LPF_1_15kHz\000"
 517      315F3135 
 517      6B487A00 
 518              	.LASF7:
 519 0165 6C6F6E67 		.ascii	"long long unsigned int\000"
 519      206C6F6E 
 519      6720756E 
 519      7369676E 
 519      65642069 
 520              	.LASF23:
 521 017c 4C50465F 		.ascii	"LPF_1_SetCutoffFreq\000"
 521      315F5365 
 521      74437574 
 521      6F666646 
 521      72657100 
 522              	.LASF25:
 523 0190 4C50465F 		.ascii	"LPF_1_Start\000"
 523      315F5374 
 523      61727400 
 524              	.LASF24:
 525 019c 6375746F 		.ascii	"cutoff\000"
 525      666600
 526              	.LASF6:
 527 01a3 6C6F6E67 		.ascii	"long long int\000"
 527      206C6F6E 
 527      6720696E 
 527      7400
 528              	.LASF11:
 529 01b1 63686172 		.ascii	"char\000"
 529      00
 530              	.LASF17:
 531 01b6 4C50465F 		.ascii	"LPF_1_153kHz\000"
 531      315F3135 
 531      336B487A 
 531      00
 532              	.LASF2:
 533 01c3 73686F72 		.ascii	"short int\000"
 533      7420696E 
 533      7400
 534              	.LASF22:
ARM GAS  C:\Users\koseki\AppData\Local\Temp\ccRvuauR.s 			page 12


 535 01cd 4C50465F 		.ascii	"LPF_1_CUTOFF_FREQ\000"
 535      315F4355 
 535      544F4646 
 535      5F465245 
 535      5100
 536              	.LASF12:
 537 01df 75696E74 		.ascii	"uint8\000"
 537      3800
 538              	.LASF20:
 539 01e5 2E5C4765 		.ascii	".\\Generated_Source\\PSoC5\\LPF_1.c\000"
 539      6E657261 
 539      7465645F 
 539      536F7572 
 539      63655C50 
 540              	.LASF4:
 541 0206 6C6F6E67 		.ascii	"long int\000"
 541      20696E74 
 541      00
 542              	.LASF0:
 543 020f 7369676E 		.ascii	"signed char\000"
 543      65642063 
 543      68617200 
 544              		.ident	"GCC: (GNU Tools for ARM Embedded Processors) 4.9.3 20150303 (release) [ARM/embedded-4_9-br
