ARM GAS  C:\Users\koseki\AppData\Local\Temp\ccZ4Ff8h.s 			page 1


   1              		.syntax unified
   2              		.cpu cortex-m3
   3              		.fpu softvfp
   4              		.eabi_attribute 20, 1
   5              		.eabi_attribute 21, 1
   6              		.eabi_attribute 23, 3
   7              		.eabi_attribute 24, 1
   8              		.eabi_attribute 25, 1
   9              		.eabi_attribute 26, 1
  10              		.eabi_attribute 30, 1
  11              		.eabi_attribute 34, 1
  12              		.eabi_attribute 18, 4
  13              		.thumb
  14              		.file	"PrISM_1.c"
  15              		.text
  16              	.Ltext0:
  17              		.cfi_sections	.debug_frame
  18              		.section	.text.PrISM_1_Enable,"ax",%progbits
  19              		.align	2
  20              		.global	PrISM_1_Enable
  21              		.thumb
  22              		.thumb_func
  23              		.type	PrISM_1_Enable, %function
  24              	PrISM_1_Enable:
  25              	.LFB2:
  26              		.file 1 ".\\Generated_Source\\PSoC5\\PrISM_1.c"
   1:.\Generated_Source\PSoC5/PrISM_1.c **** /*******************************************************************************
   2:.\Generated_Source\PSoC5/PrISM_1.c **** * File Name: PrISM_1.c
   3:.\Generated_Source\PSoC5/PrISM_1.c **** * Version 2.20
   4:.\Generated_Source\PSoC5/PrISM_1.c **** *
   5:.\Generated_Source\PSoC5/PrISM_1.c **** * Description:
   6:.\Generated_Source\PSoC5/PrISM_1.c **** *  This file provides the source code of the API for the PrISM Component.
   7:.\Generated_Source\PSoC5/PrISM_1.c **** *
   8:.\Generated_Source\PSoC5/PrISM_1.c **** * Note:
   9:.\Generated_Source\PSoC5/PrISM_1.c **** *  The PRiSM Component consists of a 8, 16, 24, 32 - bit PrISM, it
  10:.\Generated_Source\PSoC5/PrISM_1.c **** *  depends on length Polynomial value and user selected Seed Value. 
  11:.\Generated_Source\PSoC5/PrISM_1.c **** *
  12:.\Generated_Source\PSoC5/PrISM_1.c **** ********************************************************************************
  13:.\Generated_Source\PSoC5/PrISM_1.c **** * Copyright 2008-2012, Cypress Semiconductor Corporation.  All rights reserved.
  14:.\Generated_Source\PSoC5/PrISM_1.c **** * You may use this file only in accordance with the license, terms, conditions, 
  15:.\Generated_Source\PSoC5/PrISM_1.c **** * disclaimers, and limitations in the end user license agreement accompanying 
  16:.\Generated_Source\PSoC5/PrISM_1.c **** * the software package with which this file was provided.
  17:.\Generated_Source\PSoC5/PrISM_1.c **** *******************************************************************************/
  18:.\Generated_Source\PSoC5/PrISM_1.c **** 
  19:.\Generated_Source\PSoC5/PrISM_1.c **** #include "PrISM_1.h"
  20:.\Generated_Source\PSoC5/PrISM_1.c **** 
  21:.\Generated_Source\PSoC5/PrISM_1.c **** 
  22:.\Generated_Source\PSoC5/PrISM_1.c **** /***************************************
  23:.\Generated_Source\PSoC5/PrISM_1.c **** * Local data allocation
  24:.\Generated_Source\PSoC5/PrISM_1.c **** ***************************************/
  25:.\Generated_Source\PSoC5/PrISM_1.c **** 
  26:.\Generated_Source\PSoC5/PrISM_1.c **** uint8 PrISM_1_initVar = 0u;
  27:.\Generated_Source\PSoC5/PrISM_1.c **** 
  28:.\Generated_Source\PSoC5/PrISM_1.c **** 
  29:.\Generated_Source\PSoC5/PrISM_1.c **** /*******************************************************************************
  30:.\Generated_Source\PSoC5/PrISM_1.c **** * FUNCTION NAME:   PrISM_1_Start
  31:.\Generated_Source\PSoC5/PrISM_1.c **** ********************************************************************************
ARM GAS  C:\Users\koseki\AppData\Local\Temp\ccZ4Ff8h.s 			page 2


  32:.\Generated_Source\PSoC5/PrISM_1.c **** *
  33:.\Generated_Source\PSoC5/PrISM_1.c **** * Summary:
  34:.\Generated_Source\PSoC5/PrISM_1.c **** *  The start function sets Polynomial, Seed and Pulse Density registers provided
  35:.\Generated_Source\PSoC5/PrISM_1.c **** *  by customizer. PrISM computation starts on rising edge of input clock.
  36:.\Generated_Source\PSoC5/PrISM_1.c **** *
  37:.\Generated_Source\PSoC5/PrISM_1.c **** * Parameters:  
  38:.\Generated_Source\PSoC5/PrISM_1.c **** *  None.
  39:.\Generated_Source\PSoC5/PrISM_1.c **** *
  40:.\Generated_Source\PSoC5/PrISM_1.c **** * Return:  
  41:.\Generated_Source\PSoC5/PrISM_1.c **** *  None.
  42:.\Generated_Source\PSoC5/PrISM_1.c **** *
  43:.\Generated_Source\PSoC5/PrISM_1.c **** * Global variables:
  44:.\Generated_Source\PSoC5/PrISM_1.c **** *  The PrISM_1_initVar variable is used to indicate initial
  45:.\Generated_Source\PSoC5/PrISM_1.c **** *  configuration of this component.  The variable is initialized to zero and
  46:.\Generated_Source\PSoC5/PrISM_1.c **** *  set to 1 the first time PrISM_1_Start() is called. This allows for
  47:.\Generated_Source\PSoC5/PrISM_1.c **** *  component initialization without re-initialization in all subsequent calls
  48:.\Generated_Source\PSoC5/PrISM_1.c **** *  to the PrISM_1_Start() routine. 
  49:.\Generated_Source\PSoC5/PrISM_1.c **** 
  50:.\Generated_Source\PSoC5/PrISM_1.c **** * Reentrant:
  51:.\Generated_Source\PSoC5/PrISM_1.c **** *  No.
  52:.\Generated_Source\PSoC5/PrISM_1.c **** *
  53:.\Generated_Source\PSoC5/PrISM_1.c **** *******************************************************************************/
  54:.\Generated_Source\PSoC5/PrISM_1.c **** void PrISM_1_Start(void) 
  55:.\Generated_Source\PSoC5/PrISM_1.c **** {
  56:.\Generated_Source\PSoC5/PrISM_1.c ****     /* If not Initialized then initialize all required hardware and software */
  57:.\Generated_Source\PSoC5/PrISM_1.c ****     if(PrISM_1_initVar == 0u)
  58:.\Generated_Source\PSoC5/PrISM_1.c ****     {
  59:.\Generated_Source\PSoC5/PrISM_1.c ****         PrISM_1_Init();
  60:.\Generated_Source\PSoC5/PrISM_1.c ****         PrISM_1_initVar = 1u;
  61:.\Generated_Source\PSoC5/PrISM_1.c ****     }
  62:.\Generated_Source\PSoC5/PrISM_1.c ****     PrISM_1_Enable();
  63:.\Generated_Source\PSoC5/PrISM_1.c **** }
  64:.\Generated_Source\PSoC5/PrISM_1.c **** 
  65:.\Generated_Source\PSoC5/PrISM_1.c **** 
  66:.\Generated_Source\PSoC5/PrISM_1.c **** /*******************************************************************************
  67:.\Generated_Source\PSoC5/PrISM_1.c **** * Function Name: PrISM_1_Init
  68:.\Generated_Source\PSoC5/PrISM_1.c **** ********************************************************************************
  69:.\Generated_Source\PSoC5/PrISM_1.c **** *
  70:.\Generated_Source\PSoC5/PrISM_1.c **** * Summary:
  71:.\Generated_Source\PSoC5/PrISM_1.c **** *  Initialize component's parameters to the parameters set by user in the 
  72:.\Generated_Source\PSoC5/PrISM_1.c **** *  customizer of the component placed onto schematic. Usually called in 
  73:.\Generated_Source\PSoC5/PrISM_1.c **** *  PrISM_1_Start().
  74:.\Generated_Source\PSoC5/PrISM_1.c **** *
  75:.\Generated_Source\PSoC5/PrISM_1.c **** * Parameters:  
  76:.\Generated_Source\PSoC5/PrISM_1.c **** *  None.
  77:.\Generated_Source\PSoC5/PrISM_1.c **** *
  78:.\Generated_Source\PSoC5/PrISM_1.c **** * Return: 
  79:.\Generated_Source\PSoC5/PrISM_1.c **** *  None.
  80:.\Generated_Source\PSoC5/PrISM_1.c **** *
  81:.\Generated_Source\PSoC5/PrISM_1.c **** *******************************************************************************/
  82:.\Generated_Source\PSoC5/PrISM_1.c **** void PrISM_1_Init(void) 
  83:.\Generated_Source\PSoC5/PrISM_1.c **** {
  84:.\Generated_Source\PSoC5/PrISM_1.c ****     uint8 enableInterrupts;
  85:.\Generated_Source\PSoC5/PrISM_1.c ****     
  86:.\Generated_Source\PSoC5/PrISM_1.c ****     /* Writes Seed value, polynom value and density provided by customizer */
  87:.\Generated_Source\PSoC5/PrISM_1.c ****     PrISM_1_WriteSeed(PrISM_1_SEED);
  88:.\Generated_Source\PSoC5/PrISM_1.c ****     PrISM_1_WritePolynomial(PrISM_1_POLYNOM);
ARM GAS  C:\Users\koseki\AppData\Local\Temp\ccZ4Ff8h.s 			page 3


  89:.\Generated_Source\PSoC5/PrISM_1.c ****     PrISM_1_WritePulse0(PrISM_1_DENSITY0);
  90:.\Generated_Source\PSoC5/PrISM_1.c ****     PrISM_1_WritePulse1(PrISM_1_DENSITY1);
  91:.\Generated_Source\PSoC5/PrISM_1.c ****     
  92:.\Generated_Source\PSoC5/PrISM_1.c ****     enableInterrupts = CyEnterCriticalSection();
  93:.\Generated_Source\PSoC5/PrISM_1.c ****     /* Set FIFO0_CLR bit to use FIFO0 as a simple one-byte buffer*/
  94:.\Generated_Source\PSoC5/PrISM_1.c ****     CY_SET_REG8(PrISM_1_AUX_CONTROL_PTR, 
  95:.\Generated_Source\PSoC5/PrISM_1.c ****                         CY_GET_REG8(PrISM_1_AUX_CONTROL_PTR) | PrISM_1_FIFO0_CLR);
  96:.\Generated_Source\PSoC5/PrISM_1.c ****     CyExitCriticalSection(enableInterrupts);
  97:.\Generated_Source\PSoC5/PrISM_1.c ****     
  98:.\Generated_Source\PSoC5/PrISM_1.c ****     #if(!PrISM_1_PULSE_TYPE_HARDCODED)
  99:.\Generated_Source\PSoC5/PrISM_1.c ****         /* Writes density type provided by customizer */
 100:.\Generated_Source\PSoC5/PrISM_1.c ****         #if(PrISM_1_GREATERTHAN_OR_EQUAL == PrISM_1_COMPARE0)
 101:.\Generated_Source\PSoC5/PrISM_1.c ****             PrISM_1_CONTROL_REG |= PrISM_1_CTRL_COMPARE_TYPE0_GREATER_THAN_OR_EQUAL;
 102:.\Generated_Source\PSoC5/PrISM_1.c ****         #else
 103:.\Generated_Source\PSoC5/PrISM_1.c ****             PrISM_1_CONTROL_REG &= (uint8)~PrISM_1_CTRL_COMPARE_TYPE0_GREATER_THAN_OR_EQUAL;
 104:.\Generated_Source\PSoC5/PrISM_1.c ****         #endif /* End PrISM_1_COMPARE0 */    
 105:.\Generated_Source\PSoC5/PrISM_1.c ****     
 106:.\Generated_Source\PSoC5/PrISM_1.c ****         #if(PrISM_1_GREATERTHAN_OR_EQUAL == PrISM_1_COMPARE1)
 107:.\Generated_Source\PSoC5/PrISM_1.c ****             PrISM_1_CONTROL_REG |= PrISM_1_CTRL_COMPARE_TYPE1_GREATER_THAN_OR_EQUAL;
 108:.\Generated_Source\PSoC5/PrISM_1.c ****         #else
 109:.\Generated_Source\PSoC5/PrISM_1.c ****             PrISM_1_CONTROL_REG &= (uint8)~PrISM_1_CTRL_COMPARE_TYPE1_GREATER_THAN_OR_EQUAL;
 110:.\Generated_Source\PSoC5/PrISM_1.c ****         #endif /* End PrISM_1_COMPARE1 */    
 111:.\Generated_Source\PSoC5/PrISM_1.c ****     #endif /* End PrISM_1_PULSE_TYPE_HARDCODED */
 112:.\Generated_Source\PSoC5/PrISM_1.c **** }
 113:.\Generated_Source\PSoC5/PrISM_1.c **** 
 114:.\Generated_Source\PSoC5/PrISM_1.c **** 
 115:.\Generated_Source\PSoC5/PrISM_1.c **** /*******************************************************************************
 116:.\Generated_Source\PSoC5/PrISM_1.c **** * Function Name: PrISM_1_Enable
 117:.\Generated_Source\PSoC5/PrISM_1.c **** ********************************************************************************
 118:.\Generated_Source\PSoC5/PrISM_1.c **** *  
 119:.\Generated_Source\PSoC5/PrISM_1.c **** * Summary: 
 120:.\Generated_Source\PSoC5/PrISM_1.c **** *  Enables the PrISM block operation
 121:.\Generated_Source\PSoC5/PrISM_1.c **** *
 122:.\Generated_Source\PSoC5/PrISM_1.c **** * Parameters:  
 123:.\Generated_Source\PSoC5/PrISM_1.c **** *  None.
 124:.\Generated_Source\PSoC5/PrISM_1.c **** *
 125:.\Generated_Source\PSoC5/PrISM_1.c **** * Return: 
 126:.\Generated_Source\PSoC5/PrISM_1.c **** *  None.
 127:.\Generated_Source\PSoC5/PrISM_1.c **** *
 128:.\Generated_Source\PSoC5/PrISM_1.c **** *******************************************************************************/
 129:.\Generated_Source\PSoC5/PrISM_1.c **** void PrISM_1_Enable(void) 
 130:.\Generated_Source\PSoC5/PrISM_1.c **** {
  27              		.loc 1 130 0
  28              		.cfi_startproc
  29              		@ args = 0, pretend = 0, frame = 0
  30              		@ frame_needed = 0, uses_anonymous_args = 0
  31              		@ link register save eliminated.
 131:.\Generated_Source\PSoC5/PrISM_1.c ****     #if(!PrISM_1_PULSE_TYPE_HARDCODED)
 132:.\Generated_Source\PSoC5/PrISM_1.c ****         /* Enable the PrISM computation */
 133:.\Generated_Source\PSoC5/PrISM_1.c ****         PrISM_1_CONTROL_REG |= PrISM_1_CTRL_ENABLE;
  32              		.loc 1 133 0
  33 0000 024A     		ldr	r2, .L2
  34 0002 1378     		ldrb	r3, [r2]	@ zero_extendqisi2
  35 0004 43F00103 		orr	r3, r3, #1
  36 0008 1370     		strb	r3, [r2]
  37 000a 7047     		bx	lr
  38              	.L3:
ARM GAS  C:\Users\koseki\AppData\Local\Temp\ccZ4Ff8h.s 			page 4


  39              		.align	2
  40              	.L2:
  41 000c 79650040 		.word	1073767801
  42              		.cfi_endproc
  43              	.LFE2:
  44              		.size	PrISM_1_Enable, .-PrISM_1_Enable
  45              		.section	.text.PrISM_1_Stop,"ax",%progbits
  46              		.align	2
  47              		.global	PrISM_1_Stop
  48              		.thumb
  49              		.thumb_func
  50              		.type	PrISM_1_Stop, %function
  51              	PrISM_1_Stop:
  52              	.LFB3:
 134:.\Generated_Source\PSoC5/PrISM_1.c ****     #endif /* End PrISM_1_PULSE_TYPE_HARDCODED */
 135:.\Generated_Source\PSoC5/PrISM_1.c **** }
 136:.\Generated_Source\PSoC5/PrISM_1.c **** 
 137:.\Generated_Source\PSoC5/PrISM_1.c **** 
 138:.\Generated_Source\PSoC5/PrISM_1.c **** /*******************************************************************************
 139:.\Generated_Source\PSoC5/PrISM_1.c **** * FUNCTION NAME:   PrISM_1_Stop
 140:.\Generated_Source\PSoC5/PrISM_1.c **** ********************************************************************************
 141:.\Generated_Source\PSoC5/PrISM_1.c **** *
 142:.\Generated_Source\PSoC5/PrISM_1.c **** * Summary:
 143:.\Generated_Source\PSoC5/PrISM_1.c **** *  Stops PrISM computation. Outputs remain constant.
 144:.\Generated_Source\PSoC5/PrISM_1.c **** *
 145:.\Generated_Source\PSoC5/PrISM_1.c **** * Parameters:  
 146:.\Generated_Source\PSoC5/PrISM_1.c **** *  None.
 147:.\Generated_Source\PSoC5/PrISM_1.c **** *
 148:.\Generated_Source\PSoC5/PrISM_1.c **** * Return: 
 149:.\Generated_Source\PSoC5/PrISM_1.c **** *  None.
 150:.\Generated_Source\PSoC5/PrISM_1.c **** *
 151:.\Generated_Source\PSoC5/PrISM_1.c **** *******************************************************************************/
 152:.\Generated_Source\PSoC5/PrISM_1.c **** void PrISM_1_Stop(void) 
 153:.\Generated_Source\PSoC5/PrISM_1.c **** {
  53              		.loc 1 153 0
  54              		.cfi_startproc
  55              		@ args = 0, pretend = 0, frame = 0
  56              		@ frame_needed = 0, uses_anonymous_args = 0
  57              		@ link register save eliminated.
 154:.\Generated_Source\PSoC5/PrISM_1.c ****     #if(!PrISM_1_PULSE_TYPE_HARDCODED)
 155:.\Generated_Source\PSoC5/PrISM_1.c ****         PrISM_1_CONTROL_REG &= (uint8)~PrISM_1_CTRL_ENABLE;
  58              		.loc 1 155 0
  59 0000 024A     		ldr	r2, .L5
  60 0002 1378     		ldrb	r3, [r2]	@ zero_extendqisi2
  61 0004 03F0FE03 		and	r3, r3, #254
  62 0008 1370     		strb	r3, [r2]
  63 000a 7047     		bx	lr
  64              	.L6:
  65              		.align	2
  66              	.L5:
  67 000c 79650040 		.word	1073767801
  68              		.cfi_endproc
  69              	.LFE3:
  70              		.size	PrISM_1_Stop, .-PrISM_1_Stop
  71              		.section	.text.PrISM_1_SetPulse0Mode,"ax",%progbits
  72              		.align	2
  73              		.global	PrISM_1_SetPulse0Mode
ARM GAS  C:\Users\koseki\AppData\Local\Temp\ccZ4Ff8h.s 			page 5


  74              		.thumb
  75              		.thumb_func
  76              		.type	PrISM_1_SetPulse0Mode, %function
  77              	PrISM_1_SetPulse0Mode:
  78              	.LFB4:
 156:.\Generated_Source\PSoC5/PrISM_1.c ****     #else
 157:.\Generated_Source\PSoC5/PrISM_1.c ****         /* PulseTypeHardoded option enabled - to stop PrISM use enable input */
 158:.\Generated_Source\PSoC5/PrISM_1.c ****     #endif /* End $INSTANCE_NAME`_PULSE_TYPE_HARDCODED */
 159:.\Generated_Source\PSoC5/PrISM_1.c **** }
 160:.\Generated_Source\PSoC5/PrISM_1.c **** 
 161:.\Generated_Source\PSoC5/PrISM_1.c **** #if(!PrISM_1_PULSE_TYPE_HARDCODED)
 162:.\Generated_Source\PSoC5/PrISM_1.c **** 
 163:.\Generated_Source\PSoC5/PrISM_1.c **** 
 164:.\Generated_Source\PSoC5/PrISM_1.c ****     /***************************************************************************
 165:.\Generated_Source\PSoC5/PrISM_1.c ****     * FUNCTION NAME:     PrISM_1_SetPulse0Mode
 166:.\Generated_Source\PSoC5/PrISM_1.c ****     ****************************************************************************
 167:.\Generated_Source\PSoC5/PrISM_1.c ****     *
 168:.\Generated_Source\PSoC5/PrISM_1.c ****     * Summary:
 169:.\Generated_Source\PSoC5/PrISM_1.c ****     *  Sets the pulse density type for Density0. Less than or Equal(<=) or 
 170:.\Generated_Source\PSoC5/PrISM_1.c ****     *  Greater than or Equal(>=).
 171:.\Generated_Source\PSoC5/PrISM_1.c ****     *
 172:.\Generated_Source\PSoC5/PrISM_1.c ****     * Parameters:
 173:.\Generated_Source\PSoC5/PrISM_1.c ****     *  pulse0Type: Selected pulse density type.
 174:.\Generated_Source\PSoC5/PrISM_1.c ****     *
 175:.\Generated_Source\PSoC5/PrISM_1.c ****     * Return:
 176:.\Generated_Source\PSoC5/PrISM_1.c ****     *  None.
 177:.\Generated_Source\PSoC5/PrISM_1.c ****     *
 178:.\Generated_Source\PSoC5/PrISM_1.c ****     ***************************************************************************/
 179:.\Generated_Source\PSoC5/PrISM_1.c ****     void PrISM_1_SetPulse0Mode(uint8 pulse0Type) 
 180:.\Generated_Source\PSoC5/PrISM_1.c ****     {
  79              		.loc 1 180 0
  80              		.cfi_startproc
  81              		@ args = 0, pretend = 0, frame = 0
  82              		@ frame_needed = 0, uses_anonymous_args = 0
  83              		@ link register save eliminated.
  84              	.LVL0:
 181:.\Generated_Source\PSoC5/PrISM_1.c ****         if(pulse0Type == PrISM_1_GREATERTHAN_OR_EQUAL)
  85              		.loc 1 181 0
  86 0000 0128     		cmp	r0, #1
  87 0002 05D1     		bne	.L8
 182:.\Generated_Source\PSoC5/PrISM_1.c ****         {
 183:.\Generated_Source\PSoC5/PrISM_1.c ****             PrISM_1_CONTROL_REG |= PrISM_1_CTRL_COMPARE_TYPE0_GREATER_THAN_OR_EQUAL;
  88              		.loc 1 183 0
  89 0004 054A     		ldr	r2, .L10
  90 0006 1378     		ldrb	r3, [r2]	@ zero_extendqisi2
  91 0008 43F00203 		orr	r3, r3, #2
  92 000c 1370     		strb	r3, [r2]
  93 000e 7047     		bx	lr
  94              	.L8:
 184:.\Generated_Source\PSoC5/PrISM_1.c ****         }
 185:.\Generated_Source\PSoC5/PrISM_1.c ****         else
 186:.\Generated_Source\PSoC5/PrISM_1.c ****         {
 187:.\Generated_Source\PSoC5/PrISM_1.c ****             PrISM_1_CONTROL_REG &= (uint8)~PrISM_1_CTRL_COMPARE_TYPE0_GREATER_THAN_OR_EQUAL;
  95              		.loc 1 187 0
  96 0010 024A     		ldr	r2, .L10
  97 0012 1378     		ldrb	r3, [r2]	@ zero_extendqisi2
  98 0014 03F0FD03 		and	r3, r3, #253
ARM GAS  C:\Users\koseki\AppData\Local\Temp\ccZ4Ff8h.s 			page 6


  99 0018 1370     		strb	r3, [r2]
 100 001a 7047     		bx	lr
 101              	.L11:
 102              		.align	2
 103              	.L10:
 104 001c 79650040 		.word	1073767801
 105              		.cfi_endproc
 106              	.LFE4:
 107              		.size	PrISM_1_SetPulse0Mode, .-PrISM_1_SetPulse0Mode
 108              		.section	.text.PrISM_1_SetPulse1Mode,"ax",%progbits
 109              		.align	2
 110              		.global	PrISM_1_SetPulse1Mode
 111              		.thumb
 112              		.thumb_func
 113              		.type	PrISM_1_SetPulse1Mode, %function
 114              	PrISM_1_SetPulse1Mode:
 115              	.LFB5:
 188:.\Generated_Source\PSoC5/PrISM_1.c ****         }
 189:.\Generated_Source\PSoC5/PrISM_1.c ****     }
 190:.\Generated_Source\PSoC5/PrISM_1.c ****     
 191:.\Generated_Source\PSoC5/PrISM_1.c ****     
 192:.\Generated_Source\PSoC5/PrISM_1.c ****     /***************************************************************************
 193:.\Generated_Source\PSoC5/PrISM_1.c ****     * FUNCTION NAME:   PrISM_1_SetPulse1Mode
 194:.\Generated_Source\PSoC5/PrISM_1.c ****     ****************************************************************************
 195:.\Generated_Source\PSoC5/PrISM_1.c ****     *
 196:.\Generated_Source\PSoC5/PrISM_1.c ****     * Summary:
 197:.\Generated_Source\PSoC5/PrISM_1.c ****     *  Sets the pulse density type for Density1. Less than or Equal(<=) or 
 198:.\Generated_Source\PSoC5/PrISM_1.c ****     *  Greater than or Equal(>=).
 199:.\Generated_Source\PSoC5/PrISM_1.c ****     *
 200:.\Generated_Source\PSoC5/PrISM_1.c ****     * Parameters:  
 201:.\Generated_Source\PSoC5/PrISM_1.c ****     *  pulse1Type: Selected pulse density type.
 202:.\Generated_Source\PSoC5/PrISM_1.c ****     *
 203:.\Generated_Source\PSoC5/PrISM_1.c ****     * Return:
 204:.\Generated_Source\PSoC5/PrISM_1.c ****     *  None.
 205:.\Generated_Source\PSoC5/PrISM_1.c ****     *
 206:.\Generated_Source\PSoC5/PrISM_1.c ****     ***************************************************************************/
 207:.\Generated_Source\PSoC5/PrISM_1.c ****     void PrISM_1_SetPulse1Mode(uint8 pulse1Type) 
 208:.\Generated_Source\PSoC5/PrISM_1.c ****     {
 116              		.loc 1 208 0
 117              		.cfi_startproc
 118              		@ args = 0, pretend = 0, frame = 0
 119              		@ frame_needed = 0, uses_anonymous_args = 0
 120              		@ link register save eliminated.
 121              	.LVL1:
 209:.\Generated_Source\PSoC5/PrISM_1.c ****         if(pulse1Type == PrISM_1_GREATERTHAN_OR_EQUAL)
 122              		.loc 1 209 0
 123 0000 0128     		cmp	r0, #1
 124 0002 05D1     		bne	.L13
 210:.\Generated_Source\PSoC5/PrISM_1.c ****         {
 211:.\Generated_Source\PSoC5/PrISM_1.c ****             PrISM_1_CONTROL_REG |= PrISM_1_CTRL_COMPARE_TYPE1_GREATER_THAN_OR_EQUAL;
 125              		.loc 1 211 0
 126 0004 054A     		ldr	r2, .L15
 127 0006 1378     		ldrb	r3, [r2]	@ zero_extendqisi2
 128 0008 43F00403 		orr	r3, r3, #4
 129 000c 1370     		strb	r3, [r2]
 130 000e 7047     		bx	lr
 131              	.L13:
ARM GAS  C:\Users\koseki\AppData\Local\Temp\ccZ4Ff8h.s 			page 7


 212:.\Generated_Source\PSoC5/PrISM_1.c ****         }
 213:.\Generated_Source\PSoC5/PrISM_1.c ****         else
 214:.\Generated_Source\PSoC5/PrISM_1.c ****         {
 215:.\Generated_Source\PSoC5/PrISM_1.c ****             PrISM_1_CONTROL_REG &= (uint8)~PrISM_1_CTRL_COMPARE_TYPE1_GREATER_THAN_OR_EQUAL;
 132              		.loc 1 215 0
 133 0010 024A     		ldr	r2, .L15
 134 0012 1378     		ldrb	r3, [r2]	@ zero_extendqisi2
 135 0014 03F0FB03 		and	r3, r3, #251
 136 0018 1370     		strb	r3, [r2]
 137 001a 7047     		bx	lr
 138              	.L16:
 139              		.align	2
 140              	.L15:
 141 001c 79650040 		.word	1073767801
 142              		.cfi_endproc
 143              	.LFE5:
 144              		.size	PrISM_1_SetPulse1Mode, .-PrISM_1_SetPulse1Mode
 145              		.section	.text.PrISM_1_ReadSeed,"ax",%progbits
 146              		.align	2
 147              		.global	PrISM_1_ReadSeed
 148              		.thumb
 149              		.thumb_func
 150              		.type	PrISM_1_ReadSeed, %function
 151              	PrISM_1_ReadSeed:
 152              	.LFB6:
 216:.\Generated_Source\PSoC5/PrISM_1.c ****         }
 217:.\Generated_Source\PSoC5/PrISM_1.c ****     }
 218:.\Generated_Source\PSoC5/PrISM_1.c **** 
 219:.\Generated_Source\PSoC5/PrISM_1.c **** #endif /* End PrISM_1_PULSE_TYPE_HARDCODED == 0 */
 220:.\Generated_Source\PSoC5/PrISM_1.c **** 
 221:.\Generated_Source\PSoC5/PrISM_1.c **** 
 222:.\Generated_Source\PSoC5/PrISM_1.c **** /*******************************************************************************
 223:.\Generated_Source\PSoC5/PrISM_1.c **** * FUNCTION NAME:   PrISM_1_ReadSeed
 224:.\Generated_Source\PSoC5/PrISM_1.c **** ********************************************************************************
 225:.\Generated_Source\PSoC5/PrISM_1.c **** *
 226:.\Generated_Source\PSoC5/PrISM_1.c **** * Summary:
 227:.\Generated_Source\PSoC5/PrISM_1.c **** *  Reads the PrISM Seed register.
 228:.\Generated_Source\PSoC5/PrISM_1.c **** *
 229:.\Generated_Source\PSoC5/PrISM_1.c **** * Parameters:
 230:.\Generated_Source\PSoC5/PrISM_1.c **** *  None.
 231:.\Generated_Source\PSoC5/PrISM_1.c **** *
 232:.\Generated_Source\PSoC5/PrISM_1.c **** * Return:
 233:.\Generated_Source\PSoC5/PrISM_1.c **** *  Current Period register value.
 234:.\Generated_Source\PSoC5/PrISM_1.c **** *
 235:.\Generated_Source\PSoC5/PrISM_1.c **** *******************************************************************************/
 236:.\Generated_Source\PSoC5/PrISM_1.c **** uint8 PrISM_1_ReadSeed(void) 
 237:.\Generated_Source\PSoC5/PrISM_1.c **** {
 153              		.loc 1 237 0
 154              		.cfi_startproc
 155              		@ args = 0, pretend = 0, frame = 0
 156              		@ frame_needed = 0, uses_anonymous_args = 0
 157              		@ link register save eliminated.
 238:.\Generated_Source\PSoC5/PrISM_1.c ****     return( CY_GET_REG8(PrISM_1_SEED_PTR) );
 158              		.loc 1 238 0
 159 0000 014B     		ldr	r3, .L18
 160 0002 1878     		ldrb	r0, [r3]	@ zero_extendqisi2
 239:.\Generated_Source\PSoC5/PrISM_1.c **** }
ARM GAS  C:\Users\koseki\AppData\Local\Temp\ccZ4Ff8h.s 			page 8


 161              		.loc 1 239 0
 162 0004 7047     		bx	lr
 163              	.L19:
 164 0006 00BF     		.align	2
 165              	.L18:
 166 0008 09650040 		.word	1073767689
 167              		.cfi_endproc
 168              	.LFE6:
 169              		.size	PrISM_1_ReadSeed, .-PrISM_1_ReadSeed
 170              		.section	.text.PrISM_1_WriteSeed,"ax",%progbits
 171              		.align	2
 172              		.global	PrISM_1_WriteSeed
 173              		.thumb
 174              		.thumb_func
 175              		.type	PrISM_1_WriteSeed, %function
 176              	PrISM_1_WriteSeed:
 177              	.LFB7:
 240:.\Generated_Source\PSoC5/PrISM_1.c **** 
 241:.\Generated_Source\PSoC5/PrISM_1.c **** 
 242:.\Generated_Source\PSoC5/PrISM_1.c **** /*******************************************************************************
 243:.\Generated_Source\PSoC5/PrISM_1.c **** * FUNCTION NAME:   PrISM_1_WriteSeed
 244:.\Generated_Source\PSoC5/PrISM_1.c **** ********************************************************************************
 245:.\Generated_Source\PSoC5/PrISM_1.c **** *
 246:.\Generated_Source\PSoC5/PrISM_1.c **** * Summary:
 247:.\Generated_Source\PSoC5/PrISM_1.c **** *  Writes the PrISM Seed register with the start value.
 248:.\Generated_Source\PSoC5/PrISM_1.c **** *
 249:.\Generated_Source\PSoC5/PrISM_1.c **** * Parameters:
 250:.\Generated_Source\PSoC5/PrISM_1.c **** *  seed: Seed register value.
 251:.\Generated_Source\PSoC5/PrISM_1.c **** *
 252:.\Generated_Source\PSoC5/PrISM_1.c **** * Return:
 253:.\Generated_Source\PSoC5/PrISM_1.c **** *  None.
 254:.\Generated_Source\PSoC5/PrISM_1.c **** *
 255:.\Generated_Source\PSoC5/PrISM_1.c **** *******************************************************************************/
 256:.\Generated_Source\PSoC5/PrISM_1.c **** void PrISM_1_WriteSeed(uint8 seed) 
 257:.\Generated_Source\PSoC5/PrISM_1.c **** {
 178              		.loc 1 257 0
 179              		.cfi_startproc
 180              		@ args = 0, pretend = 0, frame = 0
 181              		@ frame_needed = 0, uses_anonymous_args = 0
 182              		@ link register save eliminated.
 183              	.LVL2:
 258:.\Generated_Source\PSoC5/PrISM_1.c ****     if(seed != 0u)
 184              		.loc 1 258 0
 185 0000 18B1     		cbz	r0, .L20
 259:.\Generated_Source\PSoC5/PrISM_1.c ****     {
 260:.\Generated_Source\PSoC5/PrISM_1.c ****         CY_SET_REG8(PrISM_1_SEED_COPY_PTR, seed);
 186              		.loc 1 260 0
 187 0002 024A     		ldr	r2, .L22
 188 0004 1070     		strb	r0, [r2]
 261:.\Generated_Source\PSoC5/PrISM_1.c ****         CY_SET_REG8(PrISM_1_SEED_PTR, seed);
 189              		.loc 1 261 0
 190 0006 403A     		subs	r2, r2, #64
 191 0008 1070     		strb	r0, [r2]
 192              	.L20:
 193 000a 7047     		bx	lr
 194              	.L23:
 195              		.align	2
ARM GAS  C:\Users\koseki\AppData\Local\Temp\ccZ4Ff8h.s 			page 9


 196              	.L22:
 197 000c 49650040 		.word	1073767753
 198              		.cfi_endproc
 199              	.LFE7:
 200              		.size	PrISM_1_WriteSeed, .-PrISM_1_WriteSeed
 201              		.section	.text.PrISM_1_ReadPolynomial,"ax",%progbits
 202              		.align	2
 203              		.global	PrISM_1_ReadPolynomial
 204              		.thumb
 205              		.thumb_func
 206              		.type	PrISM_1_ReadPolynomial, %function
 207              	PrISM_1_ReadPolynomial:
 208              	.LFB8:
 262:.\Generated_Source\PSoC5/PrISM_1.c ****     }
 263:.\Generated_Source\PSoC5/PrISM_1.c **** }
 264:.\Generated_Source\PSoC5/PrISM_1.c **** 
 265:.\Generated_Source\PSoC5/PrISM_1.c **** 
 266:.\Generated_Source\PSoC5/PrISM_1.c **** /*******************************************************************************
 267:.\Generated_Source\PSoC5/PrISM_1.c **** * FUNCTION NAME:   PrISM_1_ReadPolynomial
 268:.\Generated_Source\PSoC5/PrISM_1.c **** ********************************************************************************
 269:.\Generated_Source\PSoC5/PrISM_1.c **** *
 270:.\Generated_Source\PSoC5/PrISM_1.c **** * Summary:
 271:.\Generated_Source\PSoC5/PrISM_1.c **** *  Reads the PrISM polynomial.
 272:.\Generated_Source\PSoC5/PrISM_1.c **** *
 273:.\Generated_Source\PSoC5/PrISM_1.c **** * Parameters:
 274:.\Generated_Source\PSoC5/PrISM_1.c **** *  None.
 275:.\Generated_Source\PSoC5/PrISM_1.c **** *
 276:.\Generated_Source\PSoC5/PrISM_1.c **** * Return:
 277:.\Generated_Source\PSoC5/PrISM_1.c **** *  PrISM polynomial.
 278:.\Generated_Source\PSoC5/PrISM_1.c **** *
 279:.\Generated_Source\PSoC5/PrISM_1.c **** *******************************************************************************/
 280:.\Generated_Source\PSoC5/PrISM_1.c **** uint8 PrISM_1_ReadPolynomial(void) 
 281:.\Generated_Source\PSoC5/PrISM_1.c **** {
 209              		.loc 1 281 0
 210              		.cfi_startproc
 211              		@ args = 0, pretend = 0, frame = 0
 212              		@ frame_needed = 0, uses_anonymous_args = 0
 213              		@ link register save eliminated.
 282:.\Generated_Source\PSoC5/PrISM_1.c ****     return( CY_GET_REG8(PrISM_1_POLYNOM_PTR) );
 214              		.loc 1 282 0
 215 0000 014B     		ldr	r3, .L25
 216 0002 1878     		ldrb	r0, [r3]	@ zero_extendqisi2
 283:.\Generated_Source\PSoC5/PrISM_1.c **** }
 217              		.loc 1 283 0
 218 0004 7047     		bx	lr
 219              	.L26:
 220 0006 00BF     		.align	2
 221              	.L25:
 222 0008 19650040 		.word	1073767705
 223              		.cfi_endproc
 224              	.LFE8:
 225              		.size	PrISM_1_ReadPolynomial, .-PrISM_1_ReadPolynomial
 226              		.section	.text.PrISM_1_WritePolynomial,"ax",%progbits
 227              		.align	2
 228              		.global	PrISM_1_WritePolynomial
 229              		.thumb
 230              		.thumb_func
ARM GAS  C:\Users\koseki\AppData\Local\Temp\ccZ4Ff8h.s 			page 10


 231              		.type	PrISM_1_WritePolynomial, %function
 232              	PrISM_1_WritePolynomial:
 233              	.LFB9:
 284:.\Generated_Source\PSoC5/PrISM_1.c **** 
 285:.\Generated_Source\PSoC5/PrISM_1.c **** 
 286:.\Generated_Source\PSoC5/PrISM_1.c **** /*******************************************************************************
 287:.\Generated_Source\PSoC5/PrISM_1.c **** * FUNCTION NAME:   PrISM_1_WritePolynomial
 288:.\Generated_Source\PSoC5/PrISM_1.c **** ********************************************************************************
 289:.\Generated_Source\PSoC5/PrISM_1.c **** *
 290:.\Generated_Source\PSoC5/PrISM_1.c **** * Summary:
 291:.\Generated_Source\PSoC5/PrISM_1.c **** *  Writes the PrISM polynomial.
 292:.\Generated_Source\PSoC5/PrISM_1.c **** *
 293:.\Generated_Source\PSoC5/PrISM_1.c **** * Parameters:
 294:.\Generated_Source\PSoC5/PrISM_1.c **** *  polynomial: PrISM polynomial.
 295:.\Generated_Source\PSoC5/PrISM_1.c **** *
 296:.\Generated_Source\PSoC5/PrISM_1.c **** * Return:
 297:.\Generated_Source\PSoC5/PrISM_1.c **** *  None.
 298:.\Generated_Source\PSoC5/PrISM_1.c **** *
 299:.\Generated_Source\PSoC5/PrISM_1.c **** *******************************************************************************/
 300:.\Generated_Source\PSoC5/PrISM_1.c **** void PrISM_1_WritePolynomial(uint8 polynomial) \
 301:.\Generated_Source\PSoC5/PrISM_1.c ****                                                                 
 302:.\Generated_Source\PSoC5/PrISM_1.c **** {
 234              		.loc 1 302 0
 235              		.cfi_startproc
 236              		@ args = 0, pretend = 0, frame = 0
 237              		@ frame_needed = 0, uses_anonymous_args = 0
 238              		@ link register save eliminated.
 239              	.LVL3:
 303:.\Generated_Source\PSoC5/PrISM_1.c ****     CY_SET_REG8(PrISM_1_POLYNOM_PTR, polynomial);
 240              		.loc 1 303 0
 241 0000 014B     		ldr	r3, .L28
 242 0002 1870     		strb	r0, [r3]
 243 0004 7047     		bx	lr
 244              	.L29:
 245 0006 00BF     		.align	2
 246              	.L28:
 247 0008 19650040 		.word	1073767705
 248              		.cfi_endproc
 249              	.LFE9:
 250              		.size	PrISM_1_WritePolynomial, .-PrISM_1_WritePolynomial
 251              		.section	.text.PrISM_1_ReadPulse0,"ax",%progbits
 252              		.align	2
 253              		.global	PrISM_1_ReadPulse0
 254              		.thumb
 255              		.thumb_func
 256              		.type	PrISM_1_ReadPulse0, %function
 257              	PrISM_1_ReadPulse0:
 258              	.LFB10:
 304:.\Generated_Source\PSoC5/PrISM_1.c ****     
 305:.\Generated_Source\PSoC5/PrISM_1.c **** }
 306:.\Generated_Source\PSoC5/PrISM_1.c **** 
 307:.\Generated_Source\PSoC5/PrISM_1.c **** 
 308:.\Generated_Source\PSoC5/PrISM_1.c **** /*******************************************************************************
 309:.\Generated_Source\PSoC5/PrISM_1.c **** * FUNCTION NAME:   PrISM_1_ReadPulse0
 310:.\Generated_Source\PSoC5/PrISM_1.c **** ********************************************************************************
 311:.\Generated_Source\PSoC5/PrISM_1.c **** *
 312:.\Generated_Source\PSoC5/PrISM_1.c **** * Summary:
ARM GAS  C:\Users\koseki\AppData\Local\Temp\ccZ4Ff8h.s 			page 11


 313:.\Generated_Source\PSoC5/PrISM_1.c **** *  Reads the PrISM Pulse Density0 register.
 314:.\Generated_Source\PSoC5/PrISM_1.c **** *
 315:.\Generated_Source\PSoC5/PrISM_1.c **** * Parameters:
 316:.\Generated_Source\PSoC5/PrISM_1.c **** *  None.
 317:.\Generated_Source\PSoC5/PrISM_1.c **** *
 318:.\Generated_Source\PSoC5/PrISM_1.c **** * Return:
 319:.\Generated_Source\PSoC5/PrISM_1.c **** *  Pulse Density0 register value.
 320:.\Generated_Source\PSoC5/PrISM_1.c **** *
 321:.\Generated_Source\PSoC5/PrISM_1.c **** *******************************************************************************/
 322:.\Generated_Source\PSoC5/PrISM_1.c **** uint8 PrISM_1_ReadPulse0(void) 
 323:.\Generated_Source\PSoC5/PrISM_1.c **** {
 259              		.loc 1 323 0
 260              		.cfi_startproc
 261              		@ args = 0, pretend = 0, frame = 0
 262              		@ frame_needed = 0, uses_anonymous_args = 0
 263              		@ link register save eliminated.
 324:.\Generated_Source\PSoC5/PrISM_1.c ****     return( CY_GET_REG8(PrISM_1_DENSITY0_PTR) );
 264              		.loc 1 324 0
 265 0000 014B     		ldr	r3, .L31
 266 0002 1878     		ldrb	r0, [r3]	@ zero_extendqisi2
 325:.\Generated_Source\PSoC5/PrISM_1.c **** }
 267              		.loc 1 325 0
 268 0004 7047     		bx	lr
 269              	.L32:
 270 0006 00BF     		.align	2
 271              	.L31:
 272 0008 29650040 		.word	1073767721
 273              		.cfi_endproc
 274              	.LFE10:
 275              		.size	PrISM_1_ReadPulse0, .-PrISM_1_ReadPulse0
 276              		.section	.text.PrISM_1_WritePulse0,"ax",%progbits
 277              		.align	2
 278              		.global	PrISM_1_WritePulse0
 279              		.thumb
 280              		.thumb_func
 281              		.type	PrISM_1_WritePulse0, %function
 282              	PrISM_1_WritePulse0:
 283              	.LFB11:
 326:.\Generated_Source\PSoC5/PrISM_1.c **** 
 327:.\Generated_Source\PSoC5/PrISM_1.c **** 
 328:.\Generated_Source\PSoC5/PrISM_1.c **** /*******************************************************************************
 329:.\Generated_Source\PSoC5/PrISM_1.c **** * FUNCTION NAME:   PrISM_1_WritePulse0
 330:.\Generated_Source\PSoC5/PrISM_1.c **** ********************************************************************************
 331:.\Generated_Source\PSoC5/PrISM_1.c **** *
 332:.\Generated_Source\PSoC5/PrISM_1.c **** * Summary:
 333:.\Generated_Source\PSoC5/PrISM_1.c **** *  Writes the PrISM Pulse Density0 register with the Pulse Density value.
 334:.\Generated_Source\PSoC5/PrISM_1.c **** *
 335:.\Generated_Source\PSoC5/PrISM_1.c **** * Parameters:
 336:.\Generated_Source\PSoC5/PrISM_1.c **** *  pulseDensity0: Pulse Density value.
 337:.\Generated_Source\PSoC5/PrISM_1.c **** *
 338:.\Generated_Source\PSoC5/PrISM_1.c **** * Return:
 339:.\Generated_Source\PSoC5/PrISM_1.c **** *  None.
 340:.\Generated_Source\PSoC5/PrISM_1.c **** *
 341:.\Generated_Source\PSoC5/PrISM_1.c **** *******************************************************************************/
 342:.\Generated_Source\PSoC5/PrISM_1.c **** void PrISM_1_WritePulse0(uint8 pulseDensity0) \
 343:.\Generated_Source\PSoC5/PrISM_1.c ****                                                                 
 344:.\Generated_Source\PSoC5/PrISM_1.c **** {
ARM GAS  C:\Users\koseki\AppData\Local\Temp\ccZ4Ff8h.s 			page 12


 284              		.loc 1 344 0
 285              		.cfi_startproc
 286              		@ args = 0, pretend = 0, frame = 0
 287              		@ frame_needed = 0, uses_anonymous_args = 0
 288              		@ link register save eliminated.
 289              	.LVL4:
 345:.\Generated_Source\PSoC5/PrISM_1.c ****     CY_SET_REG8(PrISM_1_DENSITY0_PTR, pulseDensity0);
 290              		.loc 1 345 0
 291 0000 014B     		ldr	r3, .L34
 292 0002 1870     		strb	r0, [r3]
 293 0004 7047     		bx	lr
 294              	.L35:
 295 0006 00BF     		.align	2
 296              	.L34:
 297 0008 29650040 		.word	1073767721
 298              		.cfi_endproc
 299              	.LFE11:
 300              		.size	PrISM_1_WritePulse0, .-PrISM_1_WritePulse0
 301              		.section	.text.PrISM_1_ReadPulse1,"ax",%progbits
 302              		.align	2
 303              		.global	PrISM_1_ReadPulse1
 304              		.thumb
 305              		.thumb_func
 306              		.type	PrISM_1_ReadPulse1, %function
 307              	PrISM_1_ReadPulse1:
 308              	.LFB12:
 346:.\Generated_Source\PSoC5/PrISM_1.c **** }
 347:.\Generated_Source\PSoC5/PrISM_1.c **** 
 348:.\Generated_Source\PSoC5/PrISM_1.c **** 
 349:.\Generated_Source\PSoC5/PrISM_1.c **** /*******************************************************************************
 350:.\Generated_Source\PSoC5/PrISM_1.c **** * FUNCTION NAME:   PrISM_1_ReadPulse1
 351:.\Generated_Source\PSoC5/PrISM_1.c **** ********************************************************************************
 352:.\Generated_Source\PSoC5/PrISM_1.c **** *
 353:.\Generated_Source\PSoC5/PrISM_1.c **** * Summary:
 354:.\Generated_Source\PSoC5/PrISM_1.c **** *  Reads the PrISM Pulse Density1 register.
 355:.\Generated_Source\PSoC5/PrISM_1.c **** *
 356:.\Generated_Source\PSoC5/PrISM_1.c **** * Parameters:
 357:.\Generated_Source\PSoC5/PrISM_1.c **** *  None.
 358:.\Generated_Source\PSoC5/PrISM_1.c **** *
 359:.\Generated_Source\PSoC5/PrISM_1.c **** * Return:
 360:.\Generated_Source\PSoC5/PrISM_1.c **** *  Pulse Density1 register value.
 361:.\Generated_Source\PSoC5/PrISM_1.c **** *
 362:.\Generated_Source\PSoC5/PrISM_1.c **** *******************************************************************************/
 363:.\Generated_Source\PSoC5/PrISM_1.c **** uint8 PrISM_1_ReadPulse1(void) 
 364:.\Generated_Source\PSoC5/PrISM_1.c **** {
 309              		.loc 1 364 0
 310              		.cfi_startproc
 311              		@ args = 0, pretend = 0, frame = 0
 312              		@ frame_needed = 0, uses_anonymous_args = 0
 313              		@ link register save eliminated.
 365:.\Generated_Source\PSoC5/PrISM_1.c ****     return( CY_GET_REG8(PrISM_1_DENSITY1_PTR) );
 314              		.loc 1 365 0
 315 0000 014B     		ldr	r3, .L37
 316 0002 1878     		ldrb	r0, [r3]	@ zero_extendqisi2
 366:.\Generated_Source\PSoC5/PrISM_1.c **** }
 317              		.loc 1 366 0
 318 0004 7047     		bx	lr
ARM GAS  C:\Users\koseki\AppData\Local\Temp\ccZ4Ff8h.s 			page 13


 319              	.L38:
 320 0006 00BF     		.align	2
 321              	.L37:
 322 0008 39650040 		.word	1073767737
 323              		.cfi_endproc
 324              	.LFE12:
 325              		.size	PrISM_1_ReadPulse1, .-PrISM_1_ReadPulse1
 326              		.section	.text.PrISM_1_WritePulse1,"ax",%progbits
 327              		.align	2
 328              		.global	PrISM_1_WritePulse1
 329              		.thumb
 330              		.thumb_func
 331              		.type	PrISM_1_WritePulse1, %function
 332              	PrISM_1_WritePulse1:
 333              	.LFB13:
 367:.\Generated_Source\PSoC5/PrISM_1.c **** 
 368:.\Generated_Source\PSoC5/PrISM_1.c **** 
 369:.\Generated_Source\PSoC5/PrISM_1.c **** /*******************************************************************************
 370:.\Generated_Source\PSoC5/PrISM_1.c **** * FUNCTION NAME:   PrISM_1_WritePulse1
 371:.\Generated_Source\PSoC5/PrISM_1.c **** ********************************************************************************
 372:.\Generated_Source\PSoC5/PrISM_1.c **** *
 373:.\Generated_Source\PSoC5/PrISM_1.c **** * Summary:
 374:.\Generated_Source\PSoC5/PrISM_1.c **** *  Writes the PrISM Pulse Density1 register with the Pulse Density value.
 375:.\Generated_Source\PSoC5/PrISM_1.c **** *
 376:.\Generated_Source\PSoC5/PrISM_1.c **** * Parameters:
 377:.\Generated_Source\PSoC5/PrISM_1.c **** *  pulseDensity1: Pulse Density value.
 378:.\Generated_Source\PSoC5/PrISM_1.c **** *
 379:.\Generated_Source\PSoC5/PrISM_1.c **** * Return:
 380:.\Generated_Source\PSoC5/PrISM_1.c **** *  None.
 381:.\Generated_Source\PSoC5/PrISM_1.c **** *
 382:.\Generated_Source\PSoC5/PrISM_1.c **** *******************************************************************************/
 383:.\Generated_Source\PSoC5/PrISM_1.c **** void PrISM_1_WritePulse1(uint8 pulseDensity1) \
 384:.\Generated_Source\PSoC5/PrISM_1.c ****                                                                     
 385:.\Generated_Source\PSoC5/PrISM_1.c **** {
 334              		.loc 1 385 0
 335              		.cfi_startproc
 336              		@ args = 0, pretend = 0, frame = 0
 337              		@ frame_needed = 0, uses_anonymous_args = 0
 338              		@ link register save eliminated.
 339              	.LVL5:
 386:.\Generated_Source\PSoC5/PrISM_1.c ****     CY_SET_REG8(PrISM_1_DENSITY1_PTR, pulseDensity1);
 340              		.loc 1 386 0
 341 0000 014B     		ldr	r3, .L40
 342 0002 1870     		strb	r0, [r3]
 343 0004 7047     		bx	lr
 344              	.L41:
 345 0006 00BF     		.align	2
 346              	.L40:
 347 0008 39650040 		.word	1073767737
 348              		.cfi_endproc
 349              	.LFE13:
 350              		.size	PrISM_1_WritePulse1, .-PrISM_1_WritePulse1
 351              		.section	.text.PrISM_1_Init,"ax",%progbits
 352              		.align	2
 353              		.global	PrISM_1_Init
 354              		.thumb
 355              		.thumb_func
ARM GAS  C:\Users\koseki\AppData\Local\Temp\ccZ4Ff8h.s 			page 14


 356              		.type	PrISM_1_Init, %function
 357              	PrISM_1_Init:
 358              	.LFB1:
  83:.\Generated_Source\PSoC5/PrISM_1.c ****     uint8 enableInterrupts;
 359              		.loc 1 83 0
 360              		.cfi_startproc
 361              		@ args = 0, pretend = 0, frame = 0
 362              		@ frame_needed = 0, uses_anonymous_args = 0
 363 0000 08B5     		push	{r3, lr}
 364              		.cfi_def_cfa_offset 8
 365              		.cfi_offset 3, -8
 366              		.cfi_offset 14, -4
  87:.\Generated_Source\PSoC5/PrISM_1.c ****     PrISM_1_WritePolynomial(PrISM_1_POLYNOM);
 367              		.loc 1 87 0
 368 0002 FF20     		movs	r0, #255
 369 0004 FFF7FEFF 		bl	PrISM_1_WriteSeed
 370              	.LVL6:
  88:.\Generated_Source\PSoC5/PrISM_1.c ****     PrISM_1_WritePulse0(PrISM_1_DENSITY0);
 371              		.loc 1 88 0
 372 0008 B820     		movs	r0, #184
 373 000a FFF7FEFF 		bl	PrISM_1_WritePolynomial
 374              	.LVL7:
  89:.\Generated_Source\PSoC5/PrISM_1.c ****     PrISM_1_WritePulse1(PrISM_1_DENSITY1);
 375              		.loc 1 89 0
 376 000e 0120     		movs	r0, #1
 377 0010 FFF7FEFF 		bl	PrISM_1_WritePulse0
 378              	.LVL8:
  90:.\Generated_Source\PSoC5/PrISM_1.c ****     
 379              		.loc 1 90 0
 380 0014 0120     		movs	r0, #1
 381 0016 FFF7FEFF 		bl	PrISM_1_WritePulse1
 382              	.LVL9:
  92:.\Generated_Source\PSoC5/PrISM_1.c ****     /* Set FIFO0_CLR bit to use FIFO0 as a simple one-byte buffer*/
 383              		.loc 1 92 0
 384 001a FFF7FEFF 		bl	CyEnterCriticalSection
 385              	.LVL10:
  94:.\Generated_Source\PSoC5/PrISM_1.c ****                         CY_GET_REG8(PrISM_1_AUX_CONTROL_PTR) | PrISM_1_FIFO0_CLR);
 386              		.loc 1 94 0
 387 001e 084A     		ldr	r2, .L44
 388 0020 1378     		ldrb	r3, [r2]	@ zero_extendqisi2
 389 0022 43F00103 		orr	r3, r3, #1
 390 0026 1370     		strb	r3, [r2]
  96:.\Generated_Source\PSoC5/PrISM_1.c ****     
 391              		.loc 1 96 0
 392 0028 FFF7FEFF 		bl	CyExitCriticalSection
 393              	.LVL11:
 103:.\Generated_Source\PSoC5/PrISM_1.c ****         #endif /* End PrISM_1_COMPARE0 */    
 394              		.loc 1 103 0
 395 002c 054B     		ldr	r3, .L44+4
 396 002e 1A78     		ldrb	r2, [r3]	@ zero_extendqisi2
 397 0030 02F0FD02 		and	r2, r2, #253
 398 0034 1A70     		strb	r2, [r3]
 109:.\Generated_Source\PSoC5/PrISM_1.c ****         #endif /* End PrISM_1_COMPARE1 */    
 399              		.loc 1 109 0
 400 0036 1A78     		ldrb	r2, [r3]	@ zero_extendqisi2
 401 0038 02F0FB02 		and	r2, r2, #251
 402 003c 1A70     		strb	r2, [r3]
ARM GAS  C:\Users\koseki\AppData\Local\Temp\ccZ4Ff8h.s 			page 15


 403 003e 08BD     		pop	{r3, pc}
 404              	.L45:
 405              		.align	2
 406              	.L44:
 407 0040 99650040 		.word	1073767833
 408 0044 79650040 		.word	1073767801
 409              		.cfi_endproc
 410              	.LFE1:
 411              		.size	PrISM_1_Init, .-PrISM_1_Init
 412              		.section	.text.PrISM_1_Start,"ax",%progbits
 413              		.align	2
 414              		.global	PrISM_1_Start
 415              		.thumb
 416              		.thumb_func
 417              		.type	PrISM_1_Start, %function
 418              	PrISM_1_Start:
 419              	.LFB0:
  55:.\Generated_Source\PSoC5/PrISM_1.c ****     /* If not Initialized then initialize all required hardware and software */
 420              		.loc 1 55 0
 421              		.cfi_startproc
 422              		@ args = 0, pretend = 0, frame = 0
 423              		@ frame_needed = 0, uses_anonymous_args = 0
 424 0000 08B5     		push	{r3, lr}
 425              		.cfi_def_cfa_offset 8
 426              		.cfi_offset 3, -8
 427              		.cfi_offset 14, -4
  57:.\Generated_Source\PSoC5/PrISM_1.c ****     {
 428              		.loc 1 57 0
 429 0002 054B     		ldr	r3, .L49
 430 0004 1B78     		ldrb	r3, [r3]	@ zero_extendqisi2
 431 0006 23B9     		cbnz	r3, .L47
  59:.\Generated_Source\PSoC5/PrISM_1.c ****         PrISM_1_initVar = 1u;
 432              		.loc 1 59 0
 433 0008 FFF7FEFF 		bl	PrISM_1_Init
 434              	.LVL12:
  60:.\Generated_Source\PSoC5/PrISM_1.c ****     }
 435              		.loc 1 60 0
 436 000c 0122     		movs	r2, #1
 437 000e 024B     		ldr	r3, .L49
 438 0010 1A70     		strb	r2, [r3]
 439              	.L47:
  62:.\Generated_Source\PSoC5/PrISM_1.c **** }
 440              		.loc 1 62 0
 441 0012 FFF7FEFF 		bl	PrISM_1_Enable
 442              	.LVL13:
 443 0016 08BD     		pop	{r3, pc}
 444              	.L50:
 445              		.align	2
 446              	.L49:
 447 0018 00000000 		.word	.LANCHOR0
 448              		.cfi_endproc
 449              	.LFE0:
 450              		.size	PrISM_1_Start, .-PrISM_1_Start
 451              		.global	PrISM_1_initVar
 452              		.bss
 453              		.set	.LANCHOR0,. + 0
 454              		.type	PrISM_1_initVar, %object
ARM GAS  C:\Users\koseki\AppData\Local\Temp\ccZ4Ff8h.s 			page 16


 455              		.size	PrISM_1_initVar, 1
 456              	PrISM_1_initVar:
 457 0000 00       		.space	1
 458              		.text
 459              	.Letext0:
 460              		.file 2 ".\\Generated_Source\\PSoC5\\cytypes.h"
 461              		.file 3 ".\\Generated_Source\\PSoC5\\CyLib.h"
 462              		.section	.debug_info,"",%progbits
 463              	.Ldebug_info0:
 464 0000 CA020000 		.4byte	0x2ca
 465 0004 0400     		.2byte	0x4
 466 0006 00000000 		.4byte	.Ldebug_abbrev0
 467 000a 04       		.byte	0x4
 468 000b 01       		.uleb128 0x1
 469 000c 5F010000 		.4byte	.LASF35
 470 0010 01       		.byte	0x1
 471 0011 FC000000 		.4byte	.LASF36
 472 0015 69020000 		.4byte	.LASF37
 473 0019 00000000 		.4byte	.Ldebug_ranges0+0
 474 001d 00000000 		.4byte	0
 475 0021 00000000 		.4byte	.Ldebug_line0
 476 0025 02       		.uleb128 0x2
 477 0026 04       		.byte	0x4
 478 0027 05       		.byte	0x5
 479 0028 696E7400 		.ascii	"int\000"
 480 002c 03       		.uleb128 0x3
 481 002d 04       		.byte	0x4
 482 002e 07       		.byte	0x7
 483 002f 40000000 		.4byte	.LASF0
 484 0033 03       		.uleb128 0x3
 485 0034 01       		.byte	0x1
 486 0035 06       		.byte	0x6
 487 0036 04030000 		.4byte	.LASF1
 488 003a 03       		.uleb128 0x3
 489 003b 01       		.byte	0x1
 490 003c 08       		.byte	0x8
 491 003d AE000000 		.4byte	.LASF2
 492 0041 03       		.uleb128 0x3
 493 0042 02       		.byte	0x2
 494 0043 05       		.byte	0x5
 495 0044 E1020000 		.4byte	.LASF3
 496 0048 03       		.uleb128 0x3
 497 0049 02       		.byte	0x2
 498 004a 07       		.byte	0x7
 499 004b 2D000000 		.4byte	.LASF4
 500 004f 03       		.uleb128 0x3
 501 0050 04       		.byte	0x4
 502 0051 05       		.byte	0x5
 503 0052 F6020000 		.4byte	.LASF5
 504 0056 03       		.uleb128 0x3
 505 0057 04       		.byte	0x4
 506 0058 07       		.byte	0x7
 507 0059 C1000000 		.4byte	.LASF6
 508 005d 03       		.uleb128 0x3
 509 005e 08       		.byte	0x8
 510 005f 05       		.byte	0x5
 511 0060 5B020000 		.4byte	.LASF7
ARM GAS  C:\Users\koseki\AppData\Local\Temp\ccZ4Ff8h.s 			page 17


 512 0064 03       		.uleb128 0x3
 513 0065 08       		.byte	0x8
 514 0066 07       		.byte	0x7
 515 0067 97000000 		.4byte	.LASF8
 516 006b 03       		.uleb128 0x3
 517 006c 04       		.byte	0x4
 518 006d 07       		.byte	0x7
 519 006e 52020000 		.4byte	.LASF9
 520 0072 03       		.uleb128 0x3
 521 0073 01       		.byte	0x1
 522 0074 08       		.byte	0x8
 523 0075 FF020000 		.4byte	.LASF10
 524 0079 04       		.uleb128 0x4
 525 007a EB020000 		.4byte	.LASF13
 526 007e 02       		.byte	0x2
 527 007f 3801     		.2byte	0x138
 528 0081 3A000000 		.4byte	0x3a
 529 0085 03       		.uleb128 0x3
 530 0086 04       		.byte	0x4
 531 0087 04       		.byte	0x4
 532 0088 7B000000 		.4byte	.LASF11
 533 008c 03       		.uleb128 0x3
 534 008d 08       		.byte	0x8
 535 008e 04       		.byte	0x4
 536 008f 1F010000 		.4byte	.LASF12
 537 0093 04       		.uleb128 0x4
 538 0094 BC000000 		.4byte	.LASF14
 539 0098 02       		.byte	0x2
 540 0099 E201     		.2byte	0x1e2
 541 009b 9F000000 		.4byte	0x9f
 542 009f 05       		.uleb128 0x5
 543 00a0 79000000 		.4byte	0x79
 544 00a4 06       		.uleb128 0x6
 545 00a5 4D000000 		.4byte	.LASF15
 546 00a9 01       		.byte	0x1
 547 00aa 81       		.byte	0x81
 548 00ab 00000000 		.4byte	.LFB2
 549 00af 10000000 		.4byte	.LFE2-.LFB2
 550 00b3 01       		.uleb128 0x1
 551 00b4 9C       		.byte	0x9c
 552 00b5 06       		.uleb128 0x6
 553 00b6 52010000 		.4byte	.LASF16
 554 00ba 01       		.byte	0x1
 555 00bb 98       		.byte	0x98
 556 00bc 00000000 		.4byte	.LFB3
 557 00c0 10000000 		.4byte	.LFE3-.LFB3
 558 00c4 01       		.uleb128 0x1
 559 00c5 9C       		.byte	0x9c
 560 00c6 07       		.uleb128 0x7
 561 00c7 81000000 		.4byte	.LASF17
 562 00cb 01       		.byte	0x1
 563 00cc B3       		.byte	0xb3
 564 00cd 00000000 		.4byte	.LFB4
 565 00d1 20000000 		.4byte	.LFE4-.LFB4
 566 00d5 01       		.uleb128 0x1
 567 00d6 9C       		.byte	0x9c
 568 00d7 E9000000 		.4byte	0xe9
ARM GAS  C:\Users\koseki\AppData\Local\Temp\ccZ4Ff8h.s 			page 18


 569 00db 08       		.uleb128 0x8
 570 00dc 5C000000 		.4byte	.LASF19
 571 00e0 01       		.byte	0x1
 572 00e1 B3       		.byte	0xb3
 573 00e2 79000000 		.4byte	0x79
 574 00e6 01       		.uleb128 0x1
 575 00e7 50       		.byte	0x50
 576 00e8 00       		.byte	0
 577 00e9 07       		.uleb128 0x7
 578 00ea 3C010000 		.4byte	.LASF18
 579 00ee 01       		.byte	0x1
 580 00ef CF       		.byte	0xcf
 581 00f0 00000000 		.4byte	.LFB5
 582 00f4 20000000 		.4byte	.LFE5-.LFB5
 583 00f8 01       		.uleb128 0x1
 584 00f9 9C       		.byte	0x9c
 585 00fa 0C010000 		.4byte	0x10c
 586 00fe 08       		.uleb128 0x8
 587 00ff 31010000 		.4byte	.LASF20
 588 0103 01       		.byte	0x1
 589 0104 CF       		.byte	0xcf
 590 0105 79000000 		.4byte	0x79
 591 0109 01       		.uleb128 0x1
 592 010a 50       		.byte	0x50
 593 010b 00       		.byte	0
 594 010c 09       		.uleb128 0x9
 595 010d 2A020000 		.4byte	.LASF23
 596 0111 01       		.byte	0x1
 597 0112 EC       		.byte	0xec
 598 0113 79000000 		.4byte	0x79
 599 0117 00000000 		.4byte	.LFB6
 600 011b 0C000000 		.4byte	.LFE6-.LFB6
 601 011f 01       		.uleb128 0x1
 602 0120 9C       		.byte	0x9c
 603 0121 0A       		.uleb128 0xa
 604 0122 00000000 		.4byte	.LASF21
 605 0126 01       		.byte	0x1
 606 0127 0001     		.2byte	0x100
 607 0129 00000000 		.4byte	.LFB7
 608 012d 10000000 		.4byte	.LFE7-.LFB7
 609 0131 01       		.uleb128 0x1
 610 0132 9C       		.byte	0x9c
 611 0133 46010000 		.4byte	0x146
 612 0137 0B       		.uleb128 0xb
 613 0138 F1020000 		.4byte	.LASF22
 614 013c 01       		.byte	0x1
 615 013d 0001     		.2byte	0x100
 616 013f 79000000 		.4byte	0x79
 617 0143 01       		.uleb128 0x1
 618 0144 50       		.byte	0x50
 619 0145 00       		.byte	0
 620 0146 0C       		.uleb128 0xc
 621 0147 3B020000 		.4byte	.LASF24
 622 014b 01       		.byte	0x1
 623 014c 1801     		.2byte	0x118
 624 014e 79000000 		.4byte	0x79
 625 0152 00000000 		.4byte	.LFB8
ARM GAS  C:\Users\koseki\AppData\Local\Temp\ccZ4Ff8h.s 			page 19


 626 0156 0C000000 		.4byte	.LFE8-.LFB8
 627 015a 01       		.uleb128 0x1
 628 015b 9C       		.byte	0x9c
 629 015c 0A       		.uleb128 0xa
 630 015d D3000000 		.4byte	.LASF25
 631 0161 01       		.byte	0x1
 632 0162 2C01     		.2byte	0x12c
 633 0164 00000000 		.4byte	.LFB9
 634 0168 0C000000 		.4byte	.LFE9-.LFB9
 635 016c 01       		.uleb128 0x1
 636 016d 9C       		.byte	0x9c
 637 016e 81010000 		.4byte	0x181
 638 0172 0B       		.uleb128 0xb
 639 0173 26010000 		.4byte	.LASF26
 640 0177 01       		.byte	0x1
 641 0178 2C01     		.2byte	0x12c
 642 017a 79000000 		.4byte	0x79
 643 017e 01       		.uleb128 0x1
 644 017f 50       		.byte	0x50
 645 0180 00       		.byte	0
 646 0181 0C       		.uleb128 0xc
 647 0182 10030000 		.4byte	.LASF27
 648 0186 01       		.byte	0x1
 649 0187 4201     		.2byte	0x142
 650 0189 79000000 		.4byte	0x79
 651 018d 00000000 		.4byte	.LFB10
 652 0191 0C000000 		.4byte	.LFE10-.LFB10
 653 0195 01       		.uleb128 0x1
 654 0196 9C       		.byte	0x9c
 655 0197 0A       		.uleb128 0xa
 656 0198 67000000 		.4byte	.LASF28
 657 019c 01       		.byte	0x1
 658 019d 5601     		.2byte	0x156
 659 019f 00000000 		.4byte	.LFB11
 660 01a3 0C000000 		.4byte	.LFE11-.LFB11
 661 01a7 01       		.uleb128 0x1
 662 01a8 9C       		.byte	0x9c
 663 01a9 BC010000 		.4byte	0x1bc
 664 01ad 0B       		.uleb128 0xb
 665 01ae B1020000 		.4byte	.LASF29
 666 01b2 01       		.byte	0x1
 667 01b3 5601     		.2byte	0x156
 668 01b5 79000000 		.4byte	0x79
 669 01b9 01       		.uleb128 0x1
 670 01ba 50       		.byte	0x50
 671 01bb 00       		.byte	0
 672 01bc 0C       		.uleb128 0xc
 673 01bd 23030000 		.4byte	.LASF30
 674 01c1 01       		.byte	0x1
 675 01c2 6B01     		.2byte	0x16b
 676 01c4 79000000 		.4byte	0x79
 677 01c8 00000000 		.4byte	.LFB12
 678 01cc 0C000000 		.4byte	.LFE12-.LFB12
 679 01d0 01       		.uleb128 0x1
 680 01d1 9C       		.byte	0x9c
 681 01d2 0A       		.uleb128 0xa
 682 01d3 CD020000 		.4byte	.LASF31
ARM GAS  C:\Users\koseki\AppData\Local\Temp\ccZ4Ff8h.s 			page 20


 683 01d7 01       		.byte	0x1
 684 01d8 7F01     		.2byte	0x17f
 685 01da 00000000 		.4byte	.LFB13
 686 01de 0C000000 		.4byte	.LFE13-.LFB13
 687 01e2 01       		.uleb128 0x1
 688 01e3 9C       		.byte	0x9c
 689 01e4 F7010000 		.4byte	0x1f7
 690 01e8 0B       		.uleb128 0xb
 691 01e9 BF020000 		.4byte	.LASF32
 692 01ed 01       		.byte	0x1
 693 01ee 7F01     		.2byte	0x17f
 694 01f0 79000000 		.4byte	0x79
 695 01f4 01       		.uleb128 0x1
 696 01f5 50       		.byte	0x50
 697 01f6 00       		.byte	0
 698 01f7 07       		.uleb128 0x7
 699 01f8 12000000 		.4byte	.LASF33
 700 01fc 01       		.byte	0x1
 701 01fd 52       		.byte	0x52
 702 01fe 00000000 		.4byte	.LFB1
 703 0202 48000000 		.4byte	.LFE1-.LFB1
 704 0206 01       		.uleb128 0x1
 705 0207 9C       		.byte	0x9c
 706 0208 7C020000 		.4byte	0x27c
 707 020c 0D       		.uleb128 0xd
 708 020d EB000000 		.4byte	.LASF38
 709 0211 01       		.byte	0x1
 710 0212 54       		.byte	0x54
 711 0213 79000000 		.4byte	0x79
 712 0217 00000000 		.4byte	.LLST0
 713 021b 0E       		.uleb128 0xe
 714 021c 08000000 		.4byte	.LVL6
 715 0220 21010000 		.4byte	0x121
 716 0224 2F020000 		.4byte	0x22f
 717 0228 0F       		.uleb128 0xf
 718 0229 01       		.uleb128 0x1
 719 022a 50       		.byte	0x50
 720 022b 02       		.uleb128 0x2
 721 022c 09       		.byte	0x9
 722 022d FF       		.byte	0xff
 723 022e 00       		.byte	0
 724 022f 0E       		.uleb128 0xe
 725 0230 0E000000 		.4byte	.LVL7
 726 0234 5C010000 		.4byte	0x15c
 727 0238 43020000 		.4byte	0x243
 728 023c 0F       		.uleb128 0xf
 729 023d 01       		.uleb128 0x1
 730 023e 50       		.byte	0x50
 731 023f 02       		.uleb128 0x2
 732 0240 09       		.byte	0x9
 733 0241 B8       		.byte	0xb8
 734 0242 00       		.byte	0
 735 0243 0E       		.uleb128 0xe
 736 0244 14000000 		.4byte	.LVL8
 737 0248 97010000 		.4byte	0x197
 738 024c 56020000 		.4byte	0x256
 739 0250 0F       		.uleb128 0xf
ARM GAS  C:\Users\koseki\AppData\Local\Temp\ccZ4Ff8h.s 			page 21


 740 0251 01       		.uleb128 0x1
 741 0252 50       		.byte	0x50
 742 0253 01       		.uleb128 0x1
 743 0254 31       		.byte	0x31
 744 0255 00       		.byte	0
 745 0256 0E       		.uleb128 0xe
 746 0257 1A000000 		.4byte	.LVL9
 747 025b D2010000 		.4byte	0x1d2
 748 025f 69020000 		.4byte	0x269
 749 0263 0F       		.uleb128 0xf
 750 0264 01       		.uleb128 0x1
 751 0265 50       		.byte	0x50
 752 0266 01       		.uleb128 0x1
 753 0267 31       		.byte	0x31
 754 0268 00       		.byte	0
 755 0269 10       		.uleb128 0x10
 756 026a 1E000000 		.4byte	.LVL10
 757 026e B5020000 		.4byte	0x2b5
 758 0272 10       		.uleb128 0x10
 759 0273 2C000000 		.4byte	.LVL11
 760 0277 C0020000 		.4byte	0x2c0
 761 027b 00       		.byte	0
 762 027c 07       		.uleb128 0x7
 763 027d 1F000000 		.4byte	.LASF34
 764 0281 01       		.byte	0x1
 765 0282 36       		.byte	0x36
 766 0283 00000000 		.4byte	.LFB0
 767 0287 1C000000 		.4byte	.LFE0-.LFB0
 768 028b 01       		.uleb128 0x1
 769 028c 9C       		.byte	0x9c
 770 028d A4020000 		.4byte	0x2a4
 771 0291 10       		.uleb128 0x10
 772 0292 0C000000 		.4byte	.LVL12
 773 0296 F7010000 		.4byte	0x1f7
 774 029a 10       		.uleb128 0x10
 775 029b 16000000 		.4byte	.LVL13
 776 029f A4000000 		.4byte	0xa4
 777 02a3 00       		.byte	0
 778 02a4 11       		.uleb128 0x11
 779 02a5 04020000 		.4byte	.LASF39
 780 02a9 01       		.byte	0x1
 781 02aa 1A       		.byte	0x1a
 782 02ab 79000000 		.4byte	0x79
 783 02af 05       		.uleb128 0x5
 784 02b0 03       		.byte	0x3
 785 02b1 00000000 		.4byte	PrISM_1_initVar
 786 02b5 12       		.uleb128 0x12
 787 02b6 ED010000 		.4byte	.LASF40
 788 02ba 03       		.byte	0x3
 789 02bb 7E       		.byte	0x7e
 790 02bc 79000000 		.4byte	0x79
 791 02c0 13       		.uleb128 0x13
 792 02c1 14020000 		.4byte	.LASF41
 793 02c5 03       		.byte	0x3
 794 02c6 7F       		.byte	0x7f
 795 02c7 14       		.uleb128 0x14
 796 02c8 79000000 		.4byte	0x79
ARM GAS  C:\Users\koseki\AppData\Local\Temp\ccZ4Ff8h.s 			page 22


 797 02cc 00       		.byte	0
 798 02cd 00       		.byte	0
 799              		.section	.debug_abbrev,"",%progbits
 800              	.Ldebug_abbrev0:
 801 0000 01       		.uleb128 0x1
 802 0001 11       		.uleb128 0x11
 803 0002 01       		.byte	0x1
 804 0003 25       		.uleb128 0x25
 805 0004 0E       		.uleb128 0xe
 806 0005 13       		.uleb128 0x13
 807 0006 0B       		.uleb128 0xb
 808 0007 03       		.uleb128 0x3
 809 0008 0E       		.uleb128 0xe
 810 0009 1B       		.uleb128 0x1b
 811 000a 0E       		.uleb128 0xe
 812 000b 55       		.uleb128 0x55
 813 000c 17       		.uleb128 0x17
 814 000d 11       		.uleb128 0x11
 815 000e 01       		.uleb128 0x1
 816 000f 10       		.uleb128 0x10
 817 0010 17       		.uleb128 0x17
 818 0011 00       		.byte	0
 819 0012 00       		.byte	0
 820 0013 02       		.uleb128 0x2
 821 0014 24       		.uleb128 0x24
 822 0015 00       		.byte	0
 823 0016 0B       		.uleb128 0xb
 824 0017 0B       		.uleb128 0xb
 825 0018 3E       		.uleb128 0x3e
 826 0019 0B       		.uleb128 0xb
 827 001a 03       		.uleb128 0x3
 828 001b 08       		.uleb128 0x8
 829 001c 00       		.byte	0
 830 001d 00       		.byte	0
 831 001e 03       		.uleb128 0x3
 832 001f 24       		.uleb128 0x24
 833 0020 00       		.byte	0
 834 0021 0B       		.uleb128 0xb
 835 0022 0B       		.uleb128 0xb
 836 0023 3E       		.uleb128 0x3e
 837 0024 0B       		.uleb128 0xb
 838 0025 03       		.uleb128 0x3
 839 0026 0E       		.uleb128 0xe
 840 0027 00       		.byte	0
 841 0028 00       		.byte	0
 842 0029 04       		.uleb128 0x4
 843 002a 16       		.uleb128 0x16
 844 002b 00       		.byte	0
 845 002c 03       		.uleb128 0x3
 846 002d 0E       		.uleb128 0xe
 847 002e 3A       		.uleb128 0x3a
 848 002f 0B       		.uleb128 0xb
 849 0030 3B       		.uleb128 0x3b
 850 0031 05       		.uleb128 0x5
 851 0032 49       		.uleb128 0x49
 852 0033 13       		.uleb128 0x13
 853 0034 00       		.byte	0
ARM GAS  C:\Users\koseki\AppData\Local\Temp\ccZ4Ff8h.s 			page 23


 854 0035 00       		.byte	0
 855 0036 05       		.uleb128 0x5
 856 0037 35       		.uleb128 0x35
 857 0038 00       		.byte	0
 858 0039 49       		.uleb128 0x49
 859 003a 13       		.uleb128 0x13
 860 003b 00       		.byte	0
 861 003c 00       		.byte	0
 862 003d 06       		.uleb128 0x6
 863 003e 2E       		.uleb128 0x2e
 864 003f 00       		.byte	0
 865 0040 3F       		.uleb128 0x3f
 866 0041 19       		.uleb128 0x19
 867 0042 03       		.uleb128 0x3
 868 0043 0E       		.uleb128 0xe
 869 0044 3A       		.uleb128 0x3a
 870 0045 0B       		.uleb128 0xb
 871 0046 3B       		.uleb128 0x3b
 872 0047 0B       		.uleb128 0xb
 873 0048 27       		.uleb128 0x27
 874 0049 19       		.uleb128 0x19
 875 004a 11       		.uleb128 0x11
 876 004b 01       		.uleb128 0x1
 877 004c 12       		.uleb128 0x12
 878 004d 06       		.uleb128 0x6
 879 004e 40       		.uleb128 0x40
 880 004f 18       		.uleb128 0x18
 881 0050 9742     		.uleb128 0x2117
 882 0052 19       		.uleb128 0x19
 883 0053 00       		.byte	0
 884 0054 00       		.byte	0
 885 0055 07       		.uleb128 0x7
 886 0056 2E       		.uleb128 0x2e
 887 0057 01       		.byte	0x1
 888 0058 3F       		.uleb128 0x3f
 889 0059 19       		.uleb128 0x19
 890 005a 03       		.uleb128 0x3
 891 005b 0E       		.uleb128 0xe
 892 005c 3A       		.uleb128 0x3a
 893 005d 0B       		.uleb128 0xb
 894 005e 3B       		.uleb128 0x3b
 895 005f 0B       		.uleb128 0xb
 896 0060 27       		.uleb128 0x27
 897 0061 19       		.uleb128 0x19
 898 0062 11       		.uleb128 0x11
 899 0063 01       		.uleb128 0x1
 900 0064 12       		.uleb128 0x12
 901 0065 06       		.uleb128 0x6
 902 0066 40       		.uleb128 0x40
 903 0067 18       		.uleb128 0x18
 904 0068 9742     		.uleb128 0x2117
 905 006a 19       		.uleb128 0x19
 906 006b 01       		.uleb128 0x1
 907 006c 13       		.uleb128 0x13
 908 006d 00       		.byte	0
 909 006e 00       		.byte	0
 910 006f 08       		.uleb128 0x8
ARM GAS  C:\Users\koseki\AppData\Local\Temp\ccZ4Ff8h.s 			page 24


 911 0070 05       		.uleb128 0x5
 912 0071 00       		.byte	0
 913 0072 03       		.uleb128 0x3
 914 0073 0E       		.uleb128 0xe
 915 0074 3A       		.uleb128 0x3a
 916 0075 0B       		.uleb128 0xb
 917 0076 3B       		.uleb128 0x3b
 918 0077 0B       		.uleb128 0xb
 919 0078 49       		.uleb128 0x49
 920 0079 13       		.uleb128 0x13
 921 007a 02       		.uleb128 0x2
 922 007b 18       		.uleb128 0x18
 923 007c 00       		.byte	0
 924 007d 00       		.byte	0
 925 007e 09       		.uleb128 0x9
 926 007f 2E       		.uleb128 0x2e
 927 0080 00       		.byte	0
 928 0081 3F       		.uleb128 0x3f
 929 0082 19       		.uleb128 0x19
 930 0083 03       		.uleb128 0x3
 931 0084 0E       		.uleb128 0xe
 932 0085 3A       		.uleb128 0x3a
 933 0086 0B       		.uleb128 0xb
 934 0087 3B       		.uleb128 0x3b
 935 0088 0B       		.uleb128 0xb
 936 0089 27       		.uleb128 0x27
 937 008a 19       		.uleb128 0x19
 938 008b 49       		.uleb128 0x49
 939 008c 13       		.uleb128 0x13
 940 008d 11       		.uleb128 0x11
 941 008e 01       		.uleb128 0x1
 942 008f 12       		.uleb128 0x12
 943 0090 06       		.uleb128 0x6
 944 0091 40       		.uleb128 0x40
 945 0092 18       		.uleb128 0x18
 946 0093 9742     		.uleb128 0x2117
 947 0095 19       		.uleb128 0x19
 948 0096 00       		.byte	0
 949 0097 00       		.byte	0
 950 0098 0A       		.uleb128 0xa
 951 0099 2E       		.uleb128 0x2e
 952 009a 01       		.byte	0x1
 953 009b 3F       		.uleb128 0x3f
 954 009c 19       		.uleb128 0x19
 955 009d 03       		.uleb128 0x3
 956 009e 0E       		.uleb128 0xe
 957 009f 3A       		.uleb128 0x3a
 958 00a0 0B       		.uleb128 0xb
 959 00a1 3B       		.uleb128 0x3b
 960 00a2 05       		.uleb128 0x5
 961 00a3 27       		.uleb128 0x27
 962 00a4 19       		.uleb128 0x19
 963 00a5 11       		.uleb128 0x11
 964 00a6 01       		.uleb128 0x1
 965 00a7 12       		.uleb128 0x12
 966 00a8 06       		.uleb128 0x6
 967 00a9 40       		.uleb128 0x40
ARM GAS  C:\Users\koseki\AppData\Local\Temp\ccZ4Ff8h.s 			page 25


 968 00aa 18       		.uleb128 0x18
 969 00ab 9742     		.uleb128 0x2117
 970 00ad 19       		.uleb128 0x19
 971 00ae 01       		.uleb128 0x1
 972 00af 13       		.uleb128 0x13
 973 00b0 00       		.byte	0
 974 00b1 00       		.byte	0
 975 00b2 0B       		.uleb128 0xb
 976 00b3 05       		.uleb128 0x5
 977 00b4 00       		.byte	0
 978 00b5 03       		.uleb128 0x3
 979 00b6 0E       		.uleb128 0xe
 980 00b7 3A       		.uleb128 0x3a
 981 00b8 0B       		.uleb128 0xb
 982 00b9 3B       		.uleb128 0x3b
 983 00ba 05       		.uleb128 0x5
 984 00bb 49       		.uleb128 0x49
 985 00bc 13       		.uleb128 0x13
 986 00bd 02       		.uleb128 0x2
 987 00be 18       		.uleb128 0x18
 988 00bf 00       		.byte	0
 989 00c0 00       		.byte	0
 990 00c1 0C       		.uleb128 0xc
 991 00c2 2E       		.uleb128 0x2e
 992 00c3 00       		.byte	0
 993 00c4 3F       		.uleb128 0x3f
 994 00c5 19       		.uleb128 0x19
 995 00c6 03       		.uleb128 0x3
 996 00c7 0E       		.uleb128 0xe
 997 00c8 3A       		.uleb128 0x3a
 998 00c9 0B       		.uleb128 0xb
 999 00ca 3B       		.uleb128 0x3b
 1000 00cb 05       		.uleb128 0x5
 1001 00cc 27       		.uleb128 0x27
 1002 00cd 19       		.uleb128 0x19
 1003 00ce 49       		.uleb128 0x49
 1004 00cf 13       		.uleb128 0x13
 1005 00d0 11       		.uleb128 0x11
 1006 00d1 01       		.uleb128 0x1
 1007 00d2 12       		.uleb128 0x12
 1008 00d3 06       		.uleb128 0x6
 1009 00d4 40       		.uleb128 0x40
 1010 00d5 18       		.uleb128 0x18
 1011 00d6 9742     		.uleb128 0x2117
 1012 00d8 19       		.uleb128 0x19
 1013 00d9 00       		.byte	0
 1014 00da 00       		.byte	0
 1015 00db 0D       		.uleb128 0xd
 1016 00dc 34       		.uleb128 0x34
 1017 00dd 00       		.byte	0
 1018 00de 03       		.uleb128 0x3
 1019 00df 0E       		.uleb128 0xe
 1020 00e0 3A       		.uleb128 0x3a
 1021 00e1 0B       		.uleb128 0xb
 1022 00e2 3B       		.uleb128 0x3b
 1023 00e3 0B       		.uleb128 0xb
 1024 00e4 49       		.uleb128 0x49
ARM GAS  C:\Users\koseki\AppData\Local\Temp\ccZ4Ff8h.s 			page 26


 1025 00e5 13       		.uleb128 0x13
 1026 00e6 02       		.uleb128 0x2
 1027 00e7 17       		.uleb128 0x17
 1028 00e8 00       		.byte	0
 1029 00e9 00       		.byte	0
 1030 00ea 0E       		.uleb128 0xe
 1031 00eb 898201   		.uleb128 0x4109
 1032 00ee 01       		.byte	0x1
 1033 00ef 11       		.uleb128 0x11
 1034 00f0 01       		.uleb128 0x1
 1035 00f1 31       		.uleb128 0x31
 1036 00f2 13       		.uleb128 0x13
 1037 00f3 01       		.uleb128 0x1
 1038 00f4 13       		.uleb128 0x13
 1039 00f5 00       		.byte	0
 1040 00f6 00       		.byte	0
 1041 00f7 0F       		.uleb128 0xf
 1042 00f8 8A8201   		.uleb128 0x410a
 1043 00fb 00       		.byte	0
 1044 00fc 02       		.uleb128 0x2
 1045 00fd 18       		.uleb128 0x18
 1046 00fe 9142     		.uleb128 0x2111
 1047 0100 18       		.uleb128 0x18
 1048 0101 00       		.byte	0
 1049 0102 00       		.byte	0
 1050 0103 10       		.uleb128 0x10
 1051 0104 898201   		.uleb128 0x4109
 1052 0107 00       		.byte	0
 1053 0108 11       		.uleb128 0x11
 1054 0109 01       		.uleb128 0x1
 1055 010a 31       		.uleb128 0x31
 1056 010b 13       		.uleb128 0x13
 1057 010c 00       		.byte	0
 1058 010d 00       		.byte	0
 1059 010e 11       		.uleb128 0x11
 1060 010f 34       		.uleb128 0x34
 1061 0110 00       		.byte	0
 1062 0111 03       		.uleb128 0x3
 1063 0112 0E       		.uleb128 0xe
 1064 0113 3A       		.uleb128 0x3a
 1065 0114 0B       		.uleb128 0xb
 1066 0115 3B       		.uleb128 0x3b
 1067 0116 0B       		.uleb128 0xb
 1068 0117 49       		.uleb128 0x49
 1069 0118 13       		.uleb128 0x13
 1070 0119 3F       		.uleb128 0x3f
 1071 011a 19       		.uleb128 0x19
 1072 011b 02       		.uleb128 0x2
 1073 011c 18       		.uleb128 0x18
 1074 011d 00       		.byte	0
 1075 011e 00       		.byte	0
 1076 011f 12       		.uleb128 0x12
 1077 0120 2E       		.uleb128 0x2e
 1078 0121 00       		.byte	0
 1079 0122 3F       		.uleb128 0x3f
 1080 0123 19       		.uleb128 0x19
 1081 0124 03       		.uleb128 0x3
ARM GAS  C:\Users\koseki\AppData\Local\Temp\ccZ4Ff8h.s 			page 27


 1082 0125 0E       		.uleb128 0xe
 1083 0126 3A       		.uleb128 0x3a
 1084 0127 0B       		.uleb128 0xb
 1085 0128 3B       		.uleb128 0x3b
 1086 0129 0B       		.uleb128 0xb
 1087 012a 27       		.uleb128 0x27
 1088 012b 19       		.uleb128 0x19
 1089 012c 49       		.uleb128 0x49
 1090 012d 13       		.uleb128 0x13
 1091 012e 3C       		.uleb128 0x3c
 1092 012f 19       		.uleb128 0x19
 1093 0130 00       		.byte	0
 1094 0131 00       		.byte	0
 1095 0132 13       		.uleb128 0x13
 1096 0133 2E       		.uleb128 0x2e
 1097 0134 01       		.byte	0x1
 1098 0135 3F       		.uleb128 0x3f
 1099 0136 19       		.uleb128 0x19
 1100 0137 03       		.uleb128 0x3
 1101 0138 0E       		.uleb128 0xe
 1102 0139 3A       		.uleb128 0x3a
 1103 013a 0B       		.uleb128 0xb
 1104 013b 3B       		.uleb128 0x3b
 1105 013c 0B       		.uleb128 0xb
 1106 013d 27       		.uleb128 0x27
 1107 013e 19       		.uleb128 0x19
 1108 013f 3C       		.uleb128 0x3c
 1109 0140 19       		.uleb128 0x19
 1110 0141 00       		.byte	0
 1111 0142 00       		.byte	0
 1112 0143 14       		.uleb128 0x14
 1113 0144 05       		.uleb128 0x5
 1114 0145 00       		.byte	0
 1115 0146 49       		.uleb128 0x49
 1116 0147 13       		.uleb128 0x13
 1117 0148 00       		.byte	0
 1118 0149 00       		.byte	0
 1119 014a 00       		.byte	0
 1120              		.section	.debug_loc,"",%progbits
 1121              	.Ldebug_loc0:
 1122              	.LLST0:
 1123 0000 1E000000 		.4byte	.LVL10
 1124 0004 2B000000 		.4byte	.LVL11-1
 1125 0008 0100     		.2byte	0x1
 1126 000a 50       		.byte	0x50
 1127 000b 00000000 		.4byte	0
 1128 000f 00000000 		.4byte	0
 1129              		.section	.debug_aranges,"",%progbits
 1130 0000 84000000 		.4byte	0x84
 1131 0004 0200     		.2byte	0x2
 1132 0006 00000000 		.4byte	.Ldebug_info0
 1133 000a 04       		.byte	0x4
 1134 000b 00       		.byte	0
 1135 000c 0000     		.2byte	0
 1136 000e 0000     		.2byte	0
 1137 0010 00000000 		.4byte	.LFB2
 1138 0014 10000000 		.4byte	.LFE2-.LFB2
ARM GAS  C:\Users\koseki\AppData\Local\Temp\ccZ4Ff8h.s 			page 28


 1139 0018 00000000 		.4byte	.LFB3
 1140 001c 10000000 		.4byte	.LFE3-.LFB3
 1141 0020 00000000 		.4byte	.LFB4
 1142 0024 20000000 		.4byte	.LFE4-.LFB4
 1143 0028 00000000 		.4byte	.LFB5
 1144 002c 20000000 		.4byte	.LFE5-.LFB5
 1145 0030 00000000 		.4byte	.LFB6
 1146 0034 0C000000 		.4byte	.LFE6-.LFB6
 1147 0038 00000000 		.4byte	.LFB7
 1148 003c 10000000 		.4byte	.LFE7-.LFB7
 1149 0040 00000000 		.4byte	.LFB8
 1150 0044 0C000000 		.4byte	.LFE8-.LFB8
 1151 0048 00000000 		.4byte	.LFB9
 1152 004c 0C000000 		.4byte	.LFE9-.LFB9
 1153 0050 00000000 		.4byte	.LFB10
 1154 0054 0C000000 		.4byte	.LFE10-.LFB10
 1155 0058 00000000 		.4byte	.LFB11
 1156 005c 0C000000 		.4byte	.LFE11-.LFB11
 1157 0060 00000000 		.4byte	.LFB12
 1158 0064 0C000000 		.4byte	.LFE12-.LFB12
 1159 0068 00000000 		.4byte	.LFB13
 1160 006c 0C000000 		.4byte	.LFE13-.LFB13
 1161 0070 00000000 		.4byte	.LFB1
 1162 0074 48000000 		.4byte	.LFE1-.LFB1
 1163 0078 00000000 		.4byte	.LFB0
 1164 007c 1C000000 		.4byte	.LFE0-.LFB0
 1165 0080 00000000 		.4byte	0
 1166 0084 00000000 		.4byte	0
 1167              		.section	.debug_ranges,"",%progbits
 1168              	.Ldebug_ranges0:
 1169 0000 00000000 		.4byte	.LFB2
 1170 0004 10000000 		.4byte	.LFE2
 1171 0008 00000000 		.4byte	.LFB3
 1172 000c 10000000 		.4byte	.LFE3
 1173 0010 00000000 		.4byte	.LFB4
 1174 0014 20000000 		.4byte	.LFE4
 1175 0018 00000000 		.4byte	.LFB5
 1176 001c 20000000 		.4byte	.LFE5
 1177 0020 00000000 		.4byte	.LFB6
 1178 0024 0C000000 		.4byte	.LFE6
 1179 0028 00000000 		.4byte	.LFB7
 1180 002c 10000000 		.4byte	.LFE7
 1181 0030 00000000 		.4byte	.LFB8
 1182 0034 0C000000 		.4byte	.LFE8
 1183 0038 00000000 		.4byte	.LFB9
 1184 003c 0C000000 		.4byte	.LFE9
 1185 0040 00000000 		.4byte	.LFB10
 1186 0044 0C000000 		.4byte	.LFE10
 1187 0048 00000000 		.4byte	.LFB11
 1188 004c 0C000000 		.4byte	.LFE11
 1189 0050 00000000 		.4byte	.LFB12
 1190 0054 0C000000 		.4byte	.LFE12
 1191 0058 00000000 		.4byte	.LFB13
 1192 005c 0C000000 		.4byte	.LFE13
 1193 0060 00000000 		.4byte	.LFB1
 1194 0064 48000000 		.4byte	.LFE1
 1195 0068 00000000 		.4byte	.LFB0
ARM GAS  C:\Users\koseki\AppData\Local\Temp\ccZ4Ff8h.s 			page 29


 1196 006c 1C000000 		.4byte	.LFE0
 1197 0070 00000000 		.4byte	0
 1198 0074 00000000 		.4byte	0
 1199              		.section	.debug_line,"",%progbits
 1200              	.Ldebug_line0:
 1201 0000 59010000 		.section	.debug_str,"MS",%progbits,1
 1201      02005100 
 1201      00000201 
 1201      FB0E0D00 
 1201      01010101 
 1202              	.LASF21:
 1203 0000 50724953 		.ascii	"PrISM_1_WriteSeed\000"
 1203      4D5F315F 
 1203      57726974 
 1203      65536565 
 1203      6400
 1204              	.LASF33:
 1205 0012 50724953 		.ascii	"PrISM_1_Init\000"
 1205      4D5F315F 
 1205      496E6974 
 1205      00
 1206              	.LASF34:
 1207 001f 50724953 		.ascii	"PrISM_1_Start\000"
 1207      4D5F315F 
 1207      53746172 
 1207      7400
 1208              	.LASF4:
 1209 002d 73686F72 		.ascii	"short unsigned int\000"
 1209      7420756E 
 1209      7369676E 
 1209      65642069 
 1209      6E7400
 1210              	.LASF0:
 1211 0040 756E7369 		.ascii	"unsigned int\000"
 1211      676E6564 
 1211      20696E74 
 1211      00
 1212              	.LASF15:
 1213 004d 50724953 		.ascii	"PrISM_1_Enable\000"
 1213      4D5F315F 
 1213      456E6162 
 1213      6C6500
 1214              	.LASF19:
 1215 005c 70756C73 		.ascii	"pulse0Type\000"
 1215      65305479 
 1215      706500
 1216              	.LASF28:
 1217 0067 50724953 		.ascii	"PrISM_1_WritePulse0\000"
 1217      4D5F315F 
 1217      57726974 
 1217      6550756C 
 1217      73653000 
 1218              	.LASF11:
 1219 007b 666C6F61 		.ascii	"float\000"
 1219      7400
 1220              	.LASF17:
 1221 0081 50724953 		.ascii	"PrISM_1_SetPulse0Mode\000"
ARM GAS  C:\Users\koseki\AppData\Local\Temp\ccZ4Ff8h.s 			page 30


 1221      4D5F315F 
 1221      53657450 
 1221      756C7365 
 1221      304D6F64 
 1222              	.LASF8:
 1223 0097 6C6F6E67 		.ascii	"long long unsigned int\000"
 1223      206C6F6E 
 1223      6720756E 
 1223      7369676E 
 1223      65642069 
 1224              	.LASF2:
 1225 00ae 756E7369 		.ascii	"unsigned char\000"
 1225      676E6564 
 1225      20636861 
 1225      7200
 1226              	.LASF14:
 1227 00bc 72656738 		.ascii	"reg8\000"
 1227      00
 1228              	.LASF6:
 1229 00c1 6C6F6E67 		.ascii	"long unsigned int\000"
 1229      20756E73 
 1229      69676E65 
 1229      6420696E 
 1229      7400
 1230              	.LASF25:
 1231 00d3 50724953 		.ascii	"PrISM_1_WritePolynomial\000"
 1231      4D5F315F 
 1231      57726974 
 1231      65506F6C 
 1231      796E6F6D 
 1232              	.LASF38:
 1233 00eb 656E6162 		.ascii	"enableInterrupts\000"
 1233      6C65496E 
 1233      74657272 
 1233      75707473 
 1233      00
 1234              	.LASF36:
 1235 00fc 2E5C4765 		.ascii	".\\Generated_Source\\PSoC5\\PrISM_1.c\000"
 1235      6E657261 
 1235      7465645F 
 1235      536F7572 
 1235      63655C50 
 1236              	.LASF12:
 1237 011f 646F7562 		.ascii	"double\000"
 1237      6C6500
 1238              	.LASF26:
 1239 0126 706F6C79 		.ascii	"polynomial\000"
 1239      6E6F6D69 
 1239      616C00
 1240              	.LASF20:
 1241 0131 70756C73 		.ascii	"pulse1Type\000"
 1241      65315479 
 1241      706500
 1242              	.LASF18:
 1243 013c 50724953 		.ascii	"PrISM_1_SetPulse1Mode\000"
 1243      4D5F315F 
 1243      53657450 
ARM GAS  C:\Users\koseki\AppData\Local\Temp\ccZ4Ff8h.s 			page 31


 1243      756C7365 
 1243      314D6F64 
 1244              	.LASF16:
 1245 0152 50724953 		.ascii	"PrISM_1_Stop\000"
 1245      4D5F315F 
 1245      53746F70 
 1245      00
 1246              	.LASF35:
 1247 015f 474E5520 		.ascii	"GNU C 4.9.3 20150303 (release) [ARM/embedded-4_9-br"
 1247      4320342E 
 1247      392E3320 
 1247      32303135 
 1247      30333033 
 1248 0192 616E6368 		.ascii	"anch revision 221220] -mcpu=cortex-m3 -mthumb -g -O"
 1248      20726576 
 1248      6973696F 
 1248      6E203232 
 1248      31323230 
 1249 01c5 67202D66 		.ascii	"g -ffunction-sections -ffat-lto-objects\000"
 1249      66756E63 
 1249      74696F6E 
 1249      2D736563 
 1249      74696F6E 
 1250              	.LASF40:
 1251 01ed 4379456E 		.ascii	"CyEnterCriticalSection\000"
 1251      74657243 
 1251      72697469 
 1251      63616C53 
 1251      65637469 
 1252              	.LASF39:
 1253 0204 50724953 		.ascii	"PrISM_1_initVar\000"
 1253      4D5F315F 
 1253      696E6974 
 1253      56617200 
 1254              	.LASF41:
 1255 0214 43794578 		.ascii	"CyExitCriticalSection\000"
 1255      69744372 
 1255      69746963 
 1255      616C5365 
 1255      6374696F 
 1256              	.LASF23:
 1257 022a 50724953 		.ascii	"PrISM_1_ReadSeed\000"
 1257      4D5F315F 
 1257      52656164 
 1257      53656564 
 1257      00
 1258              	.LASF24:
 1259 023b 50724953 		.ascii	"PrISM_1_ReadPolynomial\000"
 1259      4D5F315F 
 1259      52656164 
 1259      506F6C79 
 1259      6E6F6D69 
 1260              	.LASF9:
 1261 0252 73697A65 		.ascii	"sizetype\000"
 1261      74797065 
 1261      00
 1262              	.LASF7:
ARM GAS  C:\Users\koseki\AppData\Local\Temp\ccZ4Ff8h.s 			page 32


 1263 025b 6C6F6E67 		.ascii	"long long int\000"
 1263      206C6F6E 
 1263      6720696E 
 1263      7400
 1264              	.LASF37:
 1265 0269 4A3A5C50 		.ascii	"J:\\PSoC_Creator\\CY8CKIT-059\\CY8CKIT-059_Beacon\\"
 1265      536F435F 
 1265      43726561 
 1265      746F725C 
 1265      43593843 
 1266 0298 43593843 		.ascii	"CY8CKIT-059_Beacon.cydsn\000"
 1266      4B49542D 
 1266      3035395F 
 1266      42656163 
 1266      6F6E2E63 
 1267              	.LASF29:
 1268 02b1 70756C73 		.ascii	"pulseDensity0\000"
 1268      6544656E 
 1268      73697479 
 1268      3000
 1269              	.LASF32:
 1270 02bf 70756C73 		.ascii	"pulseDensity1\000"
 1270      6544656E 
 1270      73697479 
 1270      3100
 1271              	.LASF31:
 1272 02cd 50724953 		.ascii	"PrISM_1_WritePulse1\000"
 1272      4D5F315F 
 1272      57726974 
 1272      6550756C 
 1272      73653100 
 1273              	.LASF3:
 1274 02e1 73686F72 		.ascii	"short int\000"
 1274      7420696E 
 1274      7400
 1275              	.LASF13:
 1276 02eb 75696E74 		.ascii	"uint8\000"
 1276      3800
 1277              	.LASF22:
 1278 02f1 73656564 		.ascii	"seed\000"
 1278      00
 1279              	.LASF5:
 1280 02f6 6C6F6E67 		.ascii	"long int\000"
 1280      20696E74 
 1280      00
 1281              	.LASF10:
 1282 02ff 63686172 		.ascii	"char\000"
 1282      00
 1283              	.LASF1:
 1284 0304 7369676E 		.ascii	"signed char\000"
 1284      65642063 
 1284      68617200 
 1285              	.LASF27:
 1286 0310 50724953 		.ascii	"PrISM_1_ReadPulse0\000"
 1286      4D5F315F 
 1286      52656164 
 1286      50756C73 
ARM GAS  C:\Users\koseki\AppData\Local\Temp\ccZ4Ff8h.s 			page 33


 1286      653000
 1287              	.LASF30:
 1288 0323 50724953 		.ascii	"PrISM_1_ReadPulse1\000"
 1288      4D5F315F 
 1288      52656164 
 1288      50756C73 
 1288      653100
 1289              		.ident	"GCC: (GNU Tools for ARM Embedded Processors) 4.9.3 20150303 (release) [ARM/embedded-4_9-br
