ARM GAS  C:\Users\koseki\AppData\Local\Temp\ccduzq3A.s 			page 1


   1              		.syntax unified
   2              		.cpu cortex-m3
   3              		.fpu softvfp
   4              		.eabi_attribute 20, 1
   5              		.eabi_attribute 21, 1
   6              		.eabi_attribute 23, 3
   7              		.eabi_attribute 24, 1
   8              		.eabi_attribute 25, 1
   9              		.eabi_attribute 26, 1
  10              		.eabi_attribute 30, 1
  11              		.eabi_attribute 34, 1
  12              		.eabi_attribute 18, 4
  13              		.thumb
  14              		.file	"PrISM_PM.c"
  15              		.text
  16              	.Ltext0:
  17              		.cfi_sections	.debug_frame
  18              		.section	.text.PrISM_SaveConfig,"ax",%progbits
  19              		.align	2
  20              		.global	PrISM_SaveConfig
  21              		.thumb
  22              		.thumb_func
  23              		.type	PrISM_SaveConfig, %function
  24              	PrISM_SaveConfig:
  25              	.LFB0:
  26              		.file 1 ".\\Generated_Source\\PSoC5\\PrISM_PM.c"
   1:.\Generated_Source\PSoC5/PrISM_PM.c **** /*******************************************************************************
   2:.\Generated_Source\PSoC5/PrISM_PM.c **** * File Name: PrISM_PM.c
   3:.\Generated_Source\PSoC5/PrISM_PM.c **** * Version 2.20
   4:.\Generated_Source\PSoC5/PrISM_PM.c **** *
   5:.\Generated_Source\PSoC5/PrISM_PM.c **** * Description:
   6:.\Generated_Source\PSoC5/PrISM_PM.c **** *  This file provides Sleep/WakeUp APIs functionality of the PrISM component
   7:.\Generated_Source\PSoC5/PrISM_PM.c **** *
   8:.\Generated_Source\PSoC5/PrISM_PM.c **** * Note:
   9:.\Generated_Source\PSoC5/PrISM_PM.c **** *
  10:.\Generated_Source\PSoC5/PrISM_PM.c **** ********************************************************************************
  11:.\Generated_Source\PSoC5/PrISM_PM.c **** * Copyright 2008-2012, Cypress Semiconductor Corporation.  All rights reserved.
  12:.\Generated_Source\PSoC5/PrISM_PM.c **** * You may use this file only in accordance with the license, terms, conditions, 
  13:.\Generated_Source\PSoC5/PrISM_PM.c **** * disclaimers, and limitations in the end user license agreement accompanying 
  14:.\Generated_Source\PSoC5/PrISM_PM.c **** * the software package with which this file was provided.
  15:.\Generated_Source\PSoC5/PrISM_PM.c **** *******************************************************************************/
  16:.\Generated_Source\PSoC5/PrISM_PM.c **** 
  17:.\Generated_Source\PSoC5/PrISM_PM.c **** #include "PrISM.h"
  18:.\Generated_Source\PSoC5/PrISM_PM.c **** 
  19:.\Generated_Source\PSoC5/PrISM_PM.c **** 
  20:.\Generated_Source\PSoC5/PrISM_PM.c **** /***************************************
  21:.\Generated_Source\PSoC5/PrISM_PM.c **** * Local data allocation
  22:.\Generated_Source\PSoC5/PrISM_PM.c **** ***************************************/
  23:.\Generated_Source\PSoC5/PrISM_PM.c **** static PrISM_BACKUP_STRUCT  PrISM_backup = 
  24:.\Generated_Source\PSoC5/PrISM_PM.c **** {
  25:.\Generated_Source\PSoC5/PrISM_PM.c ****     /* enableState */
  26:.\Generated_Source\PSoC5/PrISM_PM.c ****     0u,
  27:.\Generated_Source\PSoC5/PrISM_PM.c ****     /* cr */
  28:.\Generated_Source\PSoC5/PrISM_PM.c ****     #if(!PrISM_PULSE_TYPE_HARDCODED)
  29:.\Generated_Source\PSoC5/PrISM_PM.c ****        (((PrISM_GREATERTHAN_OR_EQUAL == PrISM_COMPARE0) ? \
  30:.\Generated_Source\PSoC5/PrISM_PM.c ****                                                 PrISM_CTRL_COMPARE_TYPE0_GREATER_THAN_OR_EQUAL : 0u
  31:.\Generated_Source\PSoC5/PrISM_PM.c ****         ((PrISM_GREATERTHAN_OR_EQUAL == PrISM_COMPARE1) ? \
ARM GAS  C:\Users\koseki\AppData\Local\Temp\ccduzq3A.s 			page 2


  32:.\Generated_Source\PSoC5/PrISM_PM.c ****                                                 PrISM_CTRL_COMPARE_TYPE1_GREATER_THAN_OR_EQUAL : 0u
  33:.\Generated_Source\PSoC5/PrISM_PM.c ****     #endif /* End PrISM_PULSE_TYPE_HARDCODED */
  34:.\Generated_Source\PSoC5/PrISM_PM.c ****     /* seed */    
  35:.\Generated_Source\PSoC5/PrISM_PM.c ****     PrISM_SEED,
  36:.\Generated_Source\PSoC5/PrISM_PM.c ****     /* seed_copy */    
  37:.\Generated_Source\PSoC5/PrISM_PM.c ****     PrISM_SEED,
  38:.\Generated_Source\PSoC5/PrISM_PM.c ****     /* polynom */
  39:.\Generated_Source\PSoC5/PrISM_PM.c ****     PrISM_POLYNOM,
  40:.\Generated_Source\PSoC5/PrISM_PM.c ****     #if(CY_UDB_V0)
  41:.\Generated_Source\PSoC5/PrISM_PM.c ****         /* density0 */
  42:.\Generated_Source\PSoC5/PrISM_PM.c ****         PrISM_DENSITY0,
  43:.\Generated_Source\PSoC5/PrISM_PM.c ****         /* density1 */
  44:.\Generated_Source\PSoC5/PrISM_PM.c ****         PrISM_DENSITY1,
  45:.\Generated_Source\PSoC5/PrISM_PM.c ****     #endif /*End CY_UDB_V0*/
  46:.\Generated_Source\PSoC5/PrISM_PM.c **** };
  47:.\Generated_Source\PSoC5/PrISM_PM.c **** 
  48:.\Generated_Source\PSoC5/PrISM_PM.c **** 
  49:.\Generated_Source\PSoC5/PrISM_PM.c **** /*******************************************************************************
  50:.\Generated_Source\PSoC5/PrISM_PM.c **** * Function Name: PrISM_SaveConfig
  51:.\Generated_Source\PSoC5/PrISM_PM.c **** ********************************************************************************
  52:.\Generated_Source\PSoC5/PrISM_PM.c **** *
  53:.\Generated_Source\PSoC5/PrISM_PM.c **** * Summary:
  54:.\Generated_Source\PSoC5/PrISM_PM.c **** *  Saves the current user configuration.
  55:.\Generated_Source\PSoC5/PrISM_PM.c **** *  
  56:.\Generated_Source\PSoC5/PrISM_PM.c **** * Parameters:  
  57:.\Generated_Source\PSoC5/PrISM_PM.c **** *  None.
  58:.\Generated_Source\PSoC5/PrISM_PM.c **** *
  59:.\Generated_Source\PSoC5/PrISM_PM.c **** * Return: 
  60:.\Generated_Source\PSoC5/PrISM_PM.c **** *  None.
  61:.\Generated_Source\PSoC5/PrISM_PM.c **** *
  62:.\Generated_Source\PSoC5/PrISM_PM.c **** * Global Variables:
  63:.\Generated_Source\PSoC5/PrISM_PM.c **** *  PrISM_backup - modified when non-retention registers are saved.
  64:.\Generated_Source\PSoC5/PrISM_PM.c **** *
  65:.\Generated_Source\PSoC5/PrISM_PM.c **** * Reentrant:
  66:.\Generated_Source\PSoC5/PrISM_PM.c **** *  No.
  67:.\Generated_Source\PSoC5/PrISM_PM.c **** *
  68:.\Generated_Source\PSoC5/PrISM_PM.c **** *******************************************************************************/
  69:.\Generated_Source\PSoC5/PrISM_PM.c **** void PrISM_SaveConfig(void) 
  70:.\Generated_Source\PSoC5/PrISM_PM.c **** {
  27              		.loc 1 70 0
  28              		.cfi_startproc
  29              		@ args = 0, pretend = 0, frame = 0
  30              		@ frame_needed = 0, uses_anonymous_args = 0
  31 0000 10B5     		push	{r4, lr}
  32              		.cfi_def_cfa_offset 8
  33              		.cfi_offset 4, -8
  34              		.cfi_offset 14, -4
  71:.\Generated_Source\PSoC5/PrISM_PM.c ****     #if (CY_UDB_V0)
  72:.\Generated_Source\PSoC5/PrISM_PM.c ****         #if(!PrISM_PULSE_TYPE_HARDCODED)
  73:.\Generated_Source\PSoC5/PrISM_PM.c ****             PrISM_backup.cr = PrISM_CONTROL_REG;
  74:.\Generated_Source\PSoC5/PrISM_PM.c ****         #endif /* End PrISM_PULSE_TYPE_HARDCODED */
  75:.\Generated_Source\PSoC5/PrISM_PM.c ****         PrISM_backup.seed = PrISM_ReadSeed();
  76:.\Generated_Source\PSoC5/PrISM_PM.c ****         PrISM_backup.seed_copy = CY_GET_REG16(PrISM_SEED_COPY_PTR);
  77:.\Generated_Source\PSoC5/PrISM_PM.c ****         PrISM_backup.polynom = PrISM_ReadPolynomial();
  78:.\Generated_Source\PSoC5/PrISM_PM.c ****         PrISM_backup.density0 = PrISM_ReadPulse0();
  79:.\Generated_Source\PSoC5/PrISM_PM.c ****         PrISM_backup.density1 = PrISM_ReadPulse1();
  80:.\Generated_Source\PSoC5/PrISM_PM.c ****     #else /* CY_UDB_V1 */
ARM GAS  C:\Users\koseki\AppData\Local\Temp\ccduzq3A.s 			page 3


  81:.\Generated_Source\PSoC5/PrISM_PM.c ****         #if(!PrISM_PULSE_TYPE_HARDCODED)
  82:.\Generated_Source\PSoC5/PrISM_PM.c ****             PrISM_backup.cr = PrISM_CONTROL_REG;
  35              		.loc 1 82 0
  36 0002 074B     		ldr	r3, .L3
  37 0004 1B78     		ldrb	r3, [r3]	@ zero_extendqisi2
  38 0006 074C     		ldr	r4, .L3+4
  39 0008 6370     		strb	r3, [r4, #1]
  83:.\Generated_Source\PSoC5/PrISM_PM.c ****         #endif /* End PrISM_PULSE_TYPE_HARDCODED */
  84:.\Generated_Source\PSoC5/PrISM_PM.c ****         PrISM_backup.seed = PrISM_ReadSeed();
  40              		.loc 1 84 0
  41 000a FFF7FEFF 		bl	PrISM_ReadSeed
  42              	.LVL0:
  43 000e 6080     		strh	r0, [r4, #2]	@ movhi
  85:.\Generated_Source\PSoC5/PrISM_PM.c ****         PrISM_backup.seed_copy = CY_GET_REG16(PrISM_SEED_COPY_PTR);
  44              		.loc 1 85 0
  45 0010 054B     		ldr	r3, .L3+8
  46 0012 1B88     		ldrh	r3, [r3]
  47 0014 A380     		strh	r3, [r4, #4]	@ movhi
  86:.\Generated_Source\PSoC5/PrISM_PM.c ****         PrISM_backup.polynom = PrISM_ReadPolynomial();
  48              		.loc 1 86 0
  49 0016 FFF7FEFF 		bl	PrISM_ReadPolynomial
  50              	.LVL1:
  51 001a E080     		strh	r0, [r4, #6]	@ movhi
  52 001c 10BD     		pop	{r4, pc}
  53              	.L4:
  54 001e 00BF     		.align	2
  55              	.L3:
  56 0020 79640040 		.word	1073767545
  57 0024 00000000 		.word	.LANCHOR0
  58 0028 90680040 		.word	1073768592
  59              		.cfi_endproc
  60              	.LFE0:
  61              		.size	PrISM_SaveConfig, .-PrISM_SaveConfig
  62              		.section	.text.PrISM_RestoreConfig,"ax",%progbits
  63              		.align	2
  64              		.global	PrISM_RestoreConfig
  65              		.thumb
  66              		.thumb_func
  67              		.type	PrISM_RestoreConfig, %function
  68              	PrISM_RestoreConfig:
  69              	.LFB1:
  87:.\Generated_Source\PSoC5/PrISM_PM.c ****     #endif  /* CY_UDB_V0 */
  88:.\Generated_Source\PSoC5/PrISM_PM.c **** }
  89:.\Generated_Source\PSoC5/PrISM_PM.c **** 
  90:.\Generated_Source\PSoC5/PrISM_PM.c **** 
  91:.\Generated_Source\PSoC5/PrISM_PM.c **** /*******************************************************************************
  92:.\Generated_Source\PSoC5/PrISM_PM.c **** * Function Name: PrISM_RestoreConfig
  93:.\Generated_Source\PSoC5/PrISM_PM.c **** ********************************************************************************
  94:.\Generated_Source\PSoC5/PrISM_PM.c **** *
  95:.\Generated_Source\PSoC5/PrISM_PM.c **** * Summary:
  96:.\Generated_Source\PSoC5/PrISM_PM.c **** *  Restores the current user configuration.
  97:.\Generated_Source\PSoC5/PrISM_PM.c **** *
  98:.\Generated_Source\PSoC5/PrISM_PM.c **** * Parameters:  
  99:.\Generated_Source\PSoC5/PrISM_PM.c **** *  None.
 100:.\Generated_Source\PSoC5/PrISM_PM.c **** *
 101:.\Generated_Source\PSoC5/PrISM_PM.c **** * Return: 
 102:.\Generated_Source\PSoC5/PrISM_PM.c **** *  None.
ARM GAS  C:\Users\koseki\AppData\Local\Temp\ccduzq3A.s 			page 4


 103:.\Generated_Source\PSoC5/PrISM_PM.c **** *
 104:.\Generated_Source\PSoC5/PrISM_PM.c **** * Global Variables:
 105:.\Generated_Source\PSoC5/PrISM_PM.c **** *  PrISM_backup - used when non-retention registers are restored.
 106:.\Generated_Source\PSoC5/PrISM_PM.c **** *
 107:.\Generated_Source\PSoC5/PrISM_PM.c **** *******************************************************************************/
 108:.\Generated_Source\PSoC5/PrISM_PM.c **** void PrISM_RestoreConfig(void) 
 109:.\Generated_Source\PSoC5/PrISM_PM.c **** {
  70              		.loc 1 109 0
  71              		.cfi_startproc
  72              		@ args = 0, pretend = 0, frame = 0
  73              		@ frame_needed = 0, uses_anonymous_args = 0
  74 0000 08B5     		push	{r3, lr}
  75              		.cfi_def_cfa_offset 8
  76              		.cfi_offset 3, -8
  77              		.cfi_offset 14, -4
 110:.\Generated_Source\PSoC5/PrISM_PM.c ****     #if (CY_UDB_V0)
 111:.\Generated_Source\PSoC5/PrISM_PM.c ****     
 112:.\Generated_Source\PSoC5/PrISM_PM.c ****         uint8 enableInterrupts;
 113:.\Generated_Source\PSoC5/PrISM_PM.c ****         
 114:.\Generated_Source\PSoC5/PrISM_PM.c ****         #if(!PrISM_PULSE_TYPE_HARDCODED)
 115:.\Generated_Source\PSoC5/PrISM_PM.c ****             PrISM_CONTROL_REG = PrISM_backup.cr;
 116:.\Generated_Source\PSoC5/PrISM_PM.c ****         #endif /* End PrISM_PULSE_TYPE_HARDCODED */
 117:.\Generated_Source\PSoC5/PrISM_PM.c **** 
 118:.\Generated_Source\PSoC5/PrISM_PM.c ****         CY_SET_REG16(PrISM_SEED_COPY_PTR, PrISM_backup.seed_copy);
 119:.\Generated_Source\PSoC5/PrISM_PM.c ****         CY_SET_REG16(PrISM_SEED_PTR, PrISM_backup.seed);
 120:.\Generated_Source\PSoC5/PrISM_PM.c ****         PrISM_WritePolynomial(PrISM_backup.polynom);
 121:.\Generated_Source\PSoC5/PrISM_PM.c ****         PrISM_WritePulse0(PrISM_backup.density0);
 122:.\Generated_Source\PSoC5/PrISM_PM.c ****         PrISM_WritePulse1(PrISM_backup.density1);
 123:.\Generated_Source\PSoC5/PrISM_PM.c ****         
 124:.\Generated_Source\PSoC5/PrISM_PM.c ****         enableInterrupts = CyEnterCriticalSection();
 125:.\Generated_Source\PSoC5/PrISM_PM.c ****         /* Set FIFO0_CLR bit to use FIFO0 as a simple one-byte buffer*/
 126:.\Generated_Source\PSoC5/PrISM_PM.c ****         CY_SET_REG16(PrISM_AUX_CONTROL_PTR, 
 127:.\Generated_Source\PSoC5/PrISM_PM.c ****                         CY_GET_REG16(PrISM_AUX_CONTROL_PTR) | PrISM_FIFO0_CLR);
 128:.\Generated_Source\PSoC5/PrISM_PM.c ****         CyExitCriticalSection(enableInterrupts);
 129:.\Generated_Source\PSoC5/PrISM_PM.c **** 
 130:.\Generated_Source\PSoC5/PrISM_PM.c ****     #else   /* CY_UDB_V1 */
 131:.\Generated_Source\PSoC5/PrISM_PM.c **** 
 132:.\Generated_Source\PSoC5/PrISM_PM.c ****         #if(!PrISM_PULSE_TYPE_HARDCODED)
 133:.\Generated_Source\PSoC5/PrISM_PM.c ****             PrISM_CONTROL_REG = PrISM_backup.cr;
  78              		.loc 1 133 0
  79 0002 074B     		ldr	r3, .L7
  80 0004 5978     		ldrb	r1, [r3, #1]	@ zero_extendqisi2
  81 0006 074A     		ldr	r2, .L7+4
  82 0008 1170     		strb	r1, [r2]
 134:.\Generated_Source\PSoC5/PrISM_PM.c ****         #endif /* End PrISM_PULSE_TYPE_HARDCODED */
 135:.\Generated_Source\PSoC5/PrISM_PM.c **** 
 136:.\Generated_Source\PSoC5/PrISM_PM.c ****         CY_SET_REG16(PrISM_SEED_COPY_PTR, PrISM_backup.seed_copy);
  83              		.loc 1 136 0
  84 000a 9988     		ldrh	r1, [r3, #4]
  85 000c 02F21742 		addw	r2, r2, #1047
  86 0010 1180     		strh	r1, [r2]	@ movhi
 137:.\Generated_Source\PSoC5/PrISM_PM.c ****         CY_SET_REG16(PrISM_SEED_PTR, PrISM_backup.seed);
  87              		.loc 1 137 0
  88 0012 5988     		ldrh	r1, [r3, #2]
  89 0014 803A     		subs	r2, r2, #128
  90 0016 1180     		strh	r1, [r2]	@ movhi
 138:.\Generated_Source\PSoC5/PrISM_PM.c ****         PrISM_WritePolynomial(PrISM_backup.polynom);
ARM GAS  C:\Users\koseki\AppData\Local\Temp\ccduzq3A.s 			page 5


  91              		.loc 1 138 0
  92 0018 D888     		ldrh	r0, [r3, #6]
  93 001a FFF7FEFF 		bl	PrISM_WritePolynomial
  94              	.LVL2:
  95 001e 08BD     		pop	{r3, pc}
  96              	.L8:
  97              		.align	2
  98              	.L7:
  99 0020 00000000 		.word	.LANCHOR0
 100 0024 79640040 		.word	1073767545
 101              		.cfi_endproc
 102              	.LFE1:
 103              		.size	PrISM_RestoreConfig, .-PrISM_RestoreConfig
 104              		.section	.text.PrISM_Sleep,"ax",%progbits
 105              		.align	2
 106              		.global	PrISM_Sleep
 107              		.thumb
 108              		.thumb_func
 109              		.type	PrISM_Sleep, %function
 110              	PrISM_Sleep:
 111              	.LFB2:
 139:.\Generated_Source\PSoC5/PrISM_PM.c ****     
 140:.\Generated_Source\PSoC5/PrISM_PM.c ****     #endif  /* End CY_UDB_V0 */
 141:.\Generated_Source\PSoC5/PrISM_PM.c **** }
 142:.\Generated_Source\PSoC5/PrISM_PM.c **** 
 143:.\Generated_Source\PSoC5/PrISM_PM.c **** 
 144:.\Generated_Source\PSoC5/PrISM_PM.c **** /*******************************************************************************
 145:.\Generated_Source\PSoC5/PrISM_PM.c **** * Function Name: PrISM_Sleep
 146:.\Generated_Source\PSoC5/PrISM_PM.c **** ********************************************************************************
 147:.\Generated_Source\PSoC5/PrISM_PM.c **** *
 148:.\Generated_Source\PSoC5/PrISM_PM.c **** * Summary:
 149:.\Generated_Source\PSoC5/PrISM_PM.c **** *  Stops and saves the user configuration
 150:.\Generated_Source\PSoC5/PrISM_PM.c **** *  
 151:.\Generated_Source\PSoC5/PrISM_PM.c **** * Parameters:  
 152:.\Generated_Source\PSoC5/PrISM_PM.c **** *  None.
 153:.\Generated_Source\PSoC5/PrISM_PM.c **** *
 154:.\Generated_Source\PSoC5/PrISM_PM.c **** * Return: 
 155:.\Generated_Source\PSoC5/PrISM_PM.c **** *  None.
 156:.\Generated_Source\PSoC5/PrISM_PM.c **** *
 157:.\Generated_Source\PSoC5/PrISM_PM.c **** * Global Variables:
 158:.\Generated_Source\PSoC5/PrISM_PM.c **** *  PrISM_backup - modified when non-retention registers are saved.
 159:.\Generated_Source\PSoC5/PrISM_PM.c **** *
 160:.\Generated_Source\PSoC5/PrISM_PM.c **** * Reentrant:
 161:.\Generated_Source\PSoC5/PrISM_PM.c **** *  No.
 162:.\Generated_Source\PSoC5/PrISM_PM.c **** *
 163:.\Generated_Source\PSoC5/PrISM_PM.c **** *******************************************************************************/
 164:.\Generated_Source\PSoC5/PrISM_PM.c **** void PrISM_Sleep(void) 
 165:.\Generated_Source\PSoC5/PrISM_PM.c **** {
 112              		.loc 1 165 0
 113              		.cfi_startproc
 114              		@ args = 0, pretend = 0, frame = 0
 115              		@ frame_needed = 0, uses_anonymous_args = 0
 116 0000 08B5     		push	{r3, lr}
 117              		.cfi_def_cfa_offset 8
 118              		.cfi_offset 3, -8
 119              		.cfi_offset 14, -4
 166:.\Generated_Source\PSoC5/PrISM_PM.c ****     #if(!PrISM_PULSE_TYPE_HARDCODED)
ARM GAS  C:\Users\koseki\AppData\Local\Temp\ccduzq3A.s 			page 6


 167:.\Generated_Source\PSoC5/PrISM_PM.c ****         if((PrISM_CONTROL_REG & PrISM_CTRL_ENABLE) != 0u) 
 120              		.loc 1 167 0
 121 0002 084B     		ldr	r3, .L13
 122 0004 1B78     		ldrb	r3, [r3]	@ zero_extendqisi2
 123 0006 13F0010F 		tst	r3, #1
 124 000a 03D0     		beq	.L10
 168:.\Generated_Source\PSoC5/PrISM_PM.c ****         {
 169:.\Generated_Source\PSoC5/PrISM_PM.c ****             PrISM_backup.enableState = 1u;
 125              		.loc 1 169 0
 126 000c 0122     		movs	r2, #1
 127 000e 064B     		ldr	r3, .L13+4
 128 0010 1A70     		strb	r2, [r3]
 129 0012 02E0     		b	.L11
 130              	.L10:
 170:.\Generated_Source\PSoC5/PrISM_PM.c ****         }
 171:.\Generated_Source\PSoC5/PrISM_PM.c ****         else
 172:.\Generated_Source\PSoC5/PrISM_PM.c ****         {
 173:.\Generated_Source\PSoC5/PrISM_PM.c ****             PrISM_backup.enableState = 0u;
 131              		.loc 1 173 0
 132 0014 0022     		movs	r2, #0
 133 0016 044B     		ldr	r3, .L13+4
 134 0018 1A70     		strb	r2, [r3]
 135              	.L11:
 174:.\Generated_Source\PSoC5/PrISM_PM.c ****         }
 175:.\Generated_Source\PSoC5/PrISM_PM.c ****     #endif /* End PrISM_PULSE_TYPE_HARDCODED */
 176:.\Generated_Source\PSoC5/PrISM_PM.c ****     PrISM_Stop();
 136              		.loc 1 176 0
 137 001a FFF7FEFF 		bl	PrISM_Stop
 138              	.LVL3:
 177:.\Generated_Source\PSoC5/PrISM_PM.c ****     PrISM_SaveConfig();
 139              		.loc 1 177 0
 140 001e FFF7FEFF 		bl	PrISM_SaveConfig
 141              	.LVL4:
 142 0022 08BD     		pop	{r3, pc}
 143              	.L14:
 144              		.align	2
 145              	.L13:
 146 0024 79640040 		.word	1073767545
 147 0028 00000000 		.word	.LANCHOR0
 148              		.cfi_endproc
 149              	.LFE2:
 150              		.size	PrISM_Sleep, .-PrISM_Sleep
 151              		.section	.text.PrISM_Wakeup,"ax",%progbits
 152              		.align	2
 153              		.global	PrISM_Wakeup
 154              		.thumb
 155              		.thumb_func
 156              		.type	PrISM_Wakeup, %function
 157              	PrISM_Wakeup:
 158              	.LFB3:
 178:.\Generated_Source\PSoC5/PrISM_PM.c **** }
 179:.\Generated_Source\PSoC5/PrISM_PM.c **** 
 180:.\Generated_Source\PSoC5/PrISM_PM.c **** 
 181:.\Generated_Source\PSoC5/PrISM_PM.c **** /*******************************************************************************
 182:.\Generated_Source\PSoC5/PrISM_PM.c **** * Function Name: PrISM_Wakeup
 183:.\Generated_Source\PSoC5/PrISM_PM.c **** ********************************************************************************
 184:.\Generated_Source\PSoC5/PrISM_PM.c **** *
ARM GAS  C:\Users\koseki\AppData\Local\Temp\ccduzq3A.s 			page 7


 185:.\Generated_Source\PSoC5/PrISM_PM.c **** * Summary:
 186:.\Generated_Source\PSoC5/PrISM_PM.c **** *  Restores and enables the user configuration
 187:.\Generated_Source\PSoC5/PrISM_PM.c **** *  
 188:.\Generated_Source\PSoC5/PrISM_PM.c **** * Parameters:  
 189:.\Generated_Source\PSoC5/PrISM_PM.c **** *  None.
 190:.\Generated_Source\PSoC5/PrISM_PM.c **** *
 191:.\Generated_Source\PSoC5/PrISM_PM.c **** * Return: 
 192:.\Generated_Source\PSoC5/PrISM_PM.c **** *  None.
 193:.\Generated_Source\PSoC5/PrISM_PM.c **** *
 194:.\Generated_Source\PSoC5/PrISM_PM.c **** * Global Variables:
 195:.\Generated_Source\PSoC5/PrISM_PM.c **** *  PrISM_backup - used when non-retention registers are restored.
 196:.\Generated_Source\PSoC5/PrISM_PM.c **** *
 197:.\Generated_Source\PSoC5/PrISM_PM.c **** *******************************************************************************/
 198:.\Generated_Source\PSoC5/PrISM_PM.c **** void PrISM_Wakeup(void) 
 199:.\Generated_Source\PSoC5/PrISM_PM.c **** {
 159              		.loc 1 199 0
 160              		.cfi_startproc
 161              		@ args = 0, pretend = 0, frame = 0
 162              		@ frame_needed = 0, uses_anonymous_args = 0
 163 0000 08B5     		push	{r3, lr}
 164              		.cfi_def_cfa_offset 8
 165              		.cfi_offset 3, -8
 166              		.cfi_offset 14, -4
 200:.\Generated_Source\PSoC5/PrISM_PM.c ****     PrISM_RestoreConfig();
 167              		.loc 1 200 0
 168 0002 FFF7FEFF 		bl	PrISM_RestoreConfig
 169              	.LVL5:
 201:.\Generated_Source\PSoC5/PrISM_PM.c ****     if(PrISM_backup.enableState != 0u)
 170              		.loc 1 201 0
 171 0006 034B     		ldr	r3, .L18
 172 0008 1B78     		ldrb	r3, [r3]	@ zero_extendqisi2
 173 000a 0BB1     		cbz	r3, .L15
 202:.\Generated_Source\PSoC5/PrISM_PM.c ****     {
 203:.\Generated_Source\PSoC5/PrISM_PM.c ****         PrISM_Enable();
 174              		.loc 1 203 0
 175 000c FFF7FEFF 		bl	PrISM_Enable
 176              	.LVL6:
 177              	.L15:
 178 0010 08BD     		pop	{r3, pc}
 179              	.L19:
 180 0012 00BF     		.align	2
 181              	.L18:
 182 0014 00000000 		.word	.LANCHOR0
 183              		.cfi_endproc
 184              	.LFE3:
 185              		.size	PrISM_Wakeup, .-PrISM_Wakeup
 186              		.data
 187              		.align	2
 188              		.set	.LANCHOR0,. + 0
 189              		.type	PrISM_backup, %object
 190              		.size	PrISM_backup, 8
 191              	PrISM_backup:
 192 0000 00       		.byte	0
 193 0001 00       		.byte	0
 194 0002 FF0F     		.short	4095
 195 0004 FF0F     		.short	4095
 196 0006 A00C     		.short	3232
ARM GAS  C:\Users\koseki\AppData\Local\Temp\ccduzq3A.s 			page 8


 197              		.text
 198              	.Letext0:
 199              		.file 2 ".\\Generated_Source\\PSoC5\\cytypes.h"
 200              		.file 3 ".\\Generated_Source\\PSoC5\\PrISM.h"
 201              		.section	.debug_info,"",%progbits
 202              	.Ldebug_info0:
 203 0000 EA010000 		.4byte	0x1ea
 204 0004 0400     		.2byte	0x4
 205 0006 00000000 		.4byte	.Ldebug_abbrev0
 206 000a 04       		.byte	0x4
 207 000b 01       		.uleb128 0x1
 208 000c 47010000 		.4byte	.LASF30
 209 0010 01       		.byte	0x1
 210 0011 D3000000 		.4byte	.LASF31
 211 0015 01020000 		.4byte	.LASF32
 212 0019 00000000 		.4byte	.Ldebug_ranges0+0
 213 001d 00000000 		.4byte	0
 214 0021 00000000 		.4byte	.Ldebug_line0
 215 0025 02       		.uleb128 0x2
 216 0026 04       		.byte	0x4
 217 0027 05       		.byte	0x5
 218 0028 696E7400 		.ascii	"int\000"
 219 002c 03       		.uleb128 0x3
 220 002d 04       		.byte	0x4
 221 002e 07       		.byte	0x7
 222 002f 0F010000 		.4byte	.LASF0
 223 0033 03       		.uleb128 0x3
 224 0034 01       		.byte	0x1
 225 0035 06       		.byte	0x6
 226 0036 6C020000 		.4byte	.LASF1
 227 003a 03       		.uleb128 0x3
 228 003b 01       		.byte	0x1
 229 003c 08       		.byte	0x8
 230 003d A8000000 		.4byte	.LASF2
 231 0041 03       		.uleb128 0x3
 232 0042 02       		.byte	0x2
 233 0043 05       		.byte	0x5
 234 0044 49020000 		.4byte	.LASF3
 235 0048 03       		.uleb128 0x3
 236 0049 02       		.byte	0x2
 237 004a 07       		.byte	0x7
 238 004b 1F000000 		.4byte	.LASF4
 239 004f 03       		.uleb128 0x3
 240 0050 04       		.byte	0x4
 241 0051 05       		.byte	0x5
 242 0052 58020000 		.4byte	.LASF5
 243 0056 03       		.uleb128 0x3
 244 0057 04       		.byte	0x4
 245 0058 07       		.byte	0x7
 246 0059 83000000 		.4byte	.LASF6
 247 005d 03       		.uleb128 0x3
 248 005e 08       		.byte	0x8
 249 005f 05       		.byte	0x5
 250 0060 E6010000 		.4byte	.LASF7
 251 0064 03       		.uleb128 0x3
 252 0065 08       		.byte	0x8
 253 0066 07       		.byte	0x7
ARM GAS  C:\Users\koseki\AppData\Local\Temp\ccduzq3A.s 			page 9


 254 0067 1C010000 		.4byte	.LASF8
 255 006b 03       		.uleb128 0x3
 256 006c 04       		.byte	0x4
 257 006d 07       		.byte	0x7
 258 006e DD010000 		.4byte	.LASF9
 259 0072 03       		.uleb128 0x3
 260 0073 01       		.byte	0x1
 261 0074 08       		.byte	0x8
 262 0075 B6000000 		.4byte	.LASF10
 263 0079 04       		.uleb128 0x4
 264 007a 95000000 		.4byte	.LASF11
 265 007e 02       		.byte	0x2
 266 007f 3801     		.2byte	0x138
 267 0081 3A000000 		.4byte	0x3a
 268 0085 04       		.uleb128 0x4
 269 0086 CC000000 		.4byte	.LASF12
 270 008a 02       		.byte	0x2
 271 008b 3901     		.2byte	0x139
 272 008d 48000000 		.4byte	0x48
 273 0091 03       		.uleb128 0x3
 274 0092 04       		.byte	0x4
 275 0093 04       		.byte	0x4
 276 0094 41000000 		.4byte	.LASF13
 277 0098 03       		.uleb128 0x3
 278 0099 08       		.byte	0x8
 279 009a 04       		.byte	0x4
 280 009b BB000000 		.4byte	.LASF14
 281 009f 04       		.uleb128 0x4
 282 00a0 06000000 		.4byte	.LASF15
 283 00a4 02       		.byte	0x2
 284 00a5 E201     		.2byte	0x1e2
 285 00a7 AB000000 		.4byte	0xab
 286 00ab 05       		.uleb128 0x5
 287 00ac 79000000 		.4byte	0x79
 288 00b0 04       		.uleb128 0x4
 289 00b1 00000000 		.4byte	.LASF16
 290 00b5 02       		.byte	0x2
 291 00b6 E301     		.2byte	0x1e3
 292 00b8 BC000000 		.4byte	0xbc
 293 00bc 05       		.uleb128 0x5
 294 00bd 85000000 		.4byte	0x85
 295 00c1 06       		.uleb128 0x6
 296 00c2 08       		.byte	0x8
 297 00c3 03       		.byte	0x3
 298 00c4 33       		.byte	0x33
 299 00c5 05010000 		.4byte	0x105
 300 00c9 07       		.uleb128 0x7
 301 00ca F7000000 		.4byte	.LASF17
 302 00ce 03       		.byte	0x3
 303 00cf 35       		.byte	0x35
 304 00d0 79000000 		.4byte	0x79
 305 00d4 00       		.byte	0
 306 00d5 08       		.uleb128 0x8
 307 00d6 637200   		.ascii	"cr\000"
 308 00d9 03       		.byte	0x3
 309 00da 37       		.byte	0x37
 310 00db 79000000 		.4byte	0x79
ARM GAS  C:\Users\koseki\AppData\Local\Temp\ccduzq3A.s 			page 10


 311 00df 01       		.byte	0x1
 312 00e0 07       		.uleb128 0x7
 313 00e1 53020000 		.4byte	.LASF18
 314 00e5 03       		.byte	0x3
 315 00e6 39       		.byte	0x39
 316 00e7 85000000 		.4byte	0x85
 317 00eb 02       		.byte	0x2
 318 00ec 07       		.uleb128 0x7
 319 00ed C2000000 		.4byte	.LASF19
 320 00f1 03       		.byte	0x3
 321 00f2 3A       		.byte	0x3a
 322 00f3 85000000 		.4byte	0x85
 323 00f7 04       		.byte	0x4
 324 00f8 07       		.uleb128 0x7
 325 00f9 D5010000 		.4byte	.LASF20
 326 00fd 03       		.byte	0x3
 327 00fe 3B       		.byte	0x3b
 328 00ff 85000000 		.4byte	0x85
 329 0103 06       		.byte	0x6
 330 0104 00       		.byte	0
 331 0105 09       		.uleb128 0x9
 332 0106 33010000 		.4byte	.LASF21
 333 010a 03       		.byte	0x3
 334 010b 40       		.byte	0x40
 335 010c C1000000 		.4byte	0xc1
 336 0110 0A       		.uleb128 0xa
 337 0111 72000000 		.4byte	.LASF22
 338 0115 01       		.byte	0x1
 339 0116 45       		.byte	0x45
 340 0117 00000000 		.4byte	.LFB0
 341 011b 2C000000 		.4byte	.LFE0-.LFB0
 342 011f 01       		.uleb128 0x1
 343 0120 9C       		.byte	0x9c
 344 0121 38010000 		.4byte	0x138
 345 0125 0B       		.uleb128 0xb
 346 0126 0E000000 		.4byte	.LVL0
 347 012a B8010000 		.4byte	0x1b8
 348 012e 0B       		.uleb128 0xb
 349 012f 1A000000 		.4byte	.LVL1
 350 0133 C3010000 		.4byte	0x1c3
 351 0137 00       		.byte	0
 352 0138 0A       		.uleb128 0xa
 353 0139 0B000000 		.4byte	.LASF23
 354 013d 01       		.byte	0x1
 355 013e 6C       		.byte	0x6c
 356 013f 00000000 		.4byte	.LFB1
 357 0143 28000000 		.4byte	.LFE1-.LFB1
 358 0147 01       		.uleb128 0x1
 359 0148 9C       		.byte	0x9c
 360 0149 57010000 		.4byte	0x157
 361 014d 0B       		.uleb128 0xb
 362 014e 1E000000 		.4byte	.LVL2
 363 0152 CE010000 		.4byte	0x1ce
 364 0156 00       		.byte	0
 365 0157 0A       		.uleb128 0xa
 366 0158 03010000 		.4byte	.LASF24
 367 015c 01       		.byte	0x1
ARM GAS  C:\Users\koseki\AppData\Local\Temp\ccduzq3A.s 			page 11


 368 015d A4       		.byte	0xa4
 369 015e 00000000 		.4byte	.LFB2
 370 0162 2C000000 		.4byte	.LFE2-.LFB2
 371 0166 01       		.uleb128 0x1
 372 0167 9C       		.byte	0x9c
 373 0168 7F010000 		.4byte	0x17f
 374 016c 0B       		.uleb128 0xb
 375 016d 1E000000 		.4byte	.LVL3
 376 0171 DF010000 		.4byte	0x1df
 377 0175 0B       		.uleb128 0xb
 378 0176 22000000 		.4byte	.LVL4
 379 017a 10010000 		.4byte	0x110
 380 017e 00       		.byte	0
 381 017f 0A       		.uleb128 0xa
 382 0180 78020000 		.4byte	.LASF25
 383 0184 01       		.byte	0x1
 384 0185 C6       		.byte	0xc6
 385 0186 00000000 		.4byte	.LFB3
 386 018a 18000000 		.4byte	.LFE3-.LFB3
 387 018e 01       		.uleb128 0x1
 388 018f 9C       		.byte	0x9c
 389 0190 A7010000 		.4byte	0x1a7
 390 0194 0B       		.uleb128 0xb
 391 0195 06000000 		.4byte	.LVL5
 392 0199 38010000 		.4byte	0x138
 393 019d 0B       		.uleb128 0xb
 394 019e 10000000 		.4byte	.LVL6
 395 01a2 E6010000 		.4byte	0x1e6
 396 01a6 00       		.byte	0
 397 01a7 0C       		.uleb128 0xc
 398 01a8 F4010000 		.4byte	.LASF33
 399 01ac 01       		.byte	0x1
 400 01ad 17       		.byte	0x17
 401 01ae 05010000 		.4byte	0x105
 402 01b2 05       		.uleb128 0x5
 403 01b3 03       		.byte	0x3
 404 01b4 00000000 		.4byte	PrISM_backup
 405 01b8 0D       		.uleb128 0xd
 406 01b9 32000000 		.4byte	.LASF26
 407 01bd 03       		.byte	0x3
 408 01be 4B       		.byte	0x4b
 409 01bf 85000000 		.4byte	0x85
 410 01c3 0D       		.uleb128 0xd
 411 01c4 5D000000 		.4byte	.LASF27
 412 01c8 03       		.byte	0x3
 413 01c9 4D       		.byte	0x4d
 414 01ca 85000000 		.4byte	0x85
 415 01ce 0E       		.uleb128 0xe
 416 01cf 47000000 		.4byte	.LASF34
 417 01d3 03       		.byte	0x3
 418 01d4 4E       		.byte	0x4e
 419 01d5 DF010000 		.4byte	0x1df
 420 01d9 0F       		.uleb128 0xf
 421 01da 85000000 		.4byte	0x85
 422 01de 00       		.byte	0
 423 01df 10       		.uleb128 0x10
 424 01e0 61020000 		.4byte	.LASF28
ARM GAS  C:\Users\koseki\AppData\Local\Temp\ccduzq3A.s 			page 12


 425 01e4 03       		.byte	0x3
 426 01e5 48       		.byte	0x48
 427 01e6 10       		.uleb128 0x10
 428 01e7 9B000000 		.4byte	.LASF29
 429 01eb 03       		.byte	0x3
 430 01ec 5A       		.byte	0x5a
 431 01ed 00       		.byte	0
 432              		.section	.debug_abbrev,"",%progbits
 433              	.Ldebug_abbrev0:
 434 0000 01       		.uleb128 0x1
 435 0001 11       		.uleb128 0x11
 436 0002 01       		.byte	0x1
 437 0003 25       		.uleb128 0x25
 438 0004 0E       		.uleb128 0xe
 439 0005 13       		.uleb128 0x13
 440 0006 0B       		.uleb128 0xb
 441 0007 03       		.uleb128 0x3
 442 0008 0E       		.uleb128 0xe
 443 0009 1B       		.uleb128 0x1b
 444 000a 0E       		.uleb128 0xe
 445 000b 55       		.uleb128 0x55
 446 000c 17       		.uleb128 0x17
 447 000d 11       		.uleb128 0x11
 448 000e 01       		.uleb128 0x1
 449 000f 10       		.uleb128 0x10
 450 0010 17       		.uleb128 0x17
 451 0011 00       		.byte	0
 452 0012 00       		.byte	0
 453 0013 02       		.uleb128 0x2
 454 0014 24       		.uleb128 0x24
 455 0015 00       		.byte	0
 456 0016 0B       		.uleb128 0xb
 457 0017 0B       		.uleb128 0xb
 458 0018 3E       		.uleb128 0x3e
 459 0019 0B       		.uleb128 0xb
 460 001a 03       		.uleb128 0x3
 461 001b 08       		.uleb128 0x8
 462 001c 00       		.byte	0
 463 001d 00       		.byte	0
 464 001e 03       		.uleb128 0x3
 465 001f 24       		.uleb128 0x24
 466 0020 00       		.byte	0
 467 0021 0B       		.uleb128 0xb
 468 0022 0B       		.uleb128 0xb
 469 0023 3E       		.uleb128 0x3e
 470 0024 0B       		.uleb128 0xb
 471 0025 03       		.uleb128 0x3
 472 0026 0E       		.uleb128 0xe
 473 0027 00       		.byte	0
 474 0028 00       		.byte	0
 475 0029 04       		.uleb128 0x4
 476 002a 16       		.uleb128 0x16
 477 002b 00       		.byte	0
 478 002c 03       		.uleb128 0x3
 479 002d 0E       		.uleb128 0xe
 480 002e 3A       		.uleb128 0x3a
 481 002f 0B       		.uleb128 0xb
ARM GAS  C:\Users\koseki\AppData\Local\Temp\ccduzq3A.s 			page 13


 482 0030 3B       		.uleb128 0x3b
 483 0031 05       		.uleb128 0x5
 484 0032 49       		.uleb128 0x49
 485 0033 13       		.uleb128 0x13
 486 0034 00       		.byte	0
 487 0035 00       		.byte	0
 488 0036 05       		.uleb128 0x5
 489 0037 35       		.uleb128 0x35
 490 0038 00       		.byte	0
 491 0039 49       		.uleb128 0x49
 492 003a 13       		.uleb128 0x13
 493 003b 00       		.byte	0
 494 003c 00       		.byte	0
 495 003d 06       		.uleb128 0x6
 496 003e 13       		.uleb128 0x13
 497 003f 01       		.byte	0x1
 498 0040 0B       		.uleb128 0xb
 499 0041 0B       		.uleb128 0xb
 500 0042 3A       		.uleb128 0x3a
 501 0043 0B       		.uleb128 0xb
 502 0044 3B       		.uleb128 0x3b
 503 0045 0B       		.uleb128 0xb
 504 0046 01       		.uleb128 0x1
 505 0047 13       		.uleb128 0x13
 506 0048 00       		.byte	0
 507 0049 00       		.byte	0
 508 004a 07       		.uleb128 0x7
 509 004b 0D       		.uleb128 0xd
 510 004c 00       		.byte	0
 511 004d 03       		.uleb128 0x3
 512 004e 0E       		.uleb128 0xe
 513 004f 3A       		.uleb128 0x3a
 514 0050 0B       		.uleb128 0xb
 515 0051 3B       		.uleb128 0x3b
 516 0052 0B       		.uleb128 0xb
 517 0053 49       		.uleb128 0x49
 518 0054 13       		.uleb128 0x13
 519 0055 38       		.uleb128 0x38
 520 0056 0B       		.uleb128 0xb
 521 0057 00       		.byte	0
 522 0058 00       		.byte	0
 523 0059 08       		.uleb128 0x8
 524 005a 0D       		.uleb128 0xd
 525 005b 00       		.byte	0
 526 005c 03       		.uleb128 0x3
 527 005d 08       		.uleb128 0x8
 528 005e 3A       		.uleb128 0x3a
 529 005f 0B       		.uleb128 0xb
 530 0060 3B       		.uleb128 0x3b
 531 0061 0B       		.uleb128 0xb
 532 0062 49       		.uleb128 0x49
 533 0063 13       		.uleb128 0x13
 534 0064 38       		.uleb128 0x38
 535 0065 0B       		.uleb128 0xb
 536 0066 00       		.byte	0
 537 0067 00       		.byte	0
 538 0068 09       		.uleb128 0x9
ARM GAS  C:\Users\koseki\AppData\Local\Temp\ccduzq3A.s 			page 14


 539 0069 16       		.uleb128 0x16
 540 006a 00       		.byte	0
 541 006b 03       		.uleb128 0x3
 542 006c 0E       		.uleb128 0xe
 543 006d 3A       		.uleb128 0x3a
 544 006e 0B       		.uleb128 0xb
 545 006f 3B       		.uleb128 0x3b
 546 0070 0B       		.uleb128 0xb
 547 0071 49       		.uleb128 0x49
 548 0072 13       		.uleb128 0x13
 549 0073 00       		.byte	0
 550 0074 00       		.byte	0
 551 0075 0A       		.uleb128 0xa
 552 0076 2E       		.uleb128 0x2e
 553 0077 01       		.byte	0x1
 554 0078 3F       		.uleb128 0x3f
 555 0079 19       		.uleb128 0x19
 556 007a 03       		.uleb128 0x3
 557 007b 0E       		.uleb128 0xe
 558 007c 3A       		.uleb128 0x3a
 559 007d 0B       		.uleb128 0xb
 560 007e 3B       		.uleb128 0x3b
 561 007f 0B       		.uleb128 0xb
 562 0080 27       		.uleb128 0x27
 563 0081 19       		.uleb128 0x19
 564 0082 11       		.uleb128 0x11
 565 0083 01       		.uleb128 0x1
 566 0084 12       		.uleb128 0x12
 567 0085 06       		.uleb128 0x6
 568 0086 40       		.uleb128 0x40
 569 0087 18       		.uleb128 0x18
 570 0088 9742     		.uleb128 0x2117
 571 008a 19       		.uleb128 0x19
 572 008b 01       		.uleb128 0x1
 573 008c 13       		.uleb128 0x13
 574 008d 00       		.byte	0
 575 008e 00       		.byte	0
 576 008f 0B       		.uleb128 0xb
 577 0090 898201   		.uleb128 0x4109
 578 0093 00       		.byte	0
 579 0094 11       		.uleb128 0x11
 580 0095 01       		.uleb128 0x1
 581 0096 31       		.uleb128 0x31
 582 0097 13       		.uleb128 0x13
 583 0098 00       		.byte	0
 584 0099 00       		.byte	0
 585 009a 0C       		.uleb128 0xc
 586 009b 34       		.uleb128 0x34
 587 009c 00       		.byte	0
 588 009d 03       		.uleb128 0x3
 589 009e 0E       		.uleb128 0xe
 590 009f 3A       		.uleb128 0x3a
 591 00a0 0B       		.uleb128 0xb
 592 00a1 3B       		.uleb128 0x3b
 593 00a2 0B       		.uleb128 0xb
 594 00a3 49       		.uleb128 0x49
 595 00a4 13       		.uleb128 0x13
ARM GAS  C:\Users\koseki\AppData\Local\Temp\ccduzq3A.s 			page 15


 596 00a5 02       		.uleb128 0x2
 597 00a6 18       		.uleb128 0x18
 598 00a7 00       		.byte	0
 599 00a8 00       		.byte	0
 600 00a9 0D       		.uleb128 0xd
 601 00aa 2E       		.uleb128 0x2e
 602 00ab 00       		.byte	0
 603 00ac 3F       		.uleb128 0x3f
 604 00ad 19       		.uleb128 0x19
 605 00ae 03       		.uleb128 0x3
 606 00af 0E       		.uleb128 0xe
 607 00b0 3A       		.uleb128 0x3a
 608 00b1 0B       		.uleb128 0xb
 609 00b2 3B       		.uleb128 0x3b
 610 00b3 0B       		.uleb128 0xb
 611 00b4 27       		.uleb128 0x27
 612 00b5 19       		.uleb128 0x19
 613 00b6 49       		.uleb128 0x49
 614 00b7 13       		.uleb128 0x13
 615 00b8 3C       		.uleb128 0x3c
 616 00b9 19       		.uleb128 0x19
 617 00ba 00       		.byte	0
 618 00bb 00       		.byte	0
 619 00bc 0E       		.uleb128 0xe
 620 00bd 2E       		.uleb128 0x2e
 621 00be 01       		.byte	0x1
 622 00bf 3F       		.uleb128 0x3f
 623 00c0 19       		.uleb128 0x19
 624 00c1 03       		.uleb128 0x3
 625 00c2 0E       		.uleb128 0xe
 626 00c3 3A       		.uleb128 0x3a
 627 00c4 0B       		.uleb128 0xb
 628 00c5 3B       		.uleb128 0x3b
 629 00c6 0B       		.uleb128 0xb
 630 00c7 27       		.uleb128 0x27
 631 00c8 19       		.uleb128 0x19
 632 00c9 3C       		.uleb128 0x3c
 633 00ca 19       		.uleb128 0x19
 634 00cb 01       		.uleb128 0x1
 635 00cc 13       		.uleb128 0x13
 636 00cd 00       		.byte	0
 637 00ce 00       		.byte	0
 638 00cf 0F       		.uleb128 0xf
 639 00d0 05       		.uleb128 0x5
 640 00d1 00       		.byte	0
 641 00d2 49       		.uleb128 0x49
 642 00d3 13       		.uleb128 0x13
 643 00d4 00       		.byte	0
 644 00d5 00       		.byte	0
 645 00d6 10       		.uleb128 0x10
 646 00d7 2E       		.uleb128 0x2e
 647 00d8 00       		.byte	0
 648 00d9 3F       		.uleb128 0x3f
 649 00da 19       		.uleb128 0x19
 650 00db 03       		.uleb128 0x3
 651 00dc 0E       		.uleb128 0xe
 652 00dd 3A       		.uleb128 0x3a
ARM GAS  C:\Users\koseki\AppData\Local\Temp\ccduzq3A.s 			page 16


 653 00de 0B       		.uleb128 0xb
 654 00df 3B       		.uleb128 0x3b
 655 00e0 0B       		.uleb128 0xb
 656 00e1 27       		.uleb128 0x27
 657 00e2 19       		.uleb128 0x19
 658 00e3 3C       		.uleb128 0x3c
 659 00e4 19       		.uleb128 0x19
 660 00e5 00       		.byte	0
 661 00e6 00       		.byte	0
 662 00e7 00       		.byte	0
 663              		.section	.debug_aranges,"",%progbits
 664 0000 34000000 		.4byte	0x34
 665 0004 0200     		.2byte	0x2
 666 0006 00000000 		.4byte	.Ldebug_info0
 667 000a 04       		.byte	0x4
 668 000b 00       		.byte	0
 669 000c 0000     		.2byte	0
 670 000e 0000     		.2byte	0
 671 0010 00000000 		.4byte	.LFB0
 672 0014 2C000000 		.4byte	.LFE0-.LFB0
 673 0018 00000000 		.4byte	.LFB1
 674 001c 28000000 		.4byte	.LFE1-.LFB1
 675 0020 00000000 		.4byte	.LFB2
 676 0024 2C000000 		.4byte	.LFE2-.LFB2
 677 0028 00000000 		.4byte	.LFB3
 678 002c 18000000 		.4byte	.LFE3-.LFB3
 679 0030 00000000 		.4byte	0
 680 0034 00000000 		.4byte	0
 681              		.section	.debug_ranges,"",%progbits
 682              	.Ldebug_ranges0:
 683 0000 00000000 		.4byte	.LFB0
 684 0004 2C000000 		.4byte	.LFE0
 685 0008 00000000 		.4byte	.LFB1
 686 000c 28000000 		.4byte	.LFE1
 687 0010 00000000 		.4byte	.LFB2
 688 0014 2C000000 		.4byte	.LFE2
 689 0018 00000000 		.4byte	.LFB3
 690 001c 18000000 		.4byte	.LFE3
 691 0020 00000000 		.4byte	0
 692 0024 00000000 		.4byte	0
 693              		.section	.debug_line,"",%progbits
 694              	.Ldebug_line0:
 695 0000 AC000000 		.section	.debug_str,"MS",%progbits,1
 695      02005200 
 695      00000201 
 695      FB0E0D00 
 695      01010101 
 696              	.LASF16:
 697 0000 72656731 		.ascii	"reg16\000"
 697      3600
 698              	.LASF15:
 699 0006 72656738 		.ascii	"reg8\000"
 699      00
 700              	.LASF23:
 701 000b 50724953 		.ascii	"PrISM_RestoreConfig\000"
 701      4D5F5265 
 701      73746F72 
ARM GAS  C:\Users\koseki\AppData\Local\Temp\ccduzq3A.s 			page 17


 701      65436F6E 
 701      66696700 
 702              	.LASF4:
 703 001f 73686F72 		.ascii	"short unsigned int\000"
 703      7420756E 
 703      7369676E 
 703      65642069 
 703      6E7400
 704              	.LASF26:
 705 0032 50724953 		.ascii	"PrISM_ReadSeed\000"
 705      4D5F5265 
 705      61645365 
 705      656400
 706              	.LASF13:
 707 0041 666C6F61 		.ascii	"float\000"
 707      7400
 708              	.LASF34:
 709 0047 50724953 		.ascii	"PrISM_WritePolynomial\000"
 709      4D5F5772 
 709      69746550 
 709      6F6C796E 
 709      6F6D6961 
 710              	.LASF27:
 711 005d 50724953 		.ascii	"PrISM_ReadPolynomial\000"
 711      4D5F5265 
 711      6164506F 
 711      6C796E6F 
 711      6D69616C 
 712              	.LASF22:
 713 0072 50724953 		.ascii	"PrISM_SaveConfig\000"
 713      4D5F5361 
 713      7665436F 
 713      6E666967 
 713      00
 714              	.LASF6:
 715 0083 6C6F6E67 		.ascii	"long unsigned int\000"
 715      20756E73 
 715      69676E65 
 715      6420696E 
 715      7400
 716              	.LASF11:
 717 0095 75696E74 		.ascii	"uint8\000"
 717      3800
 718              	.LASF29:
 719 009b 50724953 		.ascii	"PrISM_Enable\000"
 719      4D5F456E 
 719      61626C65 
 719      00
 720              	.LASF2:
 721 00a8 756E7369 		.ascii	"unsigned char\000"
 721      676E6564 
 721      20636861 
 721      7200
 722              	.LASF10:
 723 00b6 63686172 		.ascii	"char\000"
 723      00
 724              	.LASF14:
ARM GAS  C:\Users\koseki\AppData\Local\Temp\ccduzq3A.s 			page 18


 725 00bb 646F7562 		.ascii	"double\000"
 725      6C6500
 726              	.LASF19:
 727 00c2 73656564 		.ascii	"seed_copy\000"
 727      5F636F70 
 727      7900
 728              	.LASF12:
 729 00cc 75696E74 		.ascii	"uint16\000"
 729      313600
 730              	.LASF31:
 731 00d3 2E5C4765 		.ascii	".\\Generated_Source\\PSoC5\\PrISM_PM.c\000"
 731      6E657261 
 731      7465645F 
 731      536F7572 
 731      63655C50 
 732              	.LASF17:
 733 00f7 656E6162 		.ascii	"enableState\000"
 733      6C655374 
 733      61746500 
 734              	.LASF24:
 735 0103 50724953 		.ascii	"PrISM_Sleep\000"
 735      4D5F536C 
 735      65657000 
 736              	.LASF0:
 737 010f 756E7369 		.ascii	"unsigned int\000"
 737      676E6564 
 737      20696E74 
 737      00
 738              	.LASF8:
 739 011c 6C6F6E67 		.ascii	"long long unsigned int\000"
 739      206C6F6E 
 739      6720756E 
 739      7369676E 
 739      65642069 
 740              	.LASF21:
 741 0133 50724953 		.ascii	"PrISM_BACKUP_STRUCT\000"
 741      4D5F4241 
 741      434B5550 
 741      5F535452 
 741      55435400 
 742              	.LASF30:
 743 0147 474E5520 		.ascii	"GNU C 4.9.3 20150303 (release) [ARM/embedded-4_9-br"
 743      4320342E 
 743      392E3320 
 743      32303135 
 743      30333033 
 744 017a 616E6368 		.ascii	"anch revision 221220] -mcpu=cortex-m3 -mthumb -g -O"
 744      20726576 
 744      6973696F 
 744      6E203232 
 744      31323230 
 745 01ad 67202D66 		.ascii	"g -ffunction-sections -ffat-lto-objects\000"
 745      66756E63 
 745      74696F6E 
 745      2D736563 
 745      74696F6E 
 746              	.LASF20:
ARM GAS  C:\Users\koseki\AppData\Local\Temp\ccduzq3A.s 			page 19


 747 01d5 706F6C79 		.ascii	"polynom\000"
 747      6E6F6D00 
 748              	.LASF9:
 749 01dd 73697A65 		.ascii	"sizetype\000"
 749      74797065 
 749      00
 750              	.LASF7:
 751 01e6 6C6F6E67 		.ascii	"long long int\000"
 751      206C6F6E 
 751      6720696E 
 751      7400
 752              	.LASF33:
 753 01f4 50724953 		.ascii	"PrISM_backup\000"
 753      4D5F6261 
 753      636B7570 
 753      00
 754              	.LASF32:
 755 0201 4A3A5C50 		.ascii	"J:\\PSoC_Creator\\CY8CKIT-059\\CY8CKIT-059_Beacon\\"
 755      536F435F 
 755      43726561 
 755      746F725C 
 755      43593843 
 756 0230 43593843 		.ascii	"CY8CKIT-059_Beacon.cydsn\000"
 756      4B49542D 
 756      3035395F 
 756      42656163 
 756      6F6E2E63 
 757              	.LASF3:
 758 0249 73686F72 		.ascii	"short int\000"
 758      7420696E 
 758      7400
 759              	.LASF18:
 760 0253 73656564 		.ascii	"seed\000"
 760      00
 761              	.LASF5:
 762 0258 6C6F6E67 		.ascii	"long int\000"
 762      20696E74 
 762      00
 763              	.LASF28:
 764 0261 50724953 		.ascii	"PrISM_Stop\000"
 764      4D5F5374 
 764      6F7000
 765              	.LASF1:
 766 026c 7369676E 		.ascii	"signed char\000"
 766      65642063 
 766      68617200 
 767              	.LASF25:
 768 0278 50724953 		.ascii	"PrISM_Wakeup\000"
 768      4D5F5761 
 768      6B657570 
 768      00
 769              		.ident	"GCC: (GNU Tools for ARM Embedded Processors) 4.9.3 20150303 (release) [ARM/embedded-4_9-br
