--------------- Rebuild Started: 06/17/2017 01:13:20 Project: CY8CKIT-059_SDR_Beacon, Configuration: ARM GCC 4.9-2015-q1-update Debug ---------------
Deleting file ".\CortexM3\ARM_GCC_493\Debug\croutine.o"
Deleting file ".\CortexM3\ARM_GCC_493\Debug\event_groups.o"
Deleting file ".\CortexM3\ARM_GCC_493\Debug\list.o"
Deleting file ".\CortexM3\ARM_GCC_493\Debug\port.o"
Deleting file ".\CortexM3\ARM_GCC_493\Debug\queue.o"
Deleting file ".\CortexM3\ARM_GCC_493\Debug\tasks.o"
Deleting file ".\CortexM3\ARM_GCC_493\Debug\timers.o"
Deleting file ".\CortexM3\ARM_GCC_493\Debug\heap_2.o"
Deleting file ".\CortexM3\ARM_GCC_493\Debug\rot.o"
Deleting file ".\CortexM3\ARM_GCC_493\Debug\I2C_CLCD.o"
Deleting file ".\CortexM3\ARM_GCC_493\Debug\key.o"
Deleting file ".\CortexM3\ARM_GCC_493\Debug\main.o"
Deleting file ".\CortexM3\ARM_GCC_493\Debug\cyfitter_cfg.o"
Deleting file ".\CortexM3\ARM_GCC_493\Debug\cymetadata.o"
Deleting file ".\CortexM3\ARM_GCC_493\Debug\LED.o"
Deleting file ".\CortexM3\ARM_GCC_493\Debug\Cm3Start.o"
Deleting file ".\CortexM3\ARM_GCC_493\Debug\CyBootAsmGnu.o"
Deleting file ".\CortexM3\ARM_GCC_493\Debug\CyDmac.o"
Deleting file ".\CortexM3\ARM_GCC_493\Debug\CyFlash.o"
Deleting file ".\CortexM3\ARM_GCC_493\Debug\CyLib.o"
Deleting file ".\CortexM3\ARM_GCC_493\Debug\cyPm.o"
Deleting file ".\CortexM3\ARM_GCC_493\Debug\CySpc.o"
Deleting file ".\CortexM3\ARM_GCC_493\Debug\cyutils.o"
Deleting file ".\CortexM3\ARM_GCC_493\Debug\FQ_UD.o"
Deleting file ".\CortexM3\ARM_GCC_493\Debug\Clock_1.o"
Deleting file ".\CortexM3\ARM_GCC_493\Debug\M_MOSI.o"
Deleting file ".\CortexM3\ARM_GCC_493\Debug\M_SCLK.o"
Deleting file ".\CortexM3\ARM_GCC_493\Debug\SPIM.o"
Deleting file ".\CortexM3\ARM_GCC_493\Debug\SPIM_PM.o"
Deleting file ".\CortexM3\ARM_GCC_493\Debug\SPIM_INT.o"
Deleting file ".\CortexM3\ARM_GCC_493\Debug\Control_Reg_1.o"
Deleting file ".\CortexM3\ARM_GCC_493\Debug\Control_Reg_1_PM.o"
Deleting file ".\CortexM3\ARM_GCC_493\Debug\Comp_1.o"
Deleting file ".\CortexM3\ARM_GCC_493\Debug\Comp_1_PM.o"
Deleting file ".\CortexM3\ARM_GCC_493\Debug\ADC_SAR_1.o"
Deleting file ".\CortexM3\ARM_GCC_493\Debug\ADC_SAR_1_INT.o"
Deleting file ".\CortexM3\ARM_GCC_493\Debug\ADC_SAR_1_PM.o"
Deleting file ".\CortexM3\ARM_GCC_493\Debug\ADC_SAR_2.o"
Deleting file ".\CortexM3\ARM_GCC_493\Debug\ADC_SAR_2_INT.o"
Deleting file ".\CortexM3\ARM_GCC_493\Debug\ADC_SAR_2_PM.o"
Deleting file ".\CortexM3\ARM_GCC_493\Debug\DMA_1_dma.o"
Deleting file ".\CortexM3\ARM_GCC_493\Debug\DMA_2_dma.o"
Deleting file ".\CortexM3\ARM_GCC_493\Debug\Mixer_2.o"
Deleting file ".\CortexM3\ARM_GCC_493\Debug\Mixer_2_PM.o"
Deleting file ".\CortexM3\ARM_GCC_493\Debug\Mixer_1.o"
Deleting file ".\CortexM3\ARM_GCC_493\Debug\Mixer_1_PM.o"
Deleting file ".\CortexM3\ARM_GCC_493\Debug\PGA_1.o"
Deleting file ".\CortexM3\ARM_GCC_493\Debug\PGA_1_PM.o"
Deleting file ".\CortexM3\ARM_GCC_493\Debug\Filter_1.o"
Deleting file ".\CortexM3\ARM_GCC_493\Debug\Filter_1_PM.o"
Deleting file ".\CortexM3\ARM_GCC_493\Debug\Filter_1_PVT.o"
Deleting file ".\CortexM3\ARM_GCC_493\Debug\Filter_1_RAM_Data.o"
Deleting file ".\CortexM3\ARM_GCC_493\Debug\Filter_1_Coefficients.o"
Deleting file ".\CortexM3\ARM_GCC_493\Debug\isr_filter.o"
Deleting file ".\CortexM3\ARM_GCC_493\Debug\ADC_SAR_1_IRQ.o"
Deleting file ".\CortexM3\ARM_GCC_493\Debug\ADC_SAR_1_theACLK.o"
Deleting file ".\CortexM3\ARM_GCC_493\Debug\ADC_SAR_1_Bypass.o"
Deleting file ".\CortexM3\ARM_GCC_493\Debug\ADC_SAR_2_IRQ.o"
Deleting file ".\CortexM3\ARM_GCC_493\Debug\ADC_SAR_2_theACLK.o"
Deleting file ".\CortexM3\ARM_GCC_493\Debug\ADC_SAR_2_Bypass.o"
Deleting file ".\CortexM3\ARM_GCC_493\Debug\DDS_CLK_IN.o"
Deleting file ".\CortexM3\ARM_GCC_493\Debug\PI_KEY_0.o"
Deleting file ".\CortexM3\ARM_GCC_493\Debug\PI_KEY_1.o"
Deleting file ".\CortexM3\ARM_GCC_493\Debug\ROT_B.o"
Deleting file ".\CortexM3\ARM_GCC_493\Debug\ROT_A.o"
Deleting file ".\CortexM3\ARM_GCC_493\Debug\I2C_1.o"
Deleting file ".\CortexM3\ARM_GCC_493\Debug\I2C_1_BOOT.o"
Deleting file ".\CortexM3\ARM_GCC_493\Debug\I2C_1_INT.o"
Deleting file ".\CortexM3\ARM_GCC_493\Debug\I2C_1_PM.o"
Deleting file ".\CortexM3\ARM_GCC_493\Debug\I2C_1_SLAVE.o"
Deleting file ".\CortexM3\ARM_GCC_493\Debug\I2C_1_MASTER.o"
Deleting file ".\CortexM3\ARM_GCC_493\Debug\SDA.o"
Deleting file ".\CortexM3\ARM_GCC_493\Debug\SCL.o"
Deleting file ".\CortexM3\ARM_GCC_493\Debug\SPCLK.o"
Deleting file ".\CortexM3\ARM_GCC_493\Debug\ANT_1.o"
Deleting file ".\CortexM3\ARM_GCC_493\Debug\ANT_2.o"
Deleting file ".\CortexM3\ARM_GCC_493\Debug\PGA_2.o"
Deleting file ".\CortexM3\ARM_GCC_493\Debug\PGA_2_PM.o"
Deleting file ".\CortexM3\ARM_GCC_493\Debug\LO_clock.o"
Deleting file ".\CortexM3\ARM_GCC_493\Debug\CyLO_CLK.o"
Deleting file ".\CortexM3\ARM_GCC_493\Debug\MIX_OUT_1.o"
Deleting file ".\CortexM3\ARM_GCC_493\Debug\MIX_OUT_2.o"
Deleting file ".\CortexM3\ARM_GCC_493\Debug\Opamp_1.o"
Deleting file ".\CortexM3\ARM_GCC_493\Debug\Opamp_1_PM.o"
Deleting file ".\CortexM3\ARM_GCC_493\Debug\DVDAC_1.o"
Deleting file ".\CortexM3\ARM_GCC_493\Debug\DVDAC_1_PM.o"
Deleting file ".\CortexM3\ARM_GCC_493\Debug\DVDAC_1_DMA_dma.o"
Deleting file ".\CortexM3\ARM_GCC_493\Debug\DVDAC_1_VDAC8.o"
Deleting file ".\CortexM3\ARM_GCC_493\Debug\DVDAC_1_VDAC8_PM.o"
Deleting file ".\CortexM3\ARM_GCC_493\Debug\DVDAC_1_IntClock.o"
Deleting file ".\CortexM3\ARM_GCC_493\Debug\DVDAC_2.o"
Deleting file ".\CortexM3\ARM_GCC_493\Debug\DVDAC_2_PM.o"
Deleting file ".\CortexM3\ARM_GCC_493\Debug\DVDAC_2_DMA_dma.o"
Deleting file ".\CortexM3\ARM_GCC_493\Debug\DVDAC_2_VDAC8.o"
Deleting file ".\CortexM3\ARM_GCC_493\Debug\DVDAC_2_VDAC8_PM.o"
Deleting file ".\CortexM3\ARM_GCC_493\Debug\DVDAC_2_IntClock.o"
Deleting file ".\CortexM3\ARM_GCC_493\Debug\DET_1.o"
Deleting file ".\CortexM3\ARM_GCC_493\Debug\Status_Reg_1.o"
Deleting file ".\CortexM3\ARM_GCC_493\Debug\ADC_IN_1.o"
Deleting file ".\CortexM3\ARM_GCC_493\Debug\ADC_IN_2.o"
Deleting file ".\CortexM3\ARM_GCC_493\Debug\Timer_1.o"
Deleting file ".\CortexM3\ARM_GCC_493\Debug\Timer_1_PM.o"
Deleting file ".\CortexM3\ARM_GCC_493\Debug\timerISR_1.o"
Deleting file ".\CortexM3\ARM_GCC_493\Debug\CAR_DET.o"
Deleting file ".\CortexM3\ARM_GCC_493\Debug\Control_GAIN.o"
Deleting file ".\CortexM3\ARM_GCC_493\Debug\Control_GAIN_PM.o"
Deleting file ".\CortexM3\ARM_GCC_493\Debug\Status_GAIN.o"
Deleting file ".\CortexM3\ARM_GCC_493\Debug\MON.o"
Deleting file ".\CortexM3\ARM_GCC_493\Debug\VREF_IN.o"
Deleting file ".\CortexM3\ARM_GCC_493\Debug\IF_BIAS.o"
Deleting file ".\CortexM3\ARM_GCC_493\Debug\CY8CKIT-059_SDR_Beacon.hex"
Deleting file ".\CortexM3\ARM_GCC_493\Debug\CY8CKIT-059_SDR_Beacon.elf"
Deleting file ".\CortexM3\ARM_GCC_493\Debug\CY8CKIT-059_SDR_Beacon.map"
Deleting file ".\CY8CKIT-059_SDR_Beacon.rpt"
Deleting file ".\CY8CKIT-059_SDR_Beacon_timing.html"
Deleting file ".\CortexM3\ARM_GCC_493\Debug\.deps\SOURCE_C__ARM_GCC_GENERIC.P"
Deleting file ".\CortexM3\ARM_GCC_493\Debug\.deps\SOURCE_ASM__ARM_GCC_GENERIC.P"
cydsfit.exe -.appdatapath "C:\Users\koseki\AppData\Local\Cypress Semiconductor\PSoC Creator\4.0" -.fdsnotice -.fdswarpdepfile=warp_dependencies.txt -.fdselabdepfile=elab_dependencies.txt -.fdsbldfile=generated_files.txt -.fdsreffile=referenced_files.txt -p E:\PSoC_Creator\CY8CKIT-059\CY8CKIT-059_SDR_Beacon\CY8CKIT-059_SDR_Beacon.cydsn\CY8CKIT-059_SDR_Beacon.cyprj -d CY8C5888LTI-LP097 -s E:\PSoC_Creator\CY8CKIT-059\CY8CKIT-059_SDR_Beacon\CY8CKIT-059_SDR_Beacon.cydsn\Generated_Source\PSoC5 -- -yv2 -q10 -ygs -o2 -v3 -.fftcfgtype=LE
Elaborating Design...
HDL Generation...
Synthesis...
Tech Mapping...
Analog Placement...
Log: apr.M0058: The analog placement iterative improvement is 35% done. (App=cydsfit)
Log: apr.M0058: The analog placement iterative improvement is 52% done. (App=cydsfit)
Log: apr.M0058: The analog placement iterative improvement is 78% done. (App=cydsfit)
Analog Routing...
Log: apr.M0019: The analog placement iterative improvement phase is beginning. (App=cydsfit)
Log: apr.M0019: The analog placement iterative improvement phase is beginning. (App=cydsfit)
Log: apr.M0019: The analog placement iterative improvement phase is beginning. (App=cydsfit)
Log: apr.M0019: The analog placement iterative improvement phase is beginning. (App=cydsfit)
Log: apr.M0019: The analog placement iterative improvement phase is beginning. (App=cydsfit)
Error: apr.M0003: Unable to find a solution for the analog routing. (App=cydsfit)
Dependency Generation...
Cleanup...
Error: fit.M0050: The fitter aborted due to errors, please address all errors and rebuild. (App=cydsfit)
--------------- Rebuild Failed: 06/17/2017 01:13:43 ---------------
